-9.815524394771934710e-04
-7.904599046501714806e-04
-1.557890698727823573e-03
-1.882493483198417967e-03
-1.347350402435446058e-03
-1.480333033807672066e-03
-7.497217420041136018e-04
-3.953129029436446441e-04
-1.085445375086896425e-03
-1.526052509204554788e-03
-1.986710766410583473e-03
-2.096948505774968302e-03
-2.291604906431394389e-03
-2.148937542025088077e-03
-1.849099577496737812e-03
-1.099979578398694669e-03
-2.255965570948629921e-03
-1.976073431168586143e-03
-2.360093946482827183e-03
-2.271992606114088629e-03
-2.415803299588446286e-03
-2.812519572340140862e-03
-2.275256109548816005e-03
-1.931303064050753082e-03
-1.932151139768981986e-03
-2.214502390662001583e-03
-2.903343507586577006e-03
-2.789090598337673390e-03
-2.976061372013798570e-03
-2.889475045532669071e-03
-2.251753010782941815e-03
-2.071670142045903100e-03
-2.265083358833527329e-03
-2.020402128070815807e-03
-2.810864403120080877e-03
-2.624302379258866731e-03
-2.754673414506244450e-03
-2.862336601358431414e-03
-2.393906745569407326e-03
-1.985326348406043530e-03
-1.449051516006371124e-03
-2.261682876895299097e-03
-2.355373094226241408e-03
-2.444152812686597055e-03
-2.745253062109210152e-03
-2.428572760064404579e-03
-2.437331276888474868e-03
-1.194029436174303804e-03
-1.264245787385321219e-03
-1.568633739377341737e-03
-1.976076935288160509e-03
-1.990540133818040260e-03
-1.843435947420529221e-03
-1.712239194578211348e-03
-1.382676797521189714e-03
-1.123052975481498130e-03
-7.674286750445149814e-04
-1.154150552252033871e-03
-1.525621062292958127e-03
-1.632871882694515069e-03
-1.473867496521437696e-03
-1.375821073011682149e-03
-1.282521197371273630e-03
-9.576145035496056281e-04
-1.262432899687862585e-03
-1.577653258251975185e-03
-1.482504319641803634e-03
-1.468249109992161242e-03
-1.812859113333473680e-03
-1.736676469261682395e-03
-1.121677065688222400e-03
-1.006741971769804398e-03
-1.400825504679104787e-03
-1.741462008404169983e-03
-2.157866177911515852e-03
-1.996397543648311713e-03
-2.175587381796157717e-03
-2.085727971583073003e-03
-1.387485385026379203e-03
-1.367531582070204491e-03
-1.720356115185683182e-03
-2.033604400002322118e-03
-2.159151429708307344e-03
-2.621690660631174636e-03
-2.697716005317951984e-03
-2.678856121945848243e-03
-2.140786327485910343e-03
-1.629811936546608818e-03
-2.247961510033790952e-03
-2.514244218813058932e-03
-2.746863555271066536e-03
-2.428605156147181903e-03
-2.692229021611142539e-03
-2.819928124435845066e-03
-2.417452090056194328e-03
-1.830496686137730649e-03
-2.339307826232691311e-03
-2.211076936885728039e-03
-2.643255517502269940e-03
-2.895707700188582430e-03
-2.715772903589529132e-03
-2.768295529597325673e-03
-2.506219285336144104e-03
-1.900999480692264860e-03
-2.312649218831500618e-03
-2.591288326088689656e-03
-2.796042825348955298e-03
-2.933843574369589431e-03
-2.893308531431140231e-03
-2.742344876130253274e-03
-2.623265717238575882e-03
-1.760357405104798602e-03
-1.576045994836287878e-03
-2.213333032277588208e-03
-2.320038062522033952e-03
-2.439805009536241773e-03
-2.293506560294451303e-03
-2.021296764063377355e-03
-1.932855671070754337e-03
-1.627192113310633190e-03
-1.534359755091457790e-03
-1.522537463506856400e-03
-1.831426249659823344e-03
-1.461982812995114281e-03
-2.044689655746047881e-03
-1.882502043369906281e-03
-1.274720542549490380e-03
-1.602308815594201755e-03
-7.343859784554687166e-04
-1.322778353837361035e-03
-1.635826960604648940e-03
-1.807181338174244402e-03
-1.690425181236143021e-03
-1.699751956330914412e-03
-9.486707880853573714e-04
-5.203397803790213655e-04
-1.199637539289985641e-03
-1.822881221432180905e-03
-1.934072815619002897e-03
-2.247774203577731621e-03
-2.706490849145006244e-03
-2.685001558580942579e-03
-1.823131713490844935e-03
-1.383263439278685719e-03
-1.684419324437481588e-03
-2.027156160632531158e-03
-2.244426886006338495e-03
-2.899117854400592911e-03
-2.473944381977698660e-03
-2.550520060046892936e-03
-2.139086706585864150e-03
-1.769894790774259163e-03
-2.044474084143470954e-03
-2.170280003187822528e-03
-2.463088363487281936e-03
-2.381499183263726272e-03
-2.810359119213797809e-03
-2.850879870799106607e-03
-1.884924443725212884e-03
-1.985245463952460716e-03
-1.771151606531598272e-03
-2.383732516677444704e-03
-2.509114782344404326e-03
-2.926580663928810607e-03
-2.212693169468755387e-03
-2.864418742743333936e-03
-2.387859986358599387e-03
-1.541368526975810636e-03
-1.618142576579354071e-03
-2.497586003699782224e-03
-2.145366556127295370e-03
-2.512697366432650216e-03
-2.808587812464872699e-03
-2.200649643204347257e-03
-1.920737882377536974e-03
-1.316224353440092684e-03
-1.614448233168060912e-03
-1.435015353554868964e-03
-2.066768292959862609e-03
-2.019983278426667507e-03
-2.066084065270942880e-03
-1.631145586791059613e-03
-1.382283896559251529e-03
-1.028834170061925218e-03
-9.820809085051710255e-04
-1.428569353682999313e-03
-1.719333267072292205e-03
-1.734571607308053745e-03
-1.530965758638177252e-03
-1.675532837618895227e-03
-9.438687659681266502e-04
-1.056274505188190384e-03
-9.984431378154093751e-04
-1.150038700202695883e-03
-1.662566325554562562e-03
-1.574324827040369558e-03
-1.755838706024095974e-03
-1.947560008278394986e-03
-1.385695759625679788e-03
-9.446543450970863905e-04
-1.290106724147675483e-03
-1.881545850588046053e-03
-2.107022861752894365e-03
-2.326892806993939231e-03
-2.377096093435489797e-03
-2.424207005103119587e-03
-2.117307172562944966e-03
-1.468306182295452556e-03
-1.979455266885094943e-03
-2.204309524652858700e-03
-2.327838021111728727e-03
-2.494038297724771123e-03
-2.444545487764770639e-03
-2.670978177270667830e-03
-2.201292795516634863e-03
-1.850411552178259653e-03
-2.257246789357415014e-03
-2.202852855512091226e-03
-2.780858598691246953e-03
-2.695197744981894187e-03
-3.047726719721396797e-03
-2.552314657027932900e-03
-2.677027465992882962e-03
-2.307164153065274000e-03
-2.199674309473377901e-03
-2.731613847619919922e-03
-2.491052793996358355e-03
-2.827844454633490507e-03
-2.668251824159755155e-03
-3.087014342039048898e-03
-2.436303001334337928e-03
-1.998665467499180590e-03
-2.053965098488557198e-03
-2.183064614243058945e-03
-2.582923993915509780e-03
-2.379527529081606856e-03
-2.709519873453457208e-03
-2.517331193720544202e-03
-1.692877000676744651e-03
-1.928450090996361877e-03
-1.846949173218997813e-03
-2.100679053336332574e-03
-2.643774683407124505e-03
-2.298240037517998262e-03
-2.231386965387265053e-03
-1.794625972049814335e-03
-1.875616522957883467e-03
-1.243912971781580999e-03
-1.582707970029599651e-03
-2.014501055140368539e-03
-1.725411494856357109e-03
-1.886198652757070573e-03
-1.815982661731878334e-03
-1.591098847688075975e-03
-1.282176303282818453e-03
-1.381176444805599490e-03
-8.962859724218873994e-04
-6.444613669209912389e-04
-1.562891746743241741e-03
-1.292354251725134776e-03
-1.656553196828490851e-03
-1.708009644060770995e-03
-7.670140972307728025e-04
-8.106851095716998117e-04
-7.882534738328696861e-04
-1.124259649056109055e-03
-1.959779096541914255e-03
-2.254200593940043889e-03
-2.127959823772686797e-03
-2.146692974721706084e-03
-1.501337143786619704e-03
-1.178736578150813789e-03
-1.729991145539041490e-03
-1.669668820411123172e-03
-1.934170555314346620e-03
-2.473432531095721455e-03
-2.658377569546312852e-03
-2.931271286453969102e-03
-2.141768591479485239e-03
-1.906375547678037770e-03
-1.912009897693929495e-03
-1.678182291518945553e-03
-2.557775327674618321e-03
-2.597206892900458339e-03
-3.224702800890129253e-03
-2.912674455326343548e-03
-2.764854643481461441e-03
-1.991580837502847628e-03
-1.582037584016991998e-03
-2.378793324634422349e-03
-2.562655892590061379e-03
-2.946548732794459450e-03
-2.933808842652054459e-03
-2.907662390292890548e-03
-2.497522851380529728e-03
-1.697435944672936407e-03
-1.687100404890849118e-03
-2.216444657792421367e-03
-2.576061611596351403e-03
-2.520743585933966045e-03
-2.756035897101857205e-03
-2.610481572580489532e-03
-2.550438964340119834e-03
-1.283345079957563112e-03
-1.609474907042040930e-03
-1.892609726800377652e-03
-2.123247265891013615e-03
-2.151078437087399972e-03
-1.856102175792019712e-03
-2.388736146922424558e-03
-1.372877658324774030e-03
-1.594863520027412591e-03
-1.110626496624468737e-03
-1.267437856309604986e-03
-1.334829843057443351e-03
-1.709319911230322694e-03
-1.538488711836963688e-03
-1.381708820647821554e-03
-1.420397100983652756e-03
-9.114563207440998412e-04
-1.169499807667386589e-03
-1.201253301930265078e-03
-1.541082416290599257e-03
-1.824294409853463843e-03
-1.934949312541362626e-03
-1.882804533416825542e-03
-1.321831870244080448e-03
-7.562510824159040645e-04
-1.524362155249313865e-03
-1.800255320852256610e-03
-1.985479658232542754e-03
-2.142567950771723240e-03
-2.218673526170738489e-03
-1.976964601781762768e-03
-1.515467837754928739e-03
-1.662195069251037405e-03
-2.140813972506606152e-03
-2.142655300316692775e-03
-2.392873700775918853e-03
-2.315300071053003061e-03
-2.416794642648269990e-03
-2.753798313062462682e-03
-2.398299617160043126e-03
-1.863887454323480365e-03
-2.174002647155179237e-03
-2.459874983549021222e-03
-2.945295742991713411e-03
-2.685307373765717653e-03
-3.104442636686342329e-03
-2.789128063387933884e-03
-2.129672564915583051e-03
-2.149647440804103044e-03
-2.450551439553437516e-03
-2.219957562693867029e-03
-2.721267316581231152e-03
-2.974645236242779399e-03
-2.990359449377037043e-03
-2.665959480949012684e-03
-2.695622010254886299e-03
-2.145177912413538668e-03
-2.006455545352586745e-03
-2.294143409894217750e-03
-2.807207247867190246e-03
-2.875169900209524013e-03
-2.538236406743820620e-03
-2.433576551767676049e-03
-2.173027977472429071e-03
-2.106193802878550663e-03
-1.558333850006363977e-03
-2.163585738039438579e-03
-2.486165163231732634e-03
-1.986135541630358169e-03
-2.127952064968894642e-03
-2.311265302508827731e-03
-1.609962988467520664e-03
-1.317780970570754575e-03
-1.595478262833441210e-03
-1.661807198724704398e-03
-1.884484160450230648e-03
-1.750799762333398596e-03
-1.879886198804589428e-03
-1.497899836342261523e-03
-1.541544489939869434e-03
-1.479816619264851321e-03
-1.267796885884149745e-03
-1.366266193593444539e-03
-2.026889100037507392e-03
-1.934466852825810976e-03
-2.036603111714903932e-03
-1.473702146947985809e-03
-1.482501383899224260e-03
-9.310285107206465235e-04
-1.675250431133802577e-03
-2.297093658636186007e-03
-2.061816703108890290e-03
-2.642887193565598460e-03
-2.520523465927330346e-03
-2.076686384559378595e-03
-1.847209320264858517e-03
-1.641045663461119424e-03
-2.053751607913585717e-03
-2.207399048533856701e-03
-2.808345563723701251e-03
-2.597344465566802686e-03
-2.632385529162774469e-03
-2.616437868899226978e-03
-2.055399328032567544e-03
-1.661587637762909500e-03
-2.339620571756426647e-03
-2.511138788937583230e-03
-2.673880667793075185e-03
-3.052743879878985767e-03
-3.092125655486573262e-03
-2.581420109939033206e-03
-2.050133694686638499e-03
-1.908104163867072782e-03
-1.887532715260992937e-03
-2.297644494331251876e-03
-2.628546248413993636e-03
-2.536482726394119393e-03
-2.431149967788449277e-03
-2.663385419659226958e-03
-2.027792897962380717e-03
-1.935887475960812497e-03
-1.879121223627243332e-03
-2.045478292724587505e-03
-2.349863930010719689e-03
-2.461702767501615721e-03
-2.526344405646009650e-03
-2.716476714845750956e-03
-2.220514013191511506e-03
-1.522382875716113632e-03
-1.410572125578157376e-03
-1.642032648044188057e-03
-2.090181920066888112e-03
-2.387208800305319015e-03
-2.190125709027092478e-03
-2.027125845769028878e-03
-2.324787589676283964e-03
-1.388326104443742123e-03
-1.371353858040998347e-03
-1.779728047942554176e-03
-1.807277016176833673e-03
-2.210055824553887674e-03
-2.113538754006046710e-03
-1.852598640268499899e-03
-1.972698650593591313e-03
-1.570327326371140451e-03
-1.806983568413570839e-03
-1.687878896518044125e-03
-2.021047495636620062e-03
-1.604287850653506649e-03
-2.254071707735216638e-03
-1.958246562562356800e-03
-1.382456633933655792e-03
-1.366755571149681683e-03
-1.677572937379411943e-03
-2.045411339358078982e-03
-2.075417922265480105e-03
-2.585599612343650235e-03
-2.274421441342327262e-03
-2.240482052899754693e-03
-1.963523246902512762e-03
-1.954884365372269815e-03
-2.108674599357552790e-03
-2.348397002267647339e-03
-2.497175779575832623e-03
-2.160535650936946592e-03
-2.440253760367409094e-03
-2.376665059090019363e-03
-2.199708677063607742e-03
-2.112820822343180593e-03
-2.006998755745733644e-03
-2.304010059068797595e-03
-2.378671788540127462e-03
-2.224970861470735185e-03
-2.270001716862059954e-03
-2.808130869516727544e-03
-2.601404311827794358e-03
-1.964911489359516192e-03
-2.106948596267373998e-03
-1.672189310732681480e-03
-2.321419882549365099e-03
-2.546243393334792372e-03
-2.685423206303780199e-03
-2.521184534285881695e-03
-2.588370898645529078e-03
-1.895672616509603723e-03
-2.137445071843243997e-03
-2.300194788143087015e-03
-2.478872579745717598e-03
-2.254886053437417902e-03
-2.788331274034201376e-03
-2.989260504076239611e-03
-2.105643686355081635e-03
-1.963313467008984386e-03
-1.550106986636771728e-03
-1.924890576177055567e-03
-2.170923055391275284e-03
-2.462385625882511711e-03
-2.367146684440913761e-03
-2.044668891345010741e-03
-1.791383865368084173e-03
-1.522385301798647285e-03
-1.435148258827721431e-03
-1.782186594654179470e-03
-2.035365261975600852e-03
-1.686006578298696133e-03
-2.343771373918580696e-03
-1.699371788305010979e-03
-1.601855432723927773e-03
-1.260060936494410795e-03
-1.704963420226656735e-03
-1.665173932451705086e-03
-2.100240092116364195e-03
-2.353433740976988795e-03
-2.084595361313169339e-03
-2.353798867340270613e-03
-1.388013314809029113e-03
-1.227683733827337250e-03
-1.875450724060156310e-03
-2.136765443749394106e-03
-2.306658892127220681e-03
-2.608404363053430132e-03
-2.589263477183755251e-03
-2.417344821982291350e-03
-1.953662618214831864e-03
-1.659523721462073447e-03
-1.976448445223430179e-03
-2.681041629901256048e-03
-2.655283450685066125e-03
-2.792646970398034254e-03
-2.558792793064028348e-03
-2.670413653244837083e-03
-2.453015462331525291e-03
-2.427798369313284056e-03
-2.378820103801991114e-03
-2.145758539057045309e-03
-2.500028415039862346e-03
-2.817430900127459222e-03
-2.864548425128073984e-03
-3.074383422211932494e-03
-2.370282741953687756e-03
-2.335022705932494284e-03
-2.377697896029772745e-03
-2.366675483217938695e-03
-2.489297595327080725e-03
-2.338020762534186517e-03
-2.304346493935998091e-03
-2.482138246084816639e-03
-2.301264711304431936e-03
-2.164094046693764827e-03
-1.698674084297626665e-03
-1.929123563580885554e-03
-2.436425853269988829e-03
-2.080516383528590967e-03
-2.004595501586881913e-03
-2.465474940141066176e-03
-2.095605234799351787e-03
-1.907193843519491838e-03
-1.587986908942783668e-03
-1.970258731629593620e-03
-2.076233331075345769e-03
-1.866159191335812042e-03
-2.135624887022762562e-03
-1.735487773812784650e-03
-1.790324943993022461e-03
-1.488198636149049925e-03
-1.440863749292347912e-03
-1.435500522967078207e-03
-1.548286172134102391e-03
-1.642750699026639854e-03
-1.506557709255714871e-03
-1.687865447251025910e-03
-1.124139492527366892e-03
-1.272910691305529675e-03
-1.288774530005835570e-03
-1.103782757345777438e-03
-1.461222351546472573e-03
-1.880869213335542448e-03
-2.064672383617884889e-03
-1.722156875802001311e-03
-1.178419822701318523e-03
-9.557828074738790661e-04
-1.268909910063080373e-03
-1.365936197964911277e-03
-1.941061136590806159e-03
-2.227074358302326071e-03
-2.129650786488465359e-03
-2.531059928461019438e-03
-1.964429595381918855e-03
-1.601204497025436602e-03
-2.317092112765145942e-03
-2.544542888393443343e-03
-2.168769285494209515e-03
-2.808296225550920011e-03
-2.932790081822690340e-03
-2.741946581843139521e-03
-2.381517372411225651e-03
-2.072715056185942331e-03
-1.950291155861049158e-03
-2.195516237854141552e-03
-2.541564237079503661e-03
-2.156063993514169969e-03
-2.565459090502274046e-03
-2.708343519200461045e-03
-2.153274794205031328e-03
-1.946751112319571432e-03
-2.063851352033427809e-03
-1.886926124373130426e-03
-2.433187079338284490e-03
-2.373659685228621426e-03
-2.541344414761464391e-03
-2.779075251161799032e-03
-2.239862854733959407e-03
-2.210845165467945246e-03
-2.160814421051762951e-03
-2.098054650217046676e-03
-2.198953750814289232e-03
-2.388110316422219735e-03
-2.179564784338948978e-03
-2.710209074749454772e-03
-2.055007822067282056e-03
-1.790162118174365782e-03
-1.648405419836131494e-03
-2.135302002251006186e-03
-2.490912182649086901e-03
-2.324940732819241653e-03
-2.046443568137847318e-03
-2.132997933388181173e-03
-1.859166190815074232e-03
-1.940703907135249949e-03
-1.446084015834445558e-03
-1.834509626130309502e-03
-1.852838436960382255e-03
-1.675809365434532570e-03
-2.012588636269729229e-03
-1.913629764478270425e-03
-1.529573409460532321e-03
-1.428022714492812066e-03
-1.343672511418435560e-03
-1.103037509001705873e-03
-1.618826120110212000e-03
-1.768164530608442838e-03
-2.116135167023126557e-03
-1.980828465743010580e-03
-1.488495586269172367e-03
-1.024857837232313537e-03
-1.633527253993594672e-03
-1.715715157801473746e-03
-2.150281548643485658e-03
-2.219006485057366598e-03
-2.253918135997529798e-03
-2.543956964251267369e-03
-1.933888357199053682e-03
-1.288187607253965961e-03
-2.106892256318323737e-03
-2.272129081239930484e-03
-2.166848526241980412e-03
-2.526706779047030536e-03
-3.129265529080731481e-03
-2.531689951785894618e-03
-2.248875388569417533e-03
-1.815755919586477555e-03
-2.164234527478541871e-03
-2.089346973669837636e-03
-2.692991468476016708e-03
-2.935471440018547467e-03
-3.241662927302217841e-03
-2.694808391532251858e-03
-2.408609862229729812e-03
-1.775874442873595855e-03
-2.157352380798306917e-03
-2.594936420441935551e-03
-2.451241775922844476e-03
-3.453732199282042413e-03
-3.059139252220421414e-03
-3.059109906747293529e-03
-2.005739272225246558e-03
-2.262537814483139148e-03
-1.824487970289745756e-03
-2.184226177462974053e-03
-2.461845980422252764e-03
-2.660117884799540963e-03
-2.536168106759042248e-03
-2.408726194543760798e-03
-1.944171239515509603e-03
-1.643879648200355370e-03
-1.359748534287962430e-03
-1.946849846251063644e-03
-2.244184403757545822e-03
-2.155519965681664245e-03
-2.589487449054997739e-03
-2.075847058959136640e-03
-2.058310830427634904e-03
-1.852442612531101295e-03
-1.344385033299572759e-03
-1.428211193173680804e-03
-1.565326635070742869e-03
-2.099713113912486228e-03
-1.943616322865225014e-03
-1.593880891439803044e-03
-1.643539845357007770e-03
-1.381558956337697146e-03
-1.043626912501101995e-03
-1.361127227691222817e-03
-1.751202861548863381e-03
-1.699485528481066562e-03
-1.926053165813903893e-03
-1.792796517277281702e-03
-8.754642363361748655e-04
-7.232425814889678964e-04
-1.047999396506428581e-03
-1.617666515261762970e-03
-2.399180948563700566e-03
-2.390152017795726253e-03
-2.248170161282867126e-03
-2.042340570572933212e-03
-1.302802792081450816e-03
-1.092520125911946921e-03
-2.006368424029052883e-03
-2.271292338161113537e-03
-2.443299393946674232e-03
-2.720837161900829804e-03
-2.770666658096266038e-03
-2.738473845078985471e-03
-2.043800623756475421e-03
-2.031020468361879796e-03
-1.947882473039917305e-03
-2.518301775203666149e-03
-2.746200481754022382e-03
-2.830160889598406192e-03
-2.782542971508673250e-03
-2.715877878003323913e-03
-2.549045180013385925e-03
-1.893281757304554483e-03
-1.767600715030467591e-03
-2.358082401325308549e-03
-2.552602966842584895e-03
-2.895708238459840291e-03
-3.103594159412247176e-03
-2.846976626340051199e-03
-2.352491012322534443e-03
-2.070243346454996459e-03
-2.076117756629297130e-03
-2.497984952341665565e-03
-2.864180282386154849e-03
-2.889113654173867431e-03
-2.586823052506791697e-03
-2.471511956155065734e-03
-1.955549966488915378e-03
-1.982512609799820524e-03
-1.277536342512233759e-03
-1.995047749794533979e-03
-2.461195830016060879e-03
-2.077955063548540381e-03
-2.013123167661456242e-03
-2.384624658507718525e-03
-1.453399727858822226e-03
-1.432609147760623668e-03
-1.486896538836571420e-03
-1.232143786246024664e-03
-1.763344104211999729e-03
-1.544458618416875723e-03
-1.646531987658589585e-03
-1.804352676307540305e-03
-1.017965516937955565e-03
-1.245524103027292450e-03
-1.680879711505746821e-03
-1.563544276474282749e-03
-1.909776946606728297e-03
-2.081237568720867379e-03
-2.121839593950970368e-03
-2.061146147001955559e-03
-1.221748272959033346e-03
-1.324829086792332243e-03
-1.562891436774300601e-03
-1.916790883237919681e-03
-2.218742948407744810e-03
-2.127891706674050684e-03
-2.290485895547741523e-03
-2.271315524578436992e-03
-1.702822672152157386e-03
-1.608222035736731363e-03
-2.287315214853964749e-03
-2.489881919719072381e-03
-2.232518254946704982e-03
-2.175270183938148982e-03
-2.481402162346787663e-03
-2.443094346074158735e-03
-2.246659325819034755e-03
-1.841465226487462060e-03
-1.950600457137558526e-03
-2.316754852684553903e-03
-2.419949849087817215e-03
-2.834419572644526330e-03
-2.655553844182916880e-03
-2.116527820800453638e-03
-2.475721190866700654e-03
-1.831263703987150984e-03
-2.072080260628823660e-03
-2.557419493231184639e-03
-2.846506126700740560e-03
-2.296478624273420085e-03
-2.759887087096649701e-03
-2.502938500684016507e-03
-2.385883146471756699e-03
-2.222489534038827284e-03
-2.136356211426127319e-03
-2.191614246866740306e-03
-2.728755945686652928e-03
-2.228306038298144380e-03
-2.548720452694033713e-03
-2.098597303409281863e-03
-2.051013039988810408e-03
-1.976771138894026919e-03
-1.643035287507260342e-03
-2.360387271750798762e-03
-2.214225878393856570e-03
-2.263830921994194195e-03
-2.307381925545215831e-03
-2.142030861856687209e-03
-2.188253060067955197e-03
-1.662610412091885051e-03
-1.540697884363301500e-03
-1.663753538241547272e-03
-1.774224933245118797e-03
-1.766379221450325087e-03
-1.977525092035360612e-03
-1.863310772844562618e-03
-1.501717022920805947e-03
-1.761681145640094353e-03
-1.137179416490492583e-03
-1.537850917257601799e-03
-1.924327629185514869e-03
-1.780658505085306979e-03
-1.952447359228394594e-03
-1.603140748507141979e-03
-1.432462117020465381e-03
-1.165046705511173881e-03
-1.512962600315259599e-03
-2.315900226932332377e-03
-1.773860637738276401e-03
-2.291299131041836350e-03
-2.418488528721087633e-03
-2.152390232484249852e-03
-1.612809692730088340e-03
-1.356309861125608307e-03
-2.438873269885951951e-03
-2.544009567940252407e-03
-2.330185148952786112e-03
-2.266293266220374258e-03
-2.442096754529797086e-03
-2.209054584573420712e-03
-2.306070639222409287e-03
-2.055122493490179648e-03
-2.530636705683278042e-03
-2.605460057980507095e-03
-2.875909927811025335e-03
-2.513971752946006152e-03
-2.705739187462130862e-03
-2.985938728597006559e-03
-2.331771119386294097e-03
-2.127867759176592117e-03
-2.363808834860664770e-03
-2.594223068076402256e-03
-2.431324908965162152e-03
-2.967486094499324246e-03
-2.815221649512875905e-03
-2.694715218723956352e-03
-2.487545788066968314e-03
-1.682153450303754821e-03
-2.024878957382565507e-03
-2.853138978347491850e-03
-2.880099715435216826e-03
-2.744366680969993755e-03
-2.195492495065491483e-03
-2.263626926559817072e-03
-2.184013017890205650e-03
-2.048298342465562465e-03
-1.880238756291410362e-03
-1.944696170467704070e-03
-2.213502400272077640e-03
-1.860687421179177880e-03
-1.599702894295076949e-03
-1.936444835552561874e-03
-1.503462939701099383e-03
-1.359947899395801130e-03
-1.525904676971761220e-03
-1.648021172022720235e-03
-2.221209489015477014e-03
-1.763295242945719541e-03
-1.833868115570177343e-03
-1.723200523629769354e-03
-1.503419369089680673e-03
-1.420827682373405551e-03
-1.152545832364045139e-03
-1.420805913729335929e-03
-1.869875440640122490e-03
-1.986543074884818735e-03
-1.865429425713238578e-03
-1.566650178356291702e-03
-1.247989060648129010e-03
-1.170164167097113503e-03
-1.417761384455670445e-03
-1.898763617486483313e-03
-1.865789248748497354e-03
-2.180890351432691540e-03
-2.412691584481376286e-03
-2.273323457156008632e-03
-1.638450537636177828e-03
-1.413112555113842268e-03
-1.609256644827455852e-03
-2.113616246666455509e-03
-2.170529792357212429e-03
-2.700964289780860474e-03
-2.527019784351132361e-03
-2.236700190616902791e-03
-1.684371620126932922e-03
-1.762198657196468229e-03
-2.032808269338021168e-03
-2.117997508144684252e-03
-2.220665471568842274e-03
-2.543925808784165774e-03
-2.114299105115676619e-03
-2.298672501389319254e-03
-2.200840996233018303e-03
-2.058697670206266744e-03
-2.154749768084869219e-03
-2.620512026213109563e-03
-2.475757280705816101e-03
-2.751405689663806702e-03
-2.792942069650535854e-03
-2.890902886354633234e-03
-2.407588825531438784e-03
-1.922141988784044266e-03
-2.023870882609037167e-03
-2.449538290235791366e-03
-2.439028126751847502e-03
-2.593025544171333099e-03
-2.685347888978127043e-03
-2.678900006699060261e-03
-2.320043896675163739e-03
-2.136248377734269524e-03
-1.824622300627624710e-03
-1.942935869751771924e-03
-2.316902416856494659e-03
-2.905662807153693971e-03
-2.796839793347837694e-03
-2.527311908713567035e-03
-2.162063602813135872e-03
-1.844065480668280552e-03
-1.591777615902383296e-03
-1.805153330825129973e-03
-2.266419926709734543e-03
-1.965895574406080482e-03
-2.233745263845530581e-03
-2.333010600345038817e-03
-1.881354973032799095e-03
-1.474761462950269697e-03
-1.074566214967375821e-03
-1.665778121021032308e-03
-1.998866493691114649e-03
-1.981526987703749031e-03
-1.685369638851650764e-03
-1.670212731433655742e-03
-9.966907352231216960e-04
-1.141000592834203256e-03
-1.574406953615577762e-03
-1.910814329839275729e-03
-2.078880843965321638e-03
-2.403937755604741624e-03
-2.542730811993752608e-03
-2.282409126253679820e-03
-1.895408145342868719e-03
-1.519563849806908253e-03
-2.007847745416142110e-03
-2.302150654623060389e-03
-2.652892671745238004e-03
-2.978868312993755881e-03
-2.626877671219787335e-03
-2.661935535367990647e-03
-1.923710532585763385e-03
-1.893194883248303009e-03
-2.331757865399370060e-03
-2.220290293267765305e-03
-2.992922508863724018e-03
-2.843039371624177507e-03
-3.009782751484383744e-03
-3.305829858090561860e-03
-2.579713536169625596e-03
-2.602287923613918422e-03
-2.131206114858339926e-03
-2.480528256328009239e-03
-2.996347051640872467e-03
-2.948940305843148705e-03
-2.943872560346852841e-03
-2.918726961760817647e-03
-2.704464826605971779e-03
-2.068621024417429104e-03
-1.845942661487455679e-03
-2.154648910000596038e-03
-2.638862232698528047e-03
-2.580710909818494797e-03
-2.903738326246795530e-03
-2.801140848122954385e-03
-2.222672634511433602e-03
-1.729778972326616966e-03
-1.475358932984476099e-03
-1.767901077078059754e-03
-1.715296234103268940e-03
-1.949115384248152356e-03
-2.131630321127530193e-03
-1.689781775807907942e-03
-1.382357985314305263e-03
-1.330713176161719188e-03
-1.030220140267632022e-03
-1.145441753923429192e-03
-1.652274916553853664e-03
-1.569331228778570288e-03
-1.278217319548192923e-03
-1.662549676613699892e-03
-1.337241068777320074e-03
-1.389299226410988571e-03
-9.128165728110140039e-04
-1.329132502520150288e-03
-1.942061946802594793e-03
-2.131887467885247318e-03
-1.879506251929268868e-03
-1.559265111321558742e-03
-1.526691135296983411e-03
-1.310688622279710357e-03
-1.467679259260087519e-03
-1.405028692230028946e-03
-1.847187428124352293e-03
-2.169014648846584892e-03
-2.072108076783180531e-03
-2.162707334442859949e-03
-2.102292568523708109e-03
-1.587776031637330720e-03
-1.806774624534000393e-03
-2.187798238332344224e-03
-2.444853611828310541e-03
-2.417183627281797951e-03
-2.590186572753606226e-03
-2.702795280474801394e-03
-2.669820551325333309e-03
-2.041281513287392883e-03
-2.014128734428544034e-03
-2.479410292788596353e-03
-2.702410128631234278e-03
-2.626457482954501921e-03
-2.401575209964144572e-03
-2.851161319100748055e-03
-2.187571515749839671e-03
-2.367496446935849624e-03
-2.237135212292163788e-03
-2.981057384677290520e-03
-3.017149220178232203e-03
-3.130848399366992912e-03
-2.979046358272778583e-03
-2.570509922139196067e-03
-2.620734545121179964e-03
-2.333516514909791343e-03
-2.231372596912280584e-03
-2.413732357198808322e-03
-2.876732227320759772e-03
-2.804606154187530218e-03
-2.505111753980172103e-03
-2.489621062955212679e-03
-2.107865168434561003e-03
-2.137210931440051889e-03
-1.970993636522097494e-03
-2.098011654686741771e-03
-2.496186694161843089e-03
-2.007400260833498793e-03
-1.876144774420032604e-03
-1.718901885603357684e-03
-2.071920692915502418e-03
-1.309111078111344821e-03
-9.873231386084658709e-04
-1.752081929354951887e-03
-1.642687864919076127e-03
-1.818752667830033981e-03
-1.709809530616960378e-03
-1.418164382187344676e-03
-1.196899822211752859e-03
-1.248325962772439245e-03
-7.194132773914601892e-04
-1.313671393221273447e-03
-1.753398745690102961e-03
-2.179670848387801289e-03
-1.668235486523574366e-03
-1.859483132424826846e-03
-1.294128503729046614e-03
-1.074178369605402776e-03
-1.411577737285390306e-03
-1.759971094051034687e-03
-1.910567670067429879e-03
-2.411135459629131644e-03
-2.614566491153884082e-03
-2.665418414552628464e-03
-2.117626475697214315e-03
-1.519653057664955209e-03
-2.096214750857090369e-03
-1.606826802232642730e-03
-2.333966682417640878e-03
-2.474688574519632017e-03
-2.503841843176089418e-03
-2.450027265916418680e-03
-2.469801424633494367e-03
-1.811534804026723950e-03
-2.071180890891628421e-03
-2.271982969112009473e-03
-2.774736082077128817e-03
-2.788218410764422336e-03
-2.917522028000546410e-03
-2.901064552026625873e-03
-2.800226959726827367e-03
-1.881171160366900590e-03
-2.531298337432308625e-03
-2.208119748909881299e-03
-2.354281899490543849e-03
-2.471473015096216884e-03
-2.897736163024503767e-03
-2.630451024163372922e-03
-2.649434682202230894e-03
-2.409897986541942577e-03
-1.809564894786280928e-03
-2.681768758763759895e-03
-2.902988598719253004e-03
-2.654746187731292246e-03
-2.306085720202571444e-03
-2.755384727810276067e-03
-2.154166037872957701e-03
-1.576335912625204680e-03
-1.871157195083530955e-03
-1.962498655218376971e-03
-2.273202284203010293e-03
-2.272427694124382579e-03
-1.991507193723486471e-03
-2.189304866113388898e-03
-1.918711409850038917e-03
-1.250481439682531387e-03
-1.433837957475612122e-03
-1.712384164223321528e-03
-1.689467083616995541e-03
-2.109935305684005301e-03
-1.480542135451151870e-03
-1.664208931348592352e-03
-1.443967452176246960e-03
-1.347268482069763655e-03
-1.333657583397347603e-03
-1.810751037075455537e-03
-1.816932686339603475e-03
-1.890568000549205019e-03
-2.358752246199600621e-03
-1.644505873739620250e-03
-1.492263303597808101e-03
-9.715087847702428723e-04
-1.629554026508452623e-03
-1.947118702404531092e-03
-2.244755355087268370e-03
-2.109113322090492432e-03
-2.180141351906424597e-03
-2.413637973330365252e-03
-1.825443909923628143e-03
-1.703020824158081809e-03
-2.267380942454757728e-03
-2.375802155843857993e-03
-2.503575352436532720e-03
-2.400916045864940219e-03
-2.457527084492435766e-03
-2.303685208606773976e-03
-2.272354479406283635e-03
-1.991904428664549240e-03
-2.307455583806364285e-03
-2.316582606540891921e-03
-2.532816849171274764e-03
-2.498339745673599718e-03
-2.703386770777092656e-03
-2.566407197556577584e-03
-2.076255807296667824e-03
-1.816148489219487037e-03
-1.986218618464095573e-03
-2.312787631529968687e-03
-3.032418716149387454e-03
-2.763045348481504068e-03
-2.581189383027268983e-03
-2.801770002978879598e-03
-2.168543469815332678e-03
-2.315886211556289920e-03
-2.075219667622453957e-03
-2.253510051410344099e-03
-2.344201988969264305e-03
-2.617122869994020773e-03
-2.167452460833295402e-03
-2.590081956363129035e-03
-2.458497028891538927e-03
-1.817317086882603910e-03
-1.568263569582070390e-03
-1.822282688452225071e-03
-2.454645261080911755e-03
-2.337455192452770735e-03
-1.954384823930688849e-03
-2.214332118785866839e-03
-1.567505074384889594e-03
-1.436304115742407421e-03
-1.666964462592513936e-03
-1.515929788089861877e-03
-2.016573508724429139e-03
-2.122594931402615407e-03
-1.586836390859270619e-03
-1.587643525891747811e-03
-1.628542105054155229e-03
-1.477430326928778383e-03
-6.400871231208714752e-04
-1.024474000166295190e-03
-1.624679530911971688e-03
-1.584142592427657684e-03
-1.686036708397002648e-03
-1.735707964933582651e-03
-5.920713326161067529e-04
-8.057950197359180786e-04
-1.087363691743267529e-03
-1.648345879775065361e-03
-1.865220981338501678e-03
-2.269554516583220660e-03
-1.964321076426172024e-03
-2.394126381845788389e-03
-1.843742097316109158e-03
-9.434915110374907229e-04
-1.309906641190267769e-03
-2.057650992085624866e-03
-2.467708704328226699e-03
-2.550927791388099726e-03
-2.722456298838280345e-03
-2.450655661824718227e-03
-2.488985821350359669e-03
-1.899198529102891003e-03
-2.136459075866918491e-03
-1.825824073620635393e-03
-2.414514366667111587e-03
-2.753993079767749416e-03
-2.946649484088413855e-03
-2.718777990011429953e-03
-2.199102944758502421e-03
-2.189643061291129521e-03
-1.853347840942904702e-03
-2.241698431317640759e-03
-2.740028722121552913e-03
-2.448439301068800270e-03
-2.651136007153404289e-03
-2.994893505775639026e-03
-2.558933493571967366e-03
-2.112788236938539527e-03
-1.722373148483331232e-03
-2.258429149824329758e-03
-2.525623176398154174e-03
-2.361629595728016034e-03
-2.568255584602809928e-03
-2.470777712220336916e-03
-2.088618114709003999e-03
-1.550032253721518854e-03
-1.237886941144597693e-03
-1.952809944260991025e-03
-2.080838191385615040e-03
-1.814724878005262009e-03
-1.885452717694591825e-03
-1.591912991560636781e-03
-1.243254183403894562e-03
-1.558673944477898454e-03
-1.102853132825538322e-03
-1.256486247032049782e-03
-1.754400412564608054e-03
-1.536398925807842082e-03
-1.563562558426398550e-03
-1.536993710342647503e-03
-8.869021586003337804e-04
-1.030621538053876638e-03
-1.397118945447513826e-03
-1.333282598145925889e-03
-1.819234580985411341e-03
-1.810584512113808673e-03
-1.704195461463970480e-03
-1.796060247557835707e-03
-1.429694864398457126e-03
-7.899485862639472802e-04
-1.381590899105592527e-03
-1.364984913793538743e-03
-2.151714958883353245e-03
-2.055324387454928250e-03
-2.426980245497708990e-03
-2.347184779382008139e-03
-2.279053979993110168e-03
-1.554970021553967298e-03
-2.060704872949519102e-03
-1.882631557412778973e-03
-2.244121435428937661e-03
-2.303810900336276338e-03
-2.596477180029237858e-03
-2.493778022868581908e-03
-2.260021828255325514e-03
-2.053976635776191134e-03
-1.944412106063716150e-03
-2.015920545153268486e-03
-2.385248509698617049e-03
-2.454282669838745139e-03
-2.596161888359454616e-03
-2.779812388329520444e-03
-2.385841401510464289e-03
-2.223269726248528703e-03
-2.432407017539376347e-03
-2.185166491990619790e-03
-2.366283271347355017e-03
-2.872531142398480376e-03
-2.731571224165597021e-03
-2.891415599521871427e-03
-2.392377836586661709e-03
-2.016742312511025492e-03
-1.969447026594245073e-03
-2.329528672637213270e-03
-2.295549236199897775e-03
-2.867516540308904897e-03
-2.224336726975067319e-03
-2.443688680074199929e-03
-2.225324716668811847e-03
-1.519870643709808535e-03
-1.432557292494983413e-03
-1.929235319396237821e-03
-2.483809942164781105e-03
-2.281261227922752859e-03
-2.059166886564068547e-03
-1.846762719662239580e-03
-1.336773440634422697e-03
-1.379852835922488552e-03
-1.304066068226261655e-03
-1.777599897016468198e-03
-1.465424669762813029e-03
-1.823856386072641739e-03
-1.323492845896048200e-03
-1.496403030877543460e-03
-8.770953473762856589e-04
-9.694200987501767897e-04
-7.162761954300703041e-04
-1.269727509057061270e-03
-1.253180628770911645e-03
-1.786287635766841200e-03
-1.761754597965406715e-03
-1.484791798928495254e-03
-1.171008182276519474e-03
-6.818134486871938165e-04
-1.364499614872772843e-03
-1.568810456302866495e-03
-1.727506609677170908e-03
-2.379121739991329164e-03
-1.748978908238512601e-03
-1.901666529932299204e-03
-1.377634509231373192e-03
-1.143631987828993288e-03
-1.894782995678325182e-03
-2.033515819363495084e-03
-2.591594234309651992e-03
-2.394102171352714952e-03
-2.570354972845794762e-03
-2.485658778025584461e-03
-2.292572821007973077e-03
-1.614946036381409737e-03
-2.244144607013946052e-03
-2.651901968401211562e-03
-2.524450481523974905e-03
-2.556979897836941969e-03
-2.592711777419241977e-03
-2.792348988298295684e-03
-2.383735938308256287e-03
-1.793771621578430430e-03
-2.149468784020012839e-03
-3.100279387746327723e-03
-3.139698964660352261e-03
-3.021022107821190288e-03
-2.778806955413982722e-03
-2.594815238843729832e-03
-2.606883068129095191e-03
-1.820513440749379434e-03
-2.231826793252373632e-03
-2.264166849451325868e-03
-2.506939506666862241e-03
-2.865722703769114834e-03
-2.778167471769084958e-03
-2.357841147487643903e-03
-1.809747703220080045e-03
-1.580866596416855788e-03
-1.411167632355865868e-03
-2.313333427082153379e-03
-2.301417339962446261e-03
-1.901697131944143264e-03
-1.847179862669024765e-03
-2.164689230207912651e-03
-1.717353883337400210e-03
-1.513175050683211601e-03
-1.341136517193696875e-03
-1.556322523378041818e-03
-1.451690887894288530e-03
-1.763837355619951325e-03
-1.706085678322321469e-03
-1.377524546997210744e-03
-1.171330175530196655e-03
-6.887308265663580299e-04
-1.217279047306834595e-03
-1.039075340248791579e-03
-1.354000342168002868e-03
-1.568078217337686136e-03
-1.925788221797646764e-03
-1.870543146465500003e-03
-1.012891253500267140e-03
-6.140727650553668348e-04
-1.300971416922234525e-03
-1.710646762627678584e-03
-2.342018826456527310e-03
-2.534100133331424528e-03
-2.256506014945649022e-03
-2.401252713014383200e-03
-1.543463141505020718e-03
-8.301403372687761028e-04
-2.066647741277895852e-03
-2.463990114053262164e-03
-2.073458610625164393e-03
-2.653567007530457933e-03
-2.650772432659047068e-03
-3.323965814337430293e-03
-2.622018880790940882e-03
-1.848686507128448385e-03
-2.084517727903659797e-03
-2.254804448784801865e-03
-2.440955049251344617e-03
-2.310699464176645297e-03
-3.083607826020986348e-03
-2.880630068689774698e-03
-2.690794781662733063e-03
-2.388813113753005327e-03
-1.767553018345978432e-03
-2.576576074762275924e-03
-2.745299445986645707e-03
-2.588642774735291918e-03
-3.046451745133266654e-03
-2.833714521468953286e-03
-2.463226132522563019e-03
-1.691360903422387072e-03
-1.644010329256120635e-03
-1.877818167850900995e-03
-2.107892568599798420e-03
-2.326526002668145420e-03
-2.297419623409264946e-03
-2.178673844541706862e-03
-2.027347470243002180e-03
-1.666492095201869495e-03
-1.162126861297877074e-03
-1.523345247144950072e-03
-1.804510395308330829e-03
-1.668733763269173928e-03
-1.664762620751635176e-03
-1.517393436743065234e-03
-1.695914482491758975e-03
-6.936582845649523228e-04
-8.876425416160791445e-04
-8.316399351087625695e-04
-1.654528408790587480e-03
-1.060947048101990725e-03
-1.366176076475502342e-03
-1.220292441963754214e-03
-9.520263826407735809e-04
-9.102541390898685183e-04
-1.200961813478222022e-03
-1.378332382065674796e-03
-1.974361140386674939e-03
-2.052731479827302370e-03
-1.907659360634190180e-03
-1.954640919200225594e-03
-1.416627476727349167e-03
-8.817813383361037009e-04
-1.458354774869731994e-03
-1.636568949374998024e-03
-2.202980588092502863e-03
-2.362389786150278018e-03
-2.875182194548916905e-03
-2.458647847888085266e-03
-1.927232318339380975e-03
-1.804639101400488943e-03
-1.940918570925421766e-03
-2.348382061522911318e-03
-2.313101310065921856e-03
-2.695600658267930869e-03
-2.633429093591852215e-03
-3.276752529310365033e-03
-2.536143404856711341e-03
-1.816055721002889783e-03
-2.177876040788805090e-03
-2.099448586254724306e-03
-2.273323343055636252e-03
-2.738426965183236687e-03
-2.690793792605755252e-03
-2.780155597643148811e-03
-2.586066548332983765e-03
-2.241405206551938447e-03
-1.831128843341147793e-03
-2.329282982147980359e-03
-2.088341011095651810e-03
-2.671678369113862986e-03
-2.451665895631661724e-03
-2.898897012823567834e-03
-2.550539550945016710e-03
-1.740216015479706217e-03
-1.524059554793963508e-03
-1.801917738545960601e-03
-2.140344079509851581e-03
-2.408538958894173264e-03
-2.682528696146752652e-03
-2.212715178058007222e-03
-1.950722610019233914e-03
-1.567949965867750269e-03
-1.166977858744456002e-03
-1.511092221852384674e-03
-1.962742498462952297e-03
-1.662039260205875214e-03
-1.725990022184858063e-03
-2.005885142053301200e-03
-1.394944643627753483e-03
-1.123391902866134129e-03
-1.123980820820218770e-03
-1.338335928456773445e-03
-1.727991584123581654e-03
-1.663292015052414419e-03
-1.744639786825507612e-03
-1.507319694347248338e-03
-9.596652855170520122e-04
-9.169152960903145105e-04
-1.272776611706952004e-03
-1.285985759139258089e-03
-1.409065784327042693e-03
-1.694800892125739381e-03
-2.012975301009709526e-03
-1.801929048303106597e-03
-1.053153995743395539e-03
-7.468068998099166049e-04
-1.011193898682552928e-03
-1.595082809800848394e-03
-2.158015192108749154e-03
-2.380928048618098300e-03
-2.220483331273146160e-03
-2.235013097378173337e-03
-2.037161080942422042e-03
-1.448367308402046189e-03
-1.607529541980770929e-03
-2.029475848201140169e-03
-2.434262516314920043e-03
-2.272644496738468380e-03
-2.525314219589636696e-03
-2.355246266035065147e-03
-2.171975891454489688e-03
-1.821193261246403230e-03
-2.039414031175231911e-03
-1.819537795960479362e-03
-2.389404948941646102e-03
-2.806301859826432037e-03
-2.833919874559029644e-03
-2.997399420811114237e-03
-2.655455853851656188e-03
-1.902158656063582514e-03
-2.030339857706792671e-03
-1.958302480103692785e-03
-2.488982759712462037e-03
-2.417373135055053950e-03
-2.701614873620456977e-03
-2.492647709906356101e-03
-2.472629160616319349e-03
-2.308497863666689014e-03
-1.715817263029267977e-03
-2.042862644787274678e-03
-2.596261946574578584e-03
-2.508459266164843847e-03
-2.438635524858113763e-03
-2.494611811067592739e-03
-2.107799139528772694e-03
-1.627044140838133490e-03
-1.563344669602801090e-03
-2.493791475472795227e-03
-2.054676010158846058e-03
-2.175876383532080859e-03
-2.162096234772012664e-03
-2.121723982047594124e-03
-1.663197601759880363e-03
-1.737111718547347441e-03
-1.385821655037312557e-03
-1.564924760462377837e-03
-1.914540691016726427e-03
-1.938499246826128975e-03
-1.565006847684361152e-03
-1.375085708514067577e-03
-1.698879547898464589e-03
-1.239551414631436584e-03
-2.924781144348621810e-04
-6.182875271979013532e-04
-6.569690064380400742e-04
-3.118024097120787380e-04
-4.484446484404948667e-04
-1.794407442474538162e-04
-5.810080292699034950e-04
-4.009608064666022762e-04
-1.464913356500167365e-04
-3.594655451935665634e-04
-2.648932874340183046e-04
-2.914712998359437405e-04
-2.324463611182936917e-04
-2.762703031438178375e-04
-4.253466661989876345e-04
-3.840184904229574747e-04
-5.232935174416218638e-04
-4.451218565124485135e-04
-2.734574234980040883e-04
-6.442688314691044291e-04
-3.443260490548436794e-04
-5.914181389887720108e-04
-5.334314033934936397e-04
-2.396602335213873054e-04
-2.811963961141081443e-04
-5.627830211083237159e-04
-4.839627315008676633e-05
-1.133516015739896305e-04
-4.908075455825092973e-04
-1.947213105605464037e-04
-5.060785783963485862e-04
-7.574295002013921351e-04
-2.673834297182908423e-04
-5.240100813302043907e-04
-5.560589759047567535e-04
-3.728008779166822853e-04
-7.356629984476971244e-04
-2.378697712213649910e-04
-5.759161978892788497e-04
-3.407792835912747966e-04
-5.345322451851930012e-04
7.181421102466748092e-05
-5.153827827637551739e-04
-2.492877512936486043e-04
-8.587741157387848495e-05
-3.733922467016579684e-04
2.429857682077289887e-06
-3.885239837515071151e-04
-1.978854171655895550e-04
-4.421759191078962373e-04
6.926552622632580142e-05
-4.260163945086816719e-04
-2.108793706213327483e-04
-3.486075148339856829e-04
3.337383777367583851e-05
-1.122757593054380559e-04
2.906356128914419417e-06
-5.019178700360073762e-04
-3.775906485632384555e-04
3.193885671881731904e-05
-2.784946295784140945e-04
-3.633279519876020706e-04
-3.587458021426834882e-04
3.161002341942036476e-05
-6.311809666143860652e-05
-2.031887805707473411e-04
1.335615551597452188e-04
1.334424778093452587e-04
-1.844025724190622513e-04
-1.691180762076083418e-04
-4.254146710743253305e-04
-3.597331639437700650e-04
-5.146194507851526009e-04
-2.138381629070788261e-04
-4.801402652881554237e-04
1.271104070451769641e-04
3.880479960212914110e-06
-4.260072611311243218e-04
-1.923291034782760928e-05
-1.037258334961785029e-04
-4.906233802928029264e-05
-2.668548198307544076e-04
-1.563188565065790569e-04
-2.853149773057993163e-05
-3.312015109003121167e-04
-3.527904683016956145e-04
-8.819673561676305389e-05
-1.441837935723107951e-04
-8.345691165699976443e-05
-5.034132422146766735e-04
-1.354617903540397521e-04
-8.034082216338258784e-05
1.062332352800801790e-04
-2.351944192988708365e-04
-3.779692365912898800e-05
-1.766057058077194605e-04
3.182652899792148783e-04
-1.838289393611352933e-04
5.020548324480170275e-05
-9.542288157029822908e-05
2.522461402205674539e-05
-1.632312961667293344e-04
-2.275971951681990760e-04
-4.383728371814407182e-05
-2.694766333424205478e-04
4.405389172147241916e-05
-3.930956573018441281e-04
-1.514447433371886591e-04
1.184840292817549849e-04
1.035342524191396150e-06
-2.415238423303489969e-04
-1.486958581322087773e-04
1.248527831184347947e-04
2.106886925107910613e-04
-1.965023184858877921e-05
-6.179921474886589149e-04
1.132685668239332766e-04
-2.618950888697182239e-04
1.850257196797504841e-04
-2.947744782215797749e-04
-7.055060308248773770e-05
-2.028185754143136722e-04
1.692117717275027332e-04
2.322819920987367480e-04
5.887557510079296423e-05
-4.141450308864234506e-04
-3.273585897985906417e-04
-2.218476393919565140e-05
-5.288142802590044625e-05
7.413905458416236108e-05
2.555383745071699913e-04
-3.660728081033230827e-04
-3.112185786574429673e-04
-3.211824525059018241e-04
-2.668031711355832165e-04
-1.152153094197824534e-04
1.541057004059842171e-04
1.261378109807529454e-04
-4.419512818726340094e-04
-5.474399423353170247e-04
-5.031012809991996506e-04
-4.516606829137109823e-04
-3.069809129067772369e-04
-3.561451365108886250e-04
-1.299670897185047720e-04
-4.878839073430751220e-04
1.689846853154085954e-04
-1.846933066608223207e-05
-2.398413108150614288e-04
3.298044251325216229e-05
-1.760185883213038452e-04
-3.460682574226274250e-04
-8.108018420264424863e-04
-5.353737298361184189e-04
-3.653748342702088669e-04
-5.974121072671159443e-04
-6.610569454345480676e-04
-2.545852025908110867e-04
-2.468583084830915835e-04
-6.926471149602193064e-04
-3.126146988688909391e-04
-4.603964894426287478e-04
-6.520900664621684774e-04
-1.427978874920968839e-04
-4.310477228020564836e-04
-5.095929605785468356e-04
-2.282515975517041701e-04
-2.018091315884985935e-04
-4.409053333280806399e-04
-6.340581921809299764e-04
-4.034896482294928551e-04
-4.251478754013042483e-04
-3.934158776275949870e-04
-5.375241238470413992e-04
-4.267347405189366003e-04
-4.421646545146264607e-04
-4.833657530906008710e-04
-3.990145299688572090e-04
-5.480132797513206054e-04
-4.452873005351280279e-04
-4.002557970059646662e-04
-6.084440531488040198e-04
-3.565489620695126943e-04
-5.823622734555220122e-04
-4.116967358972393283e-04
-2.980338996644307467e-04
-6.637249027351025754e-04
-4.761151569072967168e-04
-3.338656972144137826e-04
-4.731654229006341627e-04
-3.457950217071784050e-04
-4.982055580164343207e-04
-7.055028128653842651e-04
-6.564410517783647028e-04
-3.770006864838324552e-04
-5.079857454899655176e-04
-3.477499839115020847e-04
-6.625412518199088902e-04
-5.997264752721357447e-04
-8.156175895206536821e-04
-3.929495847198615811e-04
-4.424056803590806957e-04
-4.195896763524841074e-04
-4.352472909803527029e-04
-2.213648757505492441e-04
-1.210030375624805579e-04
-2.808786295127880649e-04
-4.216850122783432036e-04
-2.694971498929987276e-04
-3.041253861538435537e-05
-2.000326347127110989e-04
-4.274005031675674878e-04
-5.498905184620132662e-04
-4.755685160888255356e-04
-3.043706329397710578e-04
-4.457739965636712686e-04
-3.140525635870615624e-04
-1.145468768153682336e-04
-4.498200971658649532e-04
-3.839856490004373664e-04
-2.490325163371023029e-04
-2.903278006571621524e-04
-3.571051654145644010e-04
-2.042977185400598756e-04
-3.455121833149285256e-04
1.249609597718874228e-04
6.317806628344975473e-05
4.115020860932754309e-05
-1.066487732709369465e-04
-2.217066296984417811e-04
-1.182655020116133706e-04
-1.532935172989619509e-04
-1.127345836238244749e-04
-6.088644891805561734e-04
-4.529395720891367730e-04
-5.982255882857475619e-04
-9.405434133186690957e-05
-2.996477045825974520e-04
-1.771054763363881656e-05
-3.643817881565000727e-04
-2.986326655756764512e-04
-2.793385294194597294e-04
-2.864430863800968095e-04
-4.994008049542949471e-04
-2.455696267504496144e-04
-3.449275315283260998e-04
-1.992017293583725045e-04
-6.576315674504943547e-05
-5.533843583936433889e-05
8.979367457244186342e-05
-2.874842516213590169e-04
-2.613809001850753741e-04
-1.587796412436863025e-04
3.285233374796979943e-04
-1.548120005535820497e-04
-1.108187081549175676e-04
-4.899529736972909688e-04
-3.070490119367456396e-04
-9.481375460970953252e-05
-3.059273915379642685e-04
4.674924899071043749e-05
-2.255916623222080125e-04
-2.752294657304645465e-04
-3.278652525612019792e-04
-2.160101833042523789e-04
-2.676721970673562974e-04
1.064261123474171230e-04
7.669348082610738331e-05
1.181560850453939026e-04
7.815840910569015376e-05
-7.929169129925705249e-05
-6.615355436686992945e-05
-5.662412792617048949e-05
1.094296536738004574e-04
1.858788252631250607e-04
5.217112473507495895e-04
-1.612227505294435890e-04
8.718597917818811643e-05
-1.280604930380564168e-04
3.391135239698126239e-04
8.479192848618669347e-05
-1.104969722956221958e-04
2.060652547573161675e-04
2.086822945097075474e-04
2.192895206288998080e-04
-1.252145225477216297e-04
-6.985432637293264598e-06
6.093242553391492748e-06
2.819158387420962709e-04
1.231352291529013180e-04
7.386993438912066315e-06
1.801858366935743657e-04
8.737970930325553967e-05
-1.317811355397785695e-04
-3.777634416983850156e-05
-2.882523579269590311e-04
2.330872067625781548e-04
3.867633690670608583e-04
1.977896083723291033e-04
2.161324408753882091e-04
1.895422101651910861e-04
1.073657829587630494e-04
2.243426227202572915e-04
5.103968925410422514e-04
-8.003594668209648580e-05
1.359947286800161333e-04
2.913613302876997147e-04
4.410215017501880469e-04
-1.570410563890600232e-04
3.667540725159010046e-05
-3.434025312248290755e-06
-2.159681351396480374e-04
2.497051817535511561e-05
7.859711335402979606e-05
7.465392454766175512e-05
3.636418285156811344e-04
9.117246676856726611e-05
-2.598703838928122234e-04
4.022267400672258119e-05
2.163791425880133329e-04
-2.794017130236283169e-05
-6.991986872485389981e-05
-5.272019742700341245e-05
-6.608101745204627078e-05
-1.744801096511970271e-04
2.454875607800175450e-04
3.986134225234769539e-04
-3.036969527177436117e-05
-1.413182569107638805e-04
9.504433373379897161e-05
6.951141012783516849e-07
-5.222964046403256967e-04
-4.391933430308368031e-05
-3.252910926937784746e-05
-8.691201281288477010e-05
-1.300057021575476944e-04
-1.618115373358688198e-04
-1.471527998476936420e-04
1.274530579689105972e-04
-9.440766625048550582e-05
2.676664703505287160e-04
2.767235548681758607e-04
3.482798671221025866e-04
2.135789389499061827e-04
3.977555377328035051e-04
1.069322616548609982e-04
2.585532531232513794e-04
2.334348534067633629e-04
2.829738482618949190e-04
1.118587963858776933e-04
-6.967346663610644592e-05
-1.773460062235401489e-04
-6.058316287676915931e-05
1.249683900673787744e-04
-3.346546740844027015e-04
-2.024673184562420197e-04
-6.415748953022980445e-05
-1.476603541491529348e-04
-1.581228197619213101e-04
-1.820752757200264213e-04
-5.240144510768712230e-04
-4.137885280537731826e-04
-4.394986385866197533e-04
-5.532533586041321443e-04
-2.434201590815575486e-04
-1.349714860600886683e-04
1.617356072542512941e-05
-1.782654250772784047e-04
-3.461850245497469399e-04
2.832704970105621311e-05
-2.177113771562145064e-04
-2.117374659586150176e-04
-3.779886692760630641e-04
-1.148112155965037666e-04
-2.109443848052457648e-04
-6.589664951830363727e-04
-4.036887705180375319e-04
-6.790668382681720868e-04
-2.304382617740202309e-04
-6.097818056963213952e-04
8.884970787983285131e-05
-5.163744208438165008e-04
-4.082024165881010169e-04
-3.332118500338260205e-04
-2.907464930525919568e-04
-6.076702766983994777e-04
-2.967256083192271470e-04
-1.541837370987824665e-04
-2.181541257062517489e-04
-5.469563835011403757e-04
-2.054529503620213221e-04
-1.896220679682934231e-04
-1.174711258981979547e-04
-5.352539991681248854e-05
-4.787190926446990499e-04
-3.326639290970702986e-04
-4.235820505212911820e-04
-4.817198652307440668e-04
2.180298770799792241e-05
1.593026582089053896e-05
1.371130248455451498e-04
-1.642677691489214786e-04
-1.883919315167106021e-04
-1.934455951832937518e-04
7.258793217546648431e-05
-2.365096119812727681e-04
-3.700471033677541649e-04
-2.850315455773358474e-04
-2.480411283274729485e-04
1.091256717371918273e-04
-1.044436180173388321e-04
-2.682575978736506965e-04
-3.683970798014040544e-04
-1.887230142401969822e-04
-1.815029792465173411e-04
-8.169057467564977155e-05
4.020613777510199699e-04
2.286216425813412511e-06
2.096068220202762684e-04
1.721163755304460307e-04
-1.625339153238250598e-04
-6.461032318970616429e-05
-4.392300215353284464e-05
-7.312007389051137639e-05
-1.737543070258291077e-04
-1.535695341556090601e-04
-6.023310582717073414e-05
1.364201672823545791e-05
2.859269315663729100e-04
-1.232950695414302225e-05
9.870978944734230224e-05
-1.790410053798787619e-04
1.360713885224115955e-04
1.826577428428207263e-04
1.649139874764669271e-05
-2.025928556674364293e-04
-2.736112692759793286e-04
1.336009021007425164e-04
2.338693186470583581e-04
-1.375976675968363641e-04
-1.476675131750166217e-04
-1.487513901702733137e-04
-9.156244511895252221e-05
-4.496324101370643869e-05
6.064550998284115352e-05
-2.048808765205463065e-04
9.323211992582436196e-05
3.784649422574598424e-06
1.755125287731139274e-04
-7.345439192726189006e-05
5.903992840790472018e-04
6.046099618026959562e-04
1.680738701119450617e-04
1.604346092927589219e-04
4.744016421509641306e-04
-1.725768457206381832e-04
-1.354577091683010560e-04
3.837998682050195853e-04
-4.391440995054279135e-05
4.592694550006093434e-04
1.486905715907440163e-04
1.018082716997030583e-04
-6.487540417908675629e-05
6.783211165763774976e-05
2.725320858406859309e-04
1.565376000050342593e-04
1.111812846691479461e-04
7.627566603217079163e-05
-2.264741224123496867e-05
3.806574294706985447e-04
5.762465518386555938e-04
2.384197083090341149e-04
2.508102160520283381e-04
1.954863604059320728e-04
8.867409104092055538e-05
3.812375253363294871e-04
6.045508091941205952e-04
6.897566171347219340e-04
1.924767062722402818e-05
5.235763327760447738e-04
3.599177207788154475e-04
2.950816501380377956e-04
2.050442429451550795e-04
-1.307720861506346684e-04
3.615680887113854511e-04
-2.305131147215853742e-04
2.739086244424931635e-04
2.191925644602915212e-04
1.325874066450645955e-05
3.887670958993830932e-04
1.359800351480702546e-04
3.789943578524226724e-04
4.948321546235000474e-04
1.240399282519914629e-04
7.628648130326324628e-04
4.700146601879347458e-04
5.482647761899711505e-04
6.336709266690579174e-04
7.475377000327109930e-04
5.953370049140473954e-04
6.116469586109257511e-04
5.659510843019468010e-04
7.136694323334505071e-04
2.260773378614282442e-04
5.966094646474372860e-04
9.448632978632909405e-05
-8.087576395015716338e-05
3.095513516642096658e-04
4.059359106388984442e-04
4.758199996274889041e-04
4.023617165876429620e-04
1.980258950644467699e-04
3.678287960001661201e-04
5.235246724866486536e-04
3.421131047956371294e-04
1.523945565901176416e-04
1.926593922082116815e-04
6.234335699875179649e-04
1.066054813953218257e-04
4.309938648127938175e-04
5.886880302993717073e-04
6.783391212232589952e-04
6.764006471628279541e-04
1.776406048029873278e-04
1.497012224859427774e-04
4.242436573347664630e-04
3.846251798418314069e-04
3.442399204705786460e-04
1.553522155335563068e-05
3.020547084307602945e-04
2.765257444028907416e-04
4.661527631647551916e-04
4.051916217875297798e-04
3.836698465394669457e-04
5.846829997938198875e-04
4.046164731415196193e-04
6.022154961188833002e-04
4.370757664419403356e-04
2.572813683535234023e-04
2.058265512073529182e-04
1.349614626593239491e-04
1.803716418759956312e-04
2.709987217863827746e-04
3.593940530778244927e-04
4.771300024364188855e-04
3.252088700184475921e-04
3.955155054786539800e-04
7.690495423416819284e-04
4.584351193433556029e-04
4.480300618544938353e-04
5.253093378814357832e-04
1.946399567836750518e-04
4.869062693367268071e-04
2.642448786722184401e-04
4.683887168190032182e-04
-3.693296893054262288e-05
-2.295241866333109582e-04
1.005816845287540518e-05
1.202638253182299196e-04
-3.527741195325177889e-05
1.003077679603912430e-04
3.431593584496496268e-04
2.108141845335650012e-04
2.241981657311901483e-05
1.521695496010066589e-05
2.347548592803098250e-05
1.080868623232627038e-04
-3.564416892889177573e-05
-9.254164306998829894e-06
3.120753493851528447e-04
6.021355594084751707e-06
4.337855231325353457e-04
3.506861547707544363e-04
2.803242186857384985e-04
3.759864838433135334e-04
-8.661890971085095038e-06
-1.691656777156094456e-04
2.977938771077754884e-04
-3.736208517004311193e-04
2.629275200891344503e-04
1.327493338863894963e-04
-1.023094237349003570e-06
3.199454680948470909e-04
-8.334758666266170110e-05
9.699264820998748562e-05
-9.942171157519463700e-05
2.276386552045206755e-05
-1.611864299553986070e-04
2.538324606888111060e-04
2.384108334294293544e-04
-3.308601086403584147e-04
-2.151651535479802294e-05
-1.788368382429713255e-04
-1.721866642792322960e-04
1.405706324143313700e-04
-1.633314552585393481e-04
1.845268957488466123e-04
3.235463854917111523e-05
-4.181067986564398760e-04
-2.257613455308485036e-04
4.706811757037652057e-04
-1.079579976479465780e-04
4.306962411596803849e-04
3.936770469443501459e-04
3.284909539564124202e-04
2.918026402462469381e-04
1.386753970301070294e-04
-3.233137477714228251e-05
-2.151563869493070534e-04
4.201295347192780675e-04
2.021487133081929246e-04
-1.241174154460834367e-04
2.015008182874910897e-04
3.505713090359141294e-05
7.914538421692329372e-05
6.648700237328093602e-05
-1.144222269418696035e-04
3.897003757934079334e-04
-4.160320778486113638e-05
1.598086390393647178e-04
2.459002006661488047e-04
2.985339677405017978e-06
1.982954083306794611e-04
3.121437100676885358e-04
1.343166290780861921e-04
1.131000282728821346e-04
8.122542314034609471e-06
4.141409474218993043e-04
5.235597342677736512e-05
3.688799090796479477e-04
2.841401784472007011e-04
1.889703374578229718e-04
-2.847849195883225392e-05
2.162917333163649812e-04
2.687194762718983845e-04
2.388080304198205741e-04
3.108569276525471512e-04
4.207072022151763890e-04
3.453125033189714246e-04
1.901517317578211154e-04
1.009965237846516988e-04
3.193147320011180445e-04
1.289163297680169539e-04
3.441923784656523728e-04
2.285588719329554599e-04
2.335755227842671827e-04
3.234425989283158079e-04
3.083961453260720379e-04
6.330015320852237608e-04
6.254258811109062247e-04
7.187255964314660924e-04
1.026464854932245674e-04
4.961558832022766900e-04
7.616768358819625811e-04
3.485374230273899192e-04
4.493807730514565993e-04
3.681732063674084728e-04
5.834337614871228789e-04
2.247269412587278234e-04
5.505034519381901432e-04
7.152493315665405492e-06
2.565857194174904076e-04
1.510643502045812248e-04
1.826396534616145015e-04
1.390024939745242031e-04
4.547332408729651537e-04
3.428931305181673848e-04
5.461815978352972927e-04
4.639695094919794242e-04
7.928509605377823425e-04
2.338010415439289481e-04
2.128713016090952857e-04
4.060003779003542408e-04
3.761760069502241262e-04
6.016575982937223070e-04
7.987937798943846486e-04
3.095756778024297729e-04
7.557885855424575873e-04
7.490314242310422681e-04
7.683307334781688380e-04
5.156210598531393331e-04
2.973947179990053900e-04
5.601018872180519789e-04
7.242645990232657403e-04
4.755587300977430075e-04
6.172940560955198332e-04
3.651307769387250211e-04
2.977089515226679934e-04
2.368261608676334898e-04
1.392556509757655826e-04
6.005641742921749224e-04
1.229057511550499205e-04
3.353125606281107118e-04
5.596875099342186674e-04
5.308398123695996134e-04
6.338782112564017406e-04
3.398521242323190102e-04
7.479181667652734424e-04
8.550248586674072697e-04
8.310585865066292578e-04
9.106985675071891783e-04
3.882277609973712332e-04
5.426103740634544842e-04
5.151480287294249753e-04
5.456991483658635072e-04
4.762163528164977061e-04
5.421954981220271147e-04
4.143933589958178699e-04
4.813908989083024456e-04
6.579448680198015861e-04
1.333285186247003902e-04
2.677555145643970599e-04
4.884457856993190857e-04
4.602398562525815699e-04
6.367452291731259817e-04
5.375970908769030178e-04
7.162642282955238547e-04
2.124951382444784369e-04
6.893126554221116337e-04
8.017384747508078668e-04
4.248747573646295597e-04
4.700672352673092259e-04
6.440953259682133782e-04
1.631707445257276072e-04
7.968088405844236596e-04
7.037863715080073818e-04
5.306050267093620097e-04
7.513838225240940813e-04
7.083273191119432736e-04
7.632127629696757029e-04
3.017618527006331384e-04
3.291863574468446678e-04
5.755168342192462910e-04
2.005014732914246712e-04
3.856775970186901957e-04
5.905473912016066676e-04
5.050280681803380337e-04
7.063033166007183289e-04
5.650841490819325484e-04
1.636044445296735430e-04
3.050427043521626385e-04
3.712452302222020613e-04
6.954115884652266886e-04
1.527030657805956157e-04
3.583951910707530372e-04
3.253738890454237632e-04
6.178418440039837225e-04
5.609394064908494347e-04
6.804543540436075151e-04
7.216514218562404982e-04
6.562081886093372712e-04
3.499301353017243927e-04
3.880064907403080752e-04
5.236291242716185597e-04
4.070206412944420453e-04
5.033011211173846200e-04
6.086234937527965462e-04
3.088104906805642881e-04
4.076714520277759622e-04
4.226437939607391664e-04
1.427290062003997264e-04
3.176619994615198462e-04
1.362138310795252044e-04
2.023070015820245364e-05
4.028773039076845525e-04
5.071470329360916809e-04
5.270481596352323463e-04
4.290814596230843234e-04
1.700110045043504744e-04
5.686578330649522811e-04
4.790590009871874321e-04
3.921122591768435770e-04
5.365042409719162882e-04
1.642856691468285401e-05
1.906873900600540388e-04
4.573493624768577891e-04
4.430206737601877616e-05
5.917246210871360821e-05
2.085153495268592973e-04
9.732439103129522618e-05
-1.085701089719380124e-04
-1.267856073507414496e-04
1.184649145293646411e-04
1.750260118246246138e-04
3.188109094253520738e-04
1.788876514605949658e-04
4.704862472217737139e-05
2.544835119713241502e-05
3.325342489861313525e-07
-2.843919400224381938e-04
4.593958246535743517e-04
1.333952564770346034e-05
5.288364022547277672e-05
-3.866291098521767132e-05
1.318234779214239678e-04
4.196386954400594988e-04
3.643581142985319126e-04
3.209309657475492919e-04
2.735560864619376474e-04
6.411648038464891038e-05
4.471256612109447606e-04
1.619280637418239245e-04
4.008467561643503773e-04
-1.622727595574344396e-05
1.705290701900755873e-04
-1.430744523193322232e-04
2.245987037700086260e-05
4.028817084400851400e-04
3.649066078069761014e-04
9.237552320658291263e-05
2.609199388066164036e-05
4.135700541652134786e-04
-1.252499200471918271e-04
2.547436625464688975e-04
5.429896126030281617e-05
9.793068085304335686e-05
-3.987982078692208046e-05
1.976102909094547288e-04
-1.377913681931055710e-04
2.610091807422960019e-04
3.142585479195305872e-04
2.853248338634954456e-04
2.934049565849200384e-04
1.665129727286351153e-04
2.460460322800773559e-04
5.376881089203774163e-04
4.562934642992092448e-04
2.796770903168765759e-04
3.217748677676253205e-04
8.324643853983176335e-04
-8.481609956529403407e-05
2.874569425090680317e-04
-2.145598360607843620e-05
-1.730640505861616787e-04
4.945632520907804891e-04
1.116414677954846648e-04
-6.207616814551765775e-05
-1.413975569942850605e-04
-1.389471785784893675e-04
3.910895165257939339e-04
5.128155481329990748e-04
2.370780676958171010e-04
2.488868755031153467e-04
7.526180569274934366e-06
7.060707012531872943e-04
6.856964388890988537e-04
3.172840655720734126e-04
7.301325243755423184e-04
4.188286745256591731e-04
2.641978926655476866e-04
1.016220307218913908e-03
5.100368915873727859e-05
1.035398464258207489e-03
4.139455339403410325e-04
2.617904914975047225e-04
3.013879552606433935e-04
7.513565441504264399e-04
2.538146675574006264e-04
3.286010544768644057e-04
4.990504404579316437e-04
1.936932549380712947e-04
3.020054313275501666e-04
5.594545899383354063e-04
4.042862863650291405e-04
5.872284990619063526e-04
1.696440847205971732e-04
2.453273925697684586e-04
3.546848957691150464e-04
2.713844038942611918e-04
6.364631813839332448e-04
2.136572326692057515e-04
5.598275139085552967e-04
1.065682776544035325e-03
3.723104580315742484e-04
3.527658038128019110e-04
6.927005478675979464e-04
1.807779481418447342e-04
1.152693598801005949e-03
2.734233169811007245e-04
8.826918221875279221e-04
3.970870883427585251e-04
2.594103100454382281e-04
3.682300864624329061e-04
2.825545330476545922e-04
6.460279150999179067e-04
6.530921357964531576e-04
2.307912397737883823e-04
5.373599743025633813e-04
5.865798238215838090e-04
1.114457414107786242e-04
3.335417713789362278e-04
5.161405466112288292e-04
4.257688330406046847e-04
5.398003787800716548e-04
6.704373612354757412e-04
7.432773788878547713e-04
7.152884489517759422e-04
6.316917797229576210e-04
4.315260416207834814e-04
4.883621462135509213e-04
1.229262807675320134e-03
5.072213438201861628e-04
7.372333476274836638e-04
3.590085369411003219e-04
5.545672486126332519e-04
1.811905013433675010e-04
5.224017909990335542e-04
3.179500246017598146e-04
2.148852558578043985e-04
7.203016330659634892e-04
5.808899189649304254e-04
2.951310029699400666e-04
3.212999555436533050e-04
7.843683843479869449e-04
4.878513124023856735e-04
7.798942602215009744e-04
4.470256551526082542e-04
4.748997585333103628e-04
1.402088917792933243e-04
1.010170348770623181e-03
5.012945063316975999e-04
6.347093878515219605e-04
1.112554050756832738e-03
5.500713043127269941e-04
6.548879706606202875e-04
7.163038362208121613e-04
8.364431402661296855e-05
9.449411018920450718e-04
4.853477851368064944e-04
4.287874425192754273e-04
5.362999035066714527e-04
4.198076157517976548e-04
4.771579834197650812e-04
3.574639375268873708e-04
8.116201118095937948e-04
2.113986630558347226e-04
6.664047008336716933e-04
1.600336791092383170e-04
6.017811109180583925e-04
5.874649579695927562e-04
5.756149713563113663e-04
2.004634514191042539e-04
5.968451237090006533e-04
6.824055824756127420e-04
1.002278510367251175e-03
5.313391989790171039e-04
7.956185873787347332e-04
1.016225319463203661e-03
5.679832096697529000e-04
6.515606534595295724e-04
4.089779751832810890e-05
5.382055513434156257e-04
9.977793822997424976e-04
2.332877374207844879e-05
7.475244512212832725e-04
2.264200193159306271e-04
5.858620979610626651e-05
1.154083233106007481e-04
9.698150162328166154e-05
2.040167574302986634e-04
1.544360489046387309e-04
1.327570780849338669e-04
1.962662119919098198e-04
4.314923630532134231e-04
1.160665583254743915e-05
5.192434771314755667e-04
4.491389094136839203e-05
4.598440753142953247e-04
1.796957171424914750e-04
4.821340512740708746e-04
4.086533649330222019e-04
1.992409613214080532e-04
6.792581102341608505e-04
3.449693229860203449e-04
5.521622637774908741e-04
1.306453251125133067e-05
-2.326390277400730219e-04
6.522864758669843761e-05
3.086725719541972895e-04
7.432608964397515133e-05
1.392912370096526724e-04
-7.490317612193365796e-06
-2.061518760813523866e-04
1.286609726433002158e-05
2.175656574709901889e-04
-2.459603562257620465e-05
1.282953161398305724e-04
9.129537299646020142e-05
2.389189270613763607e-04
2.876315072204154062e-04
-7.831724250585689654e-05
1.328482717319313619e-04
-1.957059315924357726e-04
-1.561463304311921387e-04
2.349300686051449503e-04
2.596136916274315780e-05
-1.096616592194752239e-04
3.111087706049993438e-04
2.844133392714096476e-04
4.438315214456430664e-04
1.968301473410352036e-04
6.701733049409110458e-05
7.097401532061706415e-05
1.252068274531037775e-04
-1.029228684466043447e-04
-1.291621306528172269e-05
2.329364078352039158e-04
4.945518376758953122e-05
-1.956648815892416196e-04
-4.457459048426512543e-05
2.941588904528487564e-05
-1.850322171176041280e-04
-5.074915390466561447e-05
-2.293972979739874161e-04
-1.052977659699284266e-04
2.824561563555914455e-04
7.174426108490113130e-05
6.794592716651343318e-05
1.503179092561702113e-04
5.242153614586891192e-04
-5.111784692093342727e-05
7.072614719336817125e-06
2.089919690243277443e-04
3.678848945556514269e-05
1.010277690942172743e-04
2.020442213935730899e-04
1.243603698209063834e-04
4.710711934442270436e-04
1.512083988599002469e-04
4.322028985112979908e-04
2.987198361364146876e-04
2.947105025903790933e-04
-9.613686724856014543e-06
1.016475869171250599e-04
3.948116873641646218e-04
6.927725111475111180e-05
2.941544371730927870e-04
-2.318043906265330852e-05
1.011087420534201976e-04
-6.873739382669905170e-05
1.811149189558151039e-04
1.077413186659290366e-04
8.590759730471187882e-05
2.662410265068966271e-04
1.708253778843848807e-04
3.109684438561506809e-04
2.465925515965002057e-04
2.936944703436362688e-04
5.201103404011806104e-04
3.739811276946827454e-04
5.749960604808944170e-04
4.265796002025294513e-04
3.892601788137961235e-04
1.722767662716367346e-04
7.659479086732512302e-04
1.441503693671223718e-04
2.255277048525940946e-04
2.600922475774428296e-04
3.282677658764243797e-04
8.197573245888246278e-04
2.755151086651255569e-04
5.164248213087568179e-04
3.465290922428262131e-04
4.351788774447049881e-04
6.852870616208867516e-05
3.922915308188179529e-04
7.198525150543413724e-05
3.102947424287019252e-04
5.091694556935875363e-04
9.007096346523400928e-04
2.684426834620690875e-04
5.873323140212753255e-04
8.448668145781693464e-04
2.990362544712201658e-04
2.746046387474093643e-04
5.537278609375476590e-04
5.001206687293691371e-04
7.350782076180356226e-04
2.109924495379702320e-04
5.326809607707263259e-04
1.635773227181543739e-04
4.546645652783955129e-04
1.977535250739682481e-04
1.619900005683843551e-04
5.361481144493237877e-04
1.966767076928475867e-04
3.070663751688809781e-04
1.774342673487295488e-04
8.457810052535198807e-05
2.815647415558927987e-04
4.535131044806755283e-04
3.054146005158039131e-04
4.800587554704044998e-04
1.080210610410891226e-04
3.363177743935578902e-04
7.372803571120832740e-04
3.548081890288379064e-04
1.026293686937502277e-03
3.886115785015834120e-04
5.297319042739730578e-04
4.737903488188809271e-04
3.259041057173807745e-05
4.443232134608185143e-04
3.022118851744524915e-04
6.682015835081489118e-04
5.772555697514182875e-04
1.888673940264010858e-04
3.341098541639239672e-04
9.426959759882205933e-06
8.478567250567767928e-04
2.079309097922289902e-04
6.597080310975428959e-04
3.144028010276412200e-04
1.377931718257370563e-04
1.524817642940341544e-05
3.073073469740834071e-04
1.453580530017016060e-04
2.351594574014814260e-05
-6.889132042053498230e-05
7.865862371244669062e-04
4.207450953997911324e-04
5.524103488242075068e-04
9.276200804982036828e-04
4.740333037212584363e-04
3.986259216526084523e-04
7.884998205044703706e-04
3.502317955248649512e-04
6.446183092337502739e-04
4.805939806808877585e-04
6.419469096945116778e-04
-8.115224112930818272e-05
4.979741660297429999e-04
1.847712543736639750e-04
4.110501069271443202e-04
4.281128869425034067e-04
1.022133120235764697e-04
5.319972165513037128e-05
-1.566811135155868632e-04
2.911276092113820445e-04
-1.596440276971638355e-04
3.191790409834350173e-04
4.286279304639583785e-04
-2.352183868544786643e-06
4.677900859063843743e-04
3.084587275862736805e-04
6.600492282433244231e-04
3.111552813464660608e-04
4.665197886316310109e-04
2.325725969137643566e-04
4.835860382042971896e-04
5.253515834254714190e-04
-8.511712046660261375e-06
2.664012694643492574e-04
-2.646487699780549797e-04
9.566983517525166480e-05
-4.055372263835207384e-05
3.833488955030650558e-05
2.251743692187839875e-04
1.779005839030695731e-05
2.681327614472702814e-04
-1.396794503660877141e-04
3.042702124574632287e-04
2.533205448371066582e-04
2.820834847220824349e-04
1.222368998342362166e-05
1.958322952839340820e-06
2.639973386700360529e-04
2.013012410765145481e-05
-5.799342847318766746e-05
1.580648958299894226e-04
7.175818529012810269e-05
4.260116104130764331e-04
8.013210090032720802e-05
-4.285681047927059463e-05
-3.757412094315903489e-05
2.108699393223077917e-04
-2.571956152551603428e-04
-1.521481671697744772e-05
-5.108329914635772171e-05
-1.333894715569528076e-04
9.880385114712407697e-05
-1.193212114101907095e-04
-2.889279416419611489e-04
-4.729595126477101536e-05
1.849774047664260661e-04
5.991416830408106948e-05
-6.786670500895948652e-05
-1.022429155406678024e-05
-3.075084696045238979e-04
-2.363561347151502882e-04
-2.978422503759738452e-04
1.566897013610208593e-04
-9.837726744121085692e-05
7.418256752968435566e-05
4.886439858763402041e-05
1.448039583358786873e-05
6.169106214726941624e-05
3.392958353621473042e-05
-1.721334667249544066e-04
-1.101693125171827002e-04
-5.867014854322529264e-05
-3.786113933335934494e-04
-1.409531053809323642e-04
7.402530745805257172e-06
4.703500852976681066e-05
-6.579987524719424464e-05
-3.973653764008126463e-04
-4.594159947761515539e-04
-1.328909755491015530e-04
1.951055669817837034e-04
6.180138748090147722e-05
-2.264205690155303495e-04
-5.880037509693549261e-05
-6.641466724386014446e-05
4.637944122997514129e-05
-1.973402414116383786e-04
-3.815771128818192578e-05
-1.972914635616447913e-04
-2.985498429478246102e-04
-2.933023917881507009e-04
-1.222595906664341084e-04
-1.769165740841942161e-04
2.367486819292869278e-05
-4.982428968000320670e-05
-2.550931090784145597e-04
3.090643708822654449e-04
-3.558055710803229498e-04
2.615440563146448436e-04
-4.237802100197719845e-04
2.677739210551083890e-04
7.578069550790744768e-05
-6.176221946969200885e-05
1.627900252175968146e-05
2.145169648657873555e-04
1.773993417573779721e-04
7.017198882257219311e-05
9.943136733902417938e-05
-5.715872368143953245e-05
-3.694359684620990790e-05
-1.896610314796815856e-04
-1.803695583552536008e-04
-5.524091476216561264e-05
-6.899084918339297120e-06
-3.517598474301038367e-04
-1.153695207259164196e-04
1.799316859993707347e-05
-2.080316512891250489e-04
-1.580974791651660558e-05
-3.600023658990226692e-04
-1.715181413128912322e-05
2.376947943601971321e-04
-4.345877507852596779e-05
-8.606950602126425690e-05
2.939159916053596259e-04
3.177961036908732344e-04
3.672358475602528738e-04
-3.557237342722806826e-06
-5.169725933058621050e-05
-1.232996047349894334e-04
3.342462226385795672e-04
-4.734510104379240075e-05
4.285120464069035271e-04
-6.382168524669555218e-07
9.630709508074886843e-05
-2.991673348184950088e-04
3.586355509085769472e-04
1.954592791754485330e-04
-2.327463791019097669e-05
-9.617434275323157673e-05
3.638281936534739670e-04
-9.696816421722805632e-06
-4.520705129318421421e-05
2.521505656304771112e-04
3.280236112738040894e-05
2.983896085236681741e-04
6.400741675492465288e-04
7.295414251300190792e-05
3.204695328257652640e-04
3.912229317550018918e-05
5.402041725988739615e-06
-5.844105777468116246e-05
2.306074988335187858e-04
-5.195836929063327907e-04
2.271418803246988383e-04
-8.886384348663921079e-05
-3.195625912190821284e-05
5.133510343936309537e-05
-1.234845087437536255e-04
2.784887836864971739e-04
1.691713367206483499e-04
-3.193079298625165591e-05
-1.847382173002264701e-05
1.833316706381569702e-04
3.324936290132865556e-04
-7.352008368116617746e-05
1.323444384660628337e-04
-7.278736604212122127e-05
2.172904592333508114e-04
1.388981680112079029e-04
3.495678957101597522e-04
3.214101760167752120e-04
5.688194602074275351e-05
1.878351691035919893e-04
1.589886236333228693e-04
2.315071174569757230e-04
-5.494675156615299314e-05
-4.935165731963659643e-04
-1.746039171020712685e-04
7.756258436657482395e-05
2.978401861632563137e-04
-9.781127608879474592e-05
2.468515000590339745e-04
-6.358064138475221872e-05
-5.992819820415327123e-05
-2.594169902778545073e-04
-3.920389067351044698e-05
5.528851603266998630e-04
-3.205252677856587173e-04
-7.269638784752732502e-05
1.496739868290828204e-04
1.782846791380235038e-04
2.435077918794077885e-04
1.909577019954924787e-04
-3.194667019836991092e-04
-1.301642125434246964e-04
-1.698743288238549519e-04
-4.762617885247010050e-04
3.318276124761140216e-04
-3.900260351997935694e-04
1.523594601373186243e-04
1.188490344840695305e-04
-4.594982494275264820e-05
-1.373216885858283937e-04
2.710565210757560450e-04
-2.438966993411982977e-04
-1.031861455523746618e-04
4.337926871545712097e-04
1.106001591657080301e-04
-3.408352467139836732e-05
1.102417468158249783e-04
1.215014477104662085e-04
-1.615450357188057335e-04
1.573627736920773395e-04
-1.973287964290644948e-04
-2.133894939116465802e-04
-1.336604447387240019e-04
-2.278558635026815826e-04
1.120508535337911166e-04
3.285683754132089583e-06
1.927816633110625126e-05
-2.037798226456370509e-05
-2.069380957068886115e-04
-2.493906725435712855e-04
-9.032997229626377395e-05
-1.594063900911466794e-04
-3.593332193044901867e-04
-1.843187393873299193e-04
-5.101651981473984783e-04
-5.096592318447071496e-04
-1.525397136291767590e-04
-4.581971143435458393e-04
-2.748303490905160389e-04
-2.849860141797769665e-04
-1.318631715371402266e-04
-3.513468359157113723e-04
-3.614530819355720663e-04
2.306033643559193109e-04
7.078024025536749073e-05
-1.724249720923161627e-04
-5.029617886132841834e-05
2.910797030400793552e-05
-2.580826673290397718e-05
3.521352211770918889e-04
-3.430630718050700872e-04
-3.967068453468654580e-04
-5.289203107116908576e-04
-2.385608833487182212e-04
2.736797523989474465e-06
-2.816752539428181651e-04
1.304121115067323391e-04
-2.087612153539428108e-04
-6.893317016406709692e-04
-4.901057869812317121e-04
-2.010034900541320124e-04
-1.167225710659050927e-04
-5.362332524084774746e-05
1.165102675627898029e-04
-5.964948218805987733e-04
-4.096174686495652052e-05
-4.606256038921266146e-04
2.169618547124864676e-05
-3.652220614385747214e-04
-6.349306758479374233e-04
-5.195034345106298856e-04
-1.132016312273239939e-04
-9.098502642861661647e-05
-1.777707337039255507e-04
-2.538187593225602339e-04
-1.989575157948155360e-04
-2.159794919543064613e-04
-3.667579517095419564e-04
-1.096030995695515385e-04
-7.169147168250134103e-05
-2.968006829256378113e-04
-8.195377093933486532e-05
-3.576019106147651592e-04
3.595504664349520889e-05
-2.760388139826687459e-04
-2.482449359040245305e-04
-3.451562951796041754e-04
-5.201974397662432982e-04
5.056787766311964248e-06
-3.547204248191995583e-04
-5.474080593927896105e-04
-6.131525216426705199e-04
-5.512915224186850575e-05
-5.566124865335904642e-05
-2.650755359872588950e-04
1.789071167530536022e-05
3.883339953828463751e-05
-2.698874032117512187e-04
2.085552335946450628e-05
-9.167798394551996061e-05
-4.038796521432030462e-04
-3.872185401666765705e-05
1.333421948487796332e-04
-4.909929575586227711e-04
-9.647043703435595962e-05
-1.449112212075864641e-04
-2.240481907086860599e-04
-2.332167790840930944e-04
-4.043842130709034057e-04
-6.035512443790644246e-04
-4.476501375950490275e-04
-1.629358622577871006e-05
-3.249422718262932929e-04
-2.795714011139632761e-04
-3.068075109903303224e-04
-1.422561606211484903e-05
-2.599668557816563522e-04
-2.360112740019614473e-04
-3.874155288524374859e-04
-3.389457813851647441e-04
-2.274596221613191054e-04
-1.002312007064545178e-04
1.026602521716352405e-04
-7.266544813937151454e-05
1.355237376362500377e-04
-1.618451558267803187e-05
-3.499258512829521786e-04
-1.082421287126957189e-05
-2.289526615209682250e-04
-2.082275767876040715e-04
-1.290931681377089886e-04
-7.760682605281207889e-05
6.224054078921489592e-05
5.601010885031531124e-05
-2.532063892841091403e-04
-2.157548832936675325e-04
-1.778325841181812878e-04
2.011205720978634663e-06
-2.993793029955368716e-04
-3.914388864903320170e-04
8.455918759735187940e-05
-2.681966312015654670e-04
-3.967838470942200852e-05
1.656422639028781989e-04
-4.000494632651778785e-04
-3.820420131886545674e-05
4.101867228990178064e-05
-2.776485324218831610e-05
2.142508309717872875e-04
2.620113289893072415e-04
5.531717671172125053e-05
-2.385592119035814915e-04
1.987314820113195624e-04
-2.873366752168160141e-04
1.045725253556283453e-04
-3.547250482943581666e-04
2.505297014699969836e-05
-3.497102415988126629e-04
5.301222318733013526e-05
-2.275747896481454286e-04
-4.165814174850582306e-05
1.027097679114727814e-04
-2.146555041541705700e-04
-1.455684110265238783e-04
2.184010596967443586e-04
-2.345981412097244208e-04
-3.216219738846247617e-04
-1.647119158012754739e-04
-7.634475509211050112e-05
1.297141571589732387e-04
6.158219513747676874e-05
1.874948304235609341e-04
5.873270673463319036e-05
-1.541866337589933140e-04
3.792702175534351386e-04
-1.933580031666356288e-04
-2.874160225023870800e-04
-1.358233247989081504e-04
-3.491477096336641781e-04
2.935741101110187780e-04
-1.505008225175041652e-04
1.944031750509105907e-04
-4.926521882113209914e-06
-1.214485037612573793e-04
-5.513482382065339595e-05
-2.685166226171323322e-04
-1.264481829338505285e-04
-4.012422421622235469e-05
-6.042066377575461094e-05
-3.776019295842047833e-04
1.735818285210687995e-04
-1.131463036534678527e-04
2.278981438709968275e-05
7.914537778650677815e-05
-3.637363785934505096e-04
-3.837054224209745287e-04
2.831145730437402267e-04
-1.713126170609491198e-04
2.606016913642442362e-04
-8.778875160360924575e-06
-4.061676046561853534e-05
1.485666105523235836e-04
1.908546565525793789e-04
-7.080916903700568512e-05
-2.350265306153583966e-04
-5.137965602711137489e-04
-4.283060735875690372e-05
3.294406695279351719e-05
-4.720217649475753202e-04
-6.300893122856909227e-04
-2.983174663645248893e-04
1.029634784139492137e-04
-3.077101932124618648e-04
-3.538074664339710325e-05
-3.178722467621668203e-04
1.458916549235505752e-04
-4.738075109948705751e-04
-1.437216690828559617e-04
-1.825133213880077111e-04
-8.924577761789646987e-05
-1.820313940381564121e-04
4.559276552314214348e-05
-5.689257130633543398e-06
1.665802142833946249e-04
4.206330774334109839e-04
-5.260750315905378236e-05
-2.715298123914900797e-04
4.992105295561298354e-05
-4.946353769948446267e-04
-3.982088226051026802e-04
-2.618089406970382617e-04
-1.007817677874401350e-04
-3.118789908169530313e-04
-3.425334647111457666e-04
-3.785034964874157731e-04
-3.505552368519603067e-04
-3.675563143105562086e-04
-4.202718262359540595e-04
-3.127406991320609911e-04
-2.464854703438306783e-04
-3.742518918024635331e-05
-5.135681396088961122e-04
-1.966492573795454316e-04
2.199472830607296137e-05
-6.435544517157663121e-04
-3.489811627749357268e-04
-5.772959841018835553e-04
-3.086543825336575311e-04
-3.264177624558593695e-04
2.509218811533861694e-05
-3.806008729136154496e-04
-1.264394835510068531e-04
-3.232004013832326904e-04
-5.170558269483761923e-04
8.182553909759846791e-05
-5.533874387118164605e-04
-3.152310439063845142e-04
-1.638382397253939130e-04
-3.512227285862044358e-04
-3.955420897934326468e-04
-3.734631204945783843e-04
-2.802136318401475534e-04
-2.699760079177330975e-04
-1.552256531530531191e-04
-4.562430262574453305e-04
-2.771770832732110054e-04
-5.434552748756760199e-04
-3.473856856443753908e-04
-3.372496920661660624e-04
-1.906052212319515090e-04
-1.834886614344025449e-04
-1.610773553638096707e-04
-3.371967900923611124e-04
-4.569413083237358880e-04
-4.066249887048478803e-04
-2.837767817656402483e-04
-8.080279224395474152e-05
-4.527554827075220167e+00
-4.528496340993395819e+00
-4.527171198662596652e+00
-4.528596929344134381e+00
-4.527895883887114614e+00
-4.528238093911725493e+00
-4.528273504987724074e+00
-4.528034195638503512e+00
-4.527931055654100589e+00
-4.528474638594468971e+00
-4.527939325257333003e+00
-4.527692752880298599e+00
-4.528070499063190368e+00
-4.528159339255110716e+00
-4.527962569418767735e+00
-4.528445815591756407e+00
-4.528032772435336639e+00
-4.528341070507148736e+00
-4.528086711572806955e+00
-4.527751700018167291e+00
-4.527782134718641771e+00
-4.527671481539184306e+00
-4.527583697075092672e+00
-4.527482323286789345e+00
-4.528343952314038745e+00
-6.792275833074805369e-02
-6.864157418435044844e-02
-5.726242420658499144e-02
-7.233684251751622274e-02
-9.186630935688062938e-02
-7.260814570055902639e-02
-6.752993570474061236e-02
-7.982854026943567161e-02
-6.252311650448540148e-02
-8.010067419119523691e-02
-6.985143208981833829e-02
-7.778849536038777435e-02
-8.988078304985880340e-02
-7.801316203588687381e-02
-8.138027611978254638e-02
-7.824158047101886782e-02
-6.291004780627067194e-02
-7.953672165802298799e-02
-7.639576404991535452e-02
-8.695523356473428001e-02
-9.340392925762476539e-02
-7.883836236469163317e-02
-8.738073072104551864e-02
-7.857405804400688365e-02
-7.191353733073124754e-02
-8.716808096144439133e-02
-8.512589642042318883e-02
-8.888082285196320653e-02
-9.261481904997531656e-02
-8.301330629168456043e-02
-8.937440691812327531e-02
-8.389151463794437824e-02
-8.642376930824575976e-02
-9.331097882516885267e-02
-9.133228751225130893e-02
-8.404093039162970069e-02
-8.724005045534526104e-02
-7.990439875711816131e-02
-7.832589925852696811e-02
-7.634060257129118843e-02
-9.009655487401672935e-02
-8.731952875228386757e-02
-8.664346695320766789e-02
-7.535471487314823746e-02
-8.048745635261914111e-02
-8.265449009236383593e-02
-8.728913595167829553e-02
-8.969152897695138738e-02
-9.840098274849660986e-02
-9.808630468192514051e-02
-1.005528481613471442e-01
-8.929165629975442664e-02
-9.415220611933093620e-02
-1.001686492250849353e-01
-1.072035610351859403e-01
-1.054597274605014318e-01
-1.039033536163348065e-01
-9.838776764231409178e-02
-1.041390718509061786e-01
-1.051564548706564461e-01
-1.111814182138090856e-01
-1.089390784291492803e-01
-1.023285376695863141e-01
-9.070166464314749488e-02
