-1.249419737949253040e-01
-2.704972013906993822e-01
-3.144480219872138327e-01
-2.853789127017365423e-01
-3.146577462464392738e-01
-2.354429648806915520e-01
-1.294943900637160750e-01
-2.646520723887885174e-01
-1.699206617878097902e-01
-1.871904159414870261e-01
-2.468711386177823708e-01
-2.417173908653405812e-01
-2.975115346071742772e-01
-1.231706249316744106e-01
-2.081317119089656220e-01
-1.070743778669437096e-01
-1.874751713677279275e-01
-2.175273553009225425e-01
-1.736267513545776686e-01
-1.944167986963102335e-01
-7.754999932763817494e-02
-8.193979537420298387e-02
-1.571746932240444539e-01
-1.254790582198321014e-01
-2.287653921194148787e-01
-2.534054882917384233e-01
-1.003826234018943275e-01
-1.438201293933701608e-01
-2.968047895926490543e-01
-3.045419334341630258e-01
-2.140589497051123002e-01
-2.911142390211640674e-01
-1.818341589539545500e-01
-2.489277069121711150e-01
-1.303613956761164316e-01
-2.372193822180700962e-01
-1.023675454779393590e-01
-1.515851373276185243e-01
-2.420762676494697951e-01
-2.233544079633901502e-01
-1.503486006089300164e-01
-1.513819987574643866e-01
-2.843173899719598219e-01
-3.052138833703981202e-01
-2.060830237827990241e-01
-1.702724949506140562e-01
-3.087550870546014736e-01
-2.700046305253388512e-01
-1.809261156041385987e-01
-1.895182439601093838e-01
-1.377199142931842535e-01
-2.650252248089887686e-01
-1.202402507881731308e-01
-1.177753159741368461e-01
-1.362964512461534716e-01
-2.328775454811671253e-01
-1.745969914578991977e-01
-1.483205328953695890e-01
-2.172641585669629061e-01
-1.437449498189485031e-01
-1.959063948241025477e-01
-2.300486225901145487e-01
-2.247772338974078910e-01
-7.985559959387825146e-02
-3.197096480053053247e-01
-3.351825780437539537e-01
-2.467839697563548595e-01
-2.523374708396075583e-01
-3.049989012506230113e-01
-2.135610578367647949e-01
-2.481020480818264817e-01
-2.018205999624102520e-01
-1.546641726438992004e-01
-1.146885889081990240e-01
-1.937953624569261901e-01
-3.091265053266287754e-01
-2.190468439860027705e-01
-2.505942697683681830e-01
-1.436812688533493365e-01
-2.858618218486474460e-01
-1.247971062810946385e-01
-2.872194254912691092e-01
-1.478541932364119960e-01
-1.953524798950604657e-01
-1.236071693974504504e-01
-2.824773908755154328e-01
-1.636780978807950704e-01
-2.224701980559835035e-01
-2.016204293853628704e-01
-2.230920929146550380e-01
-2.593625341525705452e-01
-3.198571458753547425e-01
-1.267474015321688741e-01
-1.731796349142255553e-01
-3.307033895291754955e-01
-1.121646472458107113e-01
-3.212379545447685558e-01
-1.058725163986116158e-01
-1.387990171837226727e-01
-2.338472845065246997e-01
-2.186061672436878101e-01
-2.418166263937371607e-01
-2.285053788682092080e-01
-1.251023036029714208e-01
-1.146362806689781855e-01
-2.130884601527390232e-01
-2.071642691131962422e-01
-3.234792559014040281e-01
-2.145253291028441367e-01
-2.828105410385706175e-01
-1.280412128379074255e-01
-1.451567413468882739e-01
-2.409645592300418970e-01
-2.518698981889945232e-01
-2.307957083844563440e-01
-1.996084369348403442e-01
-2.331424098395429301e-01
-3.248054324256198777e-01
-2.845986797005968794e-01
-2.538420964623134823e-01
-2.991418636398084918e-01
-2.433989297339393953e-01
-3.201519006218067620e-01
-1.025184225255400261e-01
-1.972187584775133840e-01
-3.164046475543574322e-01
-1.698933968641046233e-01
-2.134507949247712866e-01
-1.274013940582464921e-01
-2.261407688862355214e-01
-2.149805187018485053e-01
-2.183528481860465831e-01
-2.495346379414132842e-01
-1.671339483890394995e-01
-3.161570407823994233e-01
-2.861239290195212726e-01
-2.572728950984301544e-01
-1.921528672290361561e-01
-2.774387442802196957e-01
-1.073736001224895320e-01
-1.803158030408731072e-01
-1.289522955669775706e-01
-2.936789636079449872e-01
-2.056091824243922450e-01
-2.620012840985766478e-01
-1.533477608111377677e-01
-2.223442597126092934e-01
-1.285753880395965887e-01
-3.264618689511430416e-01
-3.369115813757703748e-01
-1.004043053244243477e-01
-3.252513663871682281e-01
-2.971521009576291172e-01
-1.624927484573530645e-01
-3.131578153917990992e-01
-1.419973765229708695e-01
-3.046438149287094554e-01
-1.523531188404786407e-01
-2.972593342109904335e-01
-2.362130569037874106e-01
-3.040222925018993272e-01
-1.813162321631400786e-01
-2.786352924760853167e-01
-1.473065643308836270e-01
-3.223515736873401316e-01
-2.996819338247771469e-01
-2.137877868526380787e-01
-1.436448180076196068e-01
-1.371439394513274956e-01
-2.414402520365288851e-01
-1.765595413096787136e-01
-1.291344304195557180e-01
-2.280904577595615490e-01
-1.077276531347170496e-01
-1.813463143704306946e-01
-2.433395302490347079e-01
-2.007953862701546133e-01
-1.996117041072765774e-01
-2.923522831447625259e-01
-3.258004456183460906e-01
-2.163198188800678212e-01
-1.140087772599225613e-01
-1.629064065319064669e-01
-1.378451478267615771e-01
-2.257657316227262290e-01
-2.823010488440247934e-01
-2.240612560003814591e-01
-2.329076954456635873e-01
-2.351393188517970079e-01
-2.418134353833262806e-01
-1.142218126240475973e-01
-1.469539280917524504e-01
-1.680414199595038904e-01
-1.925467350203345362e-01
-1.957909513254348088e-01
-2.653951887595308312e-01
-2.980678775847211415e-01
-2.014758714238712445e-01
-1.996899916514927875e-01
-3.116553712688814315e-01
-1.607866529525369681e-01
-2.768794442858278915e-01
-3.065493198580171441e-01
-3.246046979054224013e-01
-2.780461786969914417e-01
-1.403341424023063222e-01
-1.860062238207292329e-01
-1.905357572640809238e-01
-3.539709544763396942e-01
-2.064822468519584009e-01
-2.031384181238884978e-01
-1.780658900889634244e-01
-2.258005193906512664e-01
-3.685561612435463430e-01
-2.284938969693892374e-01
-1.876153914825173519e-01
-1.726643674857772925e-01
-2.395133447159518703e-01
-2.921671219515787898e-01
-2.366736956641767031e-01
-1.846779294830822316e-01
-3.304803548874418184e-01
-2.581370155315912407e-01
-3.479522342935330581e-01
-3.085408172502357438e-01
-3.693317161002792059e-01
-2.158301974371808207e-01
-1.833495117073840885e-01
-1.703394711967597119e-01
-3.439674929344117005e-01
-1.723971176679648387e-01
-1.878957264385336945e-01
-3.180208566537278680e-01
-3.259929299251270729e-01
-3.212145581352202073e-01
-2.553654951614478530e-01
-3.242975698033052079e-01
-2.284391956697349180e-01
-2.651620111293809257e-01
-1.909131149548218553e-01
-1.716275176341590936e-01
-3.196672705273456150e-01
-2.270013678056676532e-01
-2.796141455172532764e-01
-1.711225140262940814e-01
-1.341935558098953651e-01
-2.271278821690100314e-01
-2.149689549820989753e-01
-3.075846439536495391e-01
-2.735735896354918317e-01
-3.446252559210044586e-01
-2.467588407696077180e-01
-2.380721264313147290e-01
-2.550730822676735565e-01
-1.412606287314223941e-01
-2.794842404002506053e-01
-3.770707832870103804e-01
-2.795588788949502357e-01
-2.915499040297144795e-01
-2.581088048178342143e-01
-1.703452201301272895e-01
-1.529346004992802877e-01
-3.208983325173514478e-01
-2.992362136701400832e-01
-3.242966549547949828e-01
-1.883787026065305015e-01
-3.731889109752988265e-01
-3.275237665168070356e-01
-3.038027347726095506e-01
-2.333552707680676408e-01
-1.857017069338638970e-01
-1.803329059231139064e-01
-2.296883770586593820e-01
-2.202202902647011629e-01
-3.015068115908373092e-01
-1.493092758811116749e-01
-3.211695247756961025e-01
-1.790636228229825766e-01
-2.759859788420176985e-01
-1.867196024722430348e-01
-2.087381721010806712e-01
-1.993180984973481062e-01
-2.058685001951283677e-01
-1.755023116625575030e-01
-2.806154705597126986e-01
-3.043108876385416384e-01
-2.653867704530878946e-01
-1.701880061459834226e-01
-3.609118567684437284e-01
-2.578238581845199162e-01
-2.681053951996095197e-01
-1.915564770740057210e-01
-1.932292536188572052e-01
-2.822219028226687354e-01
-3.280201193131773718e-01
-3.726480378756421574e-01
-1.887188385945912927e-01
-3.325572638875674558e-01
-3.258006241990360485e-01
-1.838961457081620121e-01
-3.703810750016798825e-01
-1.557334382974273623e-01
-2.873918589732552542e-01
-2.310838198207353644e-01
-2.607978602211400987e-01
-3.124915296567080114e-01
-2.751454254412658562e-01
-3.738006772480206852e-01
-3.011969182225337494e-01
-1.896223743769283598e-01
-2.157207966618472916e-01
-1.643725553110770565e-01
-3.117354255181809530e-01
-1.876045216364320978e-01
-1.828789053626145578e-01
-2.360514908404980072e-01
-2.043967225210261696e-01
-2.974096330947538225e-01
-2.992960143793831351e-01
-1.797152684357098684e-01
-3.112734794204925493e-01
-1.217994858257568092e-01
-2.588125882537878342e-01
-1.746090573329037166e-01
-1.601095885392489204e-01
-1.911820457338174462e-01
-1.046130349632141687e-01
-1.488322361705861907e-01
-2.517917876868727700e-01
-1.159021645150656865e-01
-1.022743065325413536e-01
-1.645873077461318112e-01
-2.940373408359595597e-01
-2.925969615033686133e-01
-1.943028846266486864e-01
-1.167245707463573368e-01
-3.171922830507254432e-01
-2.133255571752495361e-01
-3.068348477679102571e-01
-1.600160065243721175e-01
-3.192177622246603064e-01
-1.366624734417833942e-01
-2.507468157144572274e-01
-1.100824112857493875e-01
-3.045684435930976486e-01
-1.603831997670459308e-01
-2.790598464218246866e-01
-1.339862912567592323e-01
-3.164023764678042805e-01
-2.582788354491092897e-01
-1.790515700727773329e-01
-2.486006976591870754e-01
-1.805346847219758133e-01
-1.746900428125726379e-01
-1.616019731895203260e-01
-2.841344598310385772e-01
-8.900080026543391587e-02
-1.580289741445652929e-01
-1.148422539014101185e-01
-1.958362453296277061e-01
-2.481171730915492368e-01
-2.783855108425888902e-01
-2.984942942216093353e-01
-9.942364620631916061e-02
-2.814211834600160445e-01
-1.271053758870614170e-01
-1.127565240858823259e-01
-8.200655424913344538e-02
-2.811259032001287017e-01
-2.629067845402184300e-01
-1.150457835043732779e-01
-2.760021104693916039e-01
-2.810195469848155714e-01
-1.020980353398589779e-01
-2.052070706215469165e-01
-1.450203932452672484e-01
-2.564755672288056010e-01
-1.977125452524704508e-01
-2.577447778089568264e-01
-2.816766308457292478e-01
-1.705708360768873055e-01
-1.821880574316344648e-01
-1.698455464844992879e-01
-1.797824039138367080e-01
-1.483755324384223306e-01
-2.517069371673865130e-01
-2.019897165382668891e-01
-1.847336974387198960e-01
-2.517687056653907796e-01
-1.587730065890121944e-01
-3.379847413047813443e-01
-3.348376282531730919e-01
-2.846911737089330430e-01
-2.286043432815032250e-01
-2.529376532653339060e-01
-2.098086447177061054e-01
-1.553841031137652706e-01
-2.957922815219321544e-01
-1.386882338335612697e-01
-3.114503227585495582e-01
-2.680209277345393382e-01
-1.409861965446528032e-01
-1.267287396469401195e-01
-2.752292002650532643e-01
-2.851238397317196194e-01
-2.901540608584067260e-01
-3.394776387487588587e-01
-2.339997097503791479e-01
-2.196445147033951883e-01
-1.542879476534278205e-01
-2.503981752735545685e-01
-3.287675542025146891e-01
-1.891942260648566687e-01
-1.885955610548835926e-01
-1.910207088882724391e-01
-3.430596934375390039e-01
-2.314448332920873430e-01
-3.064534406810148215e-01
-2.806930677138584906e-01
-2.174753317539050157e-01
-2.314189267472424871e-01
-1.901866281509456413e-01
-1.252277966828140299e-01
-2.003464361180092579e-01
-1.748565560708597866e-01
-2.655675209116580837e-01
-2.650191515001290021e-01
-2.332784904340750309e-01
-1.400102558686038834e-01
-2.940903139058439475e-01
-1.709949486737163959e-01
-2.251876294388943933e-01
-2.008163793774273009e-01
-1.207781472517734656e-01
-1.174520998931800897e-01
-1.808744324598194342e-01
-1.266109403838016068e-01
-3.015318393845247691e-01
-1.530217417759259790e-01
-2.826088160769582025e-01
-2.928555417299618657e-01
-1.147126189566547716e-01
-3.056111588401179691e-01
-2.398734851994124284e-01
-2.182784322954308964e-01
-2.844453779140255767e-01
-2.958824071223010166e-01
-2.852923770195795461e-01
-2.118388822391912563e-01
-2.952814692697259824e-01
-2.798647664631395138e-01
-3.256394939394487986e-01
-2.808550456833330822e-01
-2.462477794549209065e-01
-3.184453640991141143e-01
-3.630897850772495383e-01
-2.955221833318039670e-01
-3.522440857556011773e-01
-1.398544331100222693e-01
-2.662612464742880602e-01
-2.318717213996188131e-01
-1.660753948714047967e-01
-2.247209970905235110e-01
-1.934072419793723685e-01
-3.733535015894383635e-01
-3.757549558330226525e-01
-2.533237153072594450e-01
-1.888999710751799732e-01
-3.061503967063687326e-01
-3.088339848513778074e-01
-3.630665905164338625e-01
-1.955386215032070829e-01
-3.417689845755749189e-01
-1.461468808689652676e-01
-2.082524556083291956e-01
-1.508325862228118430e-01
-1.416174393177630775e-01
-3.654035794499871370e-01
-3.264161036523497983e-01
-2.206758885474595089e-01
-2.125900089024136685e-01
-1.921387437004195842e-01
-1.356103312623591350e-01
-1.873529502153714055e-01
-1.563437816664279834e-01
-2.493362268573160456e-01
-1.993131935146975064e-01
-2.076672017926329550e-01
-1.432912887608123464e-01
-2.121946249753717262e-01
-2.166953043042226801e-01
-1.992798570140633663e-01
-3.154338001910131917e-01
-3.543667709632520868e-01
-1.830576817719303806e-01
-2.981415759455861014e-01
-1.453407784604721364e-01
-2.113171718041682856e-01
-2.894761300685444461e-01
-1.413265380023615847e-01
-2.474065318737506403e-01
-3.434848877677294521e-01
-3.000174230231265615e-01
-1.565324221292964391e-01
-1.992234791915697967e-01
-3.448089920132154651e-01
-3.351765515327502776e-01
-1.454496714537782953e-01
-1.700831197410532236e-01
-3.695788422083880476e-01
-1.698818353774876055e-01
-2.078675949065089124e-01
-2.934714118822818740e-01
-2.821783350799235146e-01
-2.836650668178852808e-01
-1.273780108150426305e-01
-2.459035851183739574e-01
-3.114836792109802466e-01
-3.189883688729988065e-01
-2.053532558671829211e-01
-1.530025659850313691e-01
-2.215343371062043487e-01
-2.409632857079459511e-01
-1.375786751244597039e-01
-2.964953679842116108e-01
-1.221932559525966966e-01
-3.151510929108404246e-01
-1.292737882231197177e-01
-1.401832480831660399e-01
-2.561687707291776528e-01
-1.163287019417001966e-01
-1.389083129441517073e-01
-2.316575271669610026e-01
-1.100412366876190040e-01
-1.451923761238474442e-01
-1.764883558581701872e-01
-1.616085023450448133e-01
-2.756650844141769752e-01
-1.026822328661922412e-01
-9.320775634917735641e-02
-1.425653755180104065e-01
-1.512898358066798454e-01
-3.159681454141568535e-01
-2.436804793177377026e-01
-3.148111401569201884e-01
-2.595556119966802577e-01
-2.072071256636711101e-01
-3.124304280828983371e-01
-2.393812415781035874e-01
-1.244381130614319597e-01
-1.891088513284316652e-01
-1.181120055162153681e-01
-1.720777833622886277e-01
-1.542630533180864016e-01
-2.137914229898214558e-01
-2.320141215518064792e-01
-1.508456838697245783e-01
-3.256350584283393967e-01
-1.305244021720988745e-01
-2.029103133177833640e-01
-2.762048619265745630e-01
-2.514245711784710569e-01
-2.508677458247527969e-01
-2.796299377916868778e-01
-3.246423128210136344e-01
-2.299112106134921785e-01
-1.650348154035503334e-01
-3.128016210467168823e-01
-2.047848857874530748e-01
-1.317589800878871675e-01
-9.821682697136541185e-02
-2.248934494477315138e-01
-1.084595420681361000e-01
-2.728750749074556614e-01
-2.999057194153063044e-01
-9.642891744816434185e-02
-1.738411120987498060e-01
-3.346389660661370780e-01
-3.200247376945862809e-01
-1.569284613258849215e-01
-1.800465407973958487e-01
-3.096178358730689584e-01
-2.520497088344700876e-01
-1.643398548931641889e-01
-1.998157176534252899e-01
-2.350429760517939171e-01
-2.384874901166386119e-01
-3.390721358483170800e-01
-3.161053856296922038e-01
-1.793133926715699267e-01
-1.235354781356888254e-01
-3.328016604499782760e-01
-1.651508368927142034e-01
-1.627995043302755129e-01
-2.520260339191662813e-01
-2.529092777407188630e-01
-1.524886402279801434e-01
-2.587019857833030567e-01
-3.426530142510196830e-01
-1.228986219799648727e-01
-1.975614423556604216e-01
-3.270488413036568009e-01
-3.274494120565376587e-01
-3.160970507456511980e-01
-2.125355538561963242e-01
-2.263114789750996225e-01
-3.112657120208724981e-01
-2.665130041615999534e-01
-1.627637811208662300e-01
-3.580140231124747663e-01
-3.265749714214369881e-01
-2.924971601977938152e-01
-2.987794200152282253e-01
-3.324055166248383042e-01
-1.249182179826085481e-01
-1.446589638508513909e-01
-1.326143868963695904e-01
-1.423999942538715924e-01
-2.934357099174368377e-01
-3.517965091269066313e-01
-1.368325491647088832e-01
-2.661584683995418810e-01
-1.586982278678870095e-01
-2.188723981266921803e-01
-2.081634432368588417e-01
-1.261146659384366764e-01
-2.882969011948643412e-01
-1.596156706821579840e-01
-3.489782110085883904e-01
-1.943096347907179999e-01
-1.844649012421808176e-01
-1.338428910585278131e-01
-3.446200602973490956e-01
-2.594612486413012120e-01
-2.095256616376196535e-01
-3.107895904242782281e-01
-2.027427772452144450e-01
-1.834110080693706069e-01
-1.849384314794356443e-01
-3.035599725331982190e-01
-2.339698712699672667e-01
-1.934954195093355200e-01
-3.175421563443708850e-01
-1.402012867540755880e-01
-2.955944437468712715e-01
-3.147427642554373461e-01
-1.716471669896822982e-01
-1.116157343571438088e-01
-3.144221671358338188e-01
-2.026544734949358717e-01
-1.285642792767825171e-01
-3.161548817799516020e-01
-1.961048856369214943e-01
-1.244294618082228132e-01
-3.250613006741656097e-01
-2.838411632512142235e-01
-2.375348094905990193e-01
-1.270271232906685088e-01
-2.817393431900787615e-01
-1.435523705740558154e-01
-1.913378411250415134e-01
-1.886866166196828343e-01
-1.750919850133131617e-01
-1.218807638406284588e-01
-1.092444454425949563e-01
-3.158725363656958440e-01
-1.338187339894389705e-01
-2.090064123980791555e-01
-1.512104742690226211e-01
-2.561326086442870520e-01
-1.147639054609697618e-01
-2.918391010345250391e-01
-1.725567646424639168e-01
-1.674825739929366175e-01
-1.423087446810802625e-01
-1.877517073419450733e-01
-1.960193527506331190e-01
-2.443708597428123075e-01
-2.367467343023471338e-01
-2.351625331272365615e-01
-2.066329862708332632e-01
-2.484897041245403559e-01
-2.876937273743934154e-01
-2.884328080703331132e-01
-3.258843473034408467e-01
-2.821504462976404670e-01
-1.841403658739542704e-01
-1.560973882687491099e-01
-2.070903783570681445e-01
-2.134346986327068652e-01
-2.094128558530040929e-01
-2.613338399619127839e-01
-1.566655027094243091e-01
-2.159967489456048328e-01
-2.912069140454063287e-01
-2.739572024836356423e-01
-2.755096213578389630e-01
-2.378644839749591566e-01
-1.771542593039393820e-01
-3.097893192368798010e-01
-3.201223807568592816e-01
-1.724019803253513672e-01
-2.808997620556047958e-01
-3.230103093703605710e-01
-3.232793101385874057e-01
-2.049339182517747049e-01
-3.288967902157893253e-01
-1.996597182679226423e-01
-2.973657926178542299e-01
-2.785122556636557833e-01
-2.397376377326650987e-01
-1.461319666299667197e-01
-1.732894524154575122e-01
-2.059156596102038328e-01
-2.266585738574711795e-01
-2.270928204300959874e-01
-2.347656787839255688e-01
-2.056937066876657894e-01
-3.131953093582903747e-01
-2.099898919202873859e-01
-3.145646673498225243e-01
-1.465004858954159495e-01
-1.315949271446597846e-01
-1.225348550215081267e-01
-1.270276678320544639e-01
-3.258935699179462686e-01
-1.633856671160452134e-01
-1.845259646381001151e-01
-9.552917910179140049e-02
-2.328230659304756922e-01
-2.963437337515368308e-01
-1.838412788486989413e-01
-1.159483388275097671e-01
-1.210166057704275822e-01
-1.020220008734760431e-01
-2.447580429308188754e-01
-3.248992772626898007e-01
-1.139866804758085106e-01
-1.976970887159418266e-01
-1.212914016874296341e-01
-1.003803771700506053e-01
-2.358536078089632504e-01
-2.158779855102755940e-01
-2.708365944970629879e-01
-2.702153523765429832e-01
-2.805502480859847214e-01
-1.608037874006748302e-01
-1.525666359275158201e-01
-3.237722159781934450e-01
-1.580950186464591400e-01
-3.126533462542070430e-01
-2.510964650283463162e-01
-1.610430943281976612e-01
-2.183991321537303576e-01
-1.017236436824022483e-01
-1.816408702260940700e-01
-1.107479891665716365e-01
-3.176539354166914575e-01
-2.886684724110860634e-01
-2.640517492816203959e-01
-2.503742521967744494e-01
-1.254513108416252798e-01
-3.077155666525053790e-01
-3.066572203523818541e-01
-2.092426073280267973e-01
-1.434508418779843197e-01
-2.661408229151673854e-01
-2.553912539901592726e-01
-2.543787772140714276e-01
-2.721249880802613097e-01
-1.653465502315878410e-01
-1.405522080760732706e-01
-2.776592013995232699e-01
-2.758433469198339760e-01
-9.571880016127523594e-02
-1.978749218472235505e-01
-1.578215411317090699e-01
-1.511256824232551366e-01
-2.890154249833722933e-01
-2.812938129772821760e-01
-2.187563913418990313e-01
-2.811463531314939424e-01
-2.159589111954972607e-01
-2.448824196898287953e-01
-8.954544512113482568e-02
-2.246458389520775700e-01
-1.295879303978153263e-01
-1.272137144034375666e-01
-2.361624200367045123e-01
-1.525359052866182286e-01
-6.912617234696885604e-02
-2.437382541453669560e-01
-2.208797625917944263e-01
-6.091698241744461506e-02
-6.345213294667922943e-02
-1.973607620154834152e-01
-1.812572932152411720e-01
-1.015706402855467705e-01
-8.428530509689977079e-02
-1.675323373054033449e-01
-1.724076654063352587e-01
-2.930965772269338299e-01
-1.511794692606885648e-01
-1.603892395643209678e-01
-7.720356620283888582e-02
-1.565005297036350662e-01
-1.576062681530050746e-01
-1.628318205160308174e-01
-2.323259667537526663e-01
-2.124108202087547914e-01
-1.764255062148520903e-01
-1.662323670503677298e-01
-1.908462037758173468e-01
-1.347280691355435545e-01
-1.017332012118297713e-01
-7.393892329305992717e-02
-2.567385855276271833e-01
-2.947481223544368145e-01
-2.906951051576139866e-01
-1.646329809350414175e-01
-1.437792003232149785e-01
-1.309040313336390093e-01
-2.131162792231997838e-01
-2.797473928268206511e-01
-1.980070253232307509e-01
-1.566437542762613988e-01
-1.882863318493219751e-01
-2.909425441311477289e-01
-2.422151116971467122e-01
-1.438090271732374303e-01
-1.331318720746676731e-01
-2.361931236917812205e-01
-2.069789419550125964e-01
-1.475469294843276546e-01
-2.986697904844453078e-01
-2.182593184587898749e-01
-2.052162262869097198e-01
-2.752675775059285623e-01
-2.832544235629221863e-01
-8.198192133573872775e-02
-2.020956378614738869e-01
-2.113463382219548936e-01
-2.598661219820149193e-01
-2.723209247846692382e-01
-2.807789415877933181e-01
-9.446441562412230541e-02
-2.520604994788862574e-01
-1.840736137509686732e-01
-2.702444776644452595e-01
-2.682426320792410390e-01
-9.968217223172493036e-02
-1.848504545962226242e-01
-2.414265416248452811e-01
-1.635490240546608742e-01
-9.565940163661248996e-02
-1.004442728174637922e-01
-2.891042143869527736e-01
-2.908664144094130211e-01
-3.092856497305550012e-01
-1.832297997470274942e-01
-1.358973402082014337e-01
-1.058485392574470552e-01
-2.200047555092951024e-01
-2.743944603119634063e-01
-2.503775417649897195e-01
-1.760053587467056702e-01
-2.887881391713815749e-01
-2.445572501198571280e-01
-3.099810971933903980e-01
-2.145675387616906016e-01
-9.623858532952159206e-02
-1.062078371616043404e-01
-2.014042030213618606e-01
-1.227581311626335381e-01
-2.570923631610174676e-01
-2.838530804363997850e-01
-1.364698298973330559e-01
-8.245450546648819268e-02
-1.020768939363269623e-01
-1.438178362329227133e-01
-1.763773893028338369e-01
-2.236388218248498427e-01
-2.372457052920094456e-01
-2.287449848770895244e-01
-1.553571323878986665e-01
-2.944553469924259814e-01
-1.076502765869301881e-01
-1.251582891069664416e-01
-1.305601843292359676e-01
-3.038389887237252784e-01
-1.606890789799026997e-01
-2.166135881155108744e-01
-1.317526738297185307e-01
-9.180361088139818437e-02
-2.990244874690045629e-01
-2.966697195900552808e-01
-2.557414134994864807e-01
-2.079505756868055277e-01
-1.460067152297773174e-01
-2.274628450412251035e-01
-3.086048367702926010e-01
-1.942045645191999570e-01
-2.983825439616324404e-01
-2.158517574753078816e-01
-9.902727313253067987e-02
-3.179298291487305805e-01
-1.269634475332767076e-01
-2.869222443789510302e-01
-2.496059647958472349e-01
-1.940120529914946268e-01
-2.186425830530512315e-01
-2.128467426633355586e-01
-2.626369396509419252e-01
-2.597196478458847491e-01
-2.616281585291673761e-01
-1.615412725699729435e-01
-2.860752776958108701e-01
-9.287475020065855125e-02
-2.837019416132475769e-01
-1.263103069493329844e-01
-2.007871741015537503e-01
-2.162582970083527234e-01
-1.922284030240710151e-01
-1.371533579872029618e-01
-2.308179328269064912e-01
-2.069754799161837577e-01
-3.074821815750500287e-01
-1.179069370832571961e-01
-2.293575123223207113e-01
-2.345702494857388187e-01
-9.631129255566592273e-02
-2.304380878797106513e-01
-1.432687740256589626e-01
-1.991473386768698450e-01
-1.892999816853564166e-01
-1.958506220091732752e-01
-2.705930456009505436e-01
-9.548010199704962120e-02
-2.089554072499734960e-01
-2.944805754897081296e-01
-1.459480342057639934e-01
-9.130290722857983821e-02
-2.779193093308595097e-01
-1.689992374930891494e-01
-2.655926795404585650e-01
-2.414849016930795400e-01
-1.565832702503508200e-01
-1.356974826584355642e-01
-2.176343553971766265e-01
-1.841633539238541895e-01
-2.230696057438984192e-01
-2.843979840488509159e-01
-1.245486407498424264e-01
-1.929766756900219427e-01
-3.242939131940958397e-01
-9.569997127096707690e-02
-1.950218700455597365e-01
-2.280430441128635799e-01
-2.309280678746066240e-01
-2.526997234078724452e-01
-1.854362942657074020e-01
-1.350470315479481709e-01
-2.458443397563677135e-01
-2.482672685262038714e-01
-4.086175206437367424e-02
-2.329949692604883493e-01
-1.897179405275106756e-01
-9.652275413414718175e-02
-2.162773142849100383e-01
-1.621169440910260051e-01
-2.132640484553553484e-01
-1.394924439446422471e-01
-2.353048047614296479e-01
-1.401380060307234610e-01
-6.372461708840532202e-02
-1.184533057082340912e-01
-6.544867536923823503e-02
-1.562412353257792708e-01
-2.290245751125334628e-01
-2.504189123288984575e-01
-1.118477066207913539e-01
-8.325343819447650340e-02
-6.971066950673251994e-02
-2.079416390288872096e-01
-2.074768310992661513e-01
-2.101764903209212276e-01
-1.469228090272162168e-01
-9.966994599335768368e-02
-2.175526021318377468e-01
-2.163942188159073410e-01
-1.568513501849349845e-01
-2.423832896467209286e-01
-1.149728656700979290e-01
-6.079112260533173218e-02
-1.870547774751144532e-01
-1.360413928628298741e-01
-1.686440498550061118e-01
-1.749520450309282049e-01
-1.621981494727246509e-01
-2.772420541825478257e-01
-1.746142141104514434e-01
-2.353769116218418778e-01
-2.052316312972563839e-01
-6.624909943177509364e-02
-2.231987645794531461e-01
-2.222516971084191051e-01
-4.469744178247159194e-02
-2.103953811124988360e-01
-2.296229689210070868e-01
-2.203509245806328232e-01
-2.471492974490342442e-01
-1.100857461175449026e-01
-8.061243902858802879e-02
-1.899103231971612793e-01
-2.467755942752065668e-01
-2.268520544616781653e-01
-1.473690287465248827e-01
-2.712054307354060390e-01
-2.004236546744498637e-01
-2.245057992095028099e-01
-2.420053174887580039e-01
-7.496595798646829567e-02
-1.888953283586268239e-01
-1.558810714636075234e-01
-3.228006725047761760e-01
-1.127712556872079719e-01
-2.804854080710183495e-01
-2.593075672058577918e-01
-1.168721382058332814e-01
-1.442366033514327628e-01
-2.707939461880224941e-01
-2.846821221638465849e-01
-1.268217053961790408e-01
-2.436293413901517435e-01
-1.138628376481982674e-01
-2.015476261436289496e-01
-1.326745809492131389e-01
-2.453155514142281723e-01
-1.847327799791679270e-01
-2.754929273879419549e-01
-1.979218142864035690e-01
-1.537530420043550228e-01
-2.995358261685542312e-01
-9.935810728579250184e-02
-3.239087889422076483e-01
-1.353511609529074455e-01
-1.933736739210538680e-01
-1.488521569598525718e-01
-1.386761140789391222e-01
-2.916293994051720739e-01
-3.149608392029054627e-01
-1.477806586706811587e-01
-3.232575423222998623e-01
-1.960590741482363397e-01
-1.681446906252824502e-01
-1.296952102605352930e-01
-2.835680304571212007e-01
-2.467413144846388462e-01
-2.955942444889434473e-01
-1.516247511813273163e-01
-2.281297515359759220e-01
-2.759522597008926548e-01
-3.170748804059549952e-01
-2.912638165839224191e-01
-2.536342409598062453e-01
-2.334101715357647100e-01
-1.307431925047216892e-01
-2.500924360074421871e-01
-1.476569094178007968e-01
-1.154868364513724488e-01
-2.751741861372675180e-01
-1.106735726338735071e-01
-1.199735198970222627e-01
-2.142831132604434696e-01
-1.521653178694431507e-01
-1.904909598514401559e-01
-9.299938678069077924e-02
-2.041116299369118703e-01
-1.487013315940512448e-01
-3.002594718153812070e-01
-3.265713784588672453e-01
-1.210424206714615925e-01
-1.936916939490575529e-01
-3.150051704212405435e-01
-1.794419638472803946e-01
-1.534318779965388735e-01
-2.018820607085003438e-01
-2.121307911655656575e-01
-1.045698262447312121e-01
-7.283431132133127983e-02
-2.736166926206975991e-01
-2.228501081837689912e-01
-9.240172125949033810e-02
-2.044281963191686424e-01
-9.050425573430334603e-02
-2.389001489318829108e-01
-2.537317560235783365e-01
-2.817423466333162096e-01
-2.917394881292804110e-01
-2.375474624766451270e-01
-2.106134134947258985e-01
-1.176582330137976029e-01
-2.627193234449500814e-01
-2.322431706745642366e-01
-2.345010816601243997e-01
-1.952697527878117234e-01
-1.422695731495415283e-01
-2.379037641398475122e-01
-1.228717514823765844e-01
-1.209312393279608489e-01
-2.974470997386519655e-01
-2.128400997018923269e-01
-7.380531857699557108e-02
-2.426193782777978925e-01
-1.543910544947435515e-01
-1.971540933783816341e-01
-1.926850240621351407e-01
-1.999141015154464185e-01
-1.963763076294278154e-01
-9.516867286873220699e-02
-2.593229119337848165e-01
-2.054961571136512399e-01
-2.220275294627419849e-01
-1.374576144058050897e-01
-2.481857738478579212e-01
-1.742197809496015826e-01
-2.425714737763524920e-01
-2.847214464127938438e-01
-1.748555349715604501e-01
-1.773989452788320431e-01
-9.024310649388264660e-02
-2.365923126321005654e-01
-1.354516677537674907e-01
-1.713520342134612073e-01
-2.991897824037011433e-01
-2.770927022127264716e-01
-2.983239353319156462e-01
-2.791747814909926739e-01
-1.880788808885504038e-01
-1.654158843016608205e-01
-2.780649049783678883e-01
-1.997661848295054776e-01
-7.732257642509721141e-02
-2.278703943792089182e-01
-2.992056877411231608e-01
-1.863066792019098250e-01
-1.552430368333278521e-01
-1.145500263080957148e-01
-8.863972666675318246e-02
-7.826861806915255682e-02
-1.130178639954520503e-01
-1.499692892892078855e-01
-3.061784371985197817e-01
-9.964299521726566189e-02
-3.042831134231345214e-01
-1.005173283020248387e-01
-1.448571250021174484e-01
-2.333348703934480239e-01
-2.360341190597984584e-01
-2.172377371706217530e-01
-1.247708516391068390e-01
-2.786607999157817428e-01
-3.165203262429348019e-01
-2.409637515725992496e-01
-2.824636783949518448e-01
-2.884433959569044359e-01
-1.516289896453973662e-01
-1.821484827817290153e-01
-1.332082757020971175e-01
-1.893132034957745180e-01
-9.641731005427151002e-02
-3.109760121373960629e-01
-2.497340154374794174e-01
-2.692160405572361914e-01
-1.911516279979945387e-01
-1.510615483868362752e-01
-2.243006456924650227e-01
-8.999348884970118090e-02
-1.505368377678261427e-01
-1.099419034327511202e-01
-1.137105589481510748e-01
-3.058375714849104754e-01
-2.391212249140056145e-01
-1.933226755098825800e-01
-3.144098841573110259e-01
-2.648364328625594233e-01
-2.498629364466624647e-01
-1.925437540342406217e-01
-1.291414080212353599e-01
-2.324107523856684954e-01
-2.797352493730634881e-01
-1.377706967735510823e-01
-3.113466749412417967e-01
-2.859794106811359149e-01
-2.935439752408139369e-01
-1.722191149869856663e-01
-1.524898894161857976e-01
-9.917291400141542423e-02
-2.779745365351717901e-01
-9.175900479930482190e-02
-1.539865889824257872e-01
-2.417675809998258429e-01
-1.470276951535126608e-01
-2.180208570081672015e-01
-1.046706493100162116e-01
-1.842986246957493690e-01
-2.115924852679387236e-01
-8.905272664393781845e-02
-2.428945678446564616e-01
-3.070711633390038608e-01
-2.443280193150404456e-01
-1.346349692083627370e-01
-1.366220281799306879e-01
-2.624110815037716815e-01
-2.313861569630112358e-01
-3.162753708797895191e-01
-3.244172257838849327e-01
-1.553358550064096733e-01
-1.606762126407567381e-01
-3.190006416466384387e-01
-2.819006391444586757e-01
-2.900477468342819720e-01
-2.672299909205378410e-01
-1.295793125680774482e-01
-3.189649038901863909e-01
-2.911281119510655824e-01
-1.521207260851205334e-01
-1.688390924545876970e-01
-1.576334810361933736e-01
-3.451867466217131142e-01
-1.468389022773438912e-01
-1.567458474952523884e-01
-1.296368324287155704e-01
-2.605828893968227811e-01
-1.992335153368763045e-01
-1.404399158627578359e-01
-2.034538431415438831e-01
-2.095519823375592006e-01
-1.819231817103848514e-01
-2.116774159603889149e-01
-3.186360863617233585e-01
-3.399354379830952233e-01
-3.030288774808752028e-01
-1.285217422026471989e-01
-1.297330869019567845e-01
-1.372170313761378879e-01
-3.104642615432746666e-01
-1.154445081152102870e-01
-1.847447539064365762e-01
-2.407044914697099580e-01
-2.826552854399785875e-01
-2.635204530589760896e-01
-3.243675710636539367e-01
-3.067582541215417291e-01
-1.460660241681095151e-01
-1.578946113102922266e-01
-1.829068917199883348e-01
-3.058675419299826670e-01
-2.677971675756907199e-01
-1.639229469611070134e-01
-2.915780791573700514e-01
-1.847186468280977989e-01
-3.438188808217480519e-01
-2.888524262540412280e-01
-2.083091539546130799e-01
-1.772957352232669148e-01
-2.405160066520855566e-01
-1.710143709403755263e-01
-1.134269889040417922e-01
-2.238573846350005725e-01
-2.890823617747387275e-01
-2.297174988301158294e-01
-2.246487711545501198e-01
-2.143406345540501967e-01
-2.140908701616064391e-01
-2.455563655329395245e-01
-2.695636769257193643e-01
-1.951356158293532650e-01
-2.661894406608122932e-01
-2.659727245189812406e-01
-3.540094368094445221e-01
-1.275838944684262177e-01
-1.340962808561714792e-01
-2.149148655552413356e-01
-3.168685251869169384e-01
-2.630595760424200846e-01
-1.938177049942455543e-01
-3.418491459196926763e-01
-3.094824140572665083e-01
-2.189651912067071826e-01
-2.207181642746791905e-01
-2.052752128776525742e-01
-2.618975883441246877e-01
-3.136038123398783295e-01
-1.997878676313902258e-01
-1.750719956633439989e-01
-1.772010341474062334e-01
-2.884414518241817937e-01
-2.123313390117737842e-01
-2.052147561241800811e-01
-2.202384547279356841e-01
-3.174495933397137870e-01
-1.560531516611304848e-01
-3.026752420747352290e-01
-1.810208990046466015e-01
-2.659723997106555049e-01
-1.605100291667564960e-01
-2.650219665909514521e-01
-2.147911386925031307e-01
-2.679903106521733247e-01
-3.013424221005445158e-01
-1.245477414961139451e-01
-3.357702619796195664e-01
-3.295374936470346072e-01
-2.734280375363971061e-01
-1.746171882617866267e-01
-2.355050737313166553e-01
-2.264541900506086836e-01
-1.436378149535532112e-01
-2.477326837208000954e-01
-2.842366020234337598e-01
-1.652592460299444344e-01
-1.966242256780735276e-01
-1.702990163091421538e-01
-2.499467708937533339e-01
-1.642995100083090576e-01
-2.456698114979124492e-01
-2.043412204733541238e-01
-1.886722215583763740e-01
-1.310101052914011133e-01
-3.448336560156951558e-01
-2.314008417166616149e-01
-1.317350421086214141e-01
-1.906306748861499312e-01
-1.328012943956363989e-01
-2.808243638021707955e-01
-2.484819377617480951e-01
-3.237524027688785111e-01
-2.689265994354433920e-01
-2.900278828102336171e-01
-1.999387559695695316e-01
-1.603338155507373908e-01
-1.724526833497759815e-01
-1.854687475576803080e-01
-2.317811011348788752e-01
-2.685108980954875602e-01
-1.695513271567609948e-01
-2.700745251661597068e-01
-1.422998561649565230e-01
-1.777093622388808136e-01
-2.169195665190299938e-01
-2.474940914246459012e-01
-1.955322585823667525e-01
-3.349706339013158174e-01
-3.076302992674448400e-01
-1.336358451775169764e-01
-2.845069468980708227e-01
-1.837637630527179655e-01
-2.119699106496913954e-01
-1.345501554702554503e-01
-1.963944319312466991e-01
-2.838381395097955284e-01
-2.735793009875122084e-01
-2.695015404405778359e-01
-3.490952386894093373e-01
-3.429775686746909802e-01
-2.288796288039226801e-01
-2.722139476672025271e-01
-1.697791896569699477e-01
-2.604360662079676647e-01
-2.819829783541443202e-01
-2.527536468241454171e-01
-1.331685389491396310e-01
-3.170384815119440258e-01
-1.557923436425674990e-01
-1.837840602568951986e-01
-2.512003147239939005e-01
-3.407220792543745325e-01
-2.844855944389029223e-01
-2.165776809011495385e-01
-2.732365645437872526e-01
-2.987967653378038047e-01
-2.504724610167439192e-01
-1.698646049059063523e-01
-1.568494352308490991e-01
-3.463425095407224319e-01
-1.958398554462424390e-01
-1.633700791687177911e-01
-3.083946006762184888e-01
-1.677860090878737775e-01
-2.385045561504055001e-01
-2.319165361548764515e-01
-1.257264222681928889e-01
-1.559016093099319933e-01
-1.582649634423202167e-01
-1.576574222553759619e-01
-1.300930283570257417e-01
-3.133995225867166612e-01
-2.978455490342790113e-01
-2.001216028155147486e-01
-2.910786863774620925e-01
-3.410834797555846176e-01
-1.568839749597309152e-01
-1.501465196921982492e-01
-3.036854888121393592e-01
-1.421058737183959197e-01
-2.333106221662050173e-01
-3.540896652612190998e-01
-1.097317611475296106e-01
-1.290330413517344621e-01
-1.086128159974411311e-01
-9.735319111545251425e-02
-1.483330201454589048e-01
-2.099676217726298977e-01
-2.342378417311703487e-01
-2.674600275968109786e-01
-3.077867831919353092e-01
-2.383574232157592843e-01
-2.767273086531369941e-01
-2.264316540717232207e-01
-3.233445380260291380e-01
-1.996272287026595316e-01
-9.795443922489632804e-02
-1.481529998822798400e-01
-1.761458637179343645e-01
-1.761662369888674917e-01
-2.646385548864904624e-01
-1.739706360048903500e-01
-1.214439015592473636e-01
-2.708539001604824970e-01
-9.910644840273016842e-02
-1.768077853942161548e-01
-3.289780100916713246e-01
-2.240247639601675445e-01
-1.701061065962916063e-01
-3.108674465891523298e-01
-2.736789270631698745e-01
-3.271893383044017778e-01
-2.087442101343384149e-01
-3.057910100437460366e-01
-1.973473520284232119e-01
-2.804660952191758705e-01
-1.004888475111585522e-01
-1.651005027991209184e-01
-2.828414207516397605e-01
-1.143523088464935555e-01
-2.455539521650559331e-01
-1.292898720405029622e-01
-1.490957900207649234e-01
-9.537225767413062827e-02
-3.224404292278465478e-01
-3.164761499162415115e-01
-1.826522330280466455e-01
-1.406060979545550871e-01
-2.911633446788437496e-01
-2.919475573282073744e-01
-2.210664602842419280e-01
-3.093633256673036791e-01
-2.349302898930366590e-01
-2.836740745340766701e-01
-3.175602938805561215e-01
-1.802703060923509792e-01
-2.098093662417051253e-01
-2.103384548464534431e-01
-9.468053676252866091e-02
-2.973026325225813227e-01
-1.848530783779183118e-01
-2.790866926320371144e-01
-1.862376027816221025e-01
-1.050866436450209052e-01
-2.600971092843765153e-01
-1.924155812659648357e-01
-2.029587492232063084e-01
-1.625929938259673413e-01
-2.278694975219179297e-01
-1.222882609162047607e-01
-2.727917409464986065e-01
-2.433766063872192242e-01
-2.414345190129506824e-01
-1.923551080547233894e-01
-1.611352850006974313e-01
-2.365919442291951891e-01
-2.450074328023655323e-01
-1.815462625934686214e-01
-2.770651472815478522e-01
-2.033214753145328180e-01
-1.276875512866474383e-01
-2.801531060948894147e-01
-6.957036574931158013e-02
-2.225734071604791864e-01
-1.168454026798677048e-01
-1.453288193174899212e-01
-2.746626787540180081e-01
-2.317250708485263377e-01
-2.537531523632859942e-01
-2.813390806814615175e-01
-2.384625303808900476e-01
-1.489859794933265369e-01
-7.652580265798211712e-02
-1.737704856126260355e-01
-1.492513194160855483e-01
-2.250927081569893407e-01
-9.114509631445216753e-02
-8.947628938476798188e-02
-7.026800342279862499e-02
-1.602705107889768332e-01
-2.109713176591119788e-01
-1.054968936561512804e-01
-2.687668409813128712e-01
-1.890318411365282114e-01
-2.671728249494735863e-01
-1.976628597316255065e-01
-2.422362565992330907e-01
-2.889830612220576356e-01
-2.276915466243999431e-01
-2.371124711147352127e-01
-1.257657139579480832e-01
-1.469952772604068703e-01
-1.552642000843428294e-01
-8.249996293255296154e-02
-1.082419067832685322e-01
-2.291894257378681021e-01
-6.309697222887611368e-02
-1.567812706355114494e-01
-1.871077176090054084e-01
-2.010434134607217982e-01
-1.852878363881058643e-01
-2.482698180542703137e-01
-8.887320400108147944e-02
-1.505846396154020550e-01
-1.505999383744188458e-01
-1.932520676502225976e-01
-2.615403398260978118e-01
-1.799091741557498070e-01
-6.483084884318146557e-02
-1.358582528573403503e-01
-1.955641397373411028e-01
-2.988782744991213547e-01
-2.092498814371415716e-01
-2.492462128762965579e-01
-1.222767733781341126e-01
-3.064021176617509057e-01
-2.022629047002975633e-01
-2.589214288159071842e-01
-1.857518330840593201e-01
-2.362814318889558673e-01
-3.184593755790650627e-01
-1.790181446092496409e-01
-1.025745742268212302e-01
-1.600453581850288520e-01
-1.512498232725414393e-01
-1.282982458009817583e-01
-1.383660462661590040e-01
-1.318083061058032412e-01
-2.798123215357858351e-01
-3.364384651488835920e-01
-2.668351395051986596e-01
-3.337986902450417737e-01
-3.016472664299997830e-01
-2.129943997058064420e-01
-1.136341934280852006e-01
-9.987410012093997369e-02
-1.879686407655976887e-01
-1.647497673702749410e-01
-1.794617006810445836e-01
-1.764996073521638564e-01
-1.647989049903195447e-01
-3.079126663224216465e-01
-2.478171327511887734e-01
-1.400732995893257671e-01
-2.623924368632054582e-01
-1.116661902777995874e-01
-3.290095147929700259e-01
-2.608486710886788185e-01
-3.189389068447015529e-01
-1.718246665981771615e-01
-1.641496958968026165e-01
-1.920142962700264466e-01
-2.944447474279322519e-01
-3.397226185912657348e-01
-2.644317444763493175e-01
-2.628135232707201063e-01
-3.032064694944590633e-01
-3.120121953841573648e-01
-1.744081980962219058e-01
-1.595802650054714833e-01
-3.102283178379608986e-01
-2.293960856151024130e-01
-2.252492354650761364e-01
-3.212414170656999746e-01
-2.237883237073559628e-01
-1.264283258565277734e-01
-3.209978080622413188e-01
-2.221146079723037292e-01
-1.352956961864950347e-01
-1.499273194016604860e-01
-3.311522870733104029e-01
-1.178660068620678847e-01
-1.465157581706201806e-01
-1.514566814675702699e-01
9.444270773303926891e-02
1.740822766646558245e-02
-4.922810703646610109e-02
7.804765503554569883e-02
7.995074381019375009e-02
-1.492344085929318831e-02
-9.383543809853314710e-02
2.015699897328904200e-02
-2.372683500350823704e-02
5.519381389190812504e-02
-9.127107252327659737e-02
-8.965626324563392979e-02
-6.021457449964250780e-03
1.539929991915104171e-02
4.057171070686912961e-02
4.308462253394373248e-02
7.288380217248934673e-04
3.730501251516955830e-02
4.482743641436873205e-02
1.068274165735374759e-01
-8.259425422165888112e-03
-1.181194925467061174e-01
-1.192321762422307724e-01
6.965267280400402883e-02
2.433217802801310170e-02
-7.047587000935509605e-02
3.990622019368602474e-02
-1.003456765690702301e-01
8.180846997543386734e-02
4.235999672247379305e-02
-4.221895073151576278e-02
-8.339369031496732254e-02
6.826760481373368716e-02
-8.730891016809707444e-03
-1.887775834021507976e-02
-1.137587563210833014e-01
1.028744537848540370e-02
-9.364971038756740584e-02
3.210206454095192868e-02
7.766679253031627539e-02
1.902920248834531324e-03
1.070448813529213949e-01
-7.766811739197022890e-02
-4.141550099433968096e-02
-1.062597845983420525e-01
-1.647214164578192364e-02
4.490689115642519658e-02
-8.999870870176487903e-02
4.132832533234941097e-02
3.020240955017602230e-02
-9.030376166310383201e-02
2.609150507122547438e-02
1.297738436486627761e-05
1.633054559689703714e-02
4.280230296346029806e-02
3.650404061208099155e-02
-1.215114742701657036e-01
4.327545393592172052e-02
-4.346840199591911480e-02
1.515136565457984689e-02
-1.171620225014446959e-01
-1.102969031530945804e-01
-2.279086783626029997e-02
-2.229229398398974160e-02
1.028278209863924958e-01
5.966969440816158321e-02
1.070002418635232350e-01
4.580639013068904530e-02
1.033451446770168730e-01
-1.123348381572313592e-01
1.091461682602674621e-01
2.222054387129709929e-02
-2.573795859996433691e-02
2.899316090327205657e-03
-2.091681891440519761e-02
-3.832001808807242171e-02
1.028831770224131470e-01
-1.174822230275697349e-01
2.911691370055800865e-02
7.828549566821227379e-02
9.620375833502262108e-02
-3.125295875072782448e-02
9.791735211738494121e-03
-3.356648664350574129e-02
-7.877394310716857861e-02
9.829802621074203162e-02
7.021061122905150609e-02
7.544273355965748495e-02
-8.646333346038342915e-02
-3.195431983613570420e-02
9.007715486739649446e-02
-2.558870856355992957e-02
-1.146245850162790764e-01
1.304611634681592143e-02
-8.604475972399770745e-02
-8.258145269154856805e-02
-7.697460714232447210e-02
1.151438766255647728e-01
-5.106482076754777222e-02
9.365841004562983074e-02
-2.584776773374119346e-02
4.668820473960073880e-02
5.786157136230406922e-02
-4.571481640092763671e-02
9.708833175493689072e-02
-9.672217951268348435e-02
4.643804526219715706e-02
5.043230975991339071e-02
5.512069829281066036e-02
6.697794080776740822e-02
1.053497731603352250e-01
2.060268218356854988e-02
-4.817636427071963351e-02
-8.983758130106921092e-02
7.065282304746851871e-02
-2.460380064574660408e-02
-4.794829922224415342e-03
4.393918326530678320e-02
-4.305501025512035312e-02
-5.044591092479681904e-02
-1.818968308067126297e-02
4.139168323056399007e-02
-6.448874527854471517e-02
7.026143642439296524e-03
1.206343657667832345e-02
1.560549279135957888e-02
-9.640194991314857131e-02
-1.234360594551020887e-02
-6.962536564074145451e-02
-6.544044646164369483e-02
6.154397050497015242e-04
2.861032018285242576e-02
9.049016431319972797e-02
-5.630143362794548523e-02
-9.425626229167737014e-02
6.749876499582155298e-02
6.030335697807076567e-02
8.645451034001683244e-02
-6.486060106828872573e-02
-4.047614358464908524e-02
2.251317965939954313e-02
2.465038920116984986e-02
-7.019158793282976802e-04
-1.166814072657624130e-01
-1.732122190442443588e-02
-1.045057095309019496e-01
8.236217781823196304e-02
1.192742734584607972e-01
-9.255345173133454340e-02
5.580585679299238100e-02
3.009001771503879916e-02
-3.541094146192468040e-02
5.010382209958875316e-02
1.352026989579424923e-02
-6.286918550711424747e-02
-1.050003888898094900e-01
1.117961199226035346e-01
4.068255820550890217e-02
7.575924585095790420e-02
7.976937383409489490e-02
-2.892258967518486143e-02
-6.784953503458562851e-02
-1.118012210199404027e-01
-1.122463266086147632e-01
1.367514452160272127e-03
9.443982997744595348e-03
-9.437148693409012912e-02
-8.292363640580585615e-02
6.416163619398262963e-02
-1.005934690603159098e-01
1.137097028595922543e-01
-8.584553079084965288e-02
-8.143861833438581499e-02
-8.921678923497958213e-02
-4.468135271979691708e-02
-3.504496982020611270e-04
5.143863443181958400e-02
-3.376246057198158124e-02
2.940278282889819544e-02
-9.482623839579643055e-02
-8.810178932862627529e-03
1.229214366620951134e-02
-9.442325406447368841e-02
-1.770914547932183085e-03
-8.539430653327766130e-02
-2.147905791019065480e-02
5.494626969564633812e-02
-8.965358118229596607e-02
-6.570692513254264289e-02
3.397602044232294477e-02
-6.976989053700125010e-02
4.417390047202399833e-02
-8.547767193029148780e-02
1.146310004159617757e-01
2.282274025311157792e-02
1.088661831307226602e-01
-4.888509046329074514e-02
-4.576556307553493463e-02
-7.398217888252112129e-02
3.501950555250528396e-02
-3.061398976008930517e-02
9.279769095456369410e-02
-9.963409322456584505e-02
-1.905364235098054582e-02
-3.858324318608173653e-02
3.980296811161499609e-02
9.171385208125638899e-02
4.621078458328057442e-02
-1.099893614365232974e-01
-5.017625438045437980e-02
5.677555727938661534e-02
-5.874444508257657682e-02
-1.105438704133770017e-01
-3.185324867153224715e-02
-1.106000547057158639e-01
-7.192750790181703935e-02
-5.326274742697509335e-02
8.655406051252446942e-02
-8.340785086864593856e-02
-5.551064421492153678e-02
5.144964108751280685e-02
-4.627468806593373202e-02
-8.642215236793285293e-02
6.911697707185293638e-02
1.069333129635222784e-01
7.803069909557155959e-02
1.574619704525107716e-02
3.253011476825086457e-04
7.609588632175669221e-02
-6.187543517275811977e-02
9.546451833976642154e-02
5.637640485339197316e-02
3.748939919937639698e-02
7.040945761927511204e-02
1.223822707741205329e-03
-2.560747843079570416e-02
-8.022228680915989563e-02
3.779219321994414099e-02
8.024295163423789123e-05
-9.515432373562590640e-02
5.817476269239028192e-02
1.793771430649918758e-02
4.828136061044766697e-03
8.256194617309059458e-03
-1.024134036582121376e-01
9.586366271429977437e-02
-9.590091162272314229e-02
8.882108647972555837e-02
5.106616828963816968e-02
6.911028783020425892e-02
3.587478030633010212e-02
6.064387807450929979e-02
9.014734773719924876e-02
8.788124605823549595e-02
5.636347790185521067e-02
1.109334548622133154e-02
1.270099631990630716e-02
-1.171483541911618326e-01
7.337860001436982693e-02
4.435509158919355432e-02
2.843118860269071638e-02
4.037255267416881704e-02
-1.154571313193535897e-01
6.173410935215327411e-02
-4.935190922816447279e-02
4.220467756430414108e-02
-6.229550142408676883e-02
-1.113034945332239817e-01
5.612370285799760800e-02
6.110216401503351658e-02
-3.732018301824566175e-02
5.667444074481128857e-02
-9.793141712606637239e-02
-1.145428290345971850e-01
-5.941554707000479274e-02
2.808559607682764234e-02
2.715647597693511290e-03
-6.514610063650752569e-02
-1.153552300735145343e-02
-2.534935881991300100e-02
1.326962721466692918e-02
2.973980438145448768e-02
3.121142570837008579e-02
9.936406073139958384e-02
5.347145072186464815e-02
-9.363343182042919988e-02
-6.985125915797188098e-03
1.040366890183618866e-02
-5.792870024588069738e-02
-2.526996505993442735e-02
8.261162897823648432e-02
-1.139692817665499854e-03
5.366428788107727166e-02
-2.638084112548677584e-02
-2.407199624357776041e-02
-4.850817712070169124e-02
-2.602560272400950003e-02
3.726133820254434736e-02
1.479829819266537290e-02
2.927883241525443617e-02
-9.331236788073957178e-02
3.529428437418048736e-02
-1.134041445322054864e-01
4.369592115171501423e-02
2.250100596469625791e-02
5.863255474065432599e-02
-8.874614197854588382e-02
1.033374119408231040e-01
7.176365912943137582e-02
-1.311762670029734991e-02
4.929511916394559851e-02
3.822162093453412846e-02
-1.269945453042347627e-01
5.927649652014992110e-02
9.120598319304062951e-02
-1.670800015356812759e-02
7.543862306358983805e-02
-1.233074877605549041e-01
-1.045980839193678125e-01
1.069575414231848653e-01
-4.961648491019862023e-02
-2.490562312673423595e-03
7.490326682646204770e-02
7.386508444346263913e-02
-9.081518959157031112e-02
-1.158670953655377978e-01
9.199093641991230863e-02
1.100343064176004110e-01
-8.301719251329497951e-02
-8.078254894842698541e-02
-7.594161991346508669e-03
-7.706279838071070087e-02
-4.245430338230582468e-02
-7.053095531696695897e-02
6.767921085161453243e-02
-3.168528660727661789e-02
7.336683880111986855e-03
-6.746802707427181078e-02
1.848317938182150039e-02
4.498164544861558978e-02
-2.332045297602019368e-02
5.496445518286174892e-02
6.685613644086958740e-02
2.113263219897886305e-02
-9.606340847176061959e-02
8.013904226927250074e-02
1.222931994469961259e-02
6.372400171710967953e-02
-3.780088041311172042e-02
1.112228052998566058e-01
-1.068026982106994316e-01
2.432244362156092687e-02
1.114474358859590952e-01
3.016679224222624037e-02
-1.820175386337111872e-02
-1.611785151913249642e-02
7.724152226219527240e-02
8.471315469027106138e-02
-7.274927809909491339e-02
7.882382063195260413e-02
2.863963504424792486e-04
4.108705638816996519e-02
-6.958810509333494820e-03
1.008912869541420121e-01
-5.914110727535185769e-02
-3.982011585258085629e-02
8.489747409425506264e-02
-8.787412921694259804e-02
9.766111422857184921e-02
4.743162446252571773e-02
1.011477508185039745e-02
-6.999526679743432733e-02
3.332612944409073935e-02
-7.301025520399458124e-02
-6.295981187831446724e-02
8.668135549299483059e-03
9.660746193521271841e-02
-8.234600177754705652e-02
1.045683944092297840e-01
9.795408147466579118e-02
-1.190074865526538211e-01
4.210714712690846739e-02
-2.237874468168075601e-02
-4.795927696645311405e-02
8.582921663734453810e-02
-1.173681884450706453e-02
-1.423497297189993665e-03
-1.197248566796624628e-02
-1.211875850726683856e-01
3.097096164606603225e-02
-5.168732410629107987e-02
-1.071567346905741708e-01
-1.115294020225606197e-01
-8.966008210869337580e-02
4.617716624539117826e-02
-6.484731293963705290e-02
7.433989658858236593e-02
-1.181437123628292646e-01
6.358428556533166076e-03
5.788722210956224329e-03
1.081386697700578714e-01
8.536553516063045965e-02
3.831001418712166179e-03
-3.535236531193237594e-03
-1.637351500547901823e-02
1.051358762053343915e-01
-1.631972360409776612e-02
-8.893431030681181459e-02
4.261945487084010248e-02
5.638907814651802214e-02
4.907590404922184540e-02
-1.278334675636363937e-01
-7.260072548721303864e-02
1.358543726369849242e-02
-7.793623191940061978e-02
1.186545608144948249e-02
8.456616666847475983e-02
2.108290233586554430e-02
-3.820522297713051935e-04
-4.278379430751476364e-02
-1.809762367803304656e-02
1.001293750322764242e-01
5.601878869994311033e-02
6.324999258184704765e-02
-5.306193761600316514e-03
8.711709145272077126e-02
4.990119352619316190e-02
1.086426194586553595e-01
2.979175525670433103e-04
-1.209113513824663644e-01
5.949813733428258727e-02
-1.188519362455967149e-01
-6.019507714677338472e-02
5.031510952683312249e-02
6.589567752697297887e-02
-8.922076859028940654e-02
8.520237125520023491e-02
-4.698358838716303054e-02
-3.422916898769639421e-02
1.095606820870351494e-01
2.803504549259256198e-02
1.111102314562533860e-01
1.739013387022217069e-02
-9.542508884862689611e-02
-5.996767352175983584e-02
6.934499557396947567e-02
1.823217705589404505e-02
-8.091271520952436624e-02
-5.289354457057619113e-02
-1.460377145413693789e-03
-5.214625713422613162e-02
-1.131394293135636921e-02
-1.618985657717481388e-02
-8.162699921686780713e-02
4.911374265336689027e-02
-6.533343033606214822e-02
-4.597282008411476134e-02
6.311718731664341109e-02
9.277963379182885273e-02
-6.120413893576247960e-02
-6.915442814512348657e-02
3.683902248415923258e-02
1.016973120916324080e-01
-8.667855803435514650e-02
5.911540939902505676e-02
-1.044700106663044858e-01
3.380997512153550294e-02
-2.554373005807700561e-02
-5.964011558047721713e-03
1.138549438146910370e-01
5.940441886337528149e-02
-9.760612677722534103e-02
-7.100418216820510164e-02
1.034263914380381122e-01
6.940476960350280833e-02
9.440944503660769760e-02
-1.136705649508650273e-01
1.805573757552995928e-02
6.120346852709905583e-02
-1.344775096692351051e-03
-2.872872263539064108e-02
-7.362641505714552503e-02
-4.421593500118246173e-02
-8.244631204995164775e-02
-7.518097097336773338e-02
5.281180295881851040e-03
9.542298358660374069e-02
-3.057351183730986147e-02
-5.426978337037270672e-02
-7.917541414758193230e-03
4.572470662649207734e-02
8.274774882244506635e-02
7.805419896555586268e-02
-1.095257898226550536e-01
-3.128965502997919229e-02
9.860617778963080143e-03
-9.095807014738827023e-02
5.267396634935721939e-02
-3.632829592230450710e-02
-8.816198157813906477e-02
1.126049645366411847e-04
-8.526878256123972266e-02
-1.021561789348498644e-01
-5.740582588067727476e-02
-4.544875020427643908e-02
8.393916221098444985e-02
-9.657411822432429571e-02
7.295486152991502438e-02
-9.144928384220379902e-02
2.069338028218858233e-02
-5.024785798030979855e-02
2.573837179611467019e-02
-1.015948891534736581e-01
1.163784736705013312e-01
-4.523972082874005984e-02
-3.962816633896006080e-02
-3.128008971130374904e-02
4.905455755682473773e-02
4.305837697663681546e-02
-9.956896168267445613e-02
5.498828117117723208e-02
2.895539070922764982e-03
-6.052914632095483805e-02
5.855425021536506125e-02
1.042376232249278209e-02
8.796326270828032368e-02
-7.496091666827689459e-02
7.468578011889660806e-02
-1.054695522298674526e-01
1.220132321444088869e-02
3.964173459192942006e-02
-7.937140289517650993e-02
-9.030773087724584813e-02
-1.030270686446338041e-01
-7.030084383673616821e-02
9.389902879348425990e-02
7.207597239215363105e-02
-6.779755188292410639e-02
6.619635867130015117e-02
-6.315593214856786430e-02
-7.270079556946837385e-02
-1.166775029104961531e-01
-1.129454268013497104e-01
1.088692401165761159e-01
-9.871732582626911723e-02
-4.321737252475588154e-02
8.347198618424130079e-02
-2.168862353489899031e-02
-7.799767822451107203e-03
-2.428171470697815595e-03
-1.007637170272958765e-01
-5.005817970243165577e-02
1.071410207705889017e-03
-3.951440237337386363e-02
-1.092689264775850294e-01
-2.471439208816057428e-02
-1.527970451305081870e-03
-3.056647690801793382e-02
3.482744794691384344e-02
9.585816892796766853e-02
-4.166434935069614209e-02
-2.501542006262587672e-02
-4.841760074766465055e-02
7.738037312233382592e-02
8.417667189564867480e-02
3.084519209063915288e-02
1.540381483412573554e-02
-1.100690771786584921e-01
1.700152102020802483e-02
4.756507380751277131e-02
8.951242283915854248e-02
7.843295551035378566e-02
4.049553684278253685e-02
-1.892480414291793089e-02
-2.275587860626411552e-02
-1.290833400489143148e-02
6.287498840300619757e-03
3.406254208864556432e-02
-2.434333660830859981e-03
7.981417897491696611e-02
5.402315732517952440e-02
-4.642321323738308331e-03
-4.731394564995860391e-02
-2.970011079855939401e-02
-2.224081232621667389e-02
-7.129110384389908059e-03
8.172381072056913998e-02
-1.020986633843401770e-01
1.766868590720269833e-02
1.345704855537239314e-02
3.175760815801691173e-02
-1.578623202316542518e-02
-6.268920256315520245e-02
-1.032203457453977208e-01
-5.517575979362548261e-02
5.631440861171918555e-02
6.798504783200648438e-02
-5.306047666088697240e-02
-3.476878937764801142e-02
-8.579860289266580398e-02
5.024843649230623793e-02
-6.928324670411045716e-02
6.553316844845806510e-02
2.873163110765132588e-02
-1.003617464698469824e-01
2.379847531743534660e-03
-1.006624937111029738e-01
3.847833956019786755e-02
-1.114333277876833894e-01
1.060445968535625727e-01
-9.768716087584601582e-02
-1.141146777608489371e-01
-1.145557185796092503e-01
-5.665794601414130341e-03
-1.085455349657448304e-01
1.092689855658864617e-01
-8.216908856159066410e-02
-1.065099447331802340e-01
7.221304722590851308e-03
5.465999171918958094e-02
-1.068405893641548865e-01
7.369150970213525498e-02
6.733008088205098829e-02
1.083948689195692178e-01
1.230134644854725540e-01
-1.101831013456588543e-01
1.775895772212229828e-02
-1.795952204614183201e-02
-2.530718241039923207e-03
-1.982252536301743612e-02
-1.864612797635141830e-02
3.814888125323948054e-04
-9.321914634102826391e-02
5.607502761848415229e-02
4.204788535353244650e-02
-8.095745694409152426e-02
6.036505880164916987e-02
-5.419461491191867458e-02
3.820961395214404061e-02
-3.282611938849794297e-02
8.511746419553907483e-02
-5.708106233783073746e-03
-5.817015198298447487e-02
-8.046920662671630531e-02
2.406544318550815284e-02
8.845869867559769117e-02
-7.653293426245244557e-02
1.109763579737677169e-01
-2.670026781924863396e-02
-4.645383893123715413e-02
6.473123619108596405e-02
-9.361787051039717478e-02
-1.077159360822856626e-01
-4.083900883950068728e-02
-3.141816574630795778e-02
-5.832630446854678713e-02
-9.217417548356755808e-02
1.083584274319959462e-01
1.607575829123373753e-02
7.299287960448115620e-02
-6.742560562852618899e-02
9.986637751914916039e-02
1.044716870548591525e-01
8.647608136180427729e-02
-7.865223343337483797e-02
7.546368562525591905e-02
-6.679871020038791185e-02
-7.146663826337606995e-02
-1.194309626902590876e-01
3.152067351777942950e-02
-9.997379302031121628e-02
1.061092847771204738e-02
5.872027128004794760e-02
-4.942252107812530187e-02
4.340343227261373588e-02
-2.661157823925356693e-03
-6.449371719616728282e-02
-9.274352041158369364e-02
6.508414874310937404e-02
8.982308921847209290e-04
2.666054558159312773e-03
-1.138984336148454041e-01
4.565460536022600962e-02
-1.192996672664897728e-01
9.391191080119876133e-02
3.709506008739959365e-02
3.026367210994190815e-02
-8.352076620190083955e-02
1.886402056722238235e-02
5.138909789146869217e-02
6.237389330874957075e-03
3.988356168455876871e-02
3.218345527833983005e-02
-6.588173624149540331e-02
1.937805616232666714e-02
-8.864128239700999265e-03
3.643831668089258548e-03
-3.846525619211210723e-02
9.582173223408423091e-02
4.829478013982480694e-02
4.766305111960487950e-02
2.845805332460538996e-03
5.739507210047415514e-02
1.120204507045487047e-01
5.815954521798939736e-02
-8.581874611091391825e-02
-1.014855791249886785e-01
9.786379212894476265e-02
-4.891427286698833699e-02
-4.596246998348330060e-02
4.180553386999293769e-02
2.202195555930163209e-02
-4.218067393504446039e-02
-8.189419027422041586e-02
-9.552200602570909416e-02
4.896427147892454951e-02
-1.073374212518562326e-01
-5.466801698342974025e-02
5.519565744881385627e-02
-6.242234638494343485e-02
-4.796156569514624032e-03
6.258525079100381305e-02
7.583467695037027917e-03
9.003400561565393090e-02
1.546859762582199552e-02
6.088290644000966118e-02
9.453114958423072811e-02
1.279457019095766798e-02
-1.302803813711055081e-01
1.971712730362963975e-02
7.264240729317261724e-02
-3.963159456233475431e-02
3.992125035222957030e-02
6.492491592211900586e-02
3.648480846104919240e-02
2.094717832205504615e-02
6.074493919437795597e-02
4.115257913540571952e-03
-5.626050637070368482e-02
5.806592592192211244e-02
-9.421500811960838162e-03
2.311650081429663522e-02
-5.123622151906041811e-02
2.971130604874452907e-02
2.249176424715824962e-02
-3.275671706719985449e-02
-2.967300136344813710e-02
4.111391182485917006e-02
1.294197170536996733e-02
-4.875480924417505135e-02
4.747962549360481427e-02
1.485030886761661353e-02
-5.554393366914853886e-02
-1.117337030511310614e-01
7.417888152672327817e-02
3.703857013598396697e-02
-1.014984090165900327e-01
6.568257720478698491e-02
-3.821690153220103081e-02
1.792860767328618293e-02
-8.725232233899728185e-02
-4.426380158906122880e-02
6.221664889993838710e-02
-7.055084763256896929e-02
7.471271672355635218e-02
1.030426669822413488e-01
9.802404712314664870e-02
-8.226599508735008004e-02
-1.293210512997396665e-02
5.138411249933896169e-02
-2.952080077643857645e-02
1.024972381850986769e-01
-4.354840510746228743e-02
8.704550170735286807e-02
-9.278448131135307031e-02
-1.090769226766148403e-01
-3.402743748117700168e-02
-1.088868731717418242e-01
-9.957793148346154311e-03
-8.266109176789585011e-02
6.165971030402487424e-02
-1.292688707501357497e-02
6.463914506872359134e-02
1.053777191298936045e-01
6.126430342676234680e-02
-8.872673497486426378e-03
-1.081295330432084228e-01
9.678796215049333129e-02
1.874379806847732699e-02
1.001400918101620491e-01
-1.032770773295615258e-01
1.176789940227620720e-02
-8.051035771559246490e-02
7.531776146156865526e-02
3.419378442126321666e-02
-9.361317201015062484e-02
-7.659004544599007369e-02
-5.131928846094235830e-02
-5.909123518068107317e-02
-4.781052163005600208e-02
-4.549032156760288853e-02
-1.745086024814754277e-02
6.465181415810931920e-02
6.314570766559587933e-02
-3.309824014009837140e-02
-1.159616150804589213e-01
8.111804392434585065e-03
-4.539755165854544167e-02
1.074494055185459297e-02
2.688121610843397652e-02
9.817895409140917073e-02
-6.911681195823930757e-02
-1.819878224997688657e-02
1.068067037405343728e-01
-3.022965526041097861e-02
5.875158350130622181e-02
1.669361035038245678e-02
-9.614211638167679402e-03
-1.035835480834194355e-01
9.792624715303888117e-02
1.334253821277161384e-02
-8.922977698561158910e-03
8.094386341390905418e-03
1.418076052138043594e-02
-2.315633988517137171e-02
2.689425530088045829e-02
5.150333960148016643e-02
-1.519136565646263606e-02
-1.191520852979535694e-01
3.184053109726519420e-02
-1.257651740594585565e-01
1.838362428988345176e-02
7.464590820084125722e-02
4.985292566448681906e-03
1.226070448870188873e-02
-5.475245179453161470e-02
1.045438714984305018e-01
7.079211088058762202e-02
7.868738831490058871e-02
-2.546325855371873656e-02
-6.684385550272520238e-02
-1.128141611406095340e-01
-1.228969031063316120e-01
-3.910151185789360884e-02
8.162470966465830424e-02
1.008948935003697173e-01
3.024097718718136291e-02
7.135910542592625860e-02
-6.520223913935087323e-02
-9.227037244157194895e-02
7.495211972538740053e-02
-1.024308252049082185e-01
9.067920726984779467e-02
2.867747362059466093e-02
-4.593020923468246058e-02
-2.200788581851387954e-02
6.627825600336112455e-02
-4.479135883706918814e-02
-6.209875383198996956e-02
6.867302425157360835e-02
6.917075554147496252e-02
-1.148618342866236652e-01
3.446968607915645855e-02
-5.467002269591830776e-02
1.962904382730265920e-02
-3.582664973487153896e-03
7.696215007340660372e-03
-8.322325386558634963e-02
-2.504995747461058117e-02
6.588773571747649771e-02
2.840755650438083271e-02
2.371636903523140563e-02
3.625090568836202010e-02
-8.165830370083705658e-02
-1.001652835158493848e-01
4.832179832010111142e-02
-6.714613513305019155e-02
-4.907547658610963287e-02
-9.628885599978929954e-02
7.268112908542000150e-02
-3.216715948777679884e-02
-2.908823250118896045e-02
6.496455214406676726e-02
-3.274386611417279269e-02
8.510288394119920607e-02
9.794866417283749904e-02
3.343851018478697507e-02
6.434228562895642767e-02
1.728646708067353710e-02
5.967459866767620830e-02
-3.124901407338002979e-03
-2.359122218575436872e-02
-2.640428090885425447e-02
-5.496854576789018260e-03
4.578518484561889396e-02
-8.214219382061951902e-02
9.201657955700647332e-03
-8.596744475707661370e-02
-2.423651958325611852e-02
-1.012042085018339255e-01
1.017640868316900676e-01
-5.263862500377648398e-03
3.637990480382265884e-02
2.365760430373988615e-02
9.144001910444796155e-02
-9.104635422723894589e-02
-2.598906940205444882e-02
3.362783693707175475e-02
4.553081977873568720e-02
-6.949111901579821393e-02
-1.021679487432549105e-01
-5.136387844110510553e-02
-8.202412832446223656e-02
-8.254395730505456608e-02
-1.800293127630985326e-02
-1.196024772029630028e-02
5.533978001884556214e-02
-1.583542978070574467e-02
-1.676098256113144058e-02
1.723775957541280948e-02
-3.053556793682072820e-02
7.431446170246019944e-02
-9.764104669526890712e-02
-2.348993075521252187e-03
-1.077086419506563530e-01
-1.166419635863939763e-01
6.544224966109193908e-02
-6.182096995194173369e-03
5.248341946346064130e-03
9.291068984902109418e-02
-4.594624046371595383e-02
9.480788171014946364e-02
-5.174107724680332421e-02
-1.268966389658528482e-01
-2.567298256312682686e-02
-3.252841742538803427e-02
-8.085541132929681407e-02
-7.194267842599014195e-02
-7.934251416727902684e-02
7.824624063382255856e-02
8.276228684715850048e-02
5.885142562459810822e-02
9.963737257246974011e-02
1.490562648352561186e-02
6.080379750023354180e-02
1.026616633661739525e-01
9.116385359977016711e-02
2.026552504486694301e-02
1.865384943472275098e-02
-2.748591818734195946e-02
9.990193944496213174e-02
1.135281064144875451e-01
-9.809545794789759077e-02
5.723934830863440515e-02
6.121572257908943805e-03
-7.727701030661701664e-02
6.362494217173252087e-02
-6.027035533943158468e-02
1.134881125949450120e-01
-1.055300389846481612e-01
7.422503370490166064e-02
-8.675984007198633829e-02
5.260626031781834300e-02
-1.740384329378552239e-02
-1.119476345880011381e-01
-5.091676049737833831e-02
1.420877377243647856e-02
-8.401306768263898384e-02
-1.148785704749469561e-01
1.137632539837992868e-01
-5.382993335418208292e-02
1.158074420995386794e-01
-7.412787681191006228e-02
5.835968847368121909e-02
9.919570019804027639e-02
-7.431837597352791702e-02
-7.317867352973329853e-02
-1.002915655739725354e-01
-5.772243987065924647e-02
5.457319776125374444e-02
-8.002006380728955703e-02
8.153664911300663454e-02
-4.393457591110699889e-02
-4.883800933624747598e-02
9.325328617899275585e-02
1.121118908531771041e-01
6.929036030541919911e-02
6.384936884043977690e-02
4.768021064014220378e-02
6.654906988900512188e-03
-2.285852510525086118e-02
-7.324554916723820253e-02
-1.185418254578187724e-01
2.278813518311568684e-02
-7.890395750744828851e-02
5.275305071484608088e-02
7.085760932141321744e-02
5.541632163173228209e-02
2.680636162831667030e-02
-1.234046791966498524e-01
4.925213361691838099e-02
-8.839491624092903066e-02
-1.022494518595275514e-01
6.556521885136097627e-02
6.455772347352900509e-02
-7.413210803074833655e-02
9.596246509880684231e-04
7.849772595323151539e-03
-1.094421909517164226e-01
-7.201068187320489034e-02
7.991342424892322605e-02
-1.015499065751555435e-01
2.443031040736628329e-02
-1.075061430061180073e-01
6.185457506199645156e-02
-1.192480473257750695e-01
-1.954636288192615479e-02
-7.733228902969614682e-02
3.015789649969971217e-02
-1.415197304431127512e-02
-9.207777143710295376e-02
6.865053428782220968e-02
7.767062554926396079e-02
-2.521798905851290601e-02
5.739648146254128225e-02
-4.656190179785260619e-02
-2.082488736436238427e-02
-6.724048031863424923e-02
1.706124903704637694e-02
-3.285975856122722027e-02
2.583180671282417351e-02
8.867111243883040936e-03
1.229301638306418420e-01
-1.411710490576970588e-03
-8.708707965026100950e-02
-1.116249555859164660e-01
4.384467283782723414e-03
-3.894399235966197054e-02
-3.689027623209710505e-02
-3.424235558033403293e-02
1.217222175279639770e-03
-8.251183425977999530e-02
-1.916324075704318314e-02
1.021172594191337851e-02
-1.046890846906092104e-01
-1.622559534339516191e-03
-1.177165941979973346e-02
2.632407616818694535e-02
5.777940924552372320e-02
-2.538919393355136556e-02
6.810542721740044103e-02
-8.975452262398349312e-02
-1.719338780824069060e-02
-1.045683085234705156e-01
1.002300803464438866e-01
3.078082002110881996e-02
5.004013156675175822e-02
6.246701166833287799e-02
-6.313374707915522799e-02
1.064588162173080998e-01
5.359945110292655551e-02
-1.086481697543809355e-01
-1.119581773373379413e-01
1.084101086006499792e-01
1.180561805660035046e-01
-1.016565612366455151e-01
3.227665442568855569e-02
-8.815006434499446375e-02
-1.334454548391053944e-02
1.533758368957845869e-02
4.411367993500582563e-02
-7.998090581330681570e-02
-7.976925195372509825e-02
-5.922570756728329222e-02
-1.433305801048894573e-02
-4.991681647085453172e-02
2.379140767155460759e-03
7.903429068451531259e-02
3.680984899434246171e-02
-1.265421954029854468e-01
6.690643374396816959e-03
7.065505002276610894e-03
-3.042845488510247109e-02
-1.111020576640997237e-01
3.327084005453177784e-02
1.792589118653515473e-02
-5.051978809482540050e-02
5.131835696301919464e-02
-3.718651087617028117e-02
5.848845597873238850e-02
-3.451257902820192847e-02
-5.972181841595428087e-02
-1.729333478610448754e-02
7.673417960789050141e-02
-5.123384450598948009e-02
1.043892426668958789e-01
8.330242114162084155e-02
1.858923074082805341e-02
1.094435554287653822e-01
-1.851136109100205360e-02
4.268345322996077579e-02
-9.034855525596688364e-02
-2.455024183192037676e-02
-9.552741598307644411e-02
1.000349937817575363e-01
3.891965723710565789e-02
4.981966564714764012e-02
-6.276053107280486765e-02
-9.301053390656054132e-02
9.022813317960604040e-02
9.427622586331445287e-03
2.918582755242555421e-02
-1.174445885923171146e-01
-2.593644102052889908e-02
1.139456303203624510e-01
-6.570549910804980229e-03
2.597996720747389882e-02
9.978979057193147761e-02
-2.072383776153553445e-02
-1.137125723772818980e-01
-4.689595964114037785e-02
-5.046131884980593202e-02
4.101999484092315462e-02
-6.820249325751179259e-02
-1.131333122056169399e-01
-5.390893161508848730e-02
-7.841134416340377056e-02
7.486813057506219726e-02
3.101749836256520107e-02
-1.144438686861669469e-01
-7.904902347378971184e-02
1.030333454262276488e-01
-1.259038410546032410e-02
-3.591941508220267837e-02
-3.741249371318942224e-02
2.675850022213339691e-03
-1.059402050347249963e-01
3.013776400407843295e-02
-5.086753515550652971e-02
-2.673556207380652777e-02
-2.014075252118887119e-02
5.706391897976333116e-02
2.602185485822743408e-02
9.177797037899577959e-02
-5.644536776626776775e-02
4.898560619649860309e-02
3.302278991317558754e-02
-7.016725282359924376e-02
2.337617130615140398e-02
2.317303137268634031e-02
7.122724298461692582e-02
3.537261323088489173e-02
-2.534330899761640804e-02
-1.575622977576056002e-02
4.207672104272102559e-02
-6.000333594763614109e-02
-7.241704838857765392e-02
9.483514254752677120e-02
-6.855419174087631906e-02
1.154889539554404265e-01
-1.089872047868937488e-01
7.298712763181050556e-02
-3.783882318029369723e-02
-6.832213918141236131e-02
-6.664190749432927219e-02
-9.625325188625147299e-02
-9.649383433449433556e-02
-1.832587146210987866e-02
-3.429872559039347235e-02
2.612024697524799668e-02
5.660306228045029753e-02
-7.809461425540463464e-02
7.343471392730943625e-02
2.570581308348388744e-02
1.873872163386738898e-02
5.102346407110495974e-02
-6.507392104734556482e-02
1.043422009921210480e-01
-8.516399340690859743e-02
5.902504556737635938e-02
8.159465592613164564e-02
9.107046907959001625e-02
-1.126405700778234237e-01
-5.071490030477565636e-02
6.210666405680621144e-02
3.494619577406104377e-02
-2.579503286000671761e-02
3.980472760283346179e-02
-8.334921350008922536e-02
-6.310864594444305642e-02
-5.755838248648619676e-02
-6.643734957274786967e-02
6.338179070344782118e-02
-6.954417416007674380e-02
1.110206746017048246e-01
-1.613903468228890942e-02
-2.803759248826415140e-02
-3.500272050145038921e-02
3.287903502906801972e-02
9.401483318153143476e-02
6.426965067971623924e-02
-1.041841551078561967e-01
-1.157474283535638304e-01
-1.153406652487219963e-01
-1.805436182191339986e-02
4.091012486188717878e-02
1.131981805421344162e-01
-7.628165724013841187e-02
8.503844646546120101e-02
1.526548610161441132e-02
-4.689612760384235385e-02
-8.783789378239201251e-02
6.995575153292307724e-02
6.548852476487737606e-02
2.337829922691450624e-02
-2.083402117626494479e-02
-2.675427550857097103e-02
1.068639518504891084e-01
-7.576681045261023095e-02
-1.026534724874694944e-02
-2.027026423279871398e-02
1.628730497720629056e-02
-4.304792480587746328e-02
-8.388325853657495335e-02
7.783688338546025653e-02
-1.136507377449211681e-01
1.187784689451245462e-02
-1.147423230917332809e-01
-2.213643929536662780e-02
5.889149859259059511e-02
6.069833746729102336e-02
9.649276243224834404e-02
1.463868565152419074e-02
-2.462662902440280327e-02
8.297236842141983426e-02
-8.840704106243597871e-02
2.545541443390717321e-02
-1.046400136262599923e-01
1.019588916397603934e-01
2.444924572206731359e-02
7.670943537017800573e-02
2.347890054530594670e-02
9.590150305847833581e-03
-2.589757547124769965e-02
-2.007125185052333408e-02
-3.895040952986535132e-02
4.211460917631566769e-02
-7.311262084909679604e-02
-2.930255149861469774e-02
-3.479913834237072928e-02
-8.402306590050122315e-02
-4.224250280247285327e-02
9.444845761432116293e-02
-5.333538977978900808e-02
-1.950809408496526759e-02
5.904709286627687209e-02
3.105653336741192802e-02
1.833981341121106168e-02
-1.079786976641159135e-01
7.389268758597780651e-02
-8.805649443048114977e-02
-7.090281183086433181e-02
-4.604468360206766947e-02
2.155849180794372141e-02
-8.652105588618173859e-02
1.227618816495898869e-03
4.465701315520632930e-03
-4.389656208783319219e-02
4.072760610308194529e-02
8.567948740769578200e-03
-7.069802944756031771e-02
6.159332072720555273e-02
8.426915110571613077e-02
-1.743211718033136140e-04
8.409491806768011612e-02
-1.221818287392443247e-01
1.029478131034033961e-01
-6.605031784871259748e-02
5.619915908139413302e-02
-1.091427081277074329e-01
1.917969503875189413e-02
7.496971521313416931e-02
1.086194814290116495e-01
4.266584667514220636e-02
4.184383835344582941e-02
1.032753811263240479e-01
6.239485726935118347e-03
-6.634985757831338149e-02
1.049928077907343466e-01
-7.827280698829247596e-02
-4.850609173336770108e-02
-3.835789571658244912e-02
6.220307672291586210e-02
-6.657746579954057498e-02
-1.098744011547398980e-01
2.781374147488384352e-02
6.608578395331904387e-02
9.748150072014730161e-02
1.686832972479953424e-02
-5.890183697855409795e-02
1.092402243301447001e-02
1.138188628743128650e-01
1.008977696530498347e-01
-7.102742958489195735e-02
-3.648466690549171526e-02
4.936355243394263854e-03
-1.183994803100401651e-02
-1.242849248283789398e-02
-3.860951776303622046e-02
-8.253310542318002818e-03
-1.201148092058704486e-01
-3.069805029925859810e-02
-1.124322101881765207e-01
-6.225918601685874465e-02
9.262517432488083513e-02
9.132642763438246492e-03
9.072469747847167199e-02
-8.527153620027494441e-02
9.364448349286014217e-02
-1.019683424583547188e-01
-5.182716483637701821e-02
3.376532226781463197e-02
5.810749485841190665e-02
7.685831411891023979e-02
-9.441105242591832369e-02
-2.565237250242822717e-03
-2.706233436677960881e-03
-5.745227730479283285e-02
3.113424930572895877e-02
-5.181149196008588004e-02
5.933288157093166010e-02
-5.873074350559299994e-02
-7.762056895791041855e-02
4.924452820110537116e-02
7.302315971138124973e-02
6.218575529926093776e-02
4.578477374079497481e-02
-6.036915876035090639e-02
-6.833645006680287570e-02
-1.008887406005007648e-01
-2.500887986143991715e-02
6.196583293109461654e-02
1.749890563284470235e-02
-6.142981598831023099e-02
-8.572970822762754350e-02
3.163358053796320318e-02
-7.001663015555820158e-02
7.929735637370380341e-02
1.208376224944029964e-01
-4.116589820380810866e-02
7.475468872253111796e-02
-3.993822708078504508e-02
-1.060097390824178559e-01
-7.797715376718523939e-02
-9.708132309931149714e-03
1.081165094161083140e-01
-7.211307099080324634e-02
-1.091622069066260359e-01
1.041448743499553825e-01
8.799344982265813742e-02
-4.960885345568577520e-02
-7.885560473326707481e-03
-5.647014727545392881e-02
-8.216940039862824507e-02
9.844415942638742867e-02
-7.508237048572907746e-02
1.009063226714410622e-01
-8.466802463204278761e-02
3.229822339676700210e-02
-2.373786971923140185e-02
7.194673117950955987e-02
9.526053877313361840e-02
4.020834641771543067e-03
-1.012791357575078266e-01
9.909900559982114110e-02
-7.450798316744292049e-03
1.492733171156389316e-02
-1.879457349808405509e-02
3.590249844016570047e-02
-3.122685726774889967e-02
8.521033423685245300e-02
7.356207837098305280e-02
7.350838114289777458e-02
9.548711653546090861e-02
2.858376257790374436e-02
5.892154132305374437e-02
-6.289374038729780153e-03
4.090156660735018435e-02
1.015728109964821740e-02
-1.769503159188612687e-02
8.377291061686155393e-02
3.113328972055698363e-02
1.748067261036663489e-03
-4.519869396529076211e-03
4.245711956272910093e-02
-7.717810605539976443e-02
2.170889333313331601e-02
4.866155863862794972e-02
6.904779284164201669e-02
-2.793648939480806656e-02
-3.366369539816702061e-02
1.653899102925435877e-02
-7.997798861868857245e-02
-7.150203255321220530e-02
7.203848549316502203e-02
-4.310290828187901546e-02
-1.055981018799602711e-01
-4.004041853031479331e-02
1.665703434078504019e-02
1.074439640312375710e-01
1.080916405196758745e-01
2.644617218962910798e-02
5.190852055775811019e-02
4.614134061777987877e-04
-4.127616182257440314e-02
7.931144785321597723e-02
-5.010992861942194232e-02
-1.166227145660619913e-01
4.829655146215142136e-02
6.771777553857451226e-02
8.346691540528382303e-02
4.857573074670956670e-02
-1.719816067069312657e-02
3.939023155194359971e-02
1.079229080096764243e-01
2.564568620815624658e-02
1.040878049456792354e-01
3.216404624636313991e-02
-1.738278396447062897e-03
8.490687064085836178e-02
-8.017726927836528461e-02
1.050005112701461879e-01
-1.450680554251596033e-02
1.011444591864408549e-01
-5.130183872601845607e-02
-1.017023165516580258e-01
-6.629502977671321295e-03
1.148315862035054896e-01
-7.699666746849426202e-02
-1.176005755890407595e-01
-5.423794383577458522e-02
3.632332916222123093e-02
1.358706453090398163e-02
-1.281387385150124965e-02
-9.069253915247092734e-03
-5.661939887967724905e-02
7.517920274565655786e-03
-1.234761906207638808e-02
9.807796698330347243e-03
-9.925555889487734651e-02
-8.677320989993797529e-02
-7.878952977226659493e-02
-3.502796305834227769e-02
3.250097123239993613e-02
-1.744356198874740319e-02
2.568846462630813149e-02
8.470707142285048563e-02
-5.586122012028638811e-02
-5.270964601148969003e-02
1.070603907193882001e-02
5.423160780368802350e-03
2.462466093500691525e-03
3.574524424955225627e-02
1.093718509987192805e-01
-1.983907713391738076e-02
-2.599662708178058362e-02
1.806231222958334937e-02
7.591728406811980301e-02
4.619411131568666035e-02
1.788095488589959772e-02
-1.055360018397184102e-01
-4.327865987318538221e-02
-9.677135663179838032e-02
-2.904041023751261288e-02
4.496474364817948377e-02
-2.013001092707810205e-02
-1.098596450478518394e-01
1.002645667574124100e-01
-4.730864422672795278e-02
-1.128553936409623093e-01
-1.812260378521778764e-02
3.785607058300451133e-02
1.064648788998650980e-01
1.090264786955553455e-01
-1.175345534578717266e-01
-1.108494189019015308e-01
-1.017088781475813664e-01
9.895834778618099736e-02
-3.146601685837628615e-02
4.404937356808637239e-02
-2.466945050132559811e-02
2.896059462063588219e-02
-2.347824989537214066e-02
4.644047968411635363e-02
1.566167360178968848e-02
-9.436392319772132775e-02
4.514313967826484586e-02
-9.825398065201373932e-02
-8.282949232359443359e-02
9.358098951251858644e-02
1.102626646832175900e-01
-6.809068484266123447e-03
7.158362579684346416e-02
-8.985787399499774175e-02
8.055851441913947086e-02
-1.129438405355862388e-02
-5.187205020150604563e-03
3.380110406169993531e-02
-7.763899237405171017e-02
8.896154733574612727e-02
-3.000312928345926639e-02
2.101874439627466479e-02
-4.684533533089256518e-02
-4.875483507510941159e-03
4.233624081840597214e-02
-5.599480760436281040e-02
2.696119369800179660e-02
-2.675296557121974172e-02
-7.580081755105687324e-02
-8.861730489713705305e-02
9.357814688230625677e-02
-5.881266214744788889e-02
1.823018872884506203e-02
1.524134867407408826e-02
-4.314774726386272352e-02
5.363799990432127629e-02
3.337102988436966428e-02
6.115083723248676550e-02
6.994810327667705385e-02
3.914425240430581543e-02
-7.210270947216296245e-02
1.117434715320442529e-01
-6.182959427123969204e-02
1.106910458331484964e-01
3.967935680730540204e-02
-6.347861458665746137e-02
-9.090703061658148010e-02
2.475475116550493113e-02
-4.714187994319220254e-02
-1.150174438479557720e-01
1.737638539085088404e-02
6.512107969426925158e-02
-6.704036947546221370e-02
5.906923115759701859e-02
9.466827610209085919e-02
-1.154099613934191915e-01
-4.561109900749987095e-02
7.205765673853600783e-02
2.086580567769821468e-02
-2.685741226050191582e-02
1.756799379163297148e-02
7.958891051784004744e-02
9.299163017279728216e-02
-2.590296418468034795e-02
-4.175692512299985365e-02
-7.639224338889856469e-02
3.386763921854178683e-02
1.019300157664799200e-01
-9.390245795136652890e-03
-2.454754137240696202e-02
-1.144066398730634454e-01
5.220169264364854511e-02
-1.032646080382798870e-01
-6.823185733315034751e-02
-3.977809929991078103e-02
-1.161773430025199588e-01
-9.439941771179888308e-02
-2.604638492954152937e-02
-1.137898163095617116e-01
-8.695078990823182363e-02
9.690632288547375295e-02
1.054926779186593222e-01
-1.061254169694079014e-01
3.896394766016130634e-02
7.210906528004167038e-02
-3.425983280008407239e-02
1.037617449852574619e-01
-6.244867088482829176e-02
-8.684813188173169662e-02
-5.223114075373137821e-02
1.066067520334109398e-01
1.598121021584277685e-02
-7.714779387333571548e-02
-1.402158408149515277e-02
1.040102682698462733e-01
6.364074842606599891e-02
-9.300554987720330291e-02
8.026968531183444056e-02
-9.187616262931251609e-02
1.083490346180014663e-01
2.775823288738717837e-02
8.980251530415045425e-02
-7.032656759852826123e-02
-1.088424360815377634e-01
2.469333559656409962e-03
-7.633304085230602221e-02
9.466953029609473380e-02
1.485700059703840524e-02
-1.189083367928260582e-01
1.122353030989672457e-01
-5.340151883819255207e-01
-3.554388078961223663e-01
-4.599261100404194447e-01
-4.303371862495538602e-01
-5.229151191431585799e-01
-5.363018193004448486e-01
-5.572975144381921986e-01
-5.055406392914135738e-01
-4.983085430063216026e-01
-4.016702763510504592e-01
-5.387357844377811400e-01
-3.342389558458812582e-01
-4.678305194975231895e-01
-4.852953637021814037e-01
-4.553295720993544848e-01
-4.216231540563025737e-01
-5.291804742687599150e-01
-5.077726528805512896e-01
-3.058965942791332937e-01
-4.724120923683223783e-01
-6.101927224248442361e-01
-4.019754618191571649e-01
-4.168852820545018156e-01
-3.647484431706157215e-01
-3.999376033157410193e-01
4.037719716853201135e-02
-1.932349567043663979e-02
-1.902644398937317419e-03
-6.466795724541050949e-02
-4.655259387823031114e-02
-3.462349622917072767e-02
6.192966860138549023e-02
8.485202864796362321e-02
5.683407088179058542e-02
7.089915593074591627e-02
1.856939112846980877e-02
-9.807399034107024127e-02
1.092160670607274925e-02
-4.676463130882848457e-02
-1.221805529137596907e-01
9.549015725679606270e-02
5.889114832757329221e-04
-6.428853353994820607e-02
-3.891607203951059218e-02
7.889537530420515088e-02
-3.687455250163780562e-02
1.229578114893395135e-01
-3.172109950317844596e-04
-5.460793792395784996e-02
4.019859709213957633e-02
6.588754801337601275e-02
2.662549732372733804e-02
-5.726077792679899053e-02
-1.181016826452481877e-01
6.297518338637043966e-02
-9.595403000256393089e-02
9.383817587786022485e-02
1.736860372826884436e-02
3.605441074295462345e-02
-4.188782901135104653e-02
-1.087370380229646938e-01
6.209665575152841649e-02
2.671897154390383625e-02
-8.451771084660783528e-02
9.272571887092115328e-02
1.005659390726435926e-01
3.268263697167396453e-02
-2.416461078658308295e-02
3.638131808278524670e-02
5.356128085841068559e-02
4.107649042381327636e-02
-7.132684535000537174e-02
-8.665116367957037546e-02
3.092668964814323032e-02
-5.440436041453765997e-02
-1.052482220551824964e-02
-5.474282880308317667e-02
9.391392204677215250e-02
-1.047240728813955829e-01
9.709145579692722572e-02
6.815289538326331498e-02
-4.931745256511324560e-02
1.171597343265226229e-02
9.648296157041280630e-02
6.581244048822582071e-02
-1.906345916509446722e-03
-8.154531690739560967e-02
-6.221647778392325190e-02
-6.882185126724681135e-02
