-8.190481757849149558e-02
-1.087683888379043784e-01
-1.434838677302341381e-01
-2.340916279304277592e-01
-2.900334254353771346e-01
-2.419373383593074467e-01
-2.149580163645092301e-01
-2.322232756562109812e-01
-2.240177680036710695e-01
-1.968860023392293157e-01
-2.396117320579637666e-01
-2.047771713131144589e-01
-2.875488762057333281e-01
-1.351363525499333640e-01
-2.622071504605952841e-01
-2.324069719219751251e-01
-2.312214670097348934e-01
-1.749160344607061102e-01
-2.208826715075306590e-01
-2.135641717793294314e-01
-9.361888352392930268e-02
-2.022332980518389278e-01
-2.391076210158111226e-01
-2.601506118836319770e-01
-7.905279841762630211e-02
-2.424904116577945024e-01
-1.798528857355558008e-01
-1.170483194987468889e-01
-1.787272125591412297e-01
-2.448442740000671969e-01
-1.172892223950889046e-01
-3.067450256441019985e-01
-2.114243882924443652e-01
-2.911647742185649590e-01
-9.800442728802083447e-02
-2.992676411651375989e-01
-1.942858852543897230e-01
-2.339943716719104505e-01
-2.941835341294944950e-01
-1.588651560592306000e-01
-3.101718865536471914e-01
-2.763113697526137225e-01
-9.962621371834012862e-02
-1.180338211282350169e-01
-2.531886312070155132e-01
-1.101648189536793276e-01
-2.451154106232878160e-01
-2.305270543315821596e-01
-1.039385955866366507e-01
-1.047644010196666642e-01
-1.217196794234941815e-01
-2.528242731510528252e-01
-3.054994801523864822e-01
-2.870417243301734977e-01
-1.376938637751194683e-01
-1.706057958914530270e-01
-1.101573820505155621e-01
-1.396265394908878799e-01
-1.727104315422625380e-01
-1.428477464596490942e-01
-2.540107729539567982e-01
-2.262071185169759191e-01
-8.811523791410813544e-02
-9.571845261420539042e-02
-2.032759070104273869e-01
-2.142347333784141439e-01
-2.769282902295723270e-01
-2.481336862341546046e-01
-2.255937535999001653e-01
-1.415294770928729740e-01
-1.498877561721220497e-01
-2.706322239249034367e-01
-1.591199229135802362e-01
-2.738620917542218258e-01
-1.823958252673133218e-01
-1.410349181200696300e-01
-1.972703886580006727e-01
-1.689584222408199721e-01
-1.571728629177411574e-01
-2.263232690197234942e-01
-1.306605098597565240e-01
-2.048272658945485825e-01
-1.891547792678337780e-01
-1.715368075764233391e-01
-1.681914186459209093e-01
-1.611528607206552111e-01
-6.359892654269261314e-02
-1.226355109973060742e-01
-2.199398266126971757e-01
-1.751445496631017784e-01
-7.394591718392121149e-02
-2.592378249936561074e-01
-2.548873205765337935e-01
-2.203321803648603527e-01
-2.425613307535613439e-01
-7.411282890775633403e-02
-1.702369709120286623e-01
-1.940136071710499288e-01
-4.779918593724116760e-02
-2.791821121029726682e-01
-2.726232839858230839e-01
-2.546060457333985672e-01
-1.082727025232538554e-01
-2.812016003643253992e-01
-1.567634071593710099e-01
-2.822993168476526926e-01
-5.945051953085503382e-02
-1.619226159787839348e-01
-1.652082700859907605e-01
-1.614997059500290488e-01
-1.018941275015363690e-01
-1.092984520540711268e-01
-2.814502706751286221e-01
-1.132907808235895653e-01
-2.088442135604575145e-01
-2.117379646821810346e-01
-2.521563317257140557e-01
-2.731846047651032006e-01
-1.884192277040017127e-01
-8.918083727490666579e-02
-2.636864367501994266e-01
-5.982832723715128531e-02
-1.685505243872704728e-01
-1.310671922706965198e-01
-7.924837415919500083e-02
-1.833620497590218168e-01
-9.894658814991996731e-02
-2.378394737138837811e-01
-2.849884479672297743e-01
-2.609228830220553519e-01
-3.315144635632859549e-01
-2.681044431858022881e-01
-1.599730713908030511e-01
-1.390889118913722911e-01
-2.589252703980987613e-01
-1.418254431791290959e-01
-2.480873111444890089e-01
-2.807281562901427496e-01
-2.092841871992912606e-01
-3.528569758813833168e-01
-2.597491964027017763e-01
-3.434865064065444340e-01
-2.003813825813954286e-01
-3.229821488969472076e-01
-2.761189247344275066e-01
-1.598607367107727772e-01
-3.197368213236487233e-01
-1.692822929473085103e-01
-3.428592121867590770e-01
-1.484226839119806574e-01
-1.465257388462004040e-01
-2.361570957494980860e-01
-2.782600423966868908e-01
-1.473093953054602223e-01
-1.629772268838918514e-01
-1.457472300555763267e-01
-1.646988748012420956e-01
-1.518000791740392319e-01
-2.813783147346882174e-01
-1.932456563045422404e-01
-2.048097415924081954e-01
-1.754430218806850017e-01
-2.540520608811001613e-01
-1.117167065877933130e-01
-1.204247918808256934e-01
-1.278552351114904950e-01
-3.404546286064038529e-01
-1.555668018191115609e-01
-2.277886654389599252e-01
-3.012761508018905188e-01
-2.903749748057706248e-01
-3.236902066310880510e-01
-2.126024695504765138e-01
-1.140268697247738827e-01
-1.668434100248943064e-01
-3.024652113147413557e-01
-1.331310097203426412e-01
-2.603863172413541927e-01
-3.173176369252979634e-01
-2.263791585761140146e-01
-1.931901703789973279e-01
-1.223891544613494309e-01
-1.893519526844670287e-01
-3.077174482957757418e-01
-3.037461192882969785e-01
-3.344441921875517254e-01
-1.609588792096030285e-01
-1.390436909166481438e-01
-2.222132311482283851e-01
-3.086578415595461200e-01
-2.230541599273498654e-01
-2.247133715521044961e-01
-1.928136608806342023e-01
-1.679600114789932541e-01
-1.930376276455065265e-01
-2.865192991096359165e-01
-3.039994352571506742e-01
-3.102208990079055040e-01
-2.881391352600222167e-01
-2.168012878317655545e-01
-1.106090447957585321e-01
-2.742586693223092453e-01
-1.464825793941916809e-01
-1.224785295903922377e-01
-1.633056717370197086e-01
-3.041828248791395017e-01
-9.305988274635007551e-02
-2.966378202992864255e-01
-1.151086639304841064e-01
-1.134376736069973857e-01
-2.316140252464735649e-01
-3.183503476977365132e-01
-1.595282484314519966e-01
-3.130960004548658526e-01
-1.060598358545583597e-01
-1.751360621332715695e-01
-2.726442633365919743e-01
-1.033339893775249430e-01
-1.913278369793806055e-01
-1.768314043906808186e-01
-1.517671160586121504e-01
-8.181645390960512465e-02
-1.081442917697822692e-01
-2.779732684660537467e-01
-2.709286058881211767e-01
-2.553019644454822545e-01
-2.252209624382229824e-01
-1.507552663378937952e-01
-2.710421071940110616e-01
-3.197963392635648772e-01
-3.188344662298265297e-01
-1.226289901368350088e-01
-2.210002390065395617e-01
-1.073878087495381828e-01
-1.471593684691735737e-01
-3.146385933225254727e-01
-2.195566531502367025e-01
-2.783409440572685578e-01
-1.963316335350389075e-01
-2.632251847395709610e-01
-2.875775348645460694e-01
-3.160170351180197623e-01
-1.708213120114384365e-01
-1.991572389858467518e-01
-2.859038252887240450e-01
-2.742293020148469651e-01
-1.000695967307698997e-01
-9.656891550927554357e-02
-1.195971041701189286e-01
-1.638514728740689264e-01
-2.259508122511160177e-01
-1.019074830210484617e-01
-1.448082192117310374e-01
-1.988717178617606107e-01
-1.084896707311493180e-01
-1.840217941371507793e-01
-2.755362658851693292e-01
-2.760978112441332954e-01
-2.087809790900417017e-01
-1.132055254386502563e-01
-2.783581609697221015e-01
-2.374427384565716559e-01
-3.239849727225545539e-01
-1.617930877439043291e-01
-2.661825609589187347e-01
-9.668600663810905660e-02
-2.108377548779726274e-01
-1.709646991185281573e-01
-1.392779841502464477e-01
-2.831775664674270887e-01
-2.230465898394771718e-01
-1.631673375229603373e-01
-2.417238980701763018e-01
-9.769347880289611097e-02
-1.810076215864890592e-01
-2.678203953903884882e-01
-1.923580054082929536e-01
-1.543972337223847302e-01
-1.747581505149455039e-01
-1.602078880809801320e-01
-2.129278152146366621e-01
-8.880999197096769993e-02
-3.012452629644241098e-01
-3.089143115274772811e-01
-1.157896883724306436e-01
-2.417688958676242339e-01
-2.067812507558370316e-01
-1.006405141469039477e-01
-2.287295047010054760e-01
-2.249044001112801006e-01
-1.379379390997289012e-01
-1.404640236911445794e-01
-2.914543238996674113e-01
-2.299485101137636878e-01
-3.135708259637591255e-01
-2.863205521035947498e-01
-2.142843618441740428e-01
-2.589118671783307013e-01
-1.508338236647128738e-01
-2.252127447421891082e-01
-2.194459660143815716e-01
-2.315202381181534486e-01
-2.538503100312663463e-01
-2.279238523422518758e-01
-2.425640334826377753e-01
-1.823052804800153470e-01
-3.242653693212299015e-01
-1.938472193039187108e-01
-1.015021849232368156e-01
-3.171186936134780532e-01
-1.509358123901918813e-01
-1.414657301764705721e-01
-1.791918402695275025e-01
-2.079778350693232136e-01
-2.011015318091753934e-01
-1.662773482039393846e-01
-2.332089400797328071e-01
-2.677316363711407243e-01
-1.401218383433669723e-01
-2.929464241662378399e-01
-1.090362260253597282e-01
-2.555167746486877167e-01
-2.851299790990378114e-01
-1.409204535956360416e-01
-8.782763734561249702e-02
-1.924830370254675405e-01
-6.651597846563864214e-02
-2.309117020305898327e-01
-8.887735930275450502e-02
-1.192963650091055372e-01
-1.544728521653411235e-01
-1.292160491671894285e-01
-8.369198326886642669e-02
-2.523180862055990348e-01
-6.445390158832220440e-02
-2.441746083913762522e-01
-1.406633146653764876e-01
-2.083569211685917244e-01
-1.519473211222954756e-01
-1.988683349225133234e-01
-7.170665648636889711e-02
-2.941384076531170511e-01
-1.457802273113331659e-01
-1.074088247062910395e-01
-8.200112060556294380e-02
-1.907021782752184591e-01
-2.597009764614475191e-01
-9.146259278451293606e-02
-2.422395146292256329e-01
-2.804748518326807272e-01
-1.747352796289743104e-01
-2.854762508770699037e-01
-1.094480830252927139e-01
-1.994381303700777930e-01
-2.602347526513699161e-01
-2.909416988330646436e-01
-1.388859310821392856e-01
-1.059328802779574141e-01
-1.898380024178352166e-01
-2.332215014757346161e-01
-2.871432748414824987e-01
-1.987960420850420906e-01
-1.944561358636077431e-01
-2.599382547778417707e-01
-1.714192097290643257e-01
-2.581938184426649796e-01
-1.507234711863257304e-01
-2.719803528286754979e-01
-2.781547219156572659e-01
-1.514808600580789533e-01
-2.262625274913918072e-01
-2.214277965879030419e-01
-2.547258952997546455e-01
-1.238293023790464076e-01
-8.319411865851494836e-02
-2.256749093980115473e-01
-2.234750633457053270e-01
-1.016667736976015202e-01
-2.261748621023471351e-01
-2.543054486616903587e-01
-1.525008003317626093e-01
-2.190841130875901266e-01
-2.213713136430819906e-01
-2.441377743265364941e-01
-2.478670275083401375e-01
-3.003870599966862454e-01
-1.554626801308339745e-01
-1.770882195618290744e-01
-3.447298312374332818e-01
-3.647369741026708634e-01
-1.837564193965971204e-01
-3.657419941083059900e-01
-2.225881471845138626e-01
-1.457801158071024006e-01
-2.402043429919351880e-01
-2.492859217534966199e-01
-1.308767651883017413e-01
-1.659088554705693552e-01
-3.640044360365221054e-01
-2.899952817414568340e-01
-1.776821315609790619e-01
-1.947470760533783485e-01
-2.118112491404904318e-01
-3.278571154257304832e-01
-1.711308471585350766e-01
-2.352789821711984697e-01
-1.323056598826707064e-01
-1.259139812350070498e-01
-2.704981946477760246e-01
-2.284728140181997158e-01
-1.959095073688208732e-01
-3.630126723248213727e-01
-2.513722404402964350e-01
-2.023273016855047512e-01
-2.588361500263215431e-01
-3.374236576722415282e-01
-2.143243405912669541e-01
-1.742753061498936717e-01
-3.260708044262857208e-01
-3.077417530204171747e-01
-2.384485135051165328e-01
-3.081835740950814584e-01
-3.483148408641432159e-01
-3.124529981270000589e-01
-3.531544634969064900e-01
-2.180997003878250573e-01
-1.382370390686175621e-01
-2.346927327027270860e-01
-2.300958326251846542e-01
-1.898693957757889017e-01
-3.594709886678985056e-01
-3.479888707171074902e-01
-1.840011666604543239e-01
-2.210069153363032335e-01
-2.637293351537261521e-01
-3.121208882656903438e-01
-2.736837855289633303e-01
-1.295410549811440437e-01
-2.317777426000537100e-01
-2.090463668343998938e-01
-1.366409529790351407e-01
-1.243064997426983342e-01
-1.498496237606830317e-01
-3.073961653123509774e-01
-3.462827114779716275e-01
-1.439673035146007973e-01
-1.823837500214553209e-01
-2.319196426038779013e-01
-2.508500559686552278e-01
-1.407127029652810724e-01
-7.577541926600531164e-02
-1.796559870048625440e-01
-3.046314752343752819e-01
-2.161180865209232360e-01
-2.950549570355339157e-01
-2.636239178619458334e-01
-2.393003932208469242e-01
-2.830555582286838900e-01
-1.350113626179769988e-01
-2.005134365386130879e-01
-8.943829015707230323e-02
-1.152850798658168752e-01
-1.253091159053014159e-01
-1.358277036634143731e-01
-2.682294258319206648e-01
-1.388397949470586701e-01
-2.422182022841423421e-01
-2.378623389390091547e-01
-1.097728335041719960e-01
-2.255732286604060777e-01
-2.157726301570273009e-01
-1.913415668679454007e-01
-1.510810133583413151e-01
-1.610468445376425639e-01
-2.144298350376288020e-01
-7.089324409732233878e-02
-2.986468482114938983e-01
-2.638186904379572484e-01
-2.770172598869554137e-01
-1.717761523219627495e-01
-1.156302073270471242e-01
-1.972684603139476245e-01
-2.807589109464689869e-01
-2.840873913174013499e-01
-2.979645150056682290e-01
-9.205469141833011459e-02
-2.712535527878618957e-01
-2.696427017175494489e-01
-2.779232878712054600e-01
-1.304371948395024461e-01
-2.590438966581820601e-01
-1.709346269149160658e-01
-1.362579177578915335e-01
-2.653022283612340160e-01
-1.645074259488017721e-01
-1.474703914859847032e-01
-2.596237412823988455e-01
-1.646113832159045998e-01
-2.915837278183920356e-01
-1.490412749594234310e-01
-2.638510348680262463e-01
-1.632649791924904725e-01
-8.065003441358853387e-02
-2.468145331032291501e-01
-2.177094450509588219e-01
-1.930123850010434516e-01
-1.462595659395760084e-01
-9.485836932402311183e-02
-1.235165433516154931e-01
-1.117231415758719315e-01
-1.062090846362002960e-01
-2.583400973552165136e-01
-4.929102686642508613e-02
-1.211233294637724112e-01
-2.649912247605510363e-01
-1.985744380125775421e-01
-1.248815455799485441e-01
-4.724403549959274584e-02
-2.068450852850767518e-01
-2.337118915451454892e-01
-1.222310658399484995e-01
-1.968090694072137103e-01
-2.202441808635451359e-01
-2.640218727423047085e-01
-1.627097383381364004e-01
-1.317629188704352028e-01
-1.056270340031713328e-01
-2.541303680614007687e-01
-1.029987799749143285e-01
-2.703579255569510398e-01
-1.382225066281109194e-01
-7.773514122251071190e-02
-2.563309149842582513e-01
-1.177354326446969357e-01
-1.301994874200221031e-01
-1.993126313253763549e-01
-1.541910490102254561e-01
-1.316665254346351122e-01
-1.604000223823593974e-01
-8.476803941420585353e-02
-7.585602119795276099e-02
-8.404482938532276126e-02
-1.091457919696746104e-01
-2.207240175528935866e-01
-1.834787653548246855e-01
-2.229324457698784179e-01
-2.527846368768094099e-01
-7.108753753235302897e-02
-9.907801209947111887e-02
-2.764175900859596746e-01
-2.172518277695119349e-01
-2.670427005237864804e-01
-2.465214024272678883e-01
-2.532539792171957238e-01
-1.596049311752236188e-01
-2.027382721131852084e-01
-9.671026500977494833e-02
-1.941890053944932970e-01
-2.331705401700898683e-01
-2.425005740493569317e-01
-2.724868859980412727e-01
-1.005547942239708448e-01
-2.189125659098766497e-01
-2.268129847836902746e-01
-2.305467697982531150e-01
-9.591704969802350433e-02
-2.332878117637207649e-01
-2.208060307289912982e-01
-2.081168764308277408e-01
-1.147491940670704591e-01
-1.949716603794283409e-01
-1.874061306067930088e-01
-1.715290253337745097e-01
-4.691847690024886219e-02
-1.923914579637073241e-01
-2.291594282890877243e-01
-2.429735810295247656e-01
-2.421986822813187445e-01
-2.976060970442988562e-01
-1.316253065303977232e-01
-2.931619472837728724e-01
-3.089400357703189215e-01
-2.810963465480571521e-01
-1.493165388593550302e-01
-2.290561337062962666e-01
-2.391305968712990615e-01
-2.948802182853922926e-01
-2.573682140172464661e-01
-1.591877224819574499e-01
-1.910828678316937868e-01
-8.595622038936132081e-02
-1.379531922897774265e-01
-2.090455583617914503e-01
-2.949712784857592140e-01
-1.764185207895153651e-01
-2.222097776667312230e-01
-2.725233473694129716e-01
-9.218485011063851098e-02
-1.955430347926089552e-01
-2.301202407580906772e-01
-1.324714078822568641e-01
-2.263940470802437710e-01
-1.543770606800908829e-01
-9.903101755380927518e-02
-3.084743995063065070e-01
-2.559909050766051575e-01
-3.055157004739363913e-01
-2.812640522241386387e-01
-1.014320430006405149e-01
-1.047167106229371092e-01
-2.927965515385506645e-01
-1.444250867907675984e-01
-3.100944789984985128e-01
-9.888361725106362132e-02
-1.261260983485226750e-01
-2.927448027483030013e-01
-1.972390859532425489e-01
-3.187394029017895924e-01
-3.046193638852989771e-01
-2.921049149513225696e-01
-9.585725148310972332e-02
-3.123236616311507174e-01
-1.324739493975493621e-01
-1.627694483329971409e-01
-8.263199528398906812e-02
-2.556178240759588993e-01
-1.153387466690238561e-01
-8.867752590962976744e-02
-9.124760712834539822e-02
-1.726894248103798546e-01
-1.466700601877065357e-01
-2.032929638659301541e-01
-2.329492467711803960e-01
-1.791583382976366656e-01
-2.955764734198538246e-01
-2.089130235318679141e-01
-2.494269680352418361e-01
-1.768108247434456159e-01
-8.426157758972030454e-02
-2.317307273574662763e-01
-7.244697802760674543e-02
-2.221614216345014770e-01
-2.731140444625136388e-01
-9.918339407703466448e-02
-1.836765116160356537e-01
-1.893901105473272950e-01
-2.256831231894144418e-01
-5.116637922812261596e-02
-1.768793554705218041e-01
-1.058832437557275241e-01
-2.492867653245082193e-01
-2.819745497932763523e-01
-2.366140410794980720e-01
-2.634532368561006144e-01
-2.177928862562615309e-01
-2.446375106556192280e-01
-2.145646462288711698e-01
-1.907551296076733793e-01
-2.673281835906671233e-01
-1.651558900774349747e-01
-2.631437786735332796e-01
-5.378700476892853133e-02
-4.629340376366680720e-02
-2.185849154596540556e-01
-1.991915623931223012e-01
-6.717387829050516790e-02
-1.526456570313457772e-01
-1.029375099716677566e-01
-2.601668345277824423e-01
-1.412906947601194896e-01
-6.785751985947571785e-02
-1.119263564840453917e-01
-1.923218176096118670e-01
-2.763265261369734493e-01
-2.068953594506572347e-01
-1.833780117092477790e-01
-9.974630188887978477e-02
-2.108516100528861625e-01
-1.305973341556910527e-01
-2.660897845777507875e-01
-2.197399445754975866e-01
-2.277349813666732781e-01
-2.509373516141991667e-01
-4.643890361393357424e-02
-1.045164255682493326e-01
-2.832191641542363136e-01
-1.621151983671124674e-01
-1.065025358913285203e-01
-7.283229693939557992e-02
-9.176384282143554283e-02
-2.783289521104329589e-01
-1.717107687052114584e-01
-1.702959700175596114e-01
-6.589870479610315801e-02
-2.418475239840204571e-01
-2.190368818065341894e-01
-8.578650687990957424e-02
-2.459065901573510016e-01
-1.359272175702081475e-01
-2.169321685091718521e-01
-2.694115006992379158e-01
-8.348369252636778093e-02
-1.941839557678506911e-01
-1.316920759299164412e-01
-1.915071059469240500e-01
-1.695678596142954353e-01
-2.259213265770087520e-01
-2.700416752367977846e-01
-1.917331300156774887e-01
-2.474116136524649179e-01
-2.947014376670889502e-01
-1.807133220250544681e-01
-2.833772001529581974e-01
-6.868991889869874301e-02
-2.819963681734624084e-01
-2.556476184780243632e-01
-2.129346108872849364e-01
-2.771159790634437070e-01
-2.784493704609328768e-01
-2.227528780923777874e-01
-1.588943587341305475e-01
-2.697054149905545595e-01
-1.135181550522187943e-01
-2.022871953078185236e-01
-1.957916489125828829e-01
-1.933818445701191990e-01
-2.643809933425874115e-01
-2.283480732640692512e-01
-2.457046264266254665e-01
-2.121487329704400127e-01
-1.767844639223749847e-01
-2.340256277690363484e-01
-9.383379607906167097e-02
-1.165855271513197011e-01
-2.873291725793374329e-01
-2.533000701423276935e-01
-2.744721689396276143e-01
-1.767873767669697616e-01
-9.207836490258680673e-02
-1.158106089789395221e-01
-1.871330488737477094e-01
-2.918662206724697006e-01
-2.272403319581851600e-01
-1.657085639442808511e-01
-1.279707456194243975e-01
-1.621584209089888540e-01
-1.072271470118002223e-01
-8.694178307463240607e-02
-1.235887383117076077e-01
-7.382299281133064550e-02
-6.324566067603770714e-02
-7.046454852798800239e-02
-1.888979346412341664e-01
-1.295090786307602215e-01
-2.118386802224631604e-01
-6.832769596393073464e-02
-2.026153861602027484e-01
-1.805854669454114159e-01
-2.153861978123068344e-01
-1.647547846496749957e-01
-1.096485457663251561e-01
-6.809258623926045528e-02
-2.611580126566421245e-01
-2.610427167937438564e-01
-1.296424186250817179e-01
-2.248726094978134027e-01
-1.817207181947620986e-01
-1.293586912066462813e-01
-1.431541933836993075e-01
-2.817437900210830182e-01
-1.672085019177189102e-01
-2.889939451309259111e-01
-2.166528914489761204e-01
-3.350522150407951316e-01
-1.943532104216843803e-01
-1.593419716291321897e-01
-1.337102281795822245e-01
-2.642364669950353906e-01
-1.887062638046923813e-01
-3.526844291794799524e-01
-3.034831205601631332e-01
-2.602647427064553320e-01
-2.038044349364699082e-01
-2.120849683014097431e-01
-3.022585652027272585e-01
-3.520647798683720353e-01
-1.238408462777522701e-01
-1.274842830966867735e-01
-1.810198722251349923e-01
-2.341702469783198404e-01
-2.308526418373758604e-01
-1.942759780095080491e-01
-2.421220290373531370e-01
-2.650311001695455082e-01
-1.268684298873761773e-01
-1.380437951979446576e-01
-1.960783917708322499e-01
-1.566000229464838134e-01
-1.334245248947419915e-01
-3.472709670876737986e-01
-1.371920458761902717e-01
-1.171434533156280045e-01
-1.775222993546913264e-01
-2.261578348945082473e-01
-2.964933598985208807e-01
-2.506881473340719646e-01
-2.123381520644817277e-01
-1.468846890724846144e-01
-3.390058470446979388e-01
-1.115520254733802230e-01
-1.496248549245587367e-01
-2.154052124225555587e-01
-3.329545366727277300e-01
-2.878900924388300142e-01
-1.782742976996288253e-01
-2.995114758068067040e-01
-3.156567707598529893e-01
-1.652440730150482040e-01
-2.456422467614312044e-01
-2.495727538347214114e-01
-2.316314045300263136e-01
-2.400254006006247998e-01
-3.454727594263193313e-01
-1.920754503158505211e-01
-1.762457789849451173e-01
-2.443656890621163091e-01
-3.346850336959572014e-01
-2.599096677245270604e-01
-2.625785551264833151e-01
-2.405738952178412271e-01
-1.892248981493949156e-01
-2.969996533959717300e-01
-2.841670478597911331e-01
-9.183290638857735666e-02
-7.046233938582024958e-02
-2.225406138639890175e-01
-1.043750742790175157e-01
-2.314440221005378828e-01
-1.544504210771958097e-01
-1.364840906962494216e-01
-1.908531457954739663e-01
-2.650659789867652050e-01
-2.510928330045419932e-01
-2.653907147440807135e-01
-2.428609441660676826e-01
-1.748431538136404895e-01
-2.262644141990716729e-01
-2.895963852162340979e-01
-2.279977999198731231e-01
-2.653542938582180710e-01
-1.083981218593390583e-01
-2.224256206135899472e-01
-2.390049485700546095e-01
-1.192856841394625833e-01
-2.802194417928303705e-01
-1.556901530317362503e-01
-2.113722193635998448e-01
-2.795959949952898094e-01
-8.397405077494385361e-02
-1.686230628427697886e-01
-1.190030848251747153e-01
-6.734917495668696352e-02
-2.838400391665599765e-01
-1.865716502788740128e-01
-1.462351494906031779e-01
-1.779617413677252458e-01
-1.923214987092302930e-01
-1.000608150925220985e-01
-2.738408354786664445e-01
-1.289703431723880911e-01
-1.441779814011441285e-01
-2.833790729117641738e-01
-5.411476331306297460e-02
-2.878189477525238127e-01
-2.785307298733966097e-01
-6.823007793182842007e-02
-2.018486986249374282e-01
-1.345776027667492658e-01
-1.498737905059667752e-01
-1.785635821767992959e-01
-2.410059654849697475e-01
-8.547335085215840289e-02
-2.900323459023479433e-01
-2.679607841192815920e-01
-1.870433304749686831e-01
-2.313422265123901700e-01
-1.979093270843321761e-01
-7.566947274264523848e-02
-8.729101999698810066e-02
-6.748033485982637969e-02
-2.370653181793197228e-01
-1.031437047185946310e-01
-1.816022125005004595e-01
-8.533143020443004212e-02
-2.377694132603801469e-01
-2.462796176720176700e-01
-1.643249032985344971e-01
-2.360717985601224478e-01
-1.598221462355934874e-01
-2.368221938100785184e-01
-3.103524254609437150e-01
-1.311689932183501550e-01
-2.042337735086258710e-01
-2.854674185713027557e-01
-1.290355624262924661e-01
-2.441674434679399486e-01
-1.463488637892915167e-01
-3.054193075104260635e-01
-1.840842035171336155e-01
-1.883771647229202373e-01
-1.464102921879368024e-01
-2.814437598333484059e-01
-3.190414241346558044e-01
-1.273222763083806386e-01
-2.943050337354830570e-01
-1.063481071769875330e-01
-3.076536334293478170e-01
-3.003846602337365557e-01
-2.833220210805988959e-01
-1.287283179446880310e-01
-1.594801866135611146e-01
-2.579854952840643922e-01
-9.114064997865498063e-02
-2.484144470996808018e-01
-1.214213817982195687e-01
-3.023986950858050804e-01
-2.769778900377836695e-01
-1.441165710217167106e-01
-1.678389287758530468e-01
-1.487109866185283014e-01
-3.086324526030618798e-01
-3.006151722409828864e-01
-2.497233319405178786e-01
-3.110014423979488019e-01
-1.472857343562944399e-01
-2.889700114761870609e-01
-1.655609529288660786e-01
-1.788386113401060906e-01
-1.349595274087958818e-01
-9.675732338200887517e-02
-9.653539024670146351e-02
-2.069094198970021781e-01
-2.119045171215390155e-01
-1.364816826291420093e-01
-1.457578573275775669e-01
-1.187630185812229566e-01
-2.897842054072825024e-01
-2.939059974977228928e-01
-1.061893592407161802e-01
-1.806414636239050686e-01
-2.222581735661178226e-01
-1.204421493521977693e-01
-2.626633445030304714e-01
-1.567002653249909006e-01
-2.243779480994139985e-01
-1.077040257174623761e-01
-2.503317959457617148e-01
-1.677477550817537133e-01
-2.500575473215231326e-01
-8.970021390497184832e-02
-1.778311349973484834e-01
-9.403146453205951660e-02
-1.820194641075976727e-01
-7.483877713472428250e-02
-2.472278325852206304e-01
-2.646455395441556502e-01
-1.645323595962677465e-01
-2.244351447943691846e-01
-2.048619912105149599e-01
-2.593345552147494626e-01
-5.799548136980345325e-02
-1.828784206287282776e-01
-4.535525636788659276e-02
-6.918458920272366197e-02
-7.368518723054232056e-02
-1.469702643404205977e-01
-1.671919318892281514e-01
-1.908607728986047025e-01
-2.628010165071184567e-01
-1.241222945689945678e-01
-2.148909958196623116e-01
-2.143437987308720316e-01
-1.707475855058707692e-01
-2.610999255874640324e-01
-2.006889597161367611e-01
-1.545327810388520406e-01
-1.797137577397365238e-01
-2.330408815165572745e-01
-2.507725991012702549e-01
-1.695365285345674378e-01
-1.469261590337448409e-01
-1.849243367025375506e-01
-2.235319123905543381e-01
-7.246291376005736806e-02
-1.198749230201211491e-01
-1.989933475466006130e-01
-2.978606050467116906e-02
-2.411834347001195755e-01
-1.256661070736392050e-01
-1.851081959769753649e-01
-6.814920307675084721e-02
-1.349168924107332912e-01
-1.785113086206601141e-01
-1.143563499402626693e-01
-2.470014522407803503e-01
-7.645668006479072742e-02
-1.604741310933867626e-01
-1.554645550588801550e-01
-2.621935217923285211e-01
-3.220955004684691869e-02
-2.183983557634305295e-01
-2.133232724109094813e-01
-1.978632002038655524e-01
-4.805863187783063206e-02
-3.452335006439943843e-02
-2.084148708875580569e-01
-2.132296532933623257e-01
-2.565251973347323355e-01
-1.686705350997684816e-01
-6.659643142478777200e-02
-1.481833650758607179e-01
-2.476582428645927592e-01
-9.482526882674549573e-02
-1.190901355947476259e-01
-2.172762912457068540e-01
-2.751488252188551975e-01
-1.836335243514067850e-01
-3.661815012149662873e-01
-1.498772240268324563e-01
-1.507533615994872678e-01
-1.499684336279955843e-01
-3.679007865681444001e-01
-2.876770610653126559e-01
-3.112979103291667604e-01
-3.613376997421812176e-01
-2.458477155115697255e-01
-2.540444446111151944e-01
-1.627426085703247149e-01
-2.561531976594498827e-01
-1.896869286851008418e-01
-2.573387317537600971e-01
-2.057354484540118433e-01
-3.282144541067348875e-01
-3.699968429360452893e-01
-2.313715913023423887e-01
-1.591705885513971797e-01
-3.516379556662461159e-01
-3.709456859975182597e-01
-3.088848408791899924e-01
-2.328628387360467955e-01
-2.332175774849269412e-01
-2.300645980460290785e-01
-2.015233160201744256e-01
-3.214261990841765781e-01
-2.030294166619678042e-01
-2.655594955822095371e-01
-2.025340941399391137e-01
-2.163755546464752877e-01
-1.994430015579020665e-01
-2.681129236110256775e-01
-2.904031585749241029e-01
-2.067354818634321301e-01
-2.462431335658849252e-01
-1.587288085413693373e-01
-1.425207962812195528e-01
-2.145311588541452263e-01
-2.877697609096069309e-01
-2.906324740177181898e-01
-2.026535645086247062e-01
-3.485500456880070708e-01
-2.201534008064503500e-01
-1.963243324675361112e-01
-2.468646591421357894e-01
-3.271109046986002689e-01
-3.099600224916880253e-01
-2.087565160823167676e-01
-2.238981279456548346e-01
-3.779099709660523332e-01
-2.504796104163429238e-01
-2.194644039332506735e-01
-1.532685656147666775e-01
-3.323707838250582469e-01
-1.779185896658979360e-01
-2.143135950279287660e-01
-3.009149193380998288e-01
-1.651698375443025890e-01
-1.860818656957978767e-01
-3.232545703219530386e-01
-3.174993316866585036e-01
-2.360745983244431356e-01
-1.184442387582807787e-01
-2.760627204965529491e-01
-2.162911514141305502e-01
-2.138997551696499855e-01
-2.635216917723901542e-01
-2.502957408570830045e-01
-1.215525523613648629e-01
-1.724100271502678194e-01
-1.883993395887370303e-01
-1.138380453069250398e-01
-2.984454733156186590e-01
-2.163282049982641619e-01
-2.749087150386425593e-01
-2.692753827764309826e-01
-2.426775534447302429e-01
-2.245789259156902862e-01
-2.817777019517859749e-01
-1.661978896199332312e-01
-1.364588145308320566e-01
-3.182506078224002222e-01
-1.329940019414312113e-01
-1.192237238931269927e-01
-1.807199698582928893e-01
-1.382038676924869092e-01
-2.891132097641687104e-01
-1.858194669730868220e-01
-3.081226398557440072e-01
-1.686694333889324493e-01
-2.167089208984579463e-01
-1.932536970169244916e-01
-2.233477461472285763e-01
-1.135534382535229037e-01
-3.139693615696297901e-01
-3.035770389269202285e-01
-1.214377067126251319e-01
-3.175734337215798675e-01
-1.418143362165938393e-01
-9.765847777564778953e-02
-3.072705678338601420e-01
-3.113612503984037883e-01
-2.488118190848830902e-01
-2.966097475665079863e-01
-2.329062928931162624e-01
-2.871978755252985183e-01
-2.677848308887993412e-01
-1.727334705406485815e-01
-2.210980482156536531e-01
-2.095373117799879115e-01
-1.488580764743438201e-01
-3.207370040647715137e-01
-1.915480099711658890e-01
-2.973287330850195587e-01
-1.501290067291071728e-01
-1.274376398548417721e-01
-1.302157170658025109e-01
-1.337525285174521461e-01
-3.246658593651244873e-01
-1.196080003830356786e-01
-1.638512599125511171e-01
-1.986192092045181989e-01
-1.500824143873587257e-01
-3.027668661328599686e-01
-1.867693024074814356e-01
-1.348597745181619734e-01
-3.100583398404284097e-01
-2.808396441303902535e-01
-1.415721195710302471e-01
-2.718715207902522302e-01
-9.819377913890534049e-02
-2.051689515310438638e-01
-2.997559802082868097e-01
-1.309358960358021351e-01
-9.735770100664969950e-02
-9.855061512173241001e-02
-3.098690727971857850e-01
-1.436587470411716250e-01
-1.692979587321734314e-01
-2.937577901415339143e-01
-1.001050849522681085e-01
-1.535131863710435529e-01
-1.373127647556160458e-01
-2.046179680777616694e-01
-8.681335925531172282e-02
-2.293078614325412268e-01
-1.581885417606143651e-01
-1.511165630257383374e-01
-2.476873502988712894e-01
-2.275896899455282507e-01
-2.667837335967207513e-01
-2.515423772120410351e-01
-2.563181626035022642e-01
-2.498965152091481845e-01
-1.802896684723774012e-01
-1.222760355758819861e-01
-3.016520167615228676e-01
-1.220050573177036968e-01
-1.838119460445268860e-01
-1.328507341635982164e-01
-2.146649539071422419e-01
-2.900770992910121637e-01
-2.747594613163731880e-01
-2.200845564253207098e-01
-1.767239796491684445e-01
-2.625150349675906547e-01
-1.789865498102767571e-01
-2.959242791138436135e-01
-1.295741650375740461e-01
-8.795264937211913492e-02
-2.962736868827835490e-01
-2.860950965302751503e-01
-9.920532763343645200e-02
-1.898208527204072738e-01
-2.324267089074213977e-01
-2.738804920646946695e-01
-1.324207914153831822e-01
-2.630336194808513550e-01
-2.738035406319472287e-01
-2.901366603810318079e-01
-2.523605661654554910e-01
-2.676150922796832199e-01
-1.835327724062401633e-01
-1.305935438501190926e-01
-1.993413976538566668e-01
-2.100985732668101125e-01
-2.166529664973363689e-01
-1.005579286851201737e-01
-3.303751330840410949e-01
-2.106143727339017946e-01
-2.438846945899076912e-01
-3.153653386015553561e-01
-1.507313039633786655e-01
-1.335099285428546223e-01
-2.426052273220705990e-01
-1.731125706528804931e-01
-1.597751179617770134e-01
-2.475944420378148325e-01
-1.515640600013594408e-01
-1.432116260367716776e-01
-1.714353373975017747e-01
-2.884371099348640999e-01
-2.117024554958312765e-01
-3.380026836448712380e-01
-2.320684479358231522e-01
-2.700842320524315388e-01
-1.332915371773790159e-01
-3.074364524192613191e-01
-2.663454766220416658e-01
-2.120691809543270856e-01
-1.610857704337547436e-01
-3.423332094886245014e-01
-1.562641105346429526e-01
-1.947574033399994409e-01
-3.260664011867079326e-01
-1.137322075632638541e-01
-1.409768939313318370e-01
-2.005785771780057569e-01
-1.317495628456260837e-01
-3.424889907237261832e-01
-3.096633056336963730e-01
-1.228821758031664324e-01
-1.704493192084155784e-01
-3.044466960082097273e-01
-1.096476796935269005e-01
-1.424810141523049356e-01
-2.265801766054671984e-01
-3.092611124120170918e-01
-3.348050992515821389e-01
-3.221137089218795158e-01
-2.538336566070922840e-01
-2.885460656277758495e-01
-1.142508149035730003e-01
-2.196968958352260026e-01
-2.457778006987506314e-01
-3.163012386629103778e-01
-3.245136332277639424e-01
-2.117447376095607237e-01
-3.039518250923948228e-01
-3.434549454466572227e-01
-1.992118328724367393e-01
-2.209440818780937232e-01
-1.228057098493011978e-01
-2.501525619108323495e-01
-3.011675068870089400e-01
-2.897092516937684326e-01
-2.211439810770088332e-01
-1.768248887674407910e-01
-2.196664729091339641e-01
-1.362777204321742042e-01
-1.429850183268557562e-01
-1.846476057460698650e-01
-3.110352001252211229e-01
-2.160155476480032088e-01
-1.966175071253268014e-01
-3.846043655092207247e-01
-3.713420962005387072e-01
-2.942389678639111272e-01
-1.916800272281682926e-01
-1.919603847120147644e-01
-2.774852688875800721e-01
-3.358211237942544392e-01
-2.593932145227975661e-01
-2.728352500469533037e-01
-2.377354077059097015e-01
-2.320938110195137905e-01
-2.918209226706152126e-01
-2.597597669373569729e-01
-3.273314401143582186e-01
-3.473049862331181181e-01
-2.618604770802663850e-01
-3.256873018414317977e-01
-2.918719568218542948e-01
-3.695732629948047521e-01
-1.911343472627056728e-01
-3.774118558050497674e-01
-1.970843800626128905e-01
-2.666114784290671835e-01
-2.035212041569991470e-01
-2.848231186779479618e-01
-3.699454698871961766e-01
-3.077278705398577840e-01
-2.686983593341147891e-01
-3.181797781659934654e-01
-2.097507897376247321e-01
-3.714951340308170202e-01
-2.838008373690386055e-01
-2.744658590207654236e-01
-2.196749063291972559e-01
-3.566522013350452158e-01
-2.154673407954980635e-01
-2.433751254431337774e-01
-4.226435757274046856e-01
-1.900992949002859034e-01
-2.750069716764688144e-01
-3.876749165535198216e-01
-2.289072164468535509e-01
-2.097846523672240449e-01
-3.276471655168453623e-01
-2.349143817923965427e-01
-1.910996115697271569e-01
-4.121050195606722477e-01
-3.661776034310773587e-01
-2.547968786366675564e-01
-3.642243758637120910e-01
-1.964452700937804330e-01
-2.007265085169200602e-01
-2.444758351506210459e-01
-2.271165552192885573e-01
-3.742404892822912554e-01
-3.972742335795905189e-01
-2.336740195426081357e-01
-3.015529762382788137e-01
-2.154332273279778442e-01
-2.798942722842278075e-01
-3.133576449552169518e-01
-2.867187108096357906e-01
-2.523746541748502770e-01
-1.185118995305722289e-01
-3.091462708544285287e-01
-1.008614469585747131e-01
-1.560038118743329039e-01
-2.232972055130166833e-01
-1.043120933811174100e-01
-2.346002813545713106e-01
-2.053956241842823938e-01
-1.021582138506968718e-01
-1.345042305299673502e-01
-1.742554918375565920e-01
-2.966824365389845730e-01
-2.187576597909787757e-01
-1.034536268826938832e-01
-2.014425298563532474e-01
-1.379862790113817739e-01
-3.124310076019511939e-01
-2.567664578555898247e-01
-3.168583122257871421e-01
-1.936243935733001076e-01
-1.959963788293472287e-01
-1.285676023431461534e-01
-2.898331763874281708e-01
-3.326671229746078207e-01
-2.180044841377040965e-01
-1.569109770132108284e-01
-1.442236582669857159e-01
-1.192896692773864897e-01
-2.691318789510164233e-01
-1.709441081324973577e-01
-1.455224042015923203e-01
-3.262072733337445518e-01
-2.805941291553530337e-01
-1.372946659783134959e-01
-2.592908600581319001e-01
-2.784291912722703932e-01
-2.869136143137279160e-01
-1.320148358709444247e-01
-2.209581631990920059e-01
-2.449294270664972850e-01
-1.034495306090713052e-01
-1.323582382884408160e-01
-1.122070780796210754e-01
-2.492341826508913116e-01
-2.987980173937132555e-01
-3.287615982372971701e-01
-2.581528171289885210e-01
-2.897822404661676843e-01
-3.185936144832124395e-01
-1.410133756108007397e-01
-2.755356584541984177e-01
-2.391004988753924476e-01
-2.132169814509645156e-01
-1.778088887129200546e-01
-2.758803834287852363e-01
-2.183572404377401299e-01
-2.857003624876571779e-01
-2.342464934156543443e-01
-2.016394499385770755e-01
-1.146951417697910924e-01
-3.114360140382158026e-01
-1.455098638591924842e-01
-1.101948222210228645e-01
-2.632561526622299586e-01
-1.973716339329866232e-01
-2.549860354330863998e-01
-2.908445682901307783e-01
-3.009669659166170907e-01
-2.092095760011833949e-01
-1.245003258088070441e-01
-1.062677260072502627e-01
-1.647126012725976529e-01
-1.491519754632447681e-01
-1.388121932687137461e-01
-2.878956916367632068e-01
-1.954056897001564819e-01
-2.979212004025866278e-01
-2.270389730638169845e-01
-2.941298890437200608e-01
-1.708126256021472167e-01
-3.160629321870565556e-01
-1.252719844641825564e-01
-1.005868758468672630e-01
-2.593689705177031346e-01
-2.652409418597528878e-01
-9.283933192875112872e-02
-2.544240794303122555e-01
-1.818780874494362876e-01
-2.139136880750844016e-01
-3.042452563215242711e-01
-1.281299939402641419e-01
-2.153204227521921810e-01
-1.414847890457143209e-01
-2.889560585962558936e-01
-2.989052403238074973e-01
-8.647396255605452331e-02
-1.852194703339990201e-01
-2.034484074501973216e-01
-1.742498512481348016e-01
-2.361680847644584691e-01
-3.128907517205048450e-01
-2.561652914894898547e-01
-1.678223398162743407e-01
-2.136905354389562750e-01
-2.814871010522262407e-01
-9.760287174152429412e-02
-1.125558047546194040e-01
-2.777263989693025126e-01
-2.087362549278543866e-01
-1.563547567494453505e-01
-2.650266876557156870e-01
-2.840546714960564545e-01
-1.439813107058604269e-01
-2.078722640197985527e-01
-1.812470497609122710e-01
-1.445986394413918963e-01
-1.133767692078484490e-01
-2.394139743865338343e-01
-3.107308379312657687e-01
-8.889825446073051918e-02
-1.019795088109113623e-01
-1.813479615598377892e-01
-2.491058685160039698e-01
-2.200267291476518117e-01
-1.831809469043619021e-01
-1.887963984280920660e-01
-2.557113895570359841e-01
-3.351729899759995357e-01
-1.548413223693978769e-01
-2.808393590300105602e-01
-1.678334656167833616e-01
-1.299596776609674986e-01
-1.212850597266617036e-01
-2.392730981232994159e-01
-3.309277389522350399e-01
-1.935861176866798539e-01
-1.934404803972187004e-01
-3.102142088598321967e-01
-1.342763717644427923e-01
-1.845789558572241973e-01
-2.046622836937161682e-01
-3.232559414383440188e-01
-1.108607644855232055e-01
-3.059098024133564131e-01
-3.296311829293678275e-01
-2.821427667978544385e-01
-1.548459240415913096e-01
-1.271312770566266348e-01
-1.017679884704854043e-01
-2.089960208847809753e-01
-3.256819762662057083e-01
-3.141126300288958895e-01
-2.874450212519581438e-01
-3.086827057079032377e-01
-1.487719050844347746e-01
-1.630889175037645022e-01
-2.494168978650628254e-01
-2.595736922412269498e-01
-2.429319925648981138e-01
-1.787569407012595535e-01
-2.638054892289228293e-01
-2.363034193784994130e-01
-2.031034304442292937e-01
-3.032905069097455719e-01
-1.808641366221182545e-01
-2.457717960613496344e-01
-2.328960544331492022e-01
-2.711843762558155957e-01
-1.407312934651657188e-01
-1.116595850056120165e-01
-3.275601313381258928e-01
-3.074557935606644365e-01
-1.251117903025963374e-01
-3.185786350502008979e-01
-1.390009841634061438e-01
-9.686409718973493232e-02
-1.008665112537945052e-01
-1.614424250525178517e-01
-1.514828826922332283e-01
-2.671739763834909964e-01
-1.606990904223526695e-01
-2.751785675786314056e-01
-2.938884820224673677e-01
-1.419043306188332021e-01
-2.924498819017892770e-01
-2.715401891308578675e-01
-1.486807835665523991e-01
-2.100820636206829073e-01
-1.117484756355166808e-01
-1.485555283967908147e-01
-2.758772389544302817e-01
-3.251913478995158702e-01
-2.110019527694576014e-01
-2.625228232977662168e-01
-2.445595780442659239e-01
-1.991246753628738708e-01
-3.139208820899430652e-01
-3.417218994655287223e-01
-2.018453615329166562e-01
-1.685638638659389676e-01
-3.328444610990892727e-01
-1.194969260955565105e-01
-2.640545263349090011e-01
-3.446644556786671587e-01
-3.090792194779115043e-01
-2.328561544501064340e-01
-2.466789612705562462e-01
-2.522148999033598238e-01
-2.220114603597851399e-01
-3.332632240885229358e-01
-1.588334346646860795e-01
-2.081338972284581812e-01
-3.246364608397818152e-01
-2.285564466762943225e-01
-1.451583437685538269e-01
-3.372156527432448314e-01
-1.331130917623386811e-01
-3.019453041780241764e-01
-2.632002433253259888e-01
-1.695162607748246508e-01
-1.585190497657638919e-01
-1.384660503437460388e-01
-2.091166153784572157e-01
-1.476477063112577037e-01
-1.312532310102687005e-01
-2.709104350869582234e-01
-2.364533037521856507e-01
-3.476432809642478472e-01
-1.193475167043314689e-01
-2.320054508119240300e-01
-1.710987466522724543e-01
-2.617791873115574708e-01
-2.509526451463440222e-01
-2.721185739124234448e-01
-1.531170624200646480e-01
-2.459423217428848285e-01
-2.771657171560937272e-01
-2.734081306516668586e-01
-3.339837836961194739e-01
-2.323484040854548738e-01
-2.089437931340418775e-01
-1.661955562892153959e-01
-2.425454979506138087e-01
-1.797148067545618344e-01
-3.045519931170889150e-01
-1.232927716962581299e-01
-1.585277263198808517e-01
-1.969257978074610282e-01
-1.349526434307240230e-01
-1.173246075185265525e-01
-1.267666953526266627e-01
-1.386527944432608961e-01
-1.702761735136368582e-01
-1.112973102373374934e-01
-4.459430530805561649e-02
9.338252469514658760e-02
1.908194158791512440e-02
1.105340983452295783e-02
8.765809390797502099e-02
6.251235711211908241e-02
-1.864501128412571207e-02
3.344142460298824004e-02
8.465930241396583261e-03
1.049479634217644619e-01
5.290078324777110208e-02
4.895693935102973793e-02
5.598122238841595627e-02
-9.704351695130285227e-02
-1.087149552238629441e-01
6.832198789492245627e-02
6.027998915189532875e-02
-4.717893493111267010e-03
1.088136791312072221e-01
8.755845159804352684e-02
-7.542741753644296998e-02
-1.151412843198624525e-01
-8.529365316183415424e-02
7.914295398804287174e-02
-9.943384821571871202e-02
1.533323382107826781e-03
1.237689026683083324e-02
1.028073722094966780e-01
6.485823438771029514e-02
4.653771980885677839e-02
-8.715043274459799427e-02
-3.952953317777976872e-02
-5.608303374335148195e-02
-1.152622971505710692e-01
-5.026924697565495273e-03
-9.702587208751989323e-02
1.140712647220645248e-01
-5.944148568692524115e-02
-6.540839483469761129e-02
2.089281057494295907e-02
-4.060672238468297779e-02
1.377291111376801117e-02
-1.253763139109507520e-03
2.948596811561094919e-02
-6.810118987951448155e-02
2.583649762248674264e-02
6.286769247586498910e-02
2.859045270355282595e-03
-9.323150777528366184e-02
3.224918312933240661e-02
1.082092437270594509e-01
-1.101648559661773663e-01
8.689753056626346728e-02
9.777062205853447041e-02
-8.415549846722020222e-02
5.323723696124950389e-02
-5.284929290489612935e-02
1.011462983555776740e-01
7.454248120700898705e-02
-1.067964508774642690e-01
-5.606825103095009616e-02
1.536294437822165876e-02
-7.441944699242185324e-02
-1.060238498031126492e-01
-8.401023465081569608e-02
3.385655947886477557e-02
-7.284815251005045955e-02
-6.214288714505240840e-02
-8.998708715128707347e-02
1.063186678630781250e-02
2.224384448149184859e-02
-4.928600898532903285e-02
1.863925469943307836e-02
2.861131451823285127e-02
7.978332005918566117e-02
3.156661533920079171e-02
7.309833343274181605e-02
4.322933457551886988e-02
-1.026765461319114198e-01
-1.845925966590923617e-02
-1.050260100650478590e-01
-1.090240059621705448e-02
-6.562001903561953675e-02
-5.844701108376329501e-02
6.753513138931242776e-02
1.125339196631231914e-01
5.499618605451093295e-02
3.804438826631717507e-02
6.170068496467084190e-02
-7.079626033210548175e-02
-8.681480836602364914e-02
-9.901773167884045379e-02
8.064534021112872153e-02
-6.936764515495282002e-02
-1.131012248781605584e-01
-5.593633839695550530e-02
9.103356301737225431e-02
-1.676821772440021535e-02
1.193528770863458155e-01
1.935789123261292752e-02
3.129795826511245355e-02
-7.786198045543697710e-02
8.330274138707430276e-02
1.034829796487070769e-01
-3.103187267866328036e-02
1.103974660605409365e-02
-2.119497528884266985e-02
-1.029286929093994746e-01
-6.352990126673850602e-02
-6.788464085946171317e-03
-1.018633099295404854e-01
-1.273795520773843976e-02
1.101125969154225920e-01
-8.721106101396675081e-02
6.917171117753559417e-02
-5.205887382910844019e-02
-7.436975468624698604e-02
2.433529841723860304e-02
-6.868522932838747388e-03
2.926046353757550452e-03
-8.900589267351123601e-02
-6.791521029089554740e-02
1.115725569821442859e-01
-4.534306594739730134e-02
1.197635261496849679e-01
8.771457249079622764e-02
-3.365072328338113150e-02
-2.284848399569976499e-02
-1.069017924107504569e-01
-4.824287263019386846e-02
1.740792101077076257e-02
1.039292607203209512e-01
9.476892135741959988e-02
-9.181850726309588595e-02
-4.059622973619212566e-02
-1.288196992088112315e-02
-1.257383788203146613e-01
4.511007398698097665e-02
-3.562165313659788196e-02
-3.953510769422604459e-02
9.383916708213030367e-02
9.608520831012128116e-02
-9.799290280963343647e-02
2.595703678816192045e-02
-2.446126968688414061e-03
-3.010239567687880702e-02
9.607697853776631103e-02
3.017251533524406906e-02
-9.826264170582156565e-02
4.071827836401739620e-02
-1.098029328538949606e-01
2.852653019869024614e-02
-1.147538111634778951e-01
1.144357928427236770e-01
6.941363276853307340e-02
-3.709270794588973713e-02
2.940915883829340813e-02
4.299776899016231196e-02
-6.465194404922630644e-02
-2.415822228507004399e-02
4.074530066613500992e-03
1.074606039232002541e-01
6.933751994109792205e-02
3.638044716157672054e-02
-3.737882534421731878e-02
-3.852943911939782362e-02
-2.631375596295994906e-02
3.333664133048477862e-02
-1.174800808813113023e-01
6.646310357793028256e-02
-3.621706808796142790e-02
8.902481209395279177e-03
7.678039005522435678e-02
-8.565046661783862203e-02
4.647643805852456206e-02
9.276444029131483693e-02
-2.979370827618968431e-03
4.949628700693604888e-02
7.735525088224846912e-02
-8.130252055657209709e-02
-5.250980070977220859e-02
-1.931848311340572666e-02
6.883805795089489865e-02
4.710255698131990409e-02
-1.202338670476050253e-01
1.128624210741813738e-01
1.160796101848111522e-01
-8.863607362662247191e-02
1.145024106029604062e-03
-1.652907096311194771e-02
-3.106577758604007339e-02
-6.481413723565015994e-02
-1.148769528679031010e-01
-5.702736580569832577e-03
-3.950347220422863875e-02
1.121127291884126131e-01
1.060424921758675032e-01
-1.010427869401196860e-01
-6.042109864983900847e-02
-8.896990287894128435e-02
-7.717348899747802915e-02
-9.270110382098510626e-02
-6.141423883440755987e-02
4.695973485524397584e-02
3.024272934978418717e-02
6.213754127773705310e-02
-9.930828905022337505e-02
-1.045704061258718731e-01
-4.823334464392500104e-02
-7.384923762043542339e-02
-1.071346938541790916e-01
3.893950999831762017e-02
1.167589785935568419e-01
1.086824425877350730e-01
-9.426214198745008765e-02
-5.818984341637762920e-04
-3.722178251052239706e-02
5.563934011021755277e-02
1.533987962477406479e-02
2.242980226140186065e-02
-5.982083492240582862e-02
4.919559045065718950e-02
-6.062652800441933193e-02
-4.170329465761683785e-02
-2.390379573446685391e-02
7.398249773522513895e-02
-1.096480511489598270e-01
3.946395347368273146e-03
2.975599762507842236e-02
-1.222181247029043155e-01
4.664093822614108487e-02
-1.187412606786889258e-01
-3.613965271652166272e-03
-6.409768979223388896e-02
1.116271627611074568e-01
-4.806856582485208307e-02
-7.632647959071250585e-03
9.182905266348621864e-03
-6.709791559840418140e-02
8.381217459338337339e-02
7.799674862626454486e-02
5.087580246668908096e-02
4.327346259449305066e-02
1.051266570384116888e-01
3.743454058751069513e-02
-1.097463590803954697e-01
1.058336101159348397e-01
-5.329541046858893988e-02
-8.237135579064891466e-02
-7.010834979818449109e-02
-6.829512359596252857e-02
-8.224214054263338791e-02
8.227874725616543539e-02
7.572233850956626433e-02
1.245511375002256171e-03
3.286108140024121549e-02
-9.768336126508340989e-02
-8.848785489407537397e-02
-6.851756921128480948e-02
1.118212661656509538e-01
8.665722518596070956e-02
-7.056585142997391646e-02
-1.117028477716806439e-01
3.948529584245696195e-03
-4.772896844982869868e-02
-1.808318940431329416e-02
5.101782515302206999e-02
-7.429141332837403688e-02
8.386915829675090778e-03
4.737838168896448682e-02
5.376700294005205480e-03
4.809355481991266223e-02
7.854088884778349933e-02
-1.122466059582847842e-01
7.307877622379845006e-02
1.700504127618662764e-02
5.412401373881869232e-02
3.891223748521968617e-02
7.734419223770760965e-02
2.757465807556057705e-02
4.438175063858156716e-02
-6.037690075734832018e-02
6.873590177787557154e-02
-3.933663171956662541e-02
-9.523593388068171683e-02
-5.723653277890062424e-02
-1.049857826159881907e-01
6.044817102038971268e-02
1.130633794742288006e-01
-5.774436373864510336e-02
9.715802792244078445e-02
-8.964750689954872898e-02
7.424798357146693284e-02
1.010286899068813388e-01
-2.891541076681510003e-02
-9.184373398667428079e-02
-6.393761964056164648e-02
-9.822602284707798725e-02
4.352652943196061441e-02
1.037928555701966155e-01
-1.660521712237366179e-02
-2.312187098272989322e-02
-2.218692619784612755e-02
-1.198569333675016113e-01
-5.260028000425553962e-02
-2.651137605423941127e-02
8.892676936062959836e-02
-7.713309300742469954e-02
-6.590081115170695614e-02
-6.033815584960323768e-03
9.045726229282946562e-02
7.210688036696151493e-02
2.476099853099574324e-02
3.307411016088701583e-02
-5.981766693210985308e-02
6.185377184251945187e-02
-6.634965318704225123e-02
-1.898836207076579422e-02
-3.852444389438369754e-02
5.245382469405746040e-02
1.780488146657794798e-02
3.932656510786871479e-02
9.103082476031243431e-02
-3.552032843606601348e-02
7.629615053453633888e-02
-1.228601075449402141e-01
-6.253705681063092235e-03
7.065012814323211321e-02
7.526790163305013825e-02
3.011169032238686719e-02
3.713869346089370554e-02
-9.658969830091712616e-02
-2.940545166879194802e-02
5.020763278815237873e-02
-8.313100487854924170e-02
-5.229167556414487938e-02
1.033518541431501236e-01
1.114233821158912147e-01
1.074111565335915813e-01
3.026479841524170461e-02
-1.175544907208189299e-01
-4.369651225513089543e-02
-3.955033662775876702e-02
7.593277758187390314e-02
6.030351112822216614e-02
4.482107215349827312e-02
-8.189821901826455433e-03
-7.600433115143273577e-03
-8.870301069642951008e-02
6.881126373648413508e-02
-5.713693169350569229e-02
1.447633021706929562e-02
-1.062738578926444993e-01
5.715377981151126274e-03
6.278184330632738397e-02
-9.687818383508504938e-02
2.082129203765006528e-02
6.497762141146087855e-02
-4.881933608896626281e-02
6.779776622469278757e-02
-6.382787422913098474e-02
5.360775651579675546e-03
1.098360434533046659e-01
-1.931028760863815093e-04
-1.280048987966978837e-02
-5.465771829841004070e-02
2.036013486268167805e-02
4.937790105714831568e-02
4.858512514979328872e-02
-3.212656824427630869e-02
-5.956116204865488650e-02
-7.963296875909410544e-02
-6.920417193345450302e-02
5.955570544507901576e-02
-8.611904783554638620e-02
-1.053004853488344189e-01
-6.141046772551480952e-03
-4.214068820252922509e-02
2.294652728124218707e-02
5.230589321157641525e-02
-1.288558852352240242e-02
-1.095647215874428482e-01
2.219227162269411108e-02
-3.112866452275214399e-02
-1.071867261913084513e-01
-2.983863231610035804e-02
6.740030163459476142e-02
1.053664289004632576e-01
-3.788319242907671469e-02
3.380634766878315434e-02
8.500537775201735813e-02
1.653118151266454172e-02
-5.922061217386942467e-02
-1.084988136347868198e-01
-3.148476428853977382e-02
-1.116105688439460869e-03
3.058789908000793256e-02
1.060911812369383367e-01
5.180323019173874860e-02
-2.185467599499793176e-02
2.824047222342373348e-02
8.097737020154550935e-02
-7.631150539984798975e-02
-3.724345199371316417e-02
3.475543624350559135e-02
3.175232043322268743e-02
5.913573951012739832e-02
-6.645179552173563486e-02
4.203750573289539300e-02
4.312014840002474647e-02
7.617033873339916494e-02
7.919665138830148110e-02
-6.287608226878128870e-02
1.096576865666169451e-02
9.274938649879151120e-02
5.059906989922328957e-02
-1.018134911444225216e-01
9.372458771326762361e-02
-1.085486156736706898e-01
-4.830737009924458703e-02
2.938198625808007697e-02
-3.309155210188065299e-02
6.971687933676477822e-02
-1.217166141609873770e-01
-5.124108070692297290e-02
-7.470895874134743375e-02
-6.844133162044040153e-02
7.146177944336977450e-02
5.569835822907008571e-02
-4.744063262236668937e-02
-1.168930218428066020e-01
-5.519530089811210127e-02
1.752722313679771788e-03
1.945424615936966126e-02
-9.473191203578344710e-02
-9.987142529746979858e-02
1.390013809888468281e-02
-1.058159474691010710e-01
1.060711280568267800e-01
5.826758081334216383e-02
3.624592876906866656e-02
9.167420701096448687e-02
7.942997007496050907e-04
1.189483564732626425e-01
-4.518563603464983286e-02
-9.082513758141315396e-02
-7.601237236154560761e-02
-5.941000455798987889e-02
6.968265817220697933e-02
4.393951383355331093e-03
-9.669821321440616631e-04
-7.142046331900483991e-02
-4.557570007386218397e-02
4.274787663701997559e-02
-3.734290175674386675e-02
5.681417429714494954e-02
4.499639623801703764e-02
8.548739561249631483e-03
8.512889810393191314e-02
2.924180014832330685e-02
-8.052111710866162453e-02
-2.558423907491162372e-02
4.059330016958286047e-02
5.777889344663774546e-03
-6.558986491344920289e-02
-6.095731863022006702e-02
1.190909911982721142e-01
-3.926748776387136569e-02
-1.118343478857210943e-01
-1.046406494883948546e-01
-7.402900078884107338e-02
-7.476820631787203623e-03
5.542447244859074335e-02
6.418995466669938366e-02
-3.637478692038554479e-02
-4.593279537835648005e-03
-5.884190405454550743e-02
1.165133491242827252e-01
5.088112087207443193e-03
-8.263073859356699635e-02
-4.371416864543756914e-02
-8.871089903392179177e-02
-9.338662628327197568e-02
8.317174816477188037e-02
-9.620030779387189757e-02
5.227739704728096709e-02
-8.214961723797668813e-02
2.098474464806789758e-03
-1.642073115042047560e-02
-4.239461805469731115e-02
-7.409030104812598660e-02
-9.997510944305079694e-02
-7.654965010603152764e-02
-8.295282604723524036e-03
-1.037005477561974837e-01
-1.417881784959854757e-02
5.851583954801216347e-02
-5.387030066056448796e-02
3.906790099258675153e-02
-5.455467534521942635e-02
-1.048921143624011038e-01
-1.183892382165813995e-01
7.899776711507758287e-02
1.046230286829704093e-01
2.345214829203255691e-02
1.110022842781175217e-01
-1.070535942672650176e-01
-1.030674290745930144e-01
2.744321730987510019e-02
-1.198177200901032607e-01
-1.598709321366985348e-02
-5.357725746723156213e-02
-1.956191285712372517e-03
9.434174650382835814e-02
3.964489905474294362e-02
6.869914792306959506e-02
1.008511481425729828e-01
3.873843922490255443e-02
-7.834328848478185059e-02
-7.412964265439826728e-02
4.547127339474361235e-02
-5.425010699373315065e-02
8.017595680355821264e-02
-3.311079654950494638e-03
5.530532884976942232e-02
1.099487647050634842e-01
2.239424402495504215e-03
-1.127860221489584980e-01
-9.529117383082104376e-02
3.237862502676057408e-02
-1.192754357313178248e-01
2.302473110544535004e-02
1.149737574345360003e-01
-5.970650144317801028e-02
-6.499600821218912659e-03
2.156560702626830056e-02
-1.081231062460407018e-02
-2.054601408859641279e-02
-8.745183063957698288e-02
1.002071933749213717e-01
6.723843790226195771e-02
-6.328455904077007026e-03
1.004935659070747139e-01
-5.562229313519261031e-02
-3.499588796083569903e-02
-3.195063503831183094e-02
-9.651343382417748584e-02
8.407763780372523588e-02
-1.961956128208307976e-02
-4.626692638312787653e-02
4.376568411679122861e-02
-5.862254941096405048e-02
2.092110625843283597e-02
1.646769613149016986e-02
2.968112898441243111e-02
-9.978614757749433573e-02
5.725381375704766823e-02
-9.490208720686219013e-02
-2.913007237386849510e-02
8.064101079666449734e-02
-1.064575367993437632e-01
8.890417659150341712e-02
-7.042408062916352685e-02
-9.964217239838044082e-02
7.136315235197916718e-02
-3.395002897199861369e-02
1.135770407059151221e-01
1.978101415271154087e-02
-1.064185174429269354e-01
2.454185742064951201e-02
9.212600838179810236e-02
-6.353046999097036740e-02
-7.039720901916303453e-02
5.781547607575684977e-02
-7.039018748934110226e-02
-7.811855846858778776e-03
2.138692708819276908e-02
3.147478936223434276e-02
-5.585295226180332639e-02
-8.283218751329310403e-02
-2.786122920808311795e-02
-1.015323786273030285e-02
-1.096145498327868451e-01
-7.370472336872510577e-02
4.823958992209877866e-02
-9.687286900776881371e-02
-9.984756842485513484e-02
-3.891163925116603028e-02
-8.997932428453341014e-02
-9.346413472138452583e-02
8.554165185116406611e-02
2.306907464007664638e-02
3.084779928439747299e-02
5.920889993724291062e-02
-1.149572202353109501e-01
4.070253901955701165e-02
7.793099990991629589e-02
2.794800819990936325e-02
2.088532771906770336e-02
-8.390581634451563242e-02
-1.232725821866601512e-01
9.816753641355188686e-03
-2.493642027435489031e-02
-8.811624414694445989e-03
2.845950481959575243e-02
7.966990413606038490e-02
-5.044900675470383178e-02
9.894394942698871154e-03
-2.815669605882343413e-02
1.002339222402338914e-01
-9.136866777838614784e-02
4.424185429644847400e-02
-3.813936581865181447e-05
4.961501700872845977e-02
-1.007116974199428333e-01
1.586247421142471942e-02
9.130228723775336841e-02
-1.916620276456555000e-02
-4.529104171848834237e-02
-5.316198867985920395e-02
3.692908077669927736e-02
8.265058768755231822e-02
-9.912691998858951664e-03
-4.091958794737272226e-02
-6.186859880209562290e-02
4.895683000399277118e-02
5.011079146846956350e-02
9.249704292290973628e-02
3.116587834734041093e-02
2.514648728977504633e-02
-5.291158512847125156e-02
5.511932468488990600e-02
5.523888847653925932e-02
-4.795269244258138636e-02
-7.604749195221612024e-02
2.816638940876005359e-02
5.845414329369073847e-02
-4.117292340854119409e-02
3.211039956382477287e-03
7.353269187691655051e-02
-1.172693004868775590e-01
-7.295419459126840922e-02
9.339564329808880405e-02
-3.704231869288825835e-02
-5.087699047146856945e-03
4.012728196031174754e-02
8.233865353944647136e-02
9.118081620081493199e-02
-6.234471702282225192e-02
-1.147321466662284614e-02
-1.591500304185006903e-02
-1.166308532382079044e-01
1.204527916718606817e-01
-1.348436812014447775e-02
4.511526750888841808e-02
-1.466708948253102676e-02
-4.243461070581637518e-02
-1.122009366458577989e-01
-1.119721143142513725e-01
6.796846899308432721e-02
-4.467444037994894313e-02
-8.448942603110717875e-02
-1.087612683686341036e-01
3.273461491491655440e-02
-3.809088518481524438e-02
1.997560529139899566e-02
-6.452474193647789180e-02
-7.472994469308290311e-02
-6.191094506800542269e-02
-5.656679277860542088e-02
-5.573001250336230561e-02
-6.945680216985303940e-03
1.095339301719394087e-01
8.747503347518209571e-02
-8.021504098735740551e-04
-9.269301189866102630e-02
1.666952117308093465e-02
-1.165068744271775258e-01
-9.929864662820313270e-02
-1.183305953322978388e-01
9.264629723284094343e-02
-4.398605989273993155e-02
7.409756948336285176e-02
-6.899506495269476514e-02
-7.585746585388407869e-03
2.751230534234930941e-02
-6.437107646334409849e-02
5.884430729496001322e-02
-6.121711350055475398e-02
-6.090843519786672683e-02
1.180284609067962925e-01
-2.185677245109492531e-02
5.556786645883676073e-02
-9.157784086063983087e-02
-5.335604712902009689e-02
-2.009825983650906020e-02
1.187668722079811140e-01
-5.790729066135789221e-02
6.661824259910793800e-02
5.452070555010331797e-03
-1.168922327689616014e-01
3.407427192056447507e-02
-7.130130578308174760e-02
2.405454785596905683e-03
-9.831508184192487565e-02
-6.686530134750788557e-02
6.495355195494707801e-02
6.705353068543841227e-04
-4.597086706796598907e-03
-3.750720882495706121e-02
2.045328563556322865e-02
-4.119928879032266900e-02
-1.157200195120582503e-01
-2.250048644678099771e-02
4.499691305586902418e-02
-1.490605721337612266e-02
-1.148655646031170041e-01
1.028505062548897009e-01
5.414532501362220862e-02
8.310394837673096280e-02
1.193668238822751526e-01
5.323037272248865026e-02
3.401630351267887625e-02
1.888557735413966959e-02
-8.793971842484286927e-02
-2.365266076186140973e-02
-4.708079613357546434e-02
-1.161763273999223134e-01
-5.793791368886741511e-02
-5.004637351064575301e-02
-1.043555295836688934e-01
9.867417543685921832e-02
1.520995949955405817e-03
-1.136899061686764412e-01
4.039448741489076733e-02
-4.146940258380096833e-02
2.296700660134806671e-02
-1.906269184587465818e-02
-1.405932098297716336e-02
-8.711510989485937717e-02
4.963003128006848730e-02
5.838774750660085527e-02
9.229262893954236213e-02
1.151862283707211498e-01
4.494015884030608254e-02
9.399258898365356329e-02
-6.739238159021655739e-02
2.588945546850049753e-02
3.087758973957709097e-02
1.046000961239244159e-01
-1.082096628475560929e-01
-1.918700839944798703e-02
-8.754175745794917640e-02
-9.591431418333040693e-02
5.929800781217012262e-02
3.949416930925849639e-02
6.187404683308796172e-02
-4.725111303415170660e-02
3.793466017989269995e-02
-1.424319699181885758e-02
-5.814082626681183613e-02
-2.804208778458706225e-02
3.281969718034107031e-03
-3.947661352941087692e-02
1.330881966565649124e-02
-1.371373902801399647e-02
4.135132204728088345e-03
1.429871779916096035e-02
-3.143530344493337264e-02
-4.896121122554971533e-02
-4.965299615501855834e-02
1.542270467000313866e-02
9.106805532505178602e-02
1.891819102063724278e-02
4.537802621988715895e-02
1.007888580278263613e-01
-1.126233074477373669e-01
1.367765613685367407e-02
-7.656109738417749000e-02
4.496279521697006676e-02
-9.896181882437568578e-02
2.082795569607400962e-02
-9.637854299865554475e-02
5.800606895168491234e-02
-7.251114398685043483e-02
-4.537293916365034430e-02
-5.931940022861952738e-02
-9.279412586022645071e-02
-8.588046558681877718e-02
1.083634490110869791e-01
8.507189851960236804e-02
1.121449573251473014e-01
-3.712665857712084405e-02
-1.832348377530880479e-02
1.150085602309296740e-01
-1.080955751585056801e-01
8.704862243996164262e-02
1.126734041149493187e-01
-1.165955574302528774e-01
1.175438270098429633e-01
8.405747736658076424e-03
-9.055257847648029434e-02
3.525359819993622440e-02
5.803484151599563184e-02
1.150903787058820127e-01
-4.513114380596745107e-02
-4.977461353467657612e-02
-7.972704236643252465e-03
9.496719886496050866e-02
-3.784382400649956985e-02
8.927806838837698544e-02
-6.580882821548587891e-02
3.749638491299849778e-03
8.405049025425349873e-02
1.190746888112889298e-02
1.069859669786469569e-01
-8.349964215813460156e-02
1.311615792396889080e-02
-6.035387052313817557e-02
-3.686633639428320286e-02
1.883535614991206295e-02
6.273953704583606905e-02
4.373346948215541680e-02
3.507991797374375095e-03
-9.993302081843866147e-02
-1.318614766197521715e-01
2.863261652177746808e-02
8.171966405422907698e-02
5.417978964798299268e-02
-3.196365214755020681e-03
4.041925506673760271e-03
-6.634969122044716283e-02
5.164925874246591858e-02
-7.151947403852434992e-02
9.412897059300362468e-02
-4.466180097996813592e-02
-7.703662729812152388e-02
2.761022654448993391e-02
-9.065921029802920250e-02
-7.635600376254922383e-02
7.692990557918336081e-02
2.281381062424998885e-02
2.719306983865532601e-02
9.674892582385646866e-02
-3.040360399813288664e-02
1.022116890435773862e-01
-8.468571604355971949e-02
6.852605035759160024e-02
6.464200749355349107e-02
-2.239823271061654186e-02
5.784725463386113792e-02
-5.782732052649287857e-02
4.742951430037040811e-02
6.312789127332517347e-02
-2.801127336738401530e-02
9.719288233069255101e-02
-1.169464304705694450e-02
7.730761881793317414e-02
6.693218517599534845e-02
-4.576899663909463588e-03
5.256069005170762622e-03
-1.134966071327262599e-01
5.632081071039457543e-02
2.549379234832903351e-02
-7.562073181134514044e-02
-1.198851228363350535e-01
2.205506459784986259e-02
1.321549303741362084e-02
1.611533047563296073e-02
-1.056622020599639195e-01
1.065085166918285919e-01
-4.663031614027465799e-02
-1.018406816437590345e-01
2.311594314122899715e-02
8.552545879788282790e-02
-4.388130873668587284e-02
-8.318912605124836879e-02
1.119921180469749672e-01
-1.108584398634477330e-01
5.387979045043732318e-02
-8.069198291294511771e-02
5.751972491797652937e-02
-1.272860545740727919e-02
1.329548518595232570e-02
-1.040338637795385109e-02
2.867149476036618891e-02
-9.216584931509166911e-02
8.125060521418825399e-02
8.210461148874260984e-02
-8.554033272649858022e-02
3.740958110145049809e-02
1.297693980602763163e-02
2.111266437759785897e-02
1.673668184401113507e-02
1.054595921202735320e-01
-3.197579334809304286e-02
-2.007776819970184118e-02
-7.328734438065438728e-02
-8.632080057313396004e-02
-1.498451758895810552e-02
4.295902002127753583e-02
5.331043337879973198e-02
1.011225675699810034e-01
-4.939935848628051324e-02
-6.768844363118364793e-02
1.718481027878103126e-02
-4.527810715429934213e-03
3.746408866504751661e-02
5.230258011310840588e-02
-7.858256944322491999e-02
5.619622782759885193e-02
3.001612158508270602e-03
-8.053513187602552581e-02
8.197872216756438291e-02
-8.962153958795802955e-02
-6.663601049955261701e-02
-7.020844252309599298e-02
6.196095961380700817e-02
7.903953786848302854e-02
-4.622659562685210721e-02
1.923847061975197774e-03
2.894372859040648255e-02
8.030722642752174956e-02
-9.150532415498173477e-03
3.889502786989305731e-03
1.428258086018341540e-02
-4.824086350010269031e-02
-9.155364740922407232e-04
-1.872411108337024288e-02
-3.406095375360303212e-02
-9.301949100752904265e-02
-3.961123896746553130e-02
5.638042490416250024e-02
-1.031690226598810517e-01
1.015644238102759028e-01
-1.055678709309967184e-02
7.944665721814614390e-02
-4.613389559796741285e-02
7.582803007390394312e-02
3.095131922973480901e-02
-3.085432982066451529e-02
9.192801155998277240e-02
-4.621109816493854799e-02
9.431362517664106104e-02
2.269768977945123278e-02
-1.947608953665042400e-02
3.737512306257791822e-02
2.831567054349376847e-02
-5.028758552756401601e-02
-4.021662806712492100e-02
6.357935583180375494e-02
1.048209770733233154e-01
8.869935334839665342e-03
-2.956611298706078583e-02
6.197649990663017111e-02
-3.834261168950656162e-02
-1.802934031044330435e-02
-6.035454813264528456e-02
-7.419312488371648806e-02
-4.926102506669999270e-02
2.891305855233177943e-02
6.776472817666073789e-02
9.371909525886581993e-02
1.091934858053588142e-01
-1.232147160070196645e-01
-3.384554830418477073e-02
9.409345648870584555e-02
9.456650218231442417e-02
2.226485404686073116e-03
1.028540090088669590e-01
-8.032741303102619579e-02
-5.017783828046486899e-02
-1.280712478950829791e-01
3.398251044591935749e-02
-9.472150133816571033e-03
-1.108416234180674004e-01
-4.409910416609545691e-02
-3.165420181485663689e-03
-9.108651454674693282e-02
-9.032097957364122742e-02
6.060632242369842770e-02
-4.730895245647465802e-02
-2.869576094588307397e-02
1.183060460429678773e-01
-7.566757201995276405e-02
-7.185161236625690895e-02
2.386469553180538966e-02
-2.929179874269747380e-02
-1.026293142020367893e-01
5.890889227527566080e-02
-2.451283232326710582e-02
-2.972021927239821074e-02
7.515367321965056580e-02
-1.107923036268716188e-01
-5.368769258901572722e-02
7.063187945142911095e-02
-3.976807168633961220e-02
-3.344021950151539885e-02
4.610358055523499157e-04
3.197149911642518244e-02
8.016035965925230600e-02
9.656591135918168867e-02
-6.622741663583167626e-02
-5.963896217312644049e-02
-8.015945004181025679e-02
8.360946760807523581e-02
-5.260366998085996837e-02
8.872708085016495216e-02
9.265160155202573078e-02
3.274388393486503401e-02
-6.862141030131500147e-03
-2.916165840686753274e-02
9.409275668911631918e-02
-7.945471761799821619e-02
-1.047192143137487541e-01
-3.436291253442413495e-03
-1.165587796084102401e-01
-3.487966503423617359e-03
-7.315913814716622221e-02
-3.362249495716913839e-02
7.110375451357152377e-02
-7.977812186784719040e-02
-7.725561469775408391e-03
3.078334101381231119e-02
-7.351717085914503957e-02
9.606808441997753689e-02
-1.044294312903349814e-01
-9.403543784909781933e-02
-2.735437552887538815e-02
-7.031295289759036116e-02
1.001595380708717731e-01
8.081809705613955674e-02
-1.026458769536941762e-01
8.273806759953301893e-02
-5.182026799053961880e-02
-8.289556685453235846e-03
9.231983352930077380e-02
-6.168951719537005968e-02
4.908714838855765539e-02
5.170825521398508817e-02
7.742354508652643519e-02
-4.289910330575495007e-02
6.006385982965820047e-02
7.110570078159625385e-02
1.032170109012746917e-01
9.061229219456230777e-02
-5.285822778297937299e-03
-6.552368831611417310e-02
1.022361763451658245e-01
-1.329622090491731079e-01
1.442861505079929239e-02
-5.474201625260617654e-02
6.117470815807613677e-02
-3.535008336362763237e-02
-2.036383293549989468e-02
7.653873625211064791e-02
-3.575268426493600788e-03
7.874601948727831535e-02
-9.385351526545729350e-02
6.590172193478430196e-02
3.463933445322320281e-02
9.629823394942513271e-02
3.155075181409154605e-02
-1.177831008249472927e-01
5.729307554769068334e-02
6.834786221139568796e-02
-4.947958434232834629e-02
-7.160633197659438398e-02
-4.492634204577847234e-02
-2.947315512153189654e-02
-9.205049149952947152e-02
-1.066924627465118403e-01
-7.940909037575846763e-02
4.083052510389262313e-02
5.022328365864945493e-02
-3.836507206439086076e-02
1.057162730266977407e-01
3.181033262190979122e-02
-3.183688897736971363e-02
-7.215654175230470924e-02
9.926028554676903648e-02
9.886843399312032765e-02
-2.176559887387522624e-02
-3.747187235563387980e-02
-5.286344094148607425e-03
4.187936047315620608e-02
8.566498358116879375e-02
-1.034764450327627650e-01
-7.098181570698480769e-02
-2.053891808557746501e-02
-8.943597561794380812e-02
1.039361720716337339e-01
1.730985281531660647e-02
-5.869323104015425341e-02
-1.207556647895240698e-01
6.937353137927317059e-02
-9.230943035394863216e-02
-1.248796638187495284e-01
9.877764600562857766e-02
-3.834132674535345453e-02
-9.037548804044204243e-02
-8.293285214154141882e-02
9.371178861043470698e-02
-9.710651604697981276e-02
1.000010444003979898e-01
9.403843779661717750e-02
7.693582763847130190e-02
-1.906742186347364434e-02
1.364513157384212617e-02
8.150177956721012251e-02
-9.313220627717248845e-02
-1.039481456712694485e-01
-4.982888385920291457e-02
3.166775267952635919e-02
5.516930549503436428e-03
7.578594855150527776e-02
-2.757595608186995742e-02
-1.872779049311183719e-02
3.285697748021003395e-02
1.974835451494040550e-02
-9.856504737249235926e-03
-9.503409110464289267e-02
7.228499590930900776e-03
-4.883520703861187612e-02
8.108026769461040839e-02
4.428351918837691338e-03
-1.001438722154278232e-01
2.209835702552849501e-02
4.062518744049498781e-02
9.739096210713522883e-02
-7.369981134303948966e-02
5.156462339632982700e-02
2.854307372709458807e-02
9.202218223672845032e-02
9.893139349343899047e-02
-2.615681990759344613e-02
-4.607375536025085094e-02
-1.183428134789958966e-02
-4.036042446422647562e-02
1.673325633811920815e-02
1.288315404951431015e-02
5.721206367512190333e-03
6.199555910890922061e-02
5.768584078186992509e-02
8.585143489370032632e-02
-1.062896397164724976e-01
-6.703450443317715557e-02
-4.971054317781180981e-02
-4.663957635345361563e-02
5.798477756182725262e-02
-9.963435327794184504e-02
1.028265701835078955e-01
-3.480427243349588917e-02
-1.592940019374113753e-02
1.588526652331333569e-02
-5.147556657875900638e-03
1.095168193000068957e-01
-1.003385926107007858e-01
-3.745010529760751244e-02
-5.792050131565427279e-02
-6.941165347897210181e-02
2.611555162562615232e-02
7.635230506865431366e-02
-3.447630848724776015e-02
-1.029099815555050978e-01
3.335130439654648837e-02
-2.584156769827806663e-02
-3.284266653639889011e-02
-5.178055098775462967e-02
4.225607352734369465e-02
5.671497689779549101e-02
-1.004041175178951723e-01
-5.813929164784254616e-02
-5.172204187278566651e-02
8.466407503959640091e-02
1.041214656530555817e-02
-1.129071379834649044e-02
8.406532548537593019e-02
4.200934760490612069e-02
3.865104357418535502e-02
3.477514865916789266e-02
-2.214336351661907315e-02
8.262396106209000946e-02
-5.900896786485451684e-02
7.662104164691974084e-02
-6.641112689943633185e-02
-1.086969488403014689e-01
-7.387150383446249025e-02
9.192043548807754538e-02
-5.122872550359817978e-02
7.314403335195709954e-02
9.981337068190002104e-02
1.052553845315787606e-01
-4.970690706062933645e-02
1.528143412561662993e-02
4.079721539019895427e-02
-1.103039772091150700e-01
2.288955836977276184e-02
-1.015336277342353544e-01
-2.791103292833535532e-02
-7.179163979958813613e-02
-6.370351487463844775e-02
-4.170874400058292679e-03
-7.448831897209044761e-02
2.288196750196971538e-02
-9.103099019624812105e-02
-1.073044676469901574e-03
1.028325457144524530e-01
1.677123576329428781e-02
4.689736409002729506e-02
-4.065442228189374702e-02
-2.880009533310638054e-02
-2.989789529317338299e-03
-7.124088861273757123e-02
-3.636479215694170958e-02
3.324315528527736763e-02
-1.886999597523920588e-02
9.967245304335987932e-02
-4.208127221486780006e-02
-1.074782285698348827e-02
4.202520906152654168e-03
-3.437404293062835958e-02
-4.847416184136846273e-02
-7.126948147015674077e-03
-5.232984983248825661e-02
9.684323632137252502e-02
-9.443228236540857773e-03
-5.051010786699702826e-02
-4.115354825424234753e-02
-7.476472673364976951e-02
-3.575186388370314022e-02
-1.859324285621599335e-02
-9.070173107710075011e-02
-2.051046067656138450e-02
-6.545034098601489048e-02
-4.381692885732280801e-02
-3.298782935019386325e-02
4.964127914120702867e-02
8.710383980089737854e-02
-7.579012214058766794e-02
2.758470774431822162e-02
-3.918507695061112378e-02
-2.379221307772391714e-02
-2.370436820288122567e-02
1.183667898655938189e-01
9.300345790281480673e-04
5.507750762941708567e-02
-3.270507056142611668e-02
2.155498834122057672e-02
-4.257092121319663858e-02
-9.324338113065330780e-02
-3.049244263664453031e-02
9.915642448847386548e-02
2.807427207480075668e-02
-4.517334048209735442e-02
5.419922803327263672e-02
-1.045757081253072540e-01
1.045364550342559457e-01
1.066158515166425874e-01
3.576309860242500582e-02
1.117903919125104173e-01
5.063714274654584208e-02
-4.484130872210365104e-02
-1.038263789705759915e-01
-5.142983623247007752e-02
-1.202243094182968985e-01
4.965761000787349833e-02
5.750459330220381027e-02
1.536788572450414544e-02
-1.178876967215336802e-01
-6.358753562464491971e-02
-3.120059949516941489e-02
1.070091480242849891e-01
7.109700095597899783e-02
-5.783020566009734048e-02
5.380940955319667152e-02
-5.180694256433211742e-02
-1.100209118713673939e-01
7.269686465537593401e-02
-6.910799265248003531e-02
1.474404436862201961e-02
-1.111905425389300567e-01
6.923053033583237426e-02
-8.200852341791738109e-02
-6.930982463018114936e-02
-6.558386757328737993e-02
7.010795394370211708e-02
-9.624069149020413050e-02
-4.077145694778574331e-02
7.049206155304956964e-03
-4.724655957753885749e-02
8.092218878719945052e-02
-7.034435345514661320e-02
6.441707694482104452e-02
5.101836957183532306e-02
9.407321070034767307e-02
-8.349616811239392311e-02
-1.197493637386500970e-01
4.933463996469904245e-02
1.101720471234716829e-02
-5.979523087478270937e-02
-4.377441278000816782e-02
8.040223689849587685e-02
8.926069326721322583e-02
-2.683082698575292059e-05
8.652344327161397286e-02
-7.070860472131998420e-02
-2.866724868694947581e-02
-7.735260439403782162e-02
-9.472503957177295930e-02
-7.441518452001864153e-03
-1.204896080774916084e-01
-1.707119020588066319e-02
1.183564241895105895e-01
5.072909489453557991e-02
3.530539579426253405e-02
3.366855629617383078e-02
-7.916205382892357867e-02
-3.366207239515373734e-02
4.987845916166414734e-02
-5.247724718298662355e-02
-8.691707940557319434e-03
3.509965521726057802e-02
-4.974583868295628930e-02
1.090345719215197462e-01
-3.279351902742460440e-02
-3.169663597117301085e-02
2.095933885622634600e-03
9.148425042403091415e-03
-2.859334877179154147e-02
8.279221712567902403e-02
-6.430138576503044434e-02
-1.063771152578678048e-01
-8.142737825493341630e-02
6.042508080507165424e-02
-5.337763882137135790e-02
-3.892827155018562663e-02
8.960376157570021372e-02
-7.086690194303781921e-03
-1.218238416057768891e-01
1.087747208434816787e-01
-5.139198963131402786e-02
-1.144725472228762808e-01
3.526704023845204927e-02
3.862294695251429488e-02
8.601122092095628280e-02
5.864918444485007348e-02
6.024791722700392760e-02
-3.548099704515930014e-02
-1.036455678374494094e-01
-9.434213063383559139e-02
-5.596334678432414445e-02
-1.114185467841406763e-01
-1.585537777688612177e-02
-1.853261034703757026e-02
-2.481137278669905827e-02
1.303336084507296551e-02
6.263105259739025141e-03
-1.442951515210695243e-02
-4.317778920783479218e-02
8.474872373800658443e-02
6.122150629407140804e-02
5.778892346103103872e-02
4.187185397952282451e-02
1.129331577027216788e-01
5.209217599060278307e-03
-5.939368713512922088e-02
6.795316493461267537e-02
5.757904428420744514e-03
-7.117436823230444132e-02
-3.203905717125080793e-02
-1.053282065674066709e-01
5.443617216481807380e-02
3.569210640456570854e-02
-6.424756797801543795e-02
6.853991530169656343e-02
3.848739305976178054e-02
-8.555085735823927950e-02
-9.843092097678522723e-02
-2.862449600599171074e-03
-9.141043364945085348e-02
9.941558102022304833e-02
9.357419935322644489e-02
-3.446735141023170301e-02
6.019600753012524508e-02
-1.149414009503135076e-01
9.019064390862130409e-02
-3.351576913451514289e-02
5.901224812952962639e-02
8.470391770673714460e-02
-6.735201966184171940e-02
-8.064938132999562026e-02
8.910146012423844630e-02
5.165768670424474712e-02
3.119454101167952811e-02
-6.293983388678008051e-02
7.219370088740181129e-03
-1.019008133735844063e-01
8.147817276518071195e-02
-8.969109945790963712e-02
-4.237614582116694395e-02
-9.088998855899843576e-02
-8.263005407102581856e-02
-5.100446359524655332e-02
-4.429469957432345673e-02
-1.097726642399645125e-01
-5.935759489255325316e-02
-2.859415523891864833e-02
-9.615334734959887775e-03
-6.777256839030740276e-02
8.132248674341216454e-02
-7.044856879944541572e-02
-5.682817560161648046e-02
-1.057904518022650953e-02
7.390668622748720884e-02
-1.038019858155293379e-01
-4.308657206523527905e-02
-5.463645535633922939e-02
8.730286798518641089e-02
5.418374417671309451e-02
-4.712859161474628605e-02
1.397110061660325996e-02
7.683313431726102039e-02
-1.916574504771667922e-02
1.176585127129366748e-01
3.061983480013070330e-02
2.559612742819477801e-02
6.048653770674708441e-02
3.645264551039983925e-02
5.086615338873195363e-02
-8.242136299765524809e-02
-8.346265159304673553e-02
-6.618512837382042185e-03
-9.586624438861614250e-02
-6.761012009140978177e-03
-6.731875104322962433e-02
-7.806466691891819631e-02
7.178112430989527781e-02
6.790946281380033644e-02
1.331439979000900199e-02
1.162709450014876890e-02
7.164739789213735166e-02
4.214311067024284485e-02
-1.157969632082508221e-01
3.823249121635113879e-02
1.044056883689239990e-01
-1.074597173455795196e-01
-1.137641013464390782e-01
-2.100206248714655069e-02
-1.056705653525356059e-01
-1.069025440898596496e-01
5.638038817199595570e-02
7.058446009899645157e-02
-2.227695119789597014e-02
-2.946945119518443873e-02
9.799605333744294822e-02
-1.031051779606216995e-01
5.534141311661473772e-02
-8.416938776989887905e-02
-1.036494734118747069e-01
1.169040173663930954e-01
-6.963595421188616130e-02
7.722229899125088171e-02
2.955271141962661011e-02
-6.559221160797075456e-02
-5.606411804090605244e-02
-6.148833643486123490e-02
5.899923645484986268e-02
5.924939993921440190e-02
1.415380410054100334e-02
-2.967714168580283182e-02
-1.416180677910159474e-02
-9.874894505552694879e-02
-7.682593198703825677e-02
-4.540831043398791539e-02
9.714279785933045697e-02
7.833205760012120281e-03
-1.351807570540096599e-02
7.145997682983566690e-02
-1.099677449030098952e-01
1.042942064704285715e-01
1.152013555542220902e-01
5.136824391225753433e-02
-1.194699016656010221e-01
-1.190444673141672627e-01
-8.279750248149060632e-02
8.546356046412470486e-02
-1.192132566471906935e-01
5.705985170186562289e-02
-1.085458310641787549e-02
6.294411712031243444e-02
6.516916507215888416e-03
-7.761186361243002305e-03
-1.033553516316105536e-01
-1.521610920191188154e-02
-5.611974004142285255e-02
-9.078885799224984884e-03
9.766343016382902920e-02
5.984778833840251333e-02
-4.965979296873054144e-02
4.148136284086836878e-02
-4.393998185986794369e-02
1.047877679612292529e-01
-1.009979053061906551e-01
-9.555408702862831782e-03
-7.692071233924416274e-02
-1.124338349453209429e-01
-2.676109547623453655e-02
-4.058392002230411244e-03
-6.388266510500796580e-02
4.395739639515665320e-02
2.564368616960415598e-02
-1.081478078048879465e-02
4.758964999543120050e-02
-7.918989977306151173e-02
-5.456970236755657316e-02
1.081957980295379478e-02
1.225221218458622530e-01
-4.283398558781023602e-02
-1.022881928942730168e-01
-4.235544611444120450e-02
-1.016842317657688649e-01
9.466588859572755421e-02
1.193785980999013674e-01
-9.499329678099187324e-02
-6.529825197362525147e-02
-6.031736692899133945e-02
-1.227807620610404382e-01
1.071418884145877159e-01
7.504959653621729940e-03
5.032207920354042630e-02
1.015642518027513319e-01
1.662345735858372642e-02
-1.373540514542226018e-02
-2.230630738392650608e-02
-2.898325829456231337e-03
-9.261174058093522843e-02
7.319396089764862445e-02
8.109985244674065841e-02
1.014669410836509245e-01
-9.741177426973772480e-03
3.222483197369804125e-02
7.102456976801668764e-02
5.299757762404570804e-02
-8.496743502652052971e-02
1.016681604793362309e-01
1.271938744414995853e-02
4.134896487139005233e-02
6.891732654540240477e-02
-1.208313101275034461e-02
-8.174879495951582753e-02
-4.242650108897995376e-02
-1.134327793710277477e-01
6.576308323622880037e-02
3.829736308129794153e-02
9.506416540267920157e-02
3.321115652193513089e-03
-8.359005979885448037e-03
-1.705554018009230663e-02
-5.427212691289397262e-02
4.665528735173470748e-02
-8.926366932393389741e-02
7.649189122181124234e-02
2.776184823161838636e-02
8.649991348306342032e-02
1.567228773890257110e-02
-3.364456025868383000e-03
-4.292420189694935023e-02
3.454484012203397347e-02
2.563337396845889217e-03
9.136871749525711864e-03
-4.923333634567111233e-02
1.034527263737227837e-01
-5.228749385102578195e-02
4.076988326431837950e-02
9.969986384207366048e-02
-1.040764036921514452e-01
4.584294238530919885e-02
4.876997330480759008e-02
7.537558548048151758e-03
3.568089871667362578e-02
3.774537936004050687e-02
-6.919706744320444636e-02
-1.549409326040619705e-02
9.095944200082513309e-02
-3.681069959473327186e-02
-1.134653167233105747e-01
-4.198266903421297297e-02
-7.896204723184198360e-02
7.740197457748536347e-02
-8.500651039639964268e-02
8.965851317497221251e-02
4.313907952749537755e-04
5.397322177125658121e-02
-5.873948760222483245e-02
-1.542978769855533373e-02
-3.727662075789868468e-02
-8.775052918099586138e-03
1.021561798190524090e-01
-3.399776091174066400e-02
-4.823412602714077790e-01
-2.880106074886593648e-01
-5.124454602616527188e-01
-4.544514248416818281e-01
-4.331542664790026809e-01
-3.626297127307195334e-01
-3.976286960604222820e-01
-3.564168208867429799e-01
-3.559096625494480026e-01
-4.547615380686138575e-01
-4.106261081464706031e-01
-4.573288438066739348e-01
-5.040544267736175588e-01
-3.258339404168253406e-01
-4.315746606361916538e-01
-3.559354807998500458e-01
-4.962252213819601243e-01
-3.684830403039130453e-01
-2.913179945260020443e-01
-4.625534920528506788e-01
-5.660739095644082841e-01
-5.600342786280632090e-01
-4.481165010607530697e-01
-4.640124296083754096e-01
-5.788841895749122779e-01
-6.888564177400940958e-02
-8.525529446118663979e-02
-4.418874487594971756e-02
-2.590095583732253751e-02
-4.977178998269794763e-02
9.414976089138586690e-02
-9.319459114256471721e-02
4.551195325266812336e-02
7.934091341120180774e-02
4.736076135041714097e-02
-3.129640172514700641e-02
-4.588343393007241616e-02
-8.353850134423587703e-02
-3.104450411284267672e-02
5.937589866636665270e-02
4.559009008700208587e-02
8.493677245724374700e-03
1.074980341012464480e-03
-5.138979078446723192e-02
9.161922873596653472e-02
-8.928587788703747086e-02
9.966707936089964914e-02
-6.877515074795835515e-02
5.512077523566975834e-02
9.776472852082326859e-02
8.121044423644388499e-02
1.035027682098649399e-01
8.708003384375373468e-02
-4.835175436607878907e-02
-7.677257210379070940e-02
-3.027449624149871309e-03
-4.077695678360215154e-02
-6.476724436265993146e-02
7.393516522326605556e-02
-3.126920631970975945e-02
-3.836295669704634786e-02
-3.520607455042849832e-02
-7.538130237908653719e-02
6.959619511898100519e-02
1.754032128794962009e-02
1.061915482811698619e-01
6.523363498952684802e-02
-5.344329145656651764e-02
9.326685069661215521e-02
-1.130642171787324540e-01
-3.087652969201777620e-02
7.065431774392537390e-02
-2.329027980693043620e-02
9.072674578200511097e-02
-7.445478702225799550e-02
-5.482092351955103471e-02
1.142972910723671076e-01
-4.535050956020325597e-02
1.022059251557129872e-01
-5.253724626804446435e-03
-5.463327526683890017e-02
8.874938776729378309e-02
3.920160907622476099e-02
2.803952703709539432e-02
-6.287779847738846073e-02
-2.242843552665416129e-02
-8.383132547744864826e-02
-6.287184015226372769e-02
8.481832405428413324e-02
