-1.794011202679508254e-01
-1.096788079071994437e-01
-1.078754679781780412e-01
-1.804570861430266626e-01
-9.961394043488822070e-02
-1.536886610747267012e-01
-2.077991087115786673e-01
-2.146666678936199335e-01
-2.220801917621570698e-01
-2.042861913230056836e-01
-3.653922363197303902e-02
-2.396984799191403670e-01
-1.895505348591207395e-01
-2.074544685281167200e-01
-2.440852949924950388e-01
-1.505776329707100292e-01
-2.158786065353580641e-01
-1.414917875243930090e-01
-7.755822913209398095e-02
-1.700009936197737215e-01
-1.386077982533956143e-01
-2.280075186269695520e-01
-1.728575044621661894e-01
-1.924553889947428487e-01
-5.233909138255016247e-02
-1.219200713952597881e-02
-1.535349816521165978e-01
-2.015806286368513889e-01
-2.699477787035603482e-02
-2.239055962025136015e-01
-1.532805493199965730e-01
-1.517762753024226863e-01
-1.864634521029411574e-01
-1.357647106301365370e-01
-1.956771941947077487e-01
-9.764363438184656130e-02
-1.267812031368723835e-01
-2.424195381071164446e-01
-1.444622929786482657e-01
-1.857183230207219704e-01
-3.196292524038252258e-02
-1.472949509365987231e-01
-1.646768744812396879e-01
-2.386939837933660380e-02
-1.140872023062646234e-01
-1.572907601416342338e-01
-1.756408848450495275e-01
-1.140295446285725378e-01
-5.956234413500410829e-02
-7.723030748488432518e-02
-2.068170432959603178e-01
-1.372319093210113139e-01
-6.096239165942857197e-02
-5.036237867546228264e-02
-1.846220290844523548e-01
-2.202059357055906608e-01
-2.291780370673380252e-01
-1.202140399893508738e-02
-3.561107262326887457e-02
-1.710971619361273677e-01
-2.196453681775196176e-01
-1.932693544039397748e-01
-1.333445072688413946e-01
-2.151748705500988734e-01
-1.871900754715460635e-01
-1.695774471934099192e-01
-2.450528089316442726e-01
-2.111064149247267041e-01
-1.652188737007109220e-01
-2.796732776772112294e-01
-2.165374771443550617e-01
-1.025297991466923297e-01
-6.079586925392668761e-02
-1.880934306881994478e-01
-2.223332528901312832e-01
-6.412046458582207342e-02
-2.343030678351386287e-01
-2.266019091807408847e-01
-1.789719601064391763e-01
-1.685447910801968208e-01
-1.870511326776898298e-01
-2.453644990641849488e-01
-6.336564645364894943e-02
-2.690125011809820776e-01
-2.687278827090959221e-01
-1.560313549397028265e-01
-6.646540575904708037e-02
-9.767570325586744096e-02
-1.210705213263288671e-01
-2.699809106681109738e-01
-1.466739565510118692e-01
-2.489526334757106718e-01
-1.105358810791733093e-01
-5.489279000950272880e-02
-2.641882720408318397e-01
-1.860566611060226749e-01
-1.102849730809041529e-01
-2.678413096782123470e-01
-2.746692020572097381e-01
-1.012541307270217184e-01
-2.206852109819474050e-01
-2.313066256139839350e-01
-2.563188945457193779e-01
-2.049242817625497037e-01
-1.534107386854425548e-01
-2.456018616545582733e-01
-5.687418846537745099e-02
-7.766756758616671918e-02
-1.912795429092010169e-01
-2.319145074383472949e-01
-7.756952738708713935e-02
-1.315626383125743093e-01
-1.421430984542454423e-01
-1.956812571767573283e-01
-1.775398474223459644e-01
-1.116567092381876292e-01
-1.884324005472941266e-01
-2.684337543148974659e-01
-1.254934668871988124e-01
-2.172464902477777571e-01
-2.729112084662489446e-01
-2.236370628603770450e-01
-1.224880264692667919e-01
-1.539772290967852675e-01
-1.096048424366122820e-01
-2.074330024972420583e-01
-1.437251176844056288e-01
-1.438751628597025600e-01
-3.358685016779483501e-01
-1.472661397409938400e-01
-1.192437329919845690e-01
-2.444721557096555253e-01
-2.554593578040944557e-01
-1.540895891200770584e-01
-1.751493531590686548e-01
-1.973920553907653475e-01
-1.903966170269961455e-01
-2.877900291097011953e-01
-3.031704811551941270e-01
-1.077730054973381479e-01
-1.578369863970637554e-01
-1.474268489961416684e-01
-3.057606615655654725e-01
-3.179305456639349159e-01
-1.691710776881917289e-01
-1.823956902757890852e-01
-2.831974284619460658e-01
-2.006109871839284187e-01
-2.499181295350656473e-01
-2.173433318563065542e-01
-2.043133503765549863e-01
-1.493521321833176652e-01
-2.445813156556204404e-01
-3.261791439372447310e-01
-2.748503629824985417e-01
-1.997700050091960888e-01
-1.021891781372592234e-01
-1.721460235248868098e-01
-2.580986885018342614e-01
-2.156941827795127997e-01
-1.847803624069479234e-01
-1.594830666714401324e-01
-3.283020760916625091e-01
-2.283112819175680541e-01
-1.216544475238764966e-01
-3.217560575461075323e-01
-2.341128226644998422e-01
-1.939921793049608767e-01
-2.075880999426798768e-01
-2.699253690637387071e-01
-1.649653924903091429e-01
-2.188247965269778383e-01
-1.532789205943931310e-01
-1.456220392841643396e-01
-1.913403991726233544e-01
-1.897436439391153029e-01
-1.670895258412355422e-01
-2.551962343097634589e-01
-2.839540587647999548e-01
-1.352335057075173541e-01
-3.011691997978793167e-01
-2.504190343817439546e-01
-3.100757357747775389e-01
-3.128996729253396558e-01
-3.342484335716312538e-01
-1.438240744220024570e-01
-1.470361235200692007e-01
-1.203591507891859924e-01
-2.105812481363305011e-01
-3.255673337580966553e-01
-2.970856891247520837e-01
-1.325071328491975731e-01
-1.938264946799650723e-01
-1.343388913088318093e-01
-2.055034360077949152e-01
-2.714098099892500726e-01
-2.466315806353030493e-01
-2.410448242422480458e-01
-1.133745584291431796e-01
-1.922177114627736383e-01
-2.618695702572654271e-01
-1.585153220965799248e-01
-1.246665171436189823e-01
-2.053756148908157386e-01
-2.509246881616105096e-01
-1.754520199550618220e-01
-2.104366016120776395e-01
-1.689796513006517897e-01
-2.492267141638807859e-01
-2.555379853413333180e-01
-1.862472844908434066e-01
-1.912932184190518359e-01
-2.542115627312506732e-01
-1.114515774624066091e-01
-2.122783168266722809e-01
-3.264265241450674537e-01
-1.068192982988353523e-01
-1.866020719039602760e-01
-2.511737210742062132e-01
-1.538257036641791642e-01
-1.729464983258772737e-01
-2.344336346123959691e-01
-1.248847610938408070e-01
-3.311807973228966251e-01
-2.910696023985850922e-01
-2.963376554347697533e-01
-2.983727411536840624e-01
-1.619681772178917234e-01
-1.773695752165551365e-01
-2.623239950624662864e-01
-2.187119203073137896e-01
-1.363788441354678860e-01
-2.914387506562359786e-01
-1.327374609906574465e-01
-1.008033134722431945e-01
-1.037169474075871345e-01
-3.298014499021495460e-01
-3.063205009456606565e-01
-1.980044210458750120e-01
-3.123435775291093508e-01
-1.439144945613926585e-01
-3.177560562160445246e-01
-2.704075961423962893e-01
-1.154527583714151373e-01
-3.116712633857791626e-01
-3.279613449388507629e-01
-2.815045416500217001e-01
-1.707928100119555370e-01
-1.020372085753527280e-01
-2.756473367730087887e-01
-2.747321370773526672e-01
-2.554476849128904936e-01
-3.308856391122771967e-01
-2.279270944951310995e-01
-3.029521873741575777e-01
-2.130695576084630227e-01
-1.617707111254215180e-01
-3.278726270585987645e-01
-1.434697570250851040e-01
-1.995016922519661229e-01
-1.416288315258578401e-01
-3.501764880040720840e-01
-3.292495780836963704e-01
-2.282089503945678999e-01
-2.920347157694904716e-01
-3.308762235657168871e-01
-2.321533377722261593e-01
-2.342357531708256502e-01
-1.420128989892217863e-01
-3.080535791977870863e-01
-2.286612826232785889e-01
-2.229009902278188127e-01
-2.932875003138931125e-01
-1.647970112979265656e-01
-1.986153580309263089e-01
-1.284823884689038076e-01
-1.611790069718299079e-01
-3.332429122109841213e-01
-1.593390989136620473e-01
-2.624814553695590247e-01
-2.035535108327029552e-01
-1.260581173162212409e-01
-1.981918719486800429e-01
-1.964511848966687957e-01
-2.902160226634005746e-01
-3.166805031359877232e-01
-2.204421006801698113e-01
-1.564599399608632146e-01
-2.466372309821532327e-01
-2.061961702476104996e-01
-3.471148021807303752e-01
-3.247580606316907148e-01
-2.999470064510308953e-01
-2.429723327487336992e-01
-3.513274469561182833e-01
-2.441104931880919149e-01
-1.885519517660684263e-01
-1.713481063388250514e-01
-2.488952224747611464e-01
-3.303508968394959777e-01
-1.955798041178449798e-01
-2.213717649425798462e-01
-1.707708997428447062e-01
-1.555187646716003069e-01
-3.089060851526987395e-01
-1.745602295435305373e-01
-2.443065862982338465e-01
-2.948632437110423332e-01
-1.873327359431439798e-01
-3.235995714816014002e-01
-1.726182293861747430e-01
-2.894027257944160048e-01
-2.354754844009353254e-01
-2.698507241807578394e-01
-2.971446128839057010e-01
-1.950794693726018159e-01
-1.749187276518729961e-01
-2.418941072612053600e-01
-2.871089290532075622e-01
-1.381436853301004075e-01
-2.440813439250533179e-01
-1.567155217983525473e-01
-2.310926203943583224e-01
-1.121939962294832283e-01
-3.298931119872438589e-01
-3.068732192739284659e-01
-1.935954011038902856e-01
-1.858880440515148225e-01
-1.434819587780014338e-01
-2.259460082858608387e-01
-1.468996525902221684e-01
-2.281301450994944191e-01
-2.569497401785041935e-01
-2.537653043081250503e-01
-3.077434391736145192e-01
-3.294526926415839441e-01
-2.067482353596281908e-01
-1.157445878513134463e-01
-1.965283897854269435e-01
-2.545741702279559759e-01
-1.268543362742174108e-01
-3.050771194429173216e-01
-1.976594314624095794e-01
-2.239253159875183585e-01
-1.364684311449325393e-01
-1.219828085429803255e-01
-1.190267444163799482e-01
-2.584330217896597670e-01
-2.334432052306701366e-01
-1.571619943396261876e-01
-2.098770357597495029e-01
-2.184720683326420998e-01
-1.897794416600696310e-01
-1.211415726235904322e-01
-2.546626641398812563e-01
-1.600066086477295313e-01
-3.072246780997989202e-01
-1.658434097879219193e-01
-1.204943542953564595e-01
-1.597362586837570708e-01
-3.365519934215162601e-01
-3.147315998643083201e-01
-2.205404608074209571e-01
-2.806160408460831590e-01
-2.140484228955911450e-01
-2.130908568264378855e-01
-2.017353149754005648e-01
-2.462860388009021628e-01
-2.134305052154203131e-01
-3.105846472522038049e-01
-3.334769710444162039e-01
-2.888467344192416908e-01
-3.215302913443361943e-01
-1.853944031440263873e-01
-2.538825039038388187e-01
-1.182522616880504751e-01
-1.719256440304821332e-01
-1.938078609768285332e-01
-3.414136639648445160e-01
-1.976929538632114514e-01
-2.741295818100319970e-01
-1.569312534943840820e-01
-2.854342182754130430e-01
-2.438729880528635596e-01
-2.633269607412488944e-01
-3.152768640689534996e-01
-2.362652008815286919e-01
-2.631194663057730421e-01
-1.691392178853509676e-01
-1.830164649985179803e-01
-2.837868637540300609e-01
-1.208740861657091326e-01
-1.611807123865972580e-01
-2.473444135408553735e-01
-2.342667423659712533e-01
-2.163874088853429134e-01
-2.586593249975542297e-01
-1.678892529830322000e-01
-1.467540037359473526e-01
-1.762863668703925635e-01
-1.106504333795320372e-01
-3.082290364982511743e-01
-1.338464520229296073e-01
-1.211411576343231489e-01
-2.473222656524193264e-01
-1.149669369908715433e-01
-3.288202954550373813e-01
-2.199383407324136952e-01
-1.631966051204569168e-01
-3.125195977590100593e-01
-2.959803658600446141e-01
-2.735983548046816427e-01
-2.335598789584039658e-01
-3.160210751816932562e-01
-3.096830496591752024e-01
-2.173900619479501306e-01
-1.693624089510200048e-01
-1.667033425597741481e-01
-1.977787457320015485e-01
-2.309910441626339406e-01
-2.391551493188829036e-01
-2.514736307278709337e-01
-1.195784980784175833e-01
-2.169866314729944068e-01
-2.001281250546893820e-01
-2.664042298325060565e-01
-1.773111373779755473e-01
-3.274065063098245965e-01
-2.274559437176357779e-01
-3.206257506528882861e-01
-9.506017199336316836e-02
-1.016761292470585165e-01
-3.264345805710691106e-01
-1.441163430007112722e-01
-1.214464606370837529e-01
-1.479518403320112807e-01
-2.403091163769274785e-01
-1.139831712717121470e-01
-1.767912672528666462e-01
-2.323489780451625242e-01
-2.052439229452083791e-01
-1.244193609383435484e-01
-2.968288925926322319e-01
-2.535683356242979802e-01
-1.602371756833011751e-01
-1.651563295213142046e-01
-1.759337485713830251e-01
-2.119222688278016298e-01
-6.971095099148949537e-02
-2.582863356911612729e-01
-2.402201383522507561e-01
-1.911035450398431701e-01
-2.172236608451213469e-01
-2.371894499231639308e-01
-2.494018610165828209e-01
-1.732237912018361747e-01
-1.853478850482091489e-01
-1.879769194776276797e-01
-2.564067461704679918e-01
-1.650138763935933561e-01
-1.609250598605487803e-01
-1.486459871248422826e-01
-8.570051985032853259e-02
-2.194607953658524457e-01
-1.696172414081616453e-01
-1.270753935736742835e-01
-2.485606075215961164e-01
-2.300060480957070164e-01
-2.554879709476634009e-01
-2.657434776145043975e-01
-1.336189067109457285e-01
-1.773233580208677940e-01
-1.259391680876470188e-01
-2.053638996746121603e-01
-2.620441271520099202e-01
-8.733052949167005585e-02
-3.828154170824285552e-02
-5.902615462398652646e-02
-2.240665522285212041e-01
-1.333917725428503676e-01
-2.553736374489574135e-01
-1.550466274037395065e-01
-2.276249925608812008e-01
-4.618173849228993100e-02
-1.795175274839807544e-01
-1.757830969687573797e-01
-1.572865933806387728e-01
-2.399786469327417626e-01
-5.989288193821803996e-02
-6.080154243828320149e-02
-1.916704325372637907e-01
-1.617895255227251861e-01
-1.622569292085285220e-01
-9.940412507134155362e-02
-2.551991237942261015e-01
-4.283034908219243708e-02
-1.828317046202962426e-01
-7.459586979745203017e-02
-6.922769650284751886e-02
-1.145520526303097919e-01
-2.358295721966744696e-01
-1.198727267931171681e-01
-9.710663746042583200e-02
-7.695185828209663570e-02
-8.864227714207437159e-02
-2.622888698843263144e-01
-1.370944001124997647e-01
-2.106225172175725524e-01
-2.420699628293070393e-01
-3.891620101677703558e-02
-2.324948810096451601e-01
-2.340685155567122089e-01
-1.380682795414307773e-01
-2.364122006264017806e-01
-2.490762517134014753e-01
-2.087804128186531161e-01
-3.185904319899587334e-01
-3.011820339520722700e-01
-2.999393982170238671e-01
-2.788031573887225223e-01
-1.488022517230849495e-01
-3.186880725015123761e-01
-3.137244008737967160e-01
-2.267487938378849599e-01
-1.228072960402068203e-01
-2.668326528777886786e-01
-2.042944145347144469e-01
-1.272896383889836058e-01
-1.182745850865713488e-01
-2.769012853158459575e-01
-2.640776421317257983e-01
-9.809976029690603561e-02
-2.674779041491512355e-01
-3.111374365619217208e-01
-1.140911627058118216e-01
-2.692250954671533969e-01
-2.053671309568277648e-01
-1.876819181859011032e-01
-3.169528932951838351e-01
-2.967167138751392597e-01
-2.250418061882571985e-01
-1.069837306516524533e-01
-1.000334798792321678e-01
-1.456368465259745004e-01
-1.503650256454542311e-01
-1.839252347969869972e-01
-1.315010815508055042e-01
-1.791041080753633108e-01
-1.063528397922342827e-01
-1.007847676483613064e-01
-2.891217983231810229e-01
-3.081922676157574092e-01
-2.347566374172206927e-01
-2.396145483928637798e-01
-1.052190772210585823e-01
-1.012708721917711385e-01
-2.851317305677149028e-01
-1.554237726635764594e-01
-2.668425636356255293e-01
-1.880656127732314165e-01
-3.174320678575927590e-01
-2.089491226332938212e-01
-3.147649765052480397e-01
-1.297804117749901676e-01
-1.820110122264798347e-01
-9.807584807487912393e-02
-2.896278958958479199e-01
-1.961086478021852320e-01
-2.312278607353499549e-01
-3.277635634022250111e-01
-1.261615811809506382e-01
-1.706171515948347595e-01
-2.146142729990099252e-01
-1.742140127917634063e-01
-2.832647678102645505e-01
-3.003310760747215924e-01
-1.107020714935939010e-01
-1.509583582242566280e-01
-2.411436112611249349e-01
-2.530629836615396200e-01
-2.834159959845026777e-01
-2.351684877005837393e-01
-2.377391241299235403e-01
-2.275164700672613893e-01
-1.473746644916709703e-01
-1.016975409106063710e-01
-3.002350147296815597e-01
-1.448170524283942939e-01
-2.813863195847777776e-01
-3.225481315555651651e-01
-8.606768816489904217e-02
-2.268313060287863170e-01
-3.150339011874002115e-01
-1.953834812432602153e-01
-2.403053196561717453e-01
-2.574862312519085594e-01
-2.573913764499300427e-01
-2.925539606783403301e-01
-2.798048636777182852e-01
-2.623644731460679780e-01
-9.436919327819112691e-02
-2.630589488482593663e-01
-1.996506192600507879e-01
-2.442863357309489891e-01
-2.537301530511168468e-01
-1.232474248775631831e-01
-1.973313371553169771e-01
-1.169042958633277340e-01
-1.306359887038877066e-01
-2.858238055267722788e-01
-1.720782705197565210e-01
-9.059598755475639642e-02
-2.489586748461654619e-01
-2.277199403892474217e-01
-1.570109673041776843e-01
-1.266119600453753102e-01
-1.325628624836816538e-01
-2.917885158719544236e-01
-9.457070210098472707e-02
-2.193453618677587147e-01
-1.099649653256774551e-01
-2.748840223814081885e-01
-3.056500682275952174e-01
-3.155608775520001852e-01
-1.766699000127349706e-01
-2.809541498074737964e-01
-2.720954691365251588e-01
-2.791387770354581965e-01
-9.718656435203568145e-02
-1.034857808232339249e-01
-2.681716682694922360e-01
-2.824600884055193939e-01
-2.100594045315398173e-01
-2.595701190819462711e-01
-9.864242755447719113e-02
-2.445741369598402881e-01
-2.185385799381067695e-01
-2.795113298775487309e-01
-1.237902373684368895e-01
-1.042836445897265818e-01
-2.844177318230522999e-01
-1.738192166836226293e-01
-1.662740958011336978e-01
-2.001928615097313402e-01
-1.393575301025544999e-01
-3.250020455941524666e-01
-2.523977758691764994e-01
-1.455480239123197739e-01
-2.973613264164217673e-01
-2.592095277268435805e-01
-3.094349203645255786e-01
-2.628164002241299979e-01
-2.465122634148875780e-01
-2.866290529096887640e-01
-2.281053727082998916e-01
-2.535947353065587939e-01
-3.283979954685342095e-01
-2.107509361095485645e-01
-1.607576951487984795e-01
-1.628350067416707292e-01
-3.198654081531391302e-01
-1.462840148778930816e-01
-1.794903302053688088e-01
-2.766811769889838124e-01
-2.318176023912663919e-01
-2.273076402409887897e-01
-2.139184948033253375e-01
-1.425283714149798431e-01
-2.647144511924295895e-01
-1.529025267057907145e-01
-1.805705653204542904e-01
-3.236367352671536413e-01
-2.279855156405756755e-01
-2.391403014227408974e-01
-1.762733415136893966e-01
-3.116642927672830243e-01
-3.443172009444630532e-01
-1.295482511083544674e-01
-3.074811916478093488e-01
-2.474712823635169812e-01
-2.358034851248380082e-01
-2.297483188637914897e-01
-1.579041117099648783e-01
-2.787122546806373724e-01
-2.088707129880444102e-01
-3.458729925596641386e-01
-1.841852944916609336e-01
-3.051298819087308045e-01
-2.422339743002872581e-01
-2.726104033454089248e-01
-1.547487454964895370e-01
-3.294804787715427397e-01
-2.032946279411722013e-01
-2.821767340659895318e-01
-3.068963434459015538e-01
-2.582713418557759377e-01
-1.251325290865763495e-01
-1.912272346294454917e-01
-1.524822695257194438e-01
-3.039816487021809177e-01
-3.228875142586996039e-01
-2.731132439590973071e-01
-2.383946862415542434e-01
-2.505832286435492606e-01
-1.424580348418811593e-01
-2.122737377259859004e-01
-2.208544458099093721e-01
-2.635101468301235816e-01
-1.040533661027909507e-01
-9.078014404773726564e-02
-1.480065260031235841e-01
-2.201680110719036187e-01
-1.115354020226373422e-01
-2.472635491017662890e-01
-1.072906970841951968e-01
-8.007347020824057138e-02
-1.934255945619354211e-01
-9.138071092313318489e-02
-2.127474642780098346e-01
-1.660269610070634894e-01
-4.425767878202532812e-02
-1.959609323536879999e-01
-1.529177951649497991e-01
-1.251849869557656036e-01
-2.282330639975269082e-01
-1.732864919313888974e-01
-1.087774721026298907e-01
-1.102047658265603580e-01
-7.729338710525057721e-02
-6.542556521752121435e-02
-1.926248299554557675e-01
-2.079916220556132511e-01
-2.090540215764855048e-01
-2.240441433329366516e-01
-1.993154400686009409e-01
-2.269745911421460205e-01
-2.225357983280885632e-01
-1.133257232920934776e-01
-9.088576390073188627e-02
-1.858382025161399997e-01
-2.673411650727158806e-01
-1.189549207515207818e-01
-2.631265460979580473e-01
-2.547261224359603227e-01
-2.204515663584943608e-01
-1.031004787276073587e-01
-7.963577565564877725e-02
-1.430333692525214140e-01
-3.765836209360431952e-02
-1.530776244898875704e-01
-2.411448529619686920e-01
-1.592405975146222730e-01
-1.727874735943319140e-01
-1.982190234765751347e-01
-2.603314748178625071e-01
-2.627668928651738511e-01
-1.112873003085763646e-01
-1.977613678588667767e-01
-4.804903507955471387e-02
-1.228581704679695130e-01
-1.976011318303876330e-01
-2.632956898097024712e-01
-2.062623738471412727e-01
-1.730122380727387443e-01
-9.209857230849527454e-02
-2.680647220009713116e-01
-1.033699761368468417e-01
-2.171053996452722290e-01
-2.086161458502400756e-01
-1.984893125145539838e-01
-2.291366943721588056e-01
-1.029791847909082292e-01
-1.057244879998849862e-01
-1.630796665477356744e-01
-2.072408289136135895e-01
-2.285601604573781476e-01
-1.920335280285351276e-01
-1.055282722196378142e-01
-1.947876265036528332e-01
-2.877420937195865891e-01
-1.655056615830560185e-01
-1.118426821354163159e-01
-2.537277710244961737e-01
-2.991862459672677277e-01
-2.120565463532615436e-01
-1.474868627228829998e-01
-2.962038159323576170e-01
-2.294947205629915277e-01
-1.118210238545294111e-01
-1.520072345563651117e-01
-2.893450403679694860e-01
-2.499033973352352556e-01
-1.834454378771701588e-01
-2.535888430537629468e-01
-2.044714042282542721e-01
-2.523747842472937597e-01
-1.010048583814534551e-01
-2.154633005145439040e-01
-2.688680166937331140e-01
-2.917231077164376130e-01
-1.784748139954241974e-01
-2.629933875581441649e-01
-2.448561652948232636e-01
-1.854733208520633614e-01
-1.766485051962096431e-01
-2.648686228193619652e-01
-1.683087545144079378e-01
-1.516927968096822565e-01
-2.232647564920043348e-01
-1.951131434811279874e-01
-1.961689787427944309e-01
-2.736100185682027730e-01
-1.450748217963345188e-01
-1.097576857634315062e-01
-1.523136356723071017e-01
-9.263498663642569242e-02
-2.956803230220454992e-01
-1.278157439372106519e-01
-1.150017508273291356e-01
-2.073173807308597016e-01
-2.814559654572207359e-01
-1.346886100816333531e-01
-2.887031653962147115e-01
-2.130008747052713203e-01
-1.321792339735387845e-01
-2.417614974101295611e-01
-2.170662442169459527e-01
-8.504382215578346060e-02
-1.361959767447030178e-01
-1.047610168886202453e-01
-1.088062311653964775e-01
-9.564417874042030476e-02
-1.680579083261741768e-01
-2.231964345663352001e-01
-2.217228559317272474e-01
-2.943847462754362043e-01
-2.187133499012132720e-01
-2.088916584105568741e-01
-2.647148648013225580e-01
-2.351966041168616628e-01
-2.052164064767226792e-01
-2.832619421162393958e-01
-2.220082311669002162e-01
-2.924769489011372903e-01
-3.223754860765016828e-01
-1.901917422895801901e-01
-2.279160470363418289e-01
-1.816778475509210899e-01
-9.779493664973074041e-02
-2.553617465986587898e-01
-1.107523543875220395e-01
-1.724282569488238548e-01
-2.807290844518920414e-01
-1.046508699632694439e-01
-9.812561954429735445e-02
-2.349685881615639904e-01
-2.682658597550779955e-01
-3.256082265403060227e-01
-3.116353825196767624e-01
-2.922095310473981633e-01
-2.318829572417059892e-01
-1.375944023295573859e-01
-2.823959437922856086e-01
-1.230780285843267874e-01
-2.277453275860288895e-01
-1.281395774251027075e-01
-2.086513433305799414e-01
-2.938535603579616740e-01
-2.279345962470677445e-01
-1.502695491442306019e-01
-1.093319051034646328e-01
-1.191697593721555981e-01
-1.349393941250641993e-01
-1.104538775014428931e-01
-1.568764843102810336e-01
-1.410004024192127725e-01
-2.632319508087782589e-01
-3.263477032936008548e-01
-1.950057557660757890e-01
-9.658714492707934363e-02
-3.175202789102842260e-01
-9.390478400922253055e-02
-2.413171304618555169e-01
-2.615214994219950961e-01
-2.842819366611603060e-01
-3.297801573462197933e-01
-3.133309143606853864e-01
-2.189228777449775953e-01
-1.794211212530885946e-01
-1.129584483419884544e-01
-2.948725664243337929e-01
-2.932417513620267924e-01
-1.772670666664892536e-01
-3.081787666441747064e-01
-2.824473759192351885e-01
-2.426748781287733081e-01
-2.694873570103647475e-01
-1.688152531052796723e-01
-1.823427223462908975e-01
-2.771760463437052402e-01
-2.336959546661113163e-01
-3.282761215869380855e-01
-3.256078388440045712e-01
-1.488627662667459661e-01
-1.504409924158002232e-01
-3.199584754431338274e-01
-3.080253652345595894e-01
-2.482229081802015958e-01
-1.258565887313644049e-01
-2.366228619472522388e-01
-2.301689998815129590e-01
-1.737758456173335575e-01
-2.717676796761753777e-01
-1.110101491233410342e-01
-1.639117274751046571e-01
-1.378250748053322927e-01
-3.266865336044440515e-01
-3.129771779000756760e-01
-2.609187848393833553e-01
-1.855367568582407256e-01
-2.812281510369221138e-01
-2.529949602449599322e-01
-1.566641887359226382e-01
-1.948836805374432879e-01
-2.394769871949239404e-01
-1.544537930028292982e-01
-2.945340752765203129e-01
-1.174165876546809373e-01
-1.775408632833387068e-01
-1.370428433227664500e-01
-3.226083720828054058e-01
-3.351803101454411404e-01
-1.978045119732232404e-01
-2.100260469993189549e-01
-1.880334323563556953e-01
-1.900633193373134910e-01
-9.796753202083610668e-02
-2.814808233573740104e-01
-1.141691176818007691e-01
-1.669182540453839902e-01
-2.658820336286156216e-01
-1.419433700264675635e-01
-2.142815282297903523e-01
-1.424499129774986217e-01
-1.177353146242129667e-01
-1.033216112584898205e-01
-2.029257983101582785e-01
-2.014072003923724485e-01
-3.112700592320180593e-01
-1.522245472795377974e-01
-2.615998821993028023e-01
-1.469220463570207469e-01
-2.410092991747091185e-01
-2.958108167469404859e-01
-2.251742846994001512e-01
-1.524772013975622120e-01
-2.955782844254919439e-01
-2.872982444885229247e-01
-3.299405380019034273e-01
-2.413449949959242113e-01
-1.816454855659288825e-01
-1.791827268606245582e-01
-2.438839817954479017e-01
-2.957991745012177320e-01
-2.444833648333144260e-01
-3.331861158748136154e-01
-2.176005580526969574e-01
-2.387470826879210806e-01
-3.426454087613808874e-01
-1.481639638002708037e-01
-3.305474810916959605e-01
-2.682973140664131062e-01
-2.916924481599059704e-01
-1.524369219933126296e-01
-2.127052163593206313e-01
-1.352321696060427847e-01
-1.889821028059219532e-01
-1.201339866516322186e-01
-1.546626539972719983e-01
-3.394042459148814417e-01
-1.845573116378594059e-01
-2.982049314678930085e-01
-2.988341585784816679e-01
-1.090790580574853841e-01
-1.260091114355916253e-01
-2.371190952715653832e-01
-3.350928262085871578e-01
-2.461392315730209779e-01
-2.116688640456534376e-01
-2.766359526050733986e-01
-2.681907534714287333e-01
-2.271699258883378703e-01
-1.379313713768837435e-01
-2.302633037142254313e-01
-2.614983065758621494e-01
-3.229941567070675479e-01
-2.109897815378149744e-01
-1.994882352659345104e-01
-2.535323835845333384e-01
-2.532019324136156602e-01
-1.638200223342675954e-01
-2.462394822779359060e-01
-2.209433597183171616e-01
-2.420798374975676459e-01
-1.893758048626512647e-01
-1.264234000644995914e-01
-2.057756572438923515e-01
-1.268797014444853488e-01
-2.227874626213750542e-01
-1.766968585896776522e-01
-2.438046686917874073e-01
-2.802558639834227261e-01
-2.574223692864351376e-01
-1.274504131336756385e-01
-2.233736978593745814e-01
-1.467542372619080049e-01
-3.113727111492745614e-01
-1.284815855932959494e-01
-1.425225540820902748e-01
-2.486168073457862282e-01
-2.973828917649421477e-01
-1.690511222246967316e-01
-1.697947504953986053e-01
-2.209589062178201613e-01
-2.006087508706265454e-01
-2.399562324608172925e-01
-1.355218127818819396e-01
-1.848839538267049165e-01
-6.155075037792837045e-02
-1.393054440584108045e-01
-2.042461966703776888e-01
-2.080121603107729644e-01
-2.744704956302679300e-01
-1.708567478048353960e-01
-1.359316972466571016e-01
-1.401499826561468098e-01
-1.025239394193253883e-01
-1.225800413324566462e-01
-2.421283262561739202e-01
-9.794755419553813347e-02
-2.197443438436914032e-01
-2.121130633981390123e-01
-9.872882007215391664e-02
-2.359939050904861779e-01
-2.689563354865475153e-01
-9.391853216586670827e-02
-1.597389216435443349e-01
-1.303874722518778284e-01
-2.148081854487067788e-01
-2.791363519332518139e-01
-1.270961476660625866e-01
-2.124430418545394939e-01
-2.784736132103814432e-01
-1.870673107748146990e-01
-1.912783823793378080e-01
-9.236465646633820747e-02
-2.388354220312066123e-01
-1.735916099338522534e-01
-1.951367106628675296e-01
-5.521852822251605009e-02
-2.490007522693497288e-01
-1.951787030877861207e-01
-1.202403621451766658e-01
-7.982952329833511995e-02
-1.751903485312917841e-01
-6.127452176325287603e-02
-4.808461241087108595e-02
-2.528918917008866618e-01
-5.002594419515535296e-02
-2.586467564282735054e-01
-7.581651686249932243e-02
-2.725583757143591468e-01
-2.777721144049708490e-01
-1.768553979971800305e-01
-2.561554034549435865e-01
-1.816609301451053149e-01
-7.799799078951352715e-02
-2.247877283016002925e-01
-1.770040399308403511e-01
-1.915810352254727622e-01
-1.972247422984276244e-01
-2.286775618658272169e-01
-1.173767940199023363e-01
-2.369168768003404035e-01
-2.811367718792799897e-01
-1.814311462056547863e-01
-1.692221274095021266e-01
-2.767820217026321639e-01
-2.525736369169078177e-01
-2.526433712639822304e-01
-1.163340284238500444e-01
-2.578117871782731330e-01
-1.384320900751696282e-01
-5.306915125898536978e-02
-2.673762656888667433e-01
-2.592690141503873891e-01
-2.034429586548497648e-01
-8.054463817491586131e-02
-2.395172741990722332e-01
-1.019279897781480426e-01
-6.684977005467176991e-02
-1.544209067496344623e-01
-2.489102414756360071e-01
-2.427366645079135354e-01
-1.786603453269104691e-01
-1.105991119330975159e-01
-2.014973621152007510e-01
-1.294010588545564389e-01
-2.442345213399425008e-01
-1.505715511563249787e-01
-1.689488298883646267e-01
-2.203457276435762391e-01
-2.576823696345419967e-01
-2.218143640342964407e-01
-2.348067225211156739e-01
-1.874398622124844871e-01
-2.039161650787943147e-01
-2.672019814181347819e-01
-2.778999246904677589e-01
-2.216700974372396993e-01
-1.179978195283172548e-01
-1.523554507609316544e-01
-1.995720957685021002e-01
-9.373092426985343839e-02
-1.809729947970405428e-01
-2.653900087564468602e-01
-1.830123868951987753e-01
-6.031759521971652438e-02
-1.967376117830293425e-01
-6.040248790375180032e-02
-1.008805058092126783e-01
-6.246135627029153481e-02
-1.388935147168058326e-01
-1.366865243224748283e-01
-2.357032231122762889e-01
-1.430814223259454232e-01
-2.512897784653254085e-01
-1.884484236680415703e-01
-2.743202795658069015e-01
-2.026697485891520434e-01
-7.579459176252401065e-02
-2.732099905446626620e-01
-1.929501842816254142e-01
-1.481524297448720551e-01
-1.809339780297647693e-01
-2.243185374607352123e-01
-1.385874714499683580e-01
-1.397430997199736735e-01
-1.590759608510740331e-01
-2.323141871056359220e-01
-4.896545392629880755e-02
-2.783105292614836968e-01
-3.843017581566027241e-01
-2.849611697700444868e-01
-3.615742650114440182e-01
-1.697863658062497838e-01
-3.599578040746663765e-01
-3.639873651207153893e-01
-2.237069801975613281e-01
-2.714527117955274349e-01
-2.552165994030507479e-01
-2.603834672126308369e-01
-1.722652061893530095e-01
-2.772637977869999992e-01
-2.323549270385162901e-01
-1.885307227015437515e-01
-1.979457806547940679e-01
-2.229886497191408135e-01
-3.365262005805551015e-01
-2.203501188550864576e-01
-3.600763943908520393e-01
-2.308110423595203520e-01
-2.152556203811224478e-01
-2.432754898078025863e-01
-1.545639097719455068e-01
-2.281178237117419960e-01
-2.495648973359802791e-01
-1.641105789557451566e-01
-2.442855895527708265e-01
-1.899780245846737214e-01
-2.881455277325709052e-01
-2.775488081801606999e-01
-2.031712227899948320e-01
-3.337414151170314258e-01
-3.309615998177982132e-01
-1.615688850476561800e-01
-2.918014217930797738e-01
-1.927543637026556955e-01
-2.571629696263491027e-01
-2.460130808368518329e-01
-3.452946251393032018e-01
-2.497351167717946907e-01
-1.815453660493921706e-01
-1.738110695851975973e-01
-3.395870002554850497e-01
-2.250458566811424366e-01
-2.010097876000557782e-01
-1.635463957261642509e-01
-2.325447572206650881e-01
-2.715784049854800264e-01
-3.765517689972828208e-01
-2.833321634378406784e-01
-3.842246321955488098e-01
-2.872708201601127942e-01
-2.235962195690551768e-01
-3.786257785222330030e-01
-3.145408219807392380e-01
-3.269548745884581775e-01
-2.180818854130397999e-01
-3.666888616575889048e-01
-2.609423794965668453e-01
-1.732707348498333522e-01
-3.045089221490692721e-01
-3.807576795241859879e-01
-1.643236415594201416e-01
-2.398452793040015685e-01
-2.287253450268889321e-01
-1.206335820943204573e-01
-2.889795976850926817e-01
-2.984172501886515061e-01
-2.274518726191365470e-01
-3.489896425190587292e-01
-2.881659731998267859e-01
-3.445680575190215311e-01
-1.512840736980830547e-01
-2.535417056181411000e-01
-1.532877129991701837e-01
-1.621203090738247143e-01
-2.393424958534026148e-01
-1.646924903416360220e-01
-2.024849208033420445e-01
-3.245250754254285219e-01
-1.800710524151533098e-01
-1.837321785694439047e-01
-2.472195310736655105e-01
-2.359015527731834205e-01
-1.391804090077126410e-01
-3.075532873656754429e-01
-1.396242800398853900e-01
-1.363373896815366637e-01
-1.776540393523754480e-01
-2.860056302982142418e-01
-1.414796496616929355e-01
-1.962894501565473349e-01
-2.458709885069504109e-01
-3.023180075198995675e-01
-2.528394764833951092e-01
-2.316380762919142966e-01
-1.406171500385226536e-01
-1.843469833543695813e-01
-2.653574911458347896e-01
-1.381298088989994788e-01
-1.643062668682068461e-01
-2.681989385679784954e-01
-3.207202335949809191e-01
-1.835428022750986154e-01
-1.712670078250083938e-01
-2.512890085471383150e-01
-2.589066621053035533e-01
-1.324758445587408962e-01
-1.574032352174006000e-01
-3.100738670246979134e-01
-3.108164709531035519e-01
-2.021248449689395377e-01
-2.148816060880695822e-01
-2.736693884413853306e-01
-2.189562353758288116e-01
-2.444658900213910746e-01
-2.132159475014916150e-01
-3.512894134046536943e-01
-3.269355830997470180e-01
-1.456782162835304484e-01
-2.861536255619239744e-01
-1.644513551259093320e-01
-3.512581543272186857e-01
-3.340733039973911023e-01
-1.957463596445718490e-01
-2.540463580171609670e-01
-3.141246231269947398e-01
-2.686947254327397006e-01
-1.609078400334437997e-01
-1.960368064460475956e-01
-2.298390463942855400e-01
-3.004102671722319040e-01
-2.748958794581000120e-01
-1.343067733278929254e-01
-1.491625746583367385e-01
-2.469710089579147394e-01
-3.226279040698772915e-01
-2.864304491151410392e-01
-1.475383433027255553e-01
-2.354222652416473327e-01
-3.338600006475745396e-01
-2.331189249734962055e-01
-1.417598324721773273e-01
-2.814082021582798854e-01
-3.361774393873444011e-01
-2.601740032781471035e-01
-2.597117970178208224e-01
-2.380359634829397053e-01
-1.127678394232086712e-01
-3.306137301951052598e-01
-2.803521331143063455e-01
-1.263407222876254676e-01
-1.136247166250645146e-01
-2.716753423458149186e-01
-1.510546438599533470e-01
-2.819084767334407160e-01
-2.632205025880909877e-01
-1.993190813711943066e-01
-2.051869733167666909e-01
-1.735333093448073460e-01
-2.415133492752718491e-01
-3.289314370617797967e-01
-1.866820076577869469e-01
-2.207051883899924516e-01
-2.042194826691515197e-01
-2.755451589035092241e-01
-1.251210377008759589e-01
-3.297161295517574420e-01
-3.001281789128233402e-01
-2.449095833228435160e-01
-2.178914561677106621e-01
-2.711688755418079633e-01
-1.477764659802176250e-01
-2.783059346435799997e-01
-1.470596921479152830e-01
-1.055538099808595309e-01
-2.427654434965082764e-01
-2.019962281328696041e-01
-1.690278820022994288e-01
-2.075036295045344370e-01
-1.878885459967715166e-01
-1.479005444397158420e-01
-1.180828174489428062e-01
-3.268479432851926769e-01
-2.984171062349161296e-01
-1.075930595077352059e-01
-1.492318301943876546e-01
-1.874712039368270355e-01
-1.188537987866905843e-01
-1.582678659938957788e-01
-1.232085754467588112e-01
-2.633534318088626147e-01
-3.287689476148391576e-01
-2.184754067788225451e-01
-3.303921413116261419e-01
-2.647855626409282292e-01
-3.497784316202712240e-01
-2.318174448339720140e-01
-2.430117650914577210e-01
-1.365244096894921710e-01
-1.511546735584002876e-01
-3.011928434826219303e-01
-2.852856171293168819e-01
-3.320655303577004780e-01
-2.236315265577718536e-01
-2.222334444617674598e-01
-2.188063262510610840e-01
-3.202944595007859441e-01
-1.799642592345103709e-01
-2.051823006730509324e-01
-3.347621520468398448e-01
-2.624539116387229476e-01
-1.497188587430752504e-01
-2.169715698040086682e-01
-1.928557234238671148e-01
-2.065972751420536990e-01
-3.522547140109923425e-01
-2.130486851889133171e-01
-1.614407016252033533e-01
-2.319746978385244240e-01
-3.396834667312480516e-01
-2.109741196685795128e-01
-2.277505683831002326e-01
-2.902811337107480405e-01
-3.457403475108689617e-01
-2.322027746900253709e-01
-2.923278144539053214e-01
-1.579124654424243490e-01
-2.537565262315525372e-01
-2.954647232804278878e-01
-2.580978569398503231e-01
-3.126911860898134998e-01
-1.197433349171095063e-01
-1.148905597226004549e-01
-2.576579976113350656e-01
-1.559628128064960706e-01
-1.653789746011533057e-01
-1.163836925360378638e-01
-2.896339844090333737e-01
-2.015804879587073661e-01
-1.385553803350487445e-01
-2.166810682138313460e-01
-2.528261599746268184e-01
-3.323148225583468229e-01
-1.363622801197998946e-01
-1.300172366833121651e-01
-1.762201934005160064e-01
-1.815261917537612513e-01
-3.204202969085024888e-01
-3.236172086256607905e-01
-2.846795318096146943e-01
-2.161821164890805058e-01
-1.264818191114288060e-01
-1.977357773147971898e-01
-1.477095305392852886e-01
-1.313980148871556619e-01
-1.727493051792725609e-01
-1.852034623787593426e-01
-1.951347612313475421e-01
-5.586647147502510347e-02
-1.893989349332671490e-01
-1.356006622530346040e-01
-2.202296378270217347e-01
-1.068787008671406302e-01
-1.995268620010551830e-01
-7.074950176007027691e-02
-2.246173347669201958e-01
-7.618214418831464885e-02
-2.061890634411872314e-01
-2.599399306248841857e-01
-5.439880456674073272e-02
-2.714025406688395092e-01
-1.551780326916592512e-01
-1.840480300241691680e-01
-1.357346995837391546e-01
-2.444001983649097820e-01
-1.501718639359276020e-01
-1.548301043251818498e-01
-1.479544491765640291e-01
-9.475546888400274148e-02
-2.202388426123877141e-01
-2.509925081058405616e-01
-2.477983623416499803e-01
-2.585530729063169608e-01
-2.386085543238611328e-01
-1.631521733723776124e-01
-1.422297618678551034e-01
-1.634583817838572428e-01
-2.552064679853812690e-01
-2.752159789686170477e-01
-2.495505720660883830e-01
-1.009464592144065365e-01
-1.575045683784492001e-01
-2.067275867615270823e-01
-2.694742843611811489e-01
-1.518994185911868577e-01
-1.205015731586349115e-01
-2.779958296661716455e-01
-1.699366377262792605e-01
-5.974828569053322602e-02
-1.278176060097513111e-01
-1.107576682981756822e-01
-1.469746328294111171e-01
-1.729775485533187884e-01
-1.605220023675836272e-01
-1.964610972448592729e-01
-2.586938064412616090e-01
-2.352350809809669596e-01
-7.345693631925082068e-02
-1.230969800271301817e-01
-2.720835986294452002e-01
-2.180849490748299757e-01
-2.313543271283063640e-01
-1.895520432416669676e-01
-1.118563626349169671e-01
-6.525772928777293092e-02
-9.263628002233470493e-02
-2.354596044862736770e-01
-1.190137161955596434e-01
-2.242477985829718634e-01
-1.539138038558482413e-01
-8.101953427332453384e-02
-1.979979404406263244e-01
-2.339839265012850500e-01
-2.471505141621465618e-01
-2.265547991618047652e-01
-1.000604843655012455e-01
-2.533750476664665130e-01
-1.495718526001312276e-01
-8.996344651488880073e-02
-9.310770765573875285e-02
-6.851210452681394392e-02
-1.254696359469570366e-01
-6.190859772731435728e-02
-2.610221261616521016e-01
-2.601626983621812550e-01
-2.926945702597848475e-01
-1.362627648185079920e-01
-1.886308262353547927e-01
-2.531451280458999475e-01
-1.824075205711705727e-01
-2.688523747884246640e-01
-1.298532107511698175e-01
-2.722174646081801375e-01
-2.730293987758668495e-01
-2.209723321047219191e-01
-2.807434584220839247e-01
-9.059889628046766119e-02
-2.235551758257852129e-01
-2.591115199150456627e-01
-2.403107628160748854e-01
-2.193439098271718346e-01
-1.902245222333786567e-01
-1.400888655105232972e-01
-1.913809255708748547e-01
-2.552508059907633853e-01
-1.331640182215131918e-01
-1.104896617907221712e-01
-9.439395746746803706e-02
-1.534593008514908430e-01
-6.994065453767439600e-02
-2.837527008692435349e-01
-2.342196429309850725e-01
-2.854328736790169296e-01
-2.188370348003489951e-01
-2.062931173706387955e-01
-8.547337733654453151e-02
-2.164958955137772367e-01
-1.661815685655602670e-01
-2.914962961724139046e-01
-2.247117344875759204e-01
-9.285368413853112290e-02
-2.572973864305203584e-01
-2.472324056950357674e-01
-2.259527779332891062e-01
-2.260794321798147433e-01
-2.603892826779702907e-01
-1.601785578020887002e-01
-1.819374052772168016e-01
-2.893011300421151066e-01
-1.388864296957567357e-01
-2.647142648376987206e-01
-1.534050049766057799e-01
-1.125393085064751442e-01
-2.733381906512134529e-01
-1.484156577751057082e-01
-9.564118474376029355e-02
-2.474378617029486804e-01
-2.347683479023142672e-01
-2.746494690225765312e-01
-2.011476464285349985e-01
-3.015964771281857137e-01
-1.369917684882084319e-01
-2.252653697477197126e-01
-3.036798255817543812e-01
-1.723023373902989319e-01
-9.317267027817263680e-02
-2.729902017787140811e-01
-2.257781710480953885e-01
-2.163373206624173151e-01
-2.784312330476655939e-01
-1.527958259231053939e-01
-1.575171318009851162e-01
-2.443439850676170089e-01
-2.582027562255285180e-01
-2.485280971212836809e-01
-1.101089320741516775e-01
-9.691936392582131687e-02
-3.244127276367092527e-01
-2.594557450957881706e-01
-1.941927424070745423e-01
-1.481372037697739064e-01
-1.430791450937871634e-01
-2.738989039005195192e-01
-2.525243261141347784e-01
-1.211257260874713249e-01
-1.025924526572200846e-01
-2.663686635571633765e-01
-2.469840559429106186e-01
-3.097710995039212878e-01
-9.026882209617489994e-02
-2.978031819611063336e-01
-2.231589432566984388e-01
-1.836992474531297381e-01
-2.139290089131452577e-01
-2.840676579108636357e-01
-2.505345781752090772e-01
-1.884783630737715543e-01
-1.839088330747558064e-01
-1.861698459398749284e-01
-2.253562084873567128e-01
-2.195644388504749966e-01
-2.323927352468139751e-01
-2.321566531978236925e-01
-1.688850697253583000e-01
-1.154231476337294338e-01
-3.211215701165157643e-01
-1.507981255017629696e-01
-2.570201430845743262e-01
-1.454308515883953323e-01
-1.003687686158545589e-01
-1.437630908036444666e-01
-2.961971418456678662e-01
-2.170170110657992923e-01
-1.568069646923245797e-01
-1.244340107382889971e-01
-1.787329479122594933e-01
-2.379242514272215114e-01
9.273348558070329539e-02
-2.881967026011119162e-02
-8.713172834586853377e-02
7.424033523560080727e-02
-5.350196414400978234e-02
-1.143902309288566954e-01
1.655623151109709978e-02
7.170113092512729602e-02
8.555008086866493222e-02
-3.678720631017715764e-02
1.478541318139693292e-02
-1.229015403549105351e-01
-8.487281360264817276e-02
2.687680966236610791e-02
-4.489163629000382516e-02
-3.764436814134873577e-03
-5.780875146480498467e-02
-4.807279971046967033e-03
5.543453705134340076e-03
1.761222526090069213e-02
8.847831804622653673e-02
9.121850191144414977e-02
3.821282611520587097e-02
7.131811689889810957e-02
1.216397565655077430e-02
-4.100493986259300984e-03
6.088891222912530543e-02
-6.852363618366150155e-02
3.259916700448124011e-02
-8.629640841764914250e-02
-3.684667084274660664e-02
7.941702114325115136e-02
1.450449796458474702e-02
1.216781804362332686e-01
7.085038884300806639e-02
-3.180091899846771569e-02
6.897322538835501393e-03
-9.930243310082524644e-02
-3.247125092590782275e-02
-8.146138976846253876e-02
-3.182721295271562223e-02
6.542432929005143061e-02
-1.044580790006050530e-01
9.087302749968548254e-02
1.323944291682726919e-02
1.687220301899736846e-02
-3.978022489264767397e-02
-8.518699307846991364e-02
-8.079213733512148610e-02
4.838509673261968957e-02
4.002563956275592000e-02
3.344005606671502685e-03
3.533449005496037965e-02
8.650579802525196205e-02
-9.969801866674646296e-02
4.843521450893133184e-02
-1.644508881325133093e-02
7.756077634257275977e-02
-6.335957016207359460e-02
-7.599424263755880440e-03
9.405010171846937828e-02
-2.095321105947935830e-02
-3.149924568353640320e-02
4.578038210471955388e-03
2.192418857258009862e-02
-1.115100601670447472e-01
-1.097078571145337911e-01
-1.186049012454244017e-01
-7.866094598330586329e-02
9.420367357123980712e-02
9.895638786776757290e-02
9.662433597245151384e-02
-3.958472147229408211e-02
7.071322650107846053e-02
9.918722628453996437e-02
8.078125520499099266e-02
-4.831847709922644507e-02
-2.993285136726295259e-02
-9.886546600908113769e-02
-7.281729710010323431e-02
-6.196604593358476590e-03
3.094763361242933511e-03
6.687037763672866453e-02
5.364881146683641092e-03
2.017794843232875723e-03
8.426090341631778391e-02
4.201524076256096807e-03
8.890264807820449922e-02
6.256291873275981671e-03
9.920528295751090964e-02
9.469923549917183547e-02
6.399955615504346329e-02
8.043942811233205370e-02
9.183154872909607414e-02
-1.005873834227824642e-01
-7.653833438552911511e-03
-1.180037831663786202e-01
7.556722807198069936e-02
6.606420452699285351e-02
1.034244898551420072e-01
5.833794969831015628e-03
5.058901653648939858e-03
9.760769132911224777e-02
2.544337759671443100e-02
3.434788528907174732e-02
3.516078816602705159e-02
-6.428915049252102720e-02
-6.452579916239901958e-02
6.700043563588228834e-02
-2.461265252644954243e-02
2.336635787810864388e-03
2.026060155397768278e-02
-8.031331352961020020e-02
-1.065665460911185830e-01
3.435560603212090697e-02
5.508302418062021449e-02
1.120397550873908077e-01
-1.243128987008212602e-02
1.805416859151338926e-02
2.142665700532174131e-02
-1.658570677681926384e-02
-4.363283822511535709e-02
-1.277689764697446939e-02
-7.238527895716972971e-02
-2.541132483252828839e-02
-6.642384076059339171e-02
6.559839871010433865e-02
-6.586489649034110716e-02
9.477564617267276309e-03
2.928956862655374832e-02
2.807644482250320692e-02
4.787786392977547850e-02
1.066598052911699457e-01
6.534512104139164612e-02
3.031675381165849920e-02
-7.257614360465028391e-02
1.031905730654967129e-01
-8.240328541282511410e-02
1.526202421112914272e-02
2.487150643361057262e-02
-3.709291496930962329e-02
-3.927882818577773522e-02
2.099293186597175204e-02
2.922333367925202680e-02
4.798796420197136425e-02
-1.063107092609115734e-01
8.083519720323356639e-02
-8.506701652183570883e-02
4.521206899600336421e-02
-4.139833758309913875e-02
-1.255260299872515764e-02
-1.074168335230808180e-01
8.213652206005378487e-02
7.376871708504655067e-02
2.520964168928882879e-02
-1.225721028304237181e-01
4.136191251044778194e-02
-1.383444659998380941e-02
-2.284014684859218824e-02
-1.088258040505169291e-02
5.296764144757408477e-02
-1.644551871464552950e-02
-1.147215665664652468e-01
6.735818071484697689e-02
-8.593400050263452772e-02
2.718209392307980102e-02
5.152276980932685851e-02
1.005032795392153122e-01
1.038140388838336703e-01
-1.073008631859321410e-01
8.336891422125448925e-02
-2.643336542423343691e-03
2.593168110671770221e-02
5.356845526593461380e-03
4.838894940632584157e-02
-7.595552162297322663e-02
-6.097467570947630311e-02
3.991719803225206309e-03
4.154180702890694632e-02
-1.052544201133651242e-01
-1.138228710847334763e-01
7.571130496499497986e-02
-1.103890014821482107e-01
1.089301964044179505e-01
-1.093067146789382660e-01
-6.023961020064001748e-02
6.795304362232515438e-02
9.254052108036281421e-02
6.567207140035434543e-02
7.817750389668483291e-02
5.572693620393007197e-02
-1.164618966279372669e-01
9.719843470767519644e-02
1.096425175126698875e-01
4.579167145076285667e-02
-1.112806811000551649e-02
3.434965046396971922e-02
-1.071260220363783738e-02
-2.500841259686518991e-02
3.020570039506201288e-02
7.840362621409992239e-02
6.710188813373046957e-02
-1.015121556717692025e-01
3.820010896047629917e-02
6.375914676210803385e-03
-7.307369829738391900e-03
-5.245954635076911093e-02
2.820730624493168748e-02
-2.112547040574995830e-02
-3.860441338597932898e-02
2.261687466572978936e-02
-2.658282745209130521e-02
-4.053725125364070203e-02
8.062440036984817870e-02
-1.104180911459640667e-02
3.924847231250751939e-02
-2.818496617057737741e-02
-2.408636313231315301e-02
-9.724097948464752172e-02
-7.333542991844570202e-02
-6.619162729773926668e-02
-1.666796099580310220e-02
3.955735426236980240e-02
5.346425822890481239e-02
6.331616153874068675e-02
-9.189919811438201913e-02
-1.112089949147186396e-01
-1.022880017889411380e-01
-3.554489322098685483e-02
8.026467841758172517e-02
-4.989187051049915472e-02
2.349053792692920584e-02
4.780977431747329698e-02
-7.265310487992557298e-02
-8.961055258178533822e-02
-1.020370067880738973e-01
9.545478655607460283e-02
6.080352267482443812e-02
9.287062552259361947e-02
-6.651432053344823181e-02
-2.705341677741761319e-02
4.563166715209220070e-02
-1.141310415947775075e-01
5.233603707488455881e-02
2.076589050321862515e-02
-4.235360324701888807e-02
1.008486050994361061e-01
1.019016341238017792e-01
2.178032600078506562e-02
2.968524065538354767e-02
-4.385001201462420534e-02
-4.134966543052862042e-02
-9.180184369025864988e-02
4.467443700991502453e-02
4.779425454515444371e-02
-1.018004131347284152e-01
-5.353572122287062612e-02
-7.644510877908124169e-02
5.107719487462935443e-02
-7.227970065581730552e-02
1.073864575138109290e-01
8.606604704194602273e-03
-6.136243751677691871e-02
-2.958925832363329053e-02
8.378696469425141180e-02
1.443775300691414222e-02
9.233615573283622535e-02
-9.989702649896500808e-03
9.793510324468626682e-02
-1.127121620794563489e-01
-4.390056746054079445e-02
-9.042761157988218890e-02
-1.183887661139120390e-01
8.301306938199004559e-02
-1.017136866661257251e-02
-7.298793523155087948e-02
-5.035639243231385814e-02
9.573983830279675367e-02
5.101326144506864585e-02
2.670438496165918746e-02
-9.625183828912094175e-02
-8.141827718305734429e-02
-9.746614152375283890e-02
5.507178782628648767e-02
-3.887422570092532309e-02
3.929012752275667930e-02
1.473760713721660072e-02
-1.129126803210531160e-01
9.180895877986113007e-02
2.799552573444901923e-02
-3.596287799140546887e-02
-9.242461979730282051e-02
-6.832723883697570944e-02
-2.589528004139037692e-02
-8.532169505686620914e-02
-8.585103878878037366e-04
6.607995242978993711e-02
-7.520829075611260017e-02
9.113479943168986686e-02
1.436578335431564629e-02
-1.107459658788070567e-01
3.379692170558197539e-02
7.719416638016111942e-02
-3.354523883528689326e-02
2.470180471949585607e-02
-4.589286655463564041e-02
1.717470327341813832e-02
-3.261790660916522033e-02
6.526914063723079917e-02
-5.351877333458186087e-02
1.886556244565322851e-02
3.861572841503072701e-02
2.080146521664089088e-02
-5.368427451795090843e-02
3.475881518688566513e-02
2.216420919193878153e-02
-1.145140682755800415e-01
4.047736607801645514e-02
7.463482023731669857e-02
6.839984811067911785e-02
9.371944964749882520e-03
-5.834999683783000102e-02
-8.604336771128352768e-02
1.115886648271834647e-01
-2.944070476821436175e-02
5.106732415021907577e-03
9.957048487939443304e-02
-1.000936179633940548e-01
-9.841996120761799249e-02
7.879752902484020091e-03
5.257214575526527114e-03
-1.980371170613576606e-02
1.161239688382733823e-02
-8.496232468420351902e-02
-9.706598810046916659e-02
7.408070320411699883e-02
-1.011565396324435734e-01
1.076302744914264947e-01
1.162358148986301770e-01
-6.234653457064678363e-03
-8.394680519325435630e-02
-2.364045584967703478e-02
3.005579646396375898e-02
-7.001430737092731449e-02
-4.571939458705421427e-02
-9.342589191668614068e-02
9.541930811859122841e-02
-5.983459404280437252e-03
2.885640388090700281e-03
-7.390374271396336903e-02
-1.363875632144826051e-02
4.565775189047516225e-02
8.762829809386445123e-02
-5.499537939505728945e-02
4.453370131281381844e-02
-8.484301182325078294e-02
-5.071539742240251808e-02
9.585836601568242799e-02
8.429549869648939042e-02
-7.152094498467850836e-02
-9.451432832312514631e-02
4.422542214453771547e-02
-1.078274580408875860e-01
1.131743506508632591e-01
-1.073786285151182990e-01
9.436847327046854472e-02
4.799898708731308028e-02
8.543057903163854550e-02
-1.102353582297836837e-01
-1.124386735501211321e-01
4.854802621921731204e-03
-6.240236837893400890e-02
1.046832077884746193e-01
-1.108093998572951822e-01
-5.837095687194830684e-02
7.442813979676567160e-02
-5.237599791787599796e-02
1.871909624827362145e-02
2.181788503741646790e-02
-3.203459905906726191e-02
-7.240432098367907687e-02
-1.159330945599522517e-01
3.487885446515873872e-02
8.094575230951715772e-02
7.661069291718024254e-02
-7.032369721909962484e-03
4.581378397583098228e-02
2.122338314440024715e-02
-2.363442139601665617e-02
-7.667633050762948099e-02
1.130861400089835100e-01
1.081600073621135777e-01
-6.683040364335381123e-02
-4.967588294350257228e-02
-5.836878140930138598e-02
-8.532244400850913513e-02
5.652843572331182898e-02
-9.485677160737011893e-02
-4.504867863496206902e-03
-5.684761235603905290e-03
1.294272304135394951e-02
-8.692385082598114154e-02
-8.138022015794341146e-02
9.356225263555180416e-02
-9.768595344285500859e-02
6.689726379205007678e-02
2.171351932820029737e-03
-2.233582648391933823e-02
9.240894599036778012e-02
3.321327594339168465e-02
-3.762008134887166039e-02
-6.448093021648279577e-02
-1.154248510887012358e-01
-8.511090764227575989e-02
8.406329444218674229e-02
5.698633801558877776e-02
-2.193446485137289653e-02
6.924746019477601156e-02
9.463480390792199104e-02
4.239307970501173667e-02
9.596322525908362877e-02
-2.141177420839987175e-02
-4.127735478408181558e-02
3.128140018477508499e-02
-1.435673311522337944e-02
-4.919904429310503757e-02
9.267024739755380658e-02
-9.816382331187069321e-02
-6.544775317172916995e-02
-7.896637275976806092e-02
-1.106747769883464627e-01
5.217395170457444359e-02
7.392479824311760928e-02
1.117477274417000288e-01
-2.625937741499126052e-02
-9.803064975731079489e-04
7.070730585174819782e-02
6.054467327712872993e-02
-4.930350987260203460e-02
1.096284623160410365e-01
4.468328336969744352e-02
4.621819899395465669e-02
1.123516588082498352e-01
9.444495495363754156e-02
-1.224231930820149639e-01
4.869426061480126161e-04
-1.107872638032519341e-01
8.319527462402491469e-02
-9.211381892978624461e-03
-7.926707192469525931e-02
2.814254239265518917e-02
4.598056923414396702e-02
1.050883740274603795e-01
1.106517568860824058e-01
-2.851879302621734835e-02
-9.857375834517356772e-02
-1.792310960861411354e-02
9.868982635401699066e-02
9.762485085159165743e-02
8.667992174567311359e-02
-7.723987524751195488e-02
2.791520085675031765e-02
-1.041844373829081821e-01
-1.181105097039729379e-01
-1.090242981371085940e-01
-9.363361856137526057e-03
-1.181231520491481668e-01
-1.149857239039688700e-01
2.675990066659134775e-02
-1.622232367153177840e-02
1.930411656206276055e-02
-3.359508510918341601e-02
7.367297682802088910e-02
-4.932070775415749869e-02
1.496975795911376257e-02
3.049950182038588600e-02
5.942712685556208324e-04
-9.121037155055532891e-04
8.198736894909844364e-02
-1.236578134506614163e-01
-7.947089996123250788e-02
5.818991856401617424e-02
-8.374259577201986771e-02
7.032526511451017703e-02
6.653507653468876404e-02
6.320138904450618711e-02
-3.974779959398900935e-03
-1.028692707521925431e-01
-6.505508853192148999e-02
4.202292352634246636e-02
-3.093099415657703938e-02
6.302677877715665011e-02
-1.235316334251145426e-01
-1.059845569517736119e-01
8.211403341268870559e-02
8.795484213030939358e-02
5.865560902895186265e-03
-7.718799815884172522e-02
-1.934508102809340963e-02
2.915894713646581191e-02
-1.869678581467201436e-02
6.024380925213225491e-02
-1.092579227438360140e-01
7.612500016613490961e-02
1.127545857167880777e-01
-5.122338233144032443e-02
-8.964631885117091414e-02
-1.506385497156706964e-02
-1.425730717008625963e-02
-9.801544376316490004e-02
-3.417542540869530215e-02
-1.128467575180157334e-01
9.639005748404465279e-02
-8.968766523014923275e-02
7.626652914269528571e-02
1.024362933698208938e-01
1.538190913367925780e-02
1.045118681556216900e-01
-7.753518157602821981e-02
-9.800493302132048945e-02
-1.188329980869495817e-02
6.731513904402953996e-02
8.416015189845119093e-02
2.003517638020321096e-02
-3.065321293136730879e-02
1.389175764175302856e-02
-7.150779992903491533e-02
1.228448893433197950e-02
-1.077171544142131732e-02
-1.865563171320140136e-03
-1.098912488716901892e-01
1.232462097421222272e-02
1.082249475493688023e-01
-5.382261336499979953e-02
-8.167464983800071243e-02
-1.038378383535730753e-01
2.267322639798465683e-02
9.846908740265128412e-02
3.569042867744271624e-02
2.654723529153741116e-02
-9.288430765682363643e-02
-2.946426851137412539e-02
-1.542965304423953195e-02
6.283320206247718087e-02
-8.627381118334383203e-02
-4.866196898039518159e-02
4.542052484782005406e-02
-1.136582963300917931e-01
4.774604618259854771e-02
-8.348181532851014705e-03
1.053529913424100656e-01
-1.425181027316299587e-02
4.162275139052696443e-02
8.596982754078297262e-02
-5.983833771764281856e-02
-3.058390061876893606e-02
-9.338730952199822410e-02
3.551029222831306176e-02
7.924087102482971212e-02
1.103562229854839344e-01
-3.855353104047423707e-02
3.844202485236820899e-02
-7.207102655978628314e-02
-6.885758171646866321e-02
-1.212506659150576066e-01
-1.164210729091326862e-01
-5.615436222465263610e-02
1.850471426355604701e-02
-9.768659333740024875e-02
-1.389497558302214830e-02
9.032145285641213217e-02
9.232735029687745565e-02
7.199038175711386378e-02
-8.126798509726988751e-02
4.738314514422789503e-02
3.775230316099788264e-02
7.073208176731968222e-02
5.944930058578531268e-02
-1.030354874311711771e-01
-4.158002271393906879e-02
-4.110601324971443343e-02
-4.394308124383164427e-02
8.078140352757463838e-02
-1.431664303433399267e-02
-8.670184709948967894e-02
-5.194918038900968316e-02
1.140435413592478520e-01
4.937157843034026966e-02
-1.655848069636892822e-02
-9.961206683137439899e-02
-7.880667823426168450e-02
-8.182304743382932954e-02
-1.649707820332872027e-02
2.860035350932269710e-02
1.031671979451659164e-02
-8.294789494366526517e-02
-4.936821267112583705e-02
-4.433005618788890545e-02
-3.512130090256785492e-02
1.032862517627584215e-01
-7.687800670829096628e-02
-1.129939503028404152e-01
4.415832001251162979e-03
-3.257878788844362911e-02
8.604427629525565613e-02
5.884354908391233735e-02
-6.003536376501979188e-02
2.157234813503492235e-02
-9.356280381406339997e-02
8.597806639185516520e-02
-9.437003892791870352e-02
7.826492446971572425e-02
1.546808496043264661e-02
1.129617975857314660e-01
-5.780727367617531642e-02
-2.419721551948015789e-02
4.514732710356000878e-02
-1.680323575962699295e-02
-2.835706097330352449e-02
-6.674572542961926258e-02
-7.700846118091360382e-02
-1.262625328228138971e-04
5.027217732713590986e-02
7.074806140592289350e-02
3.942698723643767861e-02
-8.630767103385243721e-02
8.834217456962768777e-02
5.253682195779625641e-02
1.073830652288042253e-01
6.948764657328156819e-03
-1.016409133422856853e-01
6.835816360692668903e-02
1.154441477562460211e-01
1.124480782978361376e-01
-2.785840683498325490e-02
-1.004028718129674619e-01
-1.037836461919387637e-01
2.936107387236330801e-02
2.817920763235914894e-02
-1.188162383227116259e-01
-9.723419001119369687e-02
2.982444333362081063e-02
4.855501911217019462e-02
-3.800273704500209404e-02
2.648644802695157216e-02
-1.095046508026855103e-01
-8.528787141144902884e-02
9.832232126254827898e-02
-6.889649140743656086e-02
7.001964620144204843e-02
6.590542881917052509e-02
-2.244064428283098697e-02
-9.469871272103488891e-02
-5.551286001197129616e-02
-6.982610149563471535e-02
-6.569015627481139541e-02
5.014808527402528360e-02
-3.397759636184060489e-02
-8.402752066287354216e-02
-2.105085279825891220e-02
-3.211971725445543491e-02
-9.135065453943030933e-02
8.163216251377895805e-02
9.162507316836003557e-02
2.182162843906648719e-02
1.926625311677660282e-02
8.588656803612695900e-02
-1.770334865649588960e-02
-9.156331557843286340e-02
-1.319878395535309043e-02
1.084839973873544389e-01
1.108089663688672510e-01
2.779053353404692395e-02
-9.488840359422770487e-02
6.598372014348607983e-02
5.200204924497484060e-02
-2.501656487121196350e-03
5.734607885011912265e-02
-1.138238714572983312e-01
-7.148665421618105587e-02
-2.539115477041403723e-02
-2.051402657126027290e-02
-1.208540237480000140e-01
7.869543223595182324e-02
-1.667517146661059296e-02
-1.097790893583273225e-01
-4.325673006367980293e-03
4.812811148593056781e-02
6.149583811118058269e-03
-2.363510958761530847e-02
1.132528049089265437e-01
5.902999365714045599e-02
1.082723433553359899e-02
-1.128704299031409869e-01
8.093830233736999669e-02
7.875435935610212990e-02
4.538091647253604533e-02
6.782650244693799735e-02
-8.059164725749808078e-02
-1.094094842049457283e-01
-6.865802335886406205e-02
-7.649957249500907545e-03
5.309336698792013753e-02
1.063475043322500424e-01
-8.750289024460195658e-03
-2.687241924397394677e-02
-9.849651429452165735e-03
6.929524839625648969e-02
-7.836595774662057090e-02
1.007833885834649168e-01
-8.869998984219792937e-03
1.559519475623789321e-02
4.863138434356590462e-02
8.015774327564363644e-02
-2.400581554259235972e-02
-1.060166258246449389e-01
4.443988272374980314e-02
-2.196028103872309928e-02
-6.687728135882424485e-02
6.324025628211349392e-02
1.896990640234493680e-02
-5.811665180006034270e-02
-7.563319419060385990e-03
8.757322749960425035e-02
-1.125343004229695104e-01
5.980427069729521428e-02
-1.303765452367145611e-02
6.768860564078210684e-02
3.164539798261489789e-02
-3.077568276560008545e-03
-1.048748141401919659e-01
-6.252658437668395797e-02
-8.115345863080709876e-02
4.310617217773007187e-03
-3.574646219180315637e-02
1.375225412693819801e-02
-3.775104767771446379e-02
-1.147040824079144788e-01
2.994486774633232928e-02
7.388434558894604876e-02
-7.146708495842145348e-02
4.058291584575685063e-02
2.233204291659842550e-02
6.275177533240165750e-02
1.740626266669832375e-02
6.061163303606286606e-02
-8.733033448990958070e-02
3.344473813528442419e-02
-1.025036658397842221e-01
-6.139563576340785478e-02
1.435598425592733880e-02
9.767058810328267671e-02
-5.078136953156486139e-02
1.198395117337332227e-02
3.164856869197473291e-03
-1.229489158133068305e-01
1.055993374914876159e-01
-3.126657466234256805e-02
-6.941016402319039047e-02
1.248476112307848711e-02
8.752851947578493830e-02
7.646578979346874139e-02
6.602660493898979133e-02
-9.833441651687335749e-02
-2.121067421168963685e-02
-1.092896889058289356e-01
7.301502360546104076e-02
1.164963074282980050e-02
5.650556559715920468e-02
8.355170085562207971e-02
7.072494641454921127e-02
-2.501186306601200018e-03
-5.120809130770319351e-02
-2.480360242962033335e-03
-1.018608193996527189e-01
9.582864356315255738e-02
1.126081450525341365e-01
-6.011240762292648782e-02
-3.680756845392012949e-02
-8.758112370794024493e-02
3.269240449168084317e-02
1.024874259870509202e-01
1.083687061532670193e-01
4.254870708005541874e-02
1.046630314725539579e-01
7.888682508425239048e-02
-1.138794977109745810e-01
-2.707282339227458368e-02
-3.433011499479293738e-02
5.512783693096251492e-02
3.980551610001888813e-02
2.971361022495173573e-02
-5.249340276927207810e-02
4.372509706129983076e-02
3.564669853940240912e-02
6.267121448069448708e-02
-1.017016552006484720e-01
-6.874231110385486954e-02
-3.095997232056251977e-02
-6.637584436056750969e-02
-8.003242340303114155e-02
-1.142327420301233187e-01
-2.916149086540407304e-02
4.706213293342372678e-02
5.884540219261798211e-02
1.032920118720027786e-01
-9.427743080723804958e-02
1.015483389827327859e-01
-8.820013119812759872e-02
1.650312815245862791e-02
2.812904910147692034e-02
-1.102276030577865884e-01
5.824072953609779266e-03
1.072787792329856216e-01
3.769873768151085075e-02
1.013131422406603616e-01
4.792908585896060031e-02
-4.307368140115888644e-02
1.839922642682444154e-02
8.900261207160620192e-02
-1.110482963832432335e-01
-9.235521839748422890e-02
5.495075374367632687e-02
-4.264780438720474492e-02
-7.722695552363771643e-02
6.473209554517961317e-02
4.704140093732715050e-02
-5.196512276058987828e-02
-6.915604266309917370e-02
-4.147752703319429468e-02
2.487650529232652771e-02
-9.386298739750137399e-02
-4.309190832852061864e-02
-1.004785127388671678e-01
-7.627513709705460720e-02
5.713419895110657953e-02
8.819171484255049903e-03
-5.173282796973081160e-02
-1.379027220482896381e-02
-4.780499129489434312e-02
-8.370939860626283591e-02
-3.844465488087118327e-02
-1.081584336030400328e-01
7.245451437392323724e-02
4.898070430933244845e-02
-3.524994742140338810e-02
-5.339552469370514171e-02
4.574431683588096181e-02
-1.037429665118234368e-01
8.983079988522044146e-02
5.899383910126591857e-02
6.154214114568489630e-02
1.594240631865934121e-02
-5.084830216964461580e-02
9.898886119727746957e-02
-7.647194433637925781e-02
-6.456169736953960847e-02
-8.906328190289859725e-02
-9.483962593249099793e-02
-1.129364652676206893e-01
1.393208115937036133e-02
9.477229636032304116e-02
-8.189239244710898313e-02
2.694121100009350470e-02
5.470496963249341094e-02
4.857329473485953730e-02
9.464941078742312996e-02
-1.155135532182092889e-01
7.151760470815898829e-02
-8.831766888887648825e-02
8.967961299196332281e-02
3.022740118660748390e-02
-1.198429247170680612e-02
-5.122706303931731653e-03
-6.615875148379635196e-02
1.090765805826352797e-01
6.920464371949067162e-02
-6.983198939665527516e-02
1.002244728009399344e-01
-6.773545143759007736e-02
2.748571788147327957e-02
7.079550644643822777e-02
-9.522914125745063352e-02
7.698799741867642932e-02
-1.749012715034099774e-02
4.706753431038708524e-02
-1.413742568352706515e-02
-1.111153085875297153e-01
1.065564207180149346e-02
-5.448498818279734479e-02
-6.015479036204077895e-02
4.895679090937284789e-02
-4.186930379669848157e-02
5.569968961319885642e-02
-5.858580375791586775e-02
8.535394022509369683e-02
-4.496020646590809938e-02
-7.761961773798021699e-03
1.034945713683380619e-01
-1.146653185320676005e-01
1.079270089222952311e-01
3.397561599949473071e-02
-3.071110962556679053e-03
1.121999060585364832e-01
1.939906309214086549e-02
1.748473998990603476e-02
-1.147491593867703830e-01
8.721049593863926253e-02
-2.284938233850465281e-02
-3.502631579492183379e-04
-5.305506619329825903e-03
-1.990164640516504935e-02
-5.931044182003088194e-02
5.579033264394513136e-02
6.199766577667386452e-02
-3.331330675012891818e-02
9.312107935389853097e-02
-5.267409475680029374e-02
1.073103393189337451e-01
8.108044255693483762e-03
-1.513469731426308681e-02
2.993042837209511711e-02
-1.075381089676217122e-01
-2.916132608678029259e-02
-1.056839118570666036e-01
-7.274612828173808443e-02
1.425901606553832759e-02
-1.132563713584763265e-01
6.162781957093029644e-02
-3.956541753683517557e-03
3.041617051495424176e-02
-3.845559167723280186e-02
-6.255934466978335662e-02
7.070033672998506102e-02
-2.586940111267947012e-02
-6.446390592501952642e-03
-1.099943310145395231e-01
3.183923932937668400e-02
9.526250932664183380e-02
5.268326215454286615e-02
7.967298752361219594e-02
-6.782818878605102741e-02
4.701122327822034735e-02
-8.050167724294159111e-02
1.784922277296508569e-02
-1.757828373052522028e-02
-3.303395411177524610e-02
1.029119731810221455e-01
-4.731759053092939732e-02
2.919793007179173963e-02
5.696500915428730910e-02
-4.317430707681976787e-02
9.866363557509097437e-03
-1.786856984111470648e-02
-4.641074937166600467e-02
5.612718918868807999e-02
4.495880998508289261e-02
-1.812084841763687837e-02
3.146795545566950097e-02
-3.812467518279777368e-02
-8.382876828180979567e-03
-1.729256957080060886e-02
1.441537305785058065e-02
-3.076720278219775839e-02
-6.113968239838916269e-02
9.919870071837248726e-02
1.016592199376284839e-01
-4.327374755264914302e-02
-2.195129127215754081e-02
6.821162159981095097e-02
-1.012798653950237465e-01
1.014211868595343291e-01
-1.116880149002713180e-01
-1.134008650504867849e-01
7.673577025124717066e-02
-5.510411089316142458e-02
-6.181701006858018183e-02
4.024893621432371060e-02
-6.912178506456653770e-02
-7.140792602123365029e-02
9.849420393003117946e-02
1.313610892152286026e-02
-1.253161297159868515e-01
-4.945273215868004058e-02
-2.646454652602234572e-02
-7.269034049473756254e-02
-7.154536157234245297e-02
2.524661885094218322e-02
7.139677013401474204e-02
2.706509385403136486e-02
9.053254003209085243e-02
9.442519446381467119e-02
-4.513938569959566327e-02
-3.813428034685267809e-02
-3.964090959441104317e-02
1.024930089857802179e-01
6.378391993800518189e-02
9.327588123604360626e-02
-7.493015357217293337e-02
7.463077275400253896e-02
-1.185539149110789586e-01
1.950467849370902604e-02
-1.337310823897787902e-02
1.527108111309242837e-02
8.649708622325298635e-02
-5.867156583465356345e-02
5.709471469637814739e-02
6.629080159188260879e-02
-8.698431922874529099e-02
-1.270463914833263874e-01
3.770001859319478676e-02
-1.078603108430448709e-01
4.838031079132415480e-02
1.071946992858825165e-01
9.969942165557035829e-02
-9.784817872509898873e-04
9.149770861582527670e-02
-3.205519756808292847e-02
-6.182812659965271351e-02
1.059427700306857650e-01
1.796923368426537812e-02
-8.461544633698703244e-02
-6.560321174873059991e-02
8.350270551173058498e-02
6.552655264667153756e-02
8.563042534926158800e-02
2.375309243170523055e-02
5.118240426486956457e-02
1.474201449500708860e-02
1.074029237988770036e-01
-6.987506680480000398e-02
1.764691069507476340e-02
6.863620271301441866e-02
-7.537085860841523377e-02
-1.229052040789290340e-01
-4.169728472550385256e-02
4.294384736243649081e-02
-1.026462564512954645e-01
4.898278519148801385e-02
4.081977846058533650e-03
4.501545953746107290e-03
-7.753223412545806603e-02
-9.308661473336743430e-02
9.856336316278682674e-02
6.993734935742082492e-02
1.997936850755542212e-02
-5.076351386957629608e-02
-9.325324854924074702e-02
-7.987931109038487465e-02
7.895834429942909238e-02
7.842102794545810496e-02
6.708664231992353399e-02
-4.965797461568868115e-02
-6.467697189993230900e-02
6.934385470995160783e-02
5.294106463865439621e-02
9.935367135090682200e-02
-7.884494756622331679e-02
9.256957033669727108e-02
3.795374334913310943e-02
-2.462619295405548206e-02
-1.163692811282193845e-01
-1.201897257522621110e-01
9.973077959221805788e-02
1.447875330487667124e-02
4.560220450926649044e-02
8.174635430118137869e-02
7.231476329148840698e-02
5.711380604863180999e-02
-3.415732337369050547e-02
-8.594277391306139047e-02
1.364820962451920514e-02
3.334829993253889124e-02
-5.194062213801851208e-02
4.931588314234963688e-02
2.279457327428315722e-02
-5.839932239618263882e-02
1.087490820207592523e-01
-4.221839648294802017e-02
-5.846103164496166404e-02
1.128483386192814103e-02
-6.598664340815260654e-02
-5.300547223210579778e-02
-7.770975187226326908e-02
-5.335038688357325587e-02
-6.808687784994973957e-02
-9.075684173800482868e-02
-3.476244997239059942e-02
5.489834416710293735e-02
-1.147841029355021747e-01
-4.903764494414486474e-03
6.235550772582799245e-02
-1.064152600441863605e-01
1.063587677604500153e-01
-3.296010825848694203e-02
8.738641023290615040e-02
1.006574158657033286e-01
1.030817022436427699e-01
-6.366036726414005253e-02
9.000505300170963396e-02
-6.030617847949190646e-02
-5.730586981309040290e-02
1.927263442510170240e-03
1.013482619799352530e-01
-3.714398586635434939e-03
6.422064160515499054e-02
-2.472872241616509009e-02
-7.185202270056460783e-02
6.480521387232569819e-02
3.875405739128268828e-02
-7.659245396299181607e-02
-9.925728780606261903e-02
7.777152188329435230e-04
4.713762391240654964e-02
-2.622249008162742812e-02
-7.512623242271916635e-02
-4.824713042755204850e-02
1.748058061827383394e-02
-9.277998840685792656e-03
-7.093156483150898917e-02
-1.876938650137611325e-02
-3.616729338259200982e-02
6.170719199738207428e-02
3.296202432065850618e-02
1.230770380285726041e-03
-9.015188614028915581e-02
1.136632369293963732e-02
1.036635397906482126e-01
1.085781902122261583e-01
-8.669183844938682659e-02
9.557133835869803529e-02
-8.482143688003655757e-02
-1.008189232543955233e-01
3.426523896099446798e-02
-4.183269775719066115e-03
1.134533565114216463e-01
-9.515361094904210837e-02
3.975519532774658693e-02
-1.112466444456410158e-01
2.841476501915822864e-02
-2.699012242827035502e-02
-8.058028068815156764e-02
6.092409581805777186e-02
1.746803425270442023e-02
-3.475862846162875580e-02
-1.072846603256051023e-01
6.908161026887640888e-02
2.561208704023113826e-03
-1.155931307988954104e-01
-1.034244452347698150e-02
1.082018722366788060e-01
-8.890762402914297036e-02
-1.726957717058281300e-02
-1.077268967450117354e-01
2.235122102681854142e-02
-2.354773774453943619e-02
-3.408989263455090499e-03
-2.498875160390010529e-03
1.144289340397691424e-01
2.677451408439775540e-02
-9.607373959731585478e-02
-5.969401362811950496e-02
7.638681618196539735e-02
1.141104800747677894e-01
-9.296335707204865517e-02
-5.280071875324100772e-02
-1.099578443367740244e-01
-8.533667190907836403e-03
-2.306454162909938460e-02
-1.058413960064640141e-01
-8.745443249377971712e-03
7.382505530985015996e-02
5.216401306235780855e-02
-1.719495475305966165e-02
-2.039067698965699432e-03
-2.501620514842144150e-02
-4.590698140780100772e-02
7.599009958827121491e-02
4.624775927136792059e-03
9.889220057167508182e-02
-6.350878605170076630e-02
8.631741757080046984e-02
5.614787874398010498e-02
-7.450704882898250003e-02
1.076908309685348647e-01
9.679679673224791947e-02
4.953611700103772303e-02
-6.310938049840467134e-02
-1.025093982858778507e-01
-3.180098159532663421e-02
2.274618115933025111e-02
7.409196856782875040e-02
-6.126589175344157590e-02
-1.438139084897504909e-02
9.084162464177611071e-03
-7.512468832029096932e-02
6.609475999576196192e-02
1.655455917088604484e-02
-8.045817717673163505e-02
1.051750748582304523e-01
7.442213642735356904e-02
-3.663548636438460765e-02
-9.709164330288405642e-02
-8.769407521675104400e-02
2.867613464846211976e-02
7.096156689643093318e-02
-3.112445808251996029e-02
-6.922695395970179799e-02
-1.084711597192880572e-03
9.215923809084561324e-02
1.113959224311290852e-02
9.555424833647484240e-02
-2.116279732058157226e-02
7.667575034000284617e-02
8.809368301138760515e-02
-2.798509087945879117e-02
-1.178311714695508688e-01
-1.792820805397700445e-02
3.219812363834677338e-02
9.736161409387342203e-02
2.428694722993170879e-02
6.440640523989459021e-02
9.772420853171800981e-02
6.628685270525773443e-02
-8.818177560054880904e-02
-5.663951281341484539e-02
-8.053683367226553702e-02
-2.239575975942384098e-02
-8.519678683605805269e-02
-5.289593188167351911e-02
-4.952537475515940424e-02
1.375503422411737675e-03
-3.444282453271249600e-02
3.947797858033409713e-02
3.387164039007821426e-02
-6.768490638439352003e-02
2.728423220032335367e-02
5.092637029506701801e-02
7.030495115240975590e-02
1.114703126322511700e-01
1.066731128278233381e-01
-3.789274714901378488e-02
6.964217053795311585e-02
-3.554657983572238888e-02
-1.094909455414532634e-01
7.381886941204178487e-02
-8.069417205969670048e-02
-1.002234411829313332e-01
-6.732071323416874420e-02
9.563616323349224957e-02
-5.589549322973389432e-03
-3.534780586578798595e-02
9.657138769285471269e-03
3.651105178086878900e-02
-6.125089675516296600e-02
-3.199049625109186973e-02
1.179953590625933552e-01
1.771173073657703045e-02
1.963439654365229520e-03
-5.866744363205923796e-02
9.499193131132158130e-02
9.210833040853598497e-02
-1.046432306192767031e-01
2.218394385880209652e-02
-5.869152413588642203e-02
-8.950698178083020540e-02
-6.408122033863733469e-02
1.933298622324636229e-02
5.449300530421528552e-03
-1.087058533344629901e-01
-5.342906884925949229e-02
-9.385651785445044137e-02
9.298688057270308727e-02
-7.304435475472416395e-03
-1.026691090500683606e-01
7.773014126487007291e-02
-3.379032881607781091e-02
-7.858218620895365825e-02
4.877548656743251054e-02
-5.698812534444148981e-02
8.152140189944025173e-02
-9.677224633520942199e-02
-4.071834224318312406e-02
8.346062111998642230e-02
3.603722661735600519e-05
2.346758823928871487e-02
8.869014170343483827e-02
5.820473237728759214e-02
3.957046510368095182e-02
5.747159810994832696e-02
-9.598920914191706732e-02
8.824683903471566837e-02
-9.955300344738711449e-02
-1.043876574095661813e-01
-8.977282556551033355e-02
-6.165926096434205111e-02
8.704333509004100189e-02
-8.862373406325170511e-02
-6.876986944514673628e-02
9.912524384130168287e-02
7.454114703826852928e-02
1.012593162952803438e-01
-3.364743296298598058e-02
-8.136990758574019766e-02
-1.003473975186186876e-02
8.398784947281535962e-02
5.735345532407831737e-02
-9.911267214837940487e-02
-6.294677316631051844e-02
-3.125469953929280870e-02
8.705209749504977390e-02
1.933090312989201379e-02
-7.432099697441222133e-03
6.432736167986763398e-02
8.110745514039610637e-02
9.200057238615205746e-02
-3.685764737909021441e-03
-3.103309281334120512e-02
-7.981542380958293881e-02
-1.986403190180665093e-02
8.827152406512323024e-02
4.254725443784772299e-02
-8.459332192604022971e-02
4.194358111662790933e-02
5.136647590925419449e-02
1.002184274909398015e-01
5.366699381812438385e-02
6.186837852899744472e-02
1.035077182513353955e-01
-1.100841429910555912e-02
-6.318658612056925195e-02
6.714881728784682924e-02
8.178508810795084849e-02
1.047522219695563861e-01
-9.131735750395526818e-02
6.043487664961103706e-02
-1.205589220353148472e-01
-3.912677865663611448e-02
-2.364066080420060972e-02
5.470924360284235705e-02
9.667020190116440426e-02
6.254175258467163656e-02
2.910374381980847941e-02
-7.875587855340829280e-02
-5.665142841916217392e-02
-1.136759799059429282e-01
9.775207741055169652e-02
8.778977844199904734e-02
1.408206208002886484e-02
-5.842779114302548704e-02
1.117967483893400615e-01
-4.796958968476430080e-02
-7.284704159384605693e-02
-1.036444622065053056e-01
3.843609837759493636e-02
-9.916927845390516999e-03
1.250262485759448539e-03
9.734824279473079656e-02
-1.140586957423237874e-01
3.990065360054735263e-03
7.237568576724701108e-02
-7.275092144626732482e-02
-7.002213948514267317e-04
-1.027963275325443626e-01
3.316073418377558230e-02
8.889358072100302099e-02
-9.305301900722925956e-02
1.082687408037194404e-01
9.546799876457481848e-02
1.650009085307987261e-02
2.953642873455808796e-03
-1.202637015130108289e-01
-4.129182743653288246e-02
4.122552701673705411e-02
9.072306878877563208e-02
-7.408365629869606561e-02
-3.569489044785915770e-03
-9.851012298624962915e-02
-5.414353147996706084e-02
-1.049750322465179270e-01
2.526186994607606748e-02
-7.795516544088501587e-02
-1.115429129589388113e-01
-1.035213813269667826e-01
1.066966835274760772e-01
1.033233279424899120e-01
5.662498483658728876e-02
3.927077466748124523e-02
-4.818292765985105613e-02
-7.019125806045677096e-02
4.741052371598017401e-02
5.961340779586642852e-02
-9.995840939711178597e-02
4.845011025720259712e-02
-1.003680480172395306e-01
-4.916974682719058715e-02
-1.140530192113935748e-01
8.633994489204921408e-02
4.336022033320539176e-02
4.234827416062653810e-02
1.993012098150203845e-02
-3.570982407323145154e-03
6.240434590999927728e-02
9.346059122279647136e-02
-3.252575498630777551e-02
-8.989370875148632034e-02
-1.023352788638730027e-01
-7.822462662818865931e-02
-7.697207238083586534e-02
-5.983655245662417715e-02
1.124417162226962197e-01
-7.650891703405872379e-02
9.484897295587631227e-02
-3.125841885703683348e-02
-1.135690632993191229e-01
-1.030561533776455790e-01
-8.194313935308535427e-03
-5.303485692244377242e-02
-6.533383886528666695e-02
-3.751396897569245908e-02
4.259406502337547556e-02
3.367412445726485765e-02
-5.300739400690230446e-02
5.105604680370522119e-02
-2.604746396915951293e-03
1.548503892879947788e-02
4.377547754402726782e-02
1.345069873031960218e-02
6.283889719702508148e-02
9.271910135062071123e-02
-3.701369948104036439e-02
3.720290635952933772e-04
2.797853428471511195e-02
-6.850336828253275612e-02
1.057270347416709305e-01
-3.301957206480665014e-02
-7.919148014903978905e-02
9.243420442287678118e-02
7.243205034073460155e-03
5.283655642836150579e-02
-4.792484161942547893e-02
-7.811529910268101562e-02
3.710894830245563270e-02
-1.231525304496681045e-01
2.773305066321071766e-02
5.240041606006879543e-02
4.657674790749806448e-02
2.329898113661124648e-02
-1.037603083315306179e-01
-1.058029764364046971e-02
-1.024786714496040557e-01
-1.022345503548408030e-01
-2.199413035824598212e-02
9.231833051735879869e-02
1.139803232207949740e-02
-2.138539477864189256e-02
-8.324706202574619698e-03
-7.672425257711268376e-02
1.959210377706235851e-02
1.053274679320429126e-02
1.046055703722414132e-01
-9.255219786605990706e-03
9.499144075747374683e-03
-3.252361701542397926e-02
-1.015834715592422305e-01
-1.088406621580352979e-01
-5.738034187449900930e-02
-1.135537064019710544e-02
6.906179846732246608e-02
1.145841910575182698e-01
-4.811248143115333387e-02
2.649214448792573326e-02
1.570084880308372094e-02
-8.537864639735325001e-02
2.951327049370165712e-02
6.690442284206127299e-02
-3.932732049824053111e-02
4.689851947787635617e-02
8.671457536854955406e-02
1.037497390947641207e-01
-1.898122998027231695e-02
9.227958500181890344e-02
5.622233640598678361e-02
6.257462659888646250e-02
-7.331218883981376055e-02
-5.313684988705529022e-02
-9.281474651323262659e-02
9.132781243778340108e-02
-4.544595979997610030e-02
-9.078266342101244668e-02
-8.880293053840265793e-02
-1.161183196687874952e-01
-4.252639063928289470e-02
5.564720875179973714e-02
-2.348191016962568843e-03
-1.143307729061333600e-01
1.099068224308945990e-01
4.057018092516658653e-02
-8.300008735085355471e-02
4.825380211920801687e-02
8.058651472527991744e-02
1.056891255444323274e-01
4.171878152287878533e-02
3.544885665374478134e-02
1.047921515204316978e-01
-7.095608229543284851e-02
-3.615711010024123123e-02
-7.554750917003082156e-02
-1.487631224419093401e-02
-4.056610300980375422e-02
-3.369907162148419455e-02
-6.431256941397326191e-03
-4.440419079785848377e-02
6.760191922853082958e-02
-1.156651903244311219e-01
-1.970711460432192710e-02
3.775760714267014512e-02
-1.110170962350183477e-01
-8.388666886589117577e-02
5.139208993509462170e-02
-1.636978318151971132e-02
1.022027889074989121e-01
-3.264490582659047846e-02
-1.231223197294033581e-04
6.375261991281065688e-02
1.701502357481469649e-02
1.098756168074951078e-01
3.838942833012479183e-02
-1.239079299915708671e-01
-6.103760269940881195e-02
6.839380973240147266e-02
-2.611612733131669223e-02
2.707230710499723865e-03
1.373681398164663947e-02
-2.474885374534228910e-02
2.627637476226946101e-02
-8.725876875872871918e-02
-4.179455638822167363e-02
-2.148087920488353855e-03
1.825182876707687196e-03
-9.820226290972983163e-02
-1.648898322696849481e-03
1.106900424441196046e-01
-1.073029790762595193e-01
-3.073392383515320680e-02
3.580770329314146572e-02
1.281260222659391136e-02
-1.224429744989898559e-02
8.491665460740305260e-02
9.194790127890763165e-02
-3.046015569929339667e-02
8.353875457776198388e-02
2.233267408135808374e-02
-1.040392527818018581e-01
8.857791732891634462e-02
8.780024673833737581e-02
-7.813005898584866882e-02
5.251450933093571721e-02
4.192832785410918056e-02
-1.115162033583164680e-01
1.447625411624078699e-02
2.418295148566372739e-03
-7.346584511816001140e-02
6.502995925687081805e-03
8.732689683520464263e-02
1.120275098022256548e-02
-1.031299972885138805e-01
8.834013909578855572e-02
-7.647367880191521805e-02
-3.134336574117879692e-02
-1.447219213259342066e-02
8.439176709022873368e-02
3.776603433398764004e-02
7.849399187168271119e-02
-1.420655241427699542e-02
-6.452585133544980200e-02
-9.393771003937413655e-02
7.577699924239797782e-03
-8.732090097607492218e-02
-6.231972147725734629e-02
-1.207832524777994604e-01
-1.102244754218917322e-02
2.171140378775711019e-02
2.552690938369976681e-02
1.004414306202702778e-01
3.474418250575696254e-02
-8.568908868380684107e-02
-5.671102754429525189e-02
1.074684162855038538e-01
2.824444815560462133e-02
3.493515843843798818e-02
-7.268726585819564392e-03
9.163958104882918843e-02
9.191749241848418128e-02
9.462835771946459529e-02
4.521396999368852872e-03
2.408337001959290347e-03
-5.399644604256339381e-02
-1.100887440156251423e-01
4.388590683475498966e-02
-3.822413790281117829e-01
-4.473910900677334213e-01
-4.503569164238431233e-01
-3.958701860521997018e-01
-5.135850357566470459e-01
-5.770646115261124365e-01
-4.511276895894551497e-01
-3.474378525879240343e-01
-5.379696725765986676e-01
-3.512831478147955266e-01
-4.815937280167209011e-01
-3.533971969680108627e-01
-4.122766120149145563e-01
-3.395735477859014306e-01
-4.377592430309183991e-01
-4.556685415038025377e-01
-3.988487306332939575e-01
-4.168831873548843880e-01
-4.694739228947054643e-01
-4.655433319988262486e-01
-4.870615252714538546e-01
-3.671629572679561138e-01
-4.450152997853570880e-01
-2.534525174140332959e-01
-4.720548863077852486e-01
5.228118375041827803e-02
-8.470958114582503862e-02
-9.978093921157221713e-02
-1.287437869319498773e-01
-8.766048091752527693e-03
-2.344474745459472487e-02
-2.421445581603266783e-02
-1.021882746448850993e-01
1.171848995838415536e-02
-6.535812256784996610e-02
1.001772579481232106e-01
-1.791571571495760226e-02
-9.743882559480805672e-02
-3.592613671366173822e-02
5.669570192102293266e-02
1.158969064485241424e-02
8.981150330461262765e-02
-3.309681611728002015e-02
5.076043879628874822e-02
8.145597319033116845e-02
-1.117449946828904805e-01
8.217293143964121693e-02
5.917506237442251432e-02
-4.496145770800655250e-02
3.733474828376326382e-02
-1.090394028962004408e-02
-5.130867382371204904e-02
3.110595056141785344e-02
-1.100002158621165155e-01
-6.562739803647522907e-02
4.993190498524253951e-02
-7.271753770546822426e-02
-1.804369560302170744e-02
6.445331191464749587e-02
-6.403372209159745310e-02
7.921200690174635961e-02
-1.038910212756018053e-01
7.464099267303859683e-03
-4.844167671220827101e-03
6.022341526637320364e-02
1.614849021188286340e-02
7.907892508088804062e-02
3.203894776967807639e-02
-5.976120136933985721e-02
-2.169376176302614811e-02
-6.891512492242071741e-02
-1.102406338386777845e-02
-4.756272376744545560e-02
1.127782497780285137e-02
-6.976932368335214685e-02
-5.647843524601694337e-02
5.496693059309395307e-02
4.090333333709531005e-02
-2.218828504798284890e-02
6.407369477613250597e-02
4.809259901898844253e-02
6.343525380803137492e-02
6.195941109349917264e-02
-1.015462038674770362e-01
-5.065204558830976173e-02
-8.887341915806853954e-03
9.307525962550426690e-02
-8.967236891512141844e-03
1.499492330023411216e-02
