-2.695319803837906703e-01
-2.374798824469822323e-01
-2.017124062256516470e-01
-1.780103004550329104e-01
-1.793829611715495598e-01
-2.826398803312987207e-01
-2.578930337381866167e-01
-1.957548176404890206e-01
-3.175547800963489653e-01
-1.903077168786496409e-01
-2.867816740010330490e-01
-1.518786003347684932e-01
-2.276116316526746175e-01
-2.258493096919348686e-01
-3.177460823741275475e-01
-3.553331541895162204e-01
-2.122530659062842606e-01
-2.907520726113905218e-01
-1.546188806121913950e-01
-1.814547798043902871e-01
-2.099177859258480328e-01
-2.979900195913340877e-01
-2.323729027096530786e-01
-2.015091684413414519e-01
-2.212542323088951546e-01
-2.656800692062436520e-01
-3.121939220802420478e-01
-2.386552669264792592e-01
-3.086192071274164173e-01
-1.814146383747913538e-01
-3.257594178362372417e-01
-1.470360717030088638e-01
-3.279376991760966642e-01
-1.960272826991664163e-01
-2.365385542759813886e-01
-3.074479138957325608e-01
-2.595562329934273382e-01
-2.863667091275108323e-01
-2.466156384421629988e-01
-1.716331286335801842e-01
-2.643632034649021079e-01
-2.743378377795763212e-01
-3.367568151938592491e-01
-2.015629971376489415e-01
-3.026918081227099044e-01
-1.628250437101469994e-01
-2.458033463888444348e-01
-2.087537871293106417e-01
-1.498154793305029320e-01
-1.450232409908656928e-01
-2.059914924147480675e-01
-1.629279277314432950e-01
-2.491158941074356759e-01
-2.122731136903694138e-01
-2.328556401168891121e-01
-2.685905412488616140e-01
-1.901077749538551687e-01
-2.498271476183541728e-01
-1.755761386819273406e-01
-2.992982682688774543e-01
-1.729119105859140693e-01
-2.115207771351570731e-01
-2.532970129444958030e-01
-2.625500628322942065e-01
-3.060462303585817501e-01
-1.828745169740553234e-01
-2.881566043073904848e-01
-2.022880871208533604e-01
-1.161414228445936114e-01
-2.594489315450560496e-01
-2.078048406424369277e-01
-2.177295042765632349e-01
-3.117726512802365679e-01
-2.003625039444090761e-01
-1.431231697849139062e-01
-2.175095962374875291e-01
-1.783494412224155834e-01
-1.189615442349702124e-01
-1.667655076680800708e-01
-2.285763148776313591e-01
-1.643180674907547545e-01
-2.638568030255341035e-01
-2.807798014048923374e-01
-2.120691889195702173e-01
-2.901142811730875737e-01
-1.452255243795427808e-01
-1.333557518947667830e-01
-2.327992129298332158e-01
-1.503276790358380188e-01
-2.143553259382836029e-01
-2.976204043421739609e-01
-2.191976311275333489e-01
-2.771868688336673880e-01
-1.328000542001396833e-01
-2.332987997749182973e-01
-1.436698487254955414e-01
-2.522836934501678230e-01
-2.474087800301382201e-01
-9.385761205766840476e-02
-1.830148895522085151e-01
-1.898541972019516522e-01
-2.958803323117595863e-01
-2.235089376881982670e-01
-2.777617374093865887e-01
-2.088005707522054832e-01
-2.677391512582014688e-01
-9.761629519803244337e-02
-2.215940377877428924e-01
-3.027130933517164224e-01
-2.598324411785865040e-01
-2.183137906509558801e-01
-1.896190654564686717e-01
-2.963443289963018090e-01
-1.194304119574081668e-01
-2.460971864760350125e-01
-1.577675377175662697e-01
-1.268431920657677181e-01
-1.022165299782229475e-01
-1.413829070432225110e-01
-2.724057220451333583e-01
-2.521367966978718678e-01
-2.171649208834013356e-01
-2.943208217618222267e-01
-1.020469695106902275e-01
-2.310830555947548659e-01
-1.020353811353853224e-01
-1.831511329565554402e-01
-1.223790669545753718e-01
-1.492796727708801119e-01
-2.582461999327065882e-01
-3.180664563863171423e-01
-1.828371779598655100e-01
-2.511426479347824148e-01
-3.405586371688298919e-01
-3.209905660813189288e-01
-2.956704311352152392e-01
-2.436503686966196847e-01
-2.490496822809513122e-01
-2.778527059697112334e-01
-1.616080844166540298e-01
-3.492954086477063069e-01
-3.107025045034189636e-01
-2.547904129741577206e-01
-1.887700251294064380e-01
-2.160648595875447331e-01
-2.923710379240534452e-01
-1.975701622890897180e-01
-1.467477529068438036e-01
-1.799034210153699076e-01
-1.616839223561739314e-01
-2.740676762608523220e-01
-2.668739628269867215e-01
-2.081379226447364061e-01
-1.538229018695207173e-01
-2.768769178936548725e-01
-3.152511007759976058e-01
-2.746348573839854645e-01
-1.905250372296843353e-01
-1.764309694374053827e-01
-2.898547387975021206e-01
-2.402292272030495390e-01
-1.904760417158877506e-01
-2.588445605266739835e-01
-3.030959502551159312e-01
-3.038466526495400277e-01
-1.964837178844430488e-01
-2.045354706377045528e-01
-2.933709123387123197e-01
-1.924986800204893655e-01
-2.900412739723033928e-01
-1.935033893102653391e-01
-1.864555223744561729e-01
-2.997095932202865631e-01
-2.176266424047901271e-01
-1.872381821149483871e-01
-2.417538698934036667e-01
-2.215026737425756231e-01
-2.807688032592569050e-01
-2.782218944461715138e-01
-1.938622008838973565e-01
-3.400889908268799333e-01
-1.697728159420285599e-01
-3.188666436484196010e-01
-1.825486508113089434e-01
-1.584274612253127046e-01
-2.036663809324731067e-01
-3.400633174405552905e-01
-2.070235273463829906e-01
-1.850724825755201974e-01
-2.136766286973627860e-01
-3.299583801241433578e-01
-3.378938030347959920e-01
-1.575607110367910624e-01
-1.387382668923157203e-01
-1.685591384078359567e-01
-1.231831987062878553e-01
-1.636745220899191444e-01
-1.934840846353845789e-01
-1.346887732523657510e-01
-2.285384661227071457e-01
-1.377628761789368717e-01
-1.685827918185170693e-01
-1.137083096870433185e-01
-1.832357054696664989e-01
-2.832793473625279113e-01
-1.720330414148991127e-01
-1.974024897248329302e-01
-1.792376205801603228e-01
-1.585319218241389161e-01
-1.868677733554917619e-01
-1.795888814140564893e-01
-9.933199436361547785e-02
-2.636899089367031879e-01
-1.795960926006445191e-01
-1.615907642876241446e-01
-2.936680254751359298e-01
-2.925651948810997216e-01
-2.640573089122136285e-01
-2.165118611731488563e-01
-2.579669322590274483e-01
-1.054554808128277954e-01
-8.502713134820194529e-02
-2.389678470459161153e-01
-2.737344382841707668e-01
-2.556589193087217549e-01
-2.538577630470034707e-01
-2.870431554150305598e-01
-2.769019046583092725e-01
-1.705314691059264531e-01
-1.749869501392061211e-01
-2.366877851490972740e-01
-1.797888294361897621e-01
-2.668165358987326652e-01
-1.024563354879693966e-01
-1.636387548371231737e-01
-2.740456111389014127e-01
-9.332837429106910498e-02
-1.765096668082750953e-01
-1.559801423478138216e-01
-2.040736761387855758e-01
-2.358307756714016490e-01
-1.097689439605782358e-01
-1.097536553010876881e-01
-1.142937040967996476e-01
-2.874230381948531532e-01
-1.097994853466310872e-01
-2.852785208395405281e-01
-1.237313942718477888e-01
-1.991707080305213096e-01
-2.357834473030147038e-01
-9.249753864136153747e-02
-2.922098836868771699e-01
-2.615246006359491227e-01
-2.656603347026429418e-01
-1.387642108446513756e-01
-2.197475297859804999e-01
-2.398380502719177909e-01
-2.480413005728199227e-01
-2.675542731201455138e-01
-2.721910946245034713e-01
-2.132542956283541291e-01
-2.612123129138406163e-01
-2.800637483769495839e-01
-2.507040935767561041e-01
-1.590368418502732528e-01
-2.552218901686757468e-01
-3.151228545946733184e-01
-2.972086100243190310e-01
-1.220806343177112396e-01
-2.445252451648422531e-01
-1.435344280752864909e-01
-1.615440016980718152e-01
-3.193688123969839476e-01
-1.378062341972171589e-01
-2.023880161667382105e-01
-2.625570209376668074e-01
-2.275381232585617641e-01
-2.334809916923616391e-01
-2.016888198837208102e-01
-2.571398667675496297e-01
-1.384537570350035385e-01
-2.093317104646160165e-01
-2.438127046354227057e-01
-1.728890334901683756e-01
-2.362113279545486333e-01
-2.750699475925516557e-01
-2.466263362092936395e-01
-2.451161908177020565e-01
-2.169927497080365864e-01
-3.219018018647971102e-01
-3.269948362802616026e-01
-2.209794271007566313e-01
-2.184676840267336106e-01
-1.359697681586652940e-01
-1.954688081305039071e-01
-1.489534639959314843e-01
-3.038453787089419045e-01
-1.761032780849527690e-01
-2.194523989164892663e-01
-2.120994760518088995e-01
-1.896058197301588866e-01
-1.372773160505791623e-01
-1.511030720020258566e-01
-1.125754432708068464e-01
-2.272064850998332941e-01
-1.909363175097042731e-01
-1.376494060373631145e-01
-1.287536578888782701e-01
-2.251251719730740508e-01
-2.760428519341178166e-01
-2.417203051161564142e-01
-1.708622095058138501e-01
-1.557946896482163557e-01
-2.984290366157528185e-01
-1.395869028298585834e-01
-1.951022147834302056e-01
-2.178361287577303407e-01
-1.691259520106601077e-01
-1.522230753342880827e-01
-2.767266523418004387e-01
-2.800316141463194963e-01
-1.196066294394507457e-01
-2.806719579635135742e-01
-2.345491643398750214e-01
-2.965655498629160558e-01
-2.258056939670068652e-01
-2.743043821301097140e-01
-1.513405821843752663e-01
-1.701095994887681373e-01
-2.797463525435051057e-01
-1.850872000815616814e-01
-1.742567169446269937e-01
-1.655793822774193347e-01
-2.581744222145005985e-01
-2.219937859238695355e-01
-1.929620689570569758e-01
-1.414524504085172274e-01
-1.772828413194965091e-01
-2.826231093547251771e-01
-2.497419753750548810e-01
-2.138791067225368769e-01
-1.888113666099848209e-01
-2.914669233377371604e-01
-1.639280602177309865e-01
-2.119373389407605002e-01
-2.584566414420383373e-01
-1.830974351901192287e-01
-1.216461413309669060e-01
-1.626656263243129175e-01
-2.890665669795280390e-01
-2.335825428116852787e-01
-2.230813321968854179e-01
-1.011143304650411190e-01
-1.738962305427752264e-01
-2.508084046038049908e-01
-1.043038817338019508e-01
-1.011836403955357344e-01
-2.069685007762887274e-01
-2.808945985888968710e-01
-2.601565635357828143e-01
-2.269644561235973357e-01
-2.816868315596223749e-01
-2.861902793478685592e-01
-2.546446969453055043e-01
-3.078015375206939463e-01
-3.050374891393664023e-01
-1.506385616476608735e-01
-2.103661936820739320e-01
-1.776321695205924367e-01
-2.172652725050704392e-01
-1.283867485013306386e-01
-1.070863546116143372e-01
-1.314714740477196386e-01
-1.029320527202744195e-01
-9.926854107532512295e-02
-2.551435289731047718e-01
-2.774415305125185749e-01
-2.997581973028144997e-01
-2.379461239570725140e-01
-1.229379590541846978e-01
-1.982823675482783266e-01
-1.381268800224680904e-01
-2.742271689990146144e-01
-1.138157971172839567e-01
-2.895760208862315221e-01
-2.621120891705517320e-01
-2.788426690436403566e-01
-1.217333026683617703e-01
-2.765671061648364293e-01
-1.656419749539752018e-01
-1.988102393590050754e-01
-9.852427720436526815e-02
-1.857810841006257985e-01
-2.428422015598132866e-01
-2.753036870888229126e-01
-1.356169803536447227e-01
-1.718181357750385441e-01
-1.511504716738930887e-01
-1.245952308646932905e-01
-2.758563033432150369e-01
-1.736865671437080871e-01
-1.087859004744088365e-01
-2.382481506888361189e-01
-1.030629086890767487e-01
-1.421781468797822801e-01
-2.829529127497535379e-01
-1.044250299141182559e-01
-3.099164599961887756e-01
-1.481542573945802688e-01
-2.049204680216271113e-01
-2.576213133144820699e-01
-2.746572118805900575e-01
-1.975229399053736457e-01
-1.571707316019817224e-01
-2.031760460432078252e-01
-2.532864868994154639e-01
-2.117387069111945908e-01
-3.067083098943310659e-01
-2.769120066180003614e-01
-2.839590221411194548e-01
-3.080002225898318957e-01
-1.768523268535045767e-01
-1.473455889384364392e-01
-2.111805962982710172e-01
-3.022881377948904436e-01
-2.001847345604484130e-01
-2.596549691490082634e-01
-1.650062290194660442e-01
-2.047265507577200327e-01
-2.875300426276277133e-01
-1.622091996612110842e-01
-1.713297577186534693e-01
-2.623560018814564132e-01
-1.668046880812029120e-01
-2.221664446796612902e-01
-1.652766768405459219e-01
-2.738919999367669389e-01
-1.920350575887934119e-01
-1.400050831677397967e-01
-1.914061673945623432e-01
-2.377136287336486520e-01
-1.017607066926624060e-01
-2.451183151811433536e-01
-9.564876519927112408e-02
-1.366419236509191226e-01
-1.176237896171331565e-01
-2.104661791765907175e-01
-2.633821590946525681e-01
-1.499078755437571464e-01
-2.761525942259807631e-01
-1.050390464419249104e-01
-2.665489386061479227e-01
-2.686370843363080629e-01
-1.221254705440521782e-01
-1.593132884423501261e-01
-1.672030237012873677e-01
-2.664582896037792636e-01
-2.560700206204422069e-01
-1.632967188275253889e-01
-3.169860477365940010e-01
-1.450800180628586955e-01
-1.278216048599760957e-01
-2.288960650757008164e-01
-3.171012721358991149e-01
-1.235582471361534873e-01
-1.754922109502126959e-01
-1.526888041553061681e-01
-1.854334139514438040e-01
-2.101770496485049211e-01
-1.914311679819670764e-01
-2.513567710565712821e-01
-2.512332047295302018e-01
-1.782873130949574059e-01
-2.495701699055488110e-01
-2.211436646268189476e-01
-2.332735516260042996e-01
-1.711629440452443196e-01
-2.980477426727032864e-01
-1.364657479945893814e-01
-1.104575387496529726e-01
-2.900390290338704102e-01
-3.147280021443514819e-01
-2.962071006098735415e-01
-1.083776855564509700e-01
-1.284777159116735623e-01
-1.641689110756224534e-01
-2.632314639959115188e-01
-2.601428006093019496e-01
-2.127670095464047340e-01
-2.600351721018934192e-01
-2.459777671138328459e-01
-2.527350129349226204e-01
-1.914610516028346365e-01
-2.901807489279811247e-01
-2.155002328061164651e-01
-1.639922794827949337e-01
-2.398407511206596399e-01
-2.188095911643249958e-01
-1.668616140751452981e-01
-3.134037890107214674e-01
-2.414235763611736751e-01
-1.830763551748015583e-01
-2.968426867029503313e-01
-1.631504822112541664e-01
-3.134762596797986411e-01
-2.837077078749963288e-01
-1.622373975436199600e-01
-2.238276008428139452e-01
-1.295567225053009808e-01
-1.510480913967027772e-01
-1.230300597910070626e-01
-1.160344672971227453e-01
-3.299697043268299823e-01
-1.573857558639793763e-01
-3.110500315972263286e-01
-1.371958709858092373e-01
-2.992181429173069729e-01
-1.294856145010011006e-01
-2.136170388147622112e-01
-1.797480833174300852e-01
-1.406510996646878342e-01
-3.201854659124032110e-01
-3.140664612651565268e-01
-2.653009833321093303e-01
-3.008838444124840583e-01
-1.514623868741617196e-01
-2.445590009867891212e-01
-2.635904258473550366e-01
-3.036920293420764527e-01
-2.076427729676186551e-01
-1.839221771466937327e-01
-3.189355371979886167e-01
-2.070203700488908449e-01
-2.433870899005030064e-01
-1.635080858050381447e-01
-1.573331178411438991e-01
-2.836185643563557957e-01
-3.263128145525453494e-01
-2.194636449881962881e-01
-1.307611442640188304e-01
-1.674728892998249008e-01
-1.421817241049806724e-01
-1.315890373559101822e-01
-3.054200557971796792e-01
-1.360750474793080700e-01
-2.683787190718176507e-01
-2.708843070768583439e-01
-2.862239989108311677e-01
-1.506583326878317697e-01
-2.906042022544852443e-01
-3.391413321196789510e-01
-3.183306682126467724e-01
-1.502515777576639289e-01
-2.510875551182642496e-01
-1.786652280523887970e-01
-1.282749227324768149e-01
-1.657851902919772191e-01
-2.281125376470480304e-01
-1.258932674574613497e-01
-1.424340247249816782e-01
-2.955062851045403560e-01
-2.194688129149382216e-01
-2.630731657416754410e-01
-1.639571123946754194e-01
-2.535608691635211076e-01
-3.245494454880508139e-01
-1.561578579086731478e-01
-2.160663928667543310e-01
-1.767288526667019910e-01
-2.986483526100607300e-01
-2.192562231696629504e-01
-1.472687589936541031e-01
-2.959487363418549788e-01
-3.254577231792066816e-01
-2.402205702776831764e-01
-2.655680432560384441e-01
-1.726377334512694262e-01
-2.480625122790201253e-01
-1.449951853417129066e-01
-9.595002234787594619e-02
-1.919965966910744948e-01
-1.611261244129504056e-01
-1.311314881156548928e-01
-2.752797883570090587e-01
-2.273936972460106620e-01
-1.945946409968028479e-01
-1.701350482571259426e-01
-8.027321521247529623e-02
-1.366283339828675281e-01
-1.412710819069742108e-01
-2.257335080277749484e-01
-8.407668855987043832e-02
-2.729865070155552131e-01
-2.499723638793879266e-01
-1.935450314971148555e-01
-1.660448203268165557e-01
-2.287261505747593959e-01
-1.119762968897073940e-01
-2.503980064086525070e-01
-1.495077994448198444e-01
-1.174081272545372812e-01
-7.657586170803271086e-02
-1.961867709767685097e-01
-2.715624802161143991e-01
-1.054103673072964709e-01
-2.577851365042783116e-01
-6.513085956566036505e-02
-2.146861831113934249e-01
-2.264843922033792367e-01
-1.117480519188232269e-01
-2.674048476781168970e-01
-1.943843794557093552e-01
-1.773561886808446286e-01
-1.291227708220482329e-01
-1.331472742965177647e-01
-1.736906580931595334e-01
-1.322172147183258706e-01
-2.551857787828402113e-01
-1.604113456346900890e-01
-2.707621303819334191e-01
-2.388254023110199520e-01
-1.285214755182487179e-01
-2.353711859483545721e-01
-1.216758669379009450e-01
-2.645653439838455689e-01
-2.226478513501630729e-01
-1.495352029345979605e-01
-2.180106523962792586e-01
-1.261911095193957444e-01
-1.520145281135287796e-01
-2.297226526855413176e-01
-2.272405857141128471e-01
-1.774036747896101662e-01
-1.069611166738989871e-01
-1.410903921371939318e-01
-1.806585244771018450e-01
-1.889361456436743358e-01
-2.128572854768484568e-01
-1.121896189215930151e-01
-1.268834258340981458e-01
-2.447442766021857008e-01
-3.140723991654811309e-01
-3.279473986001149588e-01
-2.272109326159643949e-01
-3.193582782086538674e-01
-2.221233628420276329e-01
-2.631640320978332337e-01
-1.566011543199002098e-01
-3.359427703807183474e-01
-2.335967051631590019e-01
-1.769006697829437758e-01
-3.175747509035011240e-01
-2.225629958985452239e-01
-2.064069312830483505e-01
-1.927207513200430711e-01
-3.281988299009300225e-01
-2.031543353841040456e-01
-1.906438139907018769e-01
-2.669088343425306542e-01
-1.817109744143913519e-01
-3.157342674242947234e-01
-1.540248884041946209e-01
-2.411417902445805450e-01
-1.943348122335241401e-01
-2.775559161247314610e-01
-1.845488123570379890e-01
-2.652269525447012444e-01
-2.995143943131775011e-01
-1.481282214461109581e-01
-3.499147716772040839e-01
-1.586289470696229664e-01
-1.888857324933286286e-01
-2.246752386530979362e-01
-3.485759451670059628e-01
-3.363959389690949209e-01
-3.438411151233309315e-01
-1.426201386123523984e-01
-2.060363148409124490e-01
-2.077929235933872743e-01
-2.768699462148904167e-01
-1.486752154764478528e-01
-2.393808609027987255e-01
-2.196186924411080432e-01
-2.123764405613219330e-01
-1.727169798663785172e-01
-2.602877217375444419e-01
-2.748446865681709594e-01
-1.903415628292387252e-01
-1.421929828516214633e-01
-2.855372911362178967e-01
-2.799667455403587191e-01
-2.106768032098642052e-01
-2.305607407377694151e-01
-2.533346071781777398e-01
-3.359071951406965018e-01
-3.425621001581673486e-01
-2.102303594446917612e-01
-1.943931616304871712e-01
-2.778689641560616597e-01
-1.762900396530459879e-01
-3.074514643003443681e-01
-2.118222098334150982e-01
-3.172755769957023020e-01
-2.554501722345298154e-01
-2.723379161351677791e-01
-2.862468406961205525e-01
-2.054210258892789909e-01
-2.067471558821372402e-01
-2.519301354152162498e-01
-2.913248535191250155e-01
-1.182184599698813121e-01
-2.454411156129147897e-01
-1.825609729616043675e-01
-2.074452379693951243e-01
-2.456448460187228844e-01
-2.236782897589792429e-01
-1.664442112701007837e-01
-1.876901925480271849e-01
-3.047641820051871786e-01
-1.543750695559518160e-01
-2.051747799216714074e-01
-1.117833254663233300e-01
-2.678322962830326226e-01
-2.750495627471383209e-01
-2.313619339288935928e-01
-2.300650562378071251e-01
-1.504185365593525836e-01
-2.863814068609226715e-01
-1.552377238225705336e-01
-1.863908848238227112e-01
-2.302748213643299457e-01
-2.186040609573679239e-01
-1.179220305329705121e-01
-1.601556458144111628e-01
-2.796363437302013533e-01
-2.520865504011487457e-01
-3.037403111828205771e-01
-1.400050834446998071e-01
-1.572496923746487529e-01
-1.650452880084999352e-01
-1.951214456533985064e-01
-2.517779990640230947e-01
-2.076760154145710080e-01
-2.627525455716751557e-01
-3.233943061103673466e-01
-2.203135394859990215e-01
-2.175288403745158639e-01
-1.695136645002387477e-01
-2.780998049089112856e-01
-2.193858179376915185e-01
-3.018978461837399374e-01
-1.928673330156822630e-01
-2.615781396085686272e-01
-2.896473084159946199e-01
-2.714528361002916945e-01
-1.234435273152251489e-01
-1.943739931843457835e-01
-3.063463899966256121e-01
-2.574791706202843589e-01
-2.625819437231058373e-01
-2.146327374997489823e-01
-1.436271939312544488e-01
-1.663099525386013688e-01
-2.221153434990547626e-01
-1.053243687688143748e-01
-2.185256270888783769e-01
-1.482210362775857881e-01
-1.630927694438339681e-01
-2.028401702356279201e-01
-2.586637392559013593e-01
-3.137226751051742646e-01
-1.696324486313643409e-01
-2.559739605612458835e-01
-2.032396636856807492e-01
-3.586378490903414651e-01
-3.090308087659321412e-01
-2.649770461365880125e-01
-3.258948060659988544e-01
-3.351069982593979923e-01
-3.237495394468167809e-01
-2.437069498762203523e-01
-2.595519459865398559e-01
-2.091094860355870166e-01
-2.767618528835480984e-01
-2.732260947137300500e-01
-2.279321883767514156e-01
-2.289898750915662640e-01
-2.714271959482163488e-01
-3.160990392147444150e-01
-3.122510099500213077e-01
-3.139259506245107856e-01
-1.795705014672593081e-01
-2.061582007908716319e-01
-2.649557082899627325e-01
-2.916543975035323921e-01
-2.380762254387337185e-01
-1.717207485340316031e-01
-2.295419881149529384e-01
-1.814804941536311556e-01
-3.227504745858953417e-01
-2.135666881807080364e-01
-3.297077487798664164e-01
-2.303427170053527762e-01
-2.300164153724993943e-01
-2.677678771821027093e-01
-2.606385781851102701e-01
-2.753286612914006004e-01
-2.655532312509572002e-01
-2.867949866206969678e-01
-1.834539084489818783e-01
-3.003319252758481772e-01
-2.493587486144430154e-01
-2.755883086809549631e-01
-2.969987080163802307e-01
-2.713060225650698598e-01
-1.910219174526542607e-01
-3.148047709021226104e-01
-3.106488007394118123e-01
-2.245836151095504940e-01
-2.950326314057467036e-01
-2.343557117533481837e-01
-2.982950264280295194e-01
-2.203423737381896286e-01
-1.612259815779848726e-01
-3.452151909526867679e-01
-1.668310088371129096e-01
-1.636492801890105375e-01
-2.308820392910614638e-01
-2.884961156721476128e-01
-2.632476304938708433e-01
-2.011667999616131297e-01
-1.740132895495274945e-01
-1.960692409382968626e-01
-3.216935700423148026e-01
-2.679553309224598223e-01
-3.164591365974057657e-01
-1.570163967887439338e-01
-1.740183107388167394e-01
-1.722554796681392275e-01
-3.211834269781196904e-01
-2.846723695152223454e-01
-2.066497363773404095e-01
-1.921747617663070451e-01
-3.203036850241614553e-01
-2.520346819901715385e-01
-3.075940611855759732e-01
-1.467874682495223237e-01
-2.597786771447051501e-01
-3.232085460913760588e-01
-2.610989939392870940e-01
-2.645044942085761908e-01
-2.033526827151495853e-01
-2.344343839356817505e-01
-2.599515104110188268e-01
-1.717233114983479081e-01
-1.644915195006478592e-01
-2.862159654168408007e-01
-1.448570646428056774e-01
-2.471500215942850076e-01
-2.956789425931876103e-01
-2.327711990860097668e-01
-2.995642937370763259e-01
-3.086036724069433634e-01
-1.524629865239704452e-01
-2.990103688577823160e-01
-3.157586075313610352e-01
-2.995582961022066337e-01
-1.827403629540801655e-01
-2.183775255467332588e-01
-1.416711249776683723e-01
-1.493296870679047816e-01
-1.521276148813290319e-01
-1.437290775506699647e-01
-3.118568745467409364e-01
-3.105337915219107403e-01
-1.448909326026325828e-01
-1.634204170493341324e-01
-1.789685199016026462e-01
-1.750325120375571808e-01
-2.845267128292694458e-01
-3.276689789863760915e-01
-3.097221990569209993e-01
-2.206868814951014335e-01
-2.846869411741197453e-01
-2.691947428750599003e-01
-2.054010794528532691e-01
-1.996349232016077502e-01
-1.701628060190238101e-01
-1.643093289896643550e-01
-2.709749730226280739e-01
-3.530417490532770652e-01
-1.508055423388680594e-01
-3.500060262965742908e-01
-2.289765841454155515e-01
-3.341340470526241724e-01
-3.397062797550717272e-01
-3.265297796175905543e-01
-1.621928374590538013e-01
-1.403541789357296565e-01
-1.615079408473669154e-01
-1.697270942265674265e-01
-3.378520535579400685e-01
-2.138137634030929102e-01
-2.823663655226215097e-01
-3.086954785334774520e-01
-1.584600668005776147e-01
-2.120366602913393017e-01
-1.895222983789670856e-01
-2.399947102266961618e-01
-2.174842459638718639e-01
-2.271621154122672737e-01
-2.781151873740582703e-01
-3.279190042068443889e-01
-2.961374082143478081e-01
-2.877778749185858631e-01
-1.576381822245938313e-01
-1.796675355377556071e-01
-1.688824490911979559e-01
-2.371698777641011446e-01
-2.502745429002947164e-01
-3.190554502485838384e-01
-2.019925232957121841e-01
-3.208619239444969184e-01
-2.900857235135338441e-01
-2.466869992320611382e-01
-3.051455276113895776e-01
-2.527379724453177601e-01
-2.298159088334144062e-01
-2.286181560599486184e-01
-2.380078692249580907e-01
-1.557604369521335963e-01
-1.636704291163753877e-01
-2.622967760288666961e-01
-1.820585173551508840e-01
-2.824981288746344354e-01
-1.999482967142296452e-01
-3.270184553945537087e-01
-1.849099792456254110e-01
-2.427872746270589577e-01
-3.358109505436970843e-01
-3.241331866391722882e-01
-3.276961078148158402e-01
-2.889104593634868601e-01
-1.563848538993440895e-01
-1.341997625336781852e-01
-2.677045710498883735e-01
-1.373238175707903741e-01
-1.948192201616568697e-01
-1.363314882350495361e-01
-1.870373798777981711e-01
-1.383230106425997752e-01
-1.949111763161442967e-01
-3.322123677768678562e-01
-3.008421157773513710e-01
-2.855615492890535290e-01
-3.053950485441543905e-01
-2.653086053906493214e-01
-1.451012824329980244e-01
-2.255809899767643734e-01
-1.620288313640159961e-01
-1.885318358340228040e-01
-2.134597950431028068e-01
-2.104228496254387792e-01
-1.424814110560841673e-01
-3.109191316675782302e-01
-2.342673545019234860e-01
-2.751656899729414407e-01
-2.518090983963435781e-01
-3.247518980651477039e-01
-1.800286488960658737e-01
-2.203586332177374651e-01
-2.600349628308011862e-01
-2.361532525442745500e-01
-1.887195725547274328e-01
-1.524598349865472768e-01
-2.699834738884171470e-01
-2.103653628556748922e-01
-3.040087202686206358e-01
-2.737470340274757996e-01
-3.485927477375803107e-01
-2.639901531146744418e-01
-1.877941412084855599e-01
-2.031893817390483248e-01
-2.698911239490092151e-01
-2.102693783377900527e-01
-2.632222317756293672e-01
-3.193802323096756601e-01
-1.602683809660446212e-01
-2.053723007541004564e-01
-2.586885311256780784e-01
-1.615998382591774252e-01
-2.910691687538031758e-01
-1.766497809240473726e-01
-2.933084863649969565e-01
-1.977474130750535020e-01
-2.098020626718143100e-01
-3.250318506716592948e-01
-1.854597838304105906e-01
-2.880987221001823917e-01
-2.796351052510462898e-01
-1.559350092471532556e-01
-1.972004173421527118e-01
-3.348294046230144705e-01
-2.728070050872455354e-01
-2.835009073563655724e-01
-3.555449817048559336e-01
-2.492988610491995161e-01
-2.192797967534514114e-01
-1.648352786399794601e-01
-1.849843633762574824e-01
-2.767013654151370128e-01
-1.454275950963496988e-01
-2.448105853519750852e-01
-2.355110358979074781e-01
-3.401802298345962261e-01
-1.960631792980826460e-01
-3.458300060726886005e-01
-2.178556902962716368e-01
-2.194420016288195219e-01
-3.253243410614073405e-01
-1.379287485747415221e-01
-2.279190915782632609e-01
-1.789553327544823880e-01
-3.290409380828615005e-01
-2.784169682384046718e-01
-3.338814233303082357e-01
-2.702352103860161114e-01
-1.608483699692253299e-01
-2.683137269836503580e-01
-2.786257014148235678e-01
-2.005850206533450197e-01
-2.138672051182247402e-01
-1.781220182887568726e-01
-1.854966608625649160e-01
-1.910028377568140368e-01
-1.808330135505052394e-01
-1.806359567439790315e-01
-2.234659236538536209e-01
-1.966480061736769203e-01
-2.139359805254154312e-01
-1.966747904022823623e-01
-3.489857262189919318e-01
-2.807670179976373692e-01
-2.831252528096482313e-01
-2.661089169481195005e-01
-2.886997775169747316e-01
-2.676595908898720677e-01
-1.553353795677751836e-01
-2.415667268212034757e-01
-2.794962822920610823e-01
-1.483176683403286678e-01
-3.464575501021169845e-01
-1.699912031266026802e-01
-1.685252768971775283e-01
-2.680837503695674418e-01
-3.378418629029125708e-01
-1.473926341867823064e-01
-3.284712217490484143e-01
-3.340321209695100713e-01
-2.395986259740927604e-01
-1.495094650207788312e-01
-1.594738794678892957e-01
-1.679305327585281504e-01
-2.822504398960795635e-01
-1.777075210710442055e-01
-2.943316932520734230e-01
-2.977234723321842691e-01
-2.108509282325278233e-01
-2.712540690887967898e-01
-2.626055311394364100e-01
-1.457351427957311873e-01
-2.533839884737326686e-01
-2.994400308495242524e-01
-2.363011663292411413e-01
-3.010867725264118056e-01
-2.877441540731366931e-01
-3.194867829619256194e-01
-3.041027687048387662e-01
-2.098550143307277016e-01
-3.481846067017273505e-01
-2.042954237217627367e-01
-2.816154219649857904e-01
-3.171295487871523266e-01
-3.348238037093929087e-01
-2.618545439303381905e-01
-1.586698603719581269e-01
-2.385332721725695326e-01
-1.740138717671720625e-01
-1.045278488375849801e-01
-1.357434012562145631e-01
-1.352986839390873386e-01
-1.245376350544370181e-01
-1.597964276892621660e-01
-1.803622865657645291e-01
-1.774964428574976882e-01
-1.025364554716549637e-01
-1.756017949798142630e-01
-8.467899753732086032e-02
-2.463256313921635410e-01
-2.516805809266481342e-01
-2.129143081413985006e-01
-1.469722182184446946e-01
-1.880485024630142998e-01
-2.060515629279350280e-01
-1.377798910954620426e-01
-1.381513336409351811e-01
-1.906167506828969627e-01
-2.308680802674180632e-01
-7.518900759606861328e-02
-2.041166385911215297e-01
-1.307198780299561880e-01
-2.042200889552414078e-01
-2.142281966581547348e-01
-1.342440753179528490e-01
-7.206690224419762258e-02
-1.360093924914691499e-01
-1.782580539529243224e-01
-1.446213417974616389e-01
-1.902150092493938849e-01
-2.047360882659274850e-01
-1.614395516438332789e-01
-1.213328718927673966e-01
-2.533991039308256532e-01
-2.531947314746607614e-01
-2.128657295968106322e-01
-2.563834793031858350e-01
-2.516526120441446857e-01
-2.255629456301572189e-01
-1.044629944429801838e-01
-2.534075812655820492e-01
-7.420567888933596312e-02
-2.022346868631455519e-01
-1.663032634908089280e-01
-2.217061161098550781e-01
-2.464524607377885090e-01
-1.555119887863871675e-01
-1.101404943451055052e-01
-1.618381636970602777e-01
-1.172724672722151029e-01
-8.209924681717464812e-02
-2.460438178512062146e-01
-2.223697389060335650e-01
-1.426033192179156084e-01
-2.416831831286589127e-01
-1.739198992176205216e-01
-9.391906449492098963e-02
-1.343915080751794944e-01
-5.739779272609893401e-02
-1.460709855701291804e-01
-2.263361576590963153e-01
-1.435770706322829215e-01
-1.795225376016857388e-01
-2.052667639692690726e-01
-2.413594305810798923e-01
-1.010670910992581828e-01
-6.312243328314545709e-02
-1.077981499147532551e-01
-1.008701397576545755e-01
-2.112813104128148656e-01
-1.920391697981362611e-01
-1.595797606915977662e-01
-1.010867758445122000e-01
-1.763145987249644109e-01
-5.372085444514884678e-02
-1.653750656981920475e-01
-1.931529528416695007e-01
-2.044459418419034002e-01
-8.297739563583095279e-02
-2.051510551022819873e-01
-2.139952678826882726e-01
-2.600724075799472623e-01
-1.809202330279302551e-01
-2.120345573908572201e-01
-2.509360367233623990e-01
-2.303761865959087496e-01
-1.633502081045173360e-01
-5.442576563937642775e-02
-1.464575000328977583e-01
-1.581374353908878705e-01
-2.091416755036417663e-01
-1.007561188329719748e-01
-7.299738034848451962e-02
-2.436902109433618513e-01
-7.027599802716957833e-02
-6.163899952836621177e-02
-1.114364878477013820e-01
-1.191703884425850402e-01
-2.552604674315238631e-01
-2.325942467276127246e-01
-5.915501289126023909e-02
-2.050018777538807346e-01
-1.992410937857361231e-01
-1.703930670713594275e-01
-1.173784036877655035e-01
-2.569919907541705628e-01
-6.810232851124189968e-02
-2.118593874492196161e-01
-2.490860344860386655e-01
-2.333268881595456645e-01
-1.122766244915223144e-01
-1.992336288267304856e-01
-2.006584944091701073e-01
-2.019472099442000124e-01
-1.824221234048140905e-01
-2.447966260658676618e-01
-1.122353686648109306e-01
-5.465191649773423754e-02
-1.915849577924088609e-01
-2.355796819456717484e-01
-2.573855746185650384e-01
-2.397536220471370716e-01
-1.400874348606017672e-01
-1.253519021570253800e-01
-2.398497131499058299e-01
-2.509304151719614628e-01
-1.911714882650127900e-01
-2.626656190578237071e-01
-2.795238575193309538e-01
-2.697948934552255040e-01
-2.384995516336876620e-01
-1.908731319525653891e-01
-3.000214560721014001e-01
-1.721997341035043372e-01
-2.017256629929664591e-01
-2.468248507397989011e-01
-1.781805519003241411e-01
-2.158983729437358168e-01
-1.170017769164054533e-01
-1.005875913567788049e-01
-2.994011430375337346e-01
-1.576926284233951259e-01
-2.815882010138411884e-01
-1.011591957010201936e-01
-2.481271323767196835e-01
-2.416766650187249232e-01
-1.075398083500698487e-01
-9.505086819277025478e-02
-2.846955285558010473e-01
-2.822361909153073278e-01
-2.920348603071065141e-01
-1.392324918750739160e-01
-2.494503289699496196e-01
-1.523882366363184804e-01
-1.243792752369905219e-01
-1.573314230488344900e-01
-1.166022168967472405e-01
-2.362641285754413789e-01
-2.887780122396804705e-01
-2.351949256791431297e-01
-1.583843636003021416e-01
-1.415367622494619892e-01
-2.669623615922822601e-01
-1.835393087364760034e-01
-1.829385097593618781e-01
-9.652598785779425983e-02
-1.680015533629161950e-01
-1.661740785438539092e-01
-2.549946183223822382e-01
-1.691827789121466974e-01
-1.724055497118077429e-01
-2.539205872272913833e-01
-2.558479877316168216e-01
-2.624487620167557655e-01
-2.751787523677803882e-01
-2.172790206033196891e-01
-1.688902213840892952e-01
-9.550656545507660300e-02
-2.149830602183591954e-01
-2.438231627315008976e-01
-2.897612611218429723e-01
-1.908591808305235560e-01
-2.675294811213294599e-01
-1.007525219057437971e-01
-1.887605144413666003e-01
-1.803643172749126999e-01
-1.564362155874822469e-01
-1.277442772440462448e-01
-2.962798039744836132e-01
-2.636256119064239734e-01
-1.091682842103260664e-01
-2.333909686819482243e-01
-9.958724956441472598e-02
-2.394567789178428385e-01
-1.536642640306616348e-01
-7.104678312965534426e-02
-1.970596068107564047e-01
-1.617526642175270424e-01
-2.669842005368832094e-01
-9.990887506063855783e-02
-1.776877137083331393e-01
-1.573613438372478135e-01
-2.154139954197871465e-01
-2.151123328483312003e-01
-2.116214781345691076e-01
-1.185735847671529342e-01
-5.956075268274935164e-02
-2.356692617588556360e-01
-1.926644853321849982e-01
-2.074584215733072390e-01
-5.663404620497736186e-02
-1.813818413512446881e-01
-1.757726932618502158e-01
-2.301850117805056550e-01
-2.640209944390508601e-01
-2.471006955537783933e-01
-1.245176507859969139e-01
-6.911111015786217115e-02
-1.048636268534315907e-01
-2.570745168085131205e-01
-1.862740981262155926e-01
-2.540547914798269025e-01
-2.421063996527156315e-01
-2.646055791813978764e-01
-2.044889406392171038e-01
-1.617724947618033315e-01
-1.184839166647210229e-01
-2.648650228165094767e-01
-1.420937184340600179e-01
-1.774350062528504690e-01
-8.866652663949947666e-02
-2.347396564165841748e-01
-2.495268019832246331e-01
-1.697858331448693636e-01
-1.952869859037487665e-01
-1.592129777834520032e-01
-1.491268327113123571e-01
-2.677226276627407975e-01
-1.737731116098742423e-01
-8.761895777799921792e-02
-2.401765843663607458e-01
-8.396523890278664859e-02
-1.596194582696474629e-01
-2.173306184921262041e-01
-1.657564487999489411e-01
-2.245198162892683424e-01
-1.598669344077599530e-01
-1.725777733657866131e-01
-1.772413764052456486e-01
-1.589587819482501385e-01
-6.978731703523782803e-02
-1.423248934849497549e-01
-2.174386157878802628e-01
-1.047263350844717944e-01
-1.623836716072980801e-01
-1.001071849598087482e-01
-1.259130372945684306e-01
-2.318906417144257492e-01
-1.121188492817556670e-01
-9.253694311322091526e-02
-2.796960364198261551e-01
-1.451678988063805631e-01
-2.075503110640736226e-01
-2.705409990918474783e-01
-2.376144391808703293e-01
-2.047908677875774630e-01
-2.125679763016776191e-01
-1.417083160069160797e-01
-2.642554062111834856e-01
-1.620240588945878468e-01
-2.823292398351108790e-01
-1.720163134466819455e-01
-1.626241827753772962e-01
-1.120435883547712397e-01
-1.967134712739722069e-01
-1.486812366255677309e-01
-2.178582573465795424e-01
-2.516384416402065449e-01
-2.517260635516941902e-01
-2.414626493430307996e-01
-1.023496006310417317e-01
-2.430532001601991565e-01
-2.801027091124855817e-01
-2.000317978118567597e-01
-2.932083991474523921e-01
-2.538612728945053298e-01
-2.411407720150892386e-01
-1.366455554896697233e-01
-2.293575367236229123e-01
-2.383455966191713182e-01
-2.352482222786433375e-01
-1.511186334578935031e-01
-1.799742559597946323e-01
-1.760487326212197834e-01
-2.207871420918347538e-01
-1.794381422557530803e-01
-1.371898477890852175e-01
-2.729793764664448785e-01
-9.665269507041762687e-02
-2.408396120234321813e-01
-2.803305452991089464e-01
-1.684978675869470144e-01
-2.375856261411103398e-01
-1.872982943216426055e-01
-1.823537920723034556e-01
-2.671903620811874047e-01
-2.383064379620856710e-01
-1.409184941760250054e-01
-1.061104331425683778e-01
-2.299357456530781718e-01
-2.823632957004788002e-01
-2.685708547273696345e-01
-1.581206249214408277e-01
-1.218375431402164977e-01
-2.588924626759870895e-01
-2.045233436336350019e-01
-2.919603135232545776e-01
-2.468471533554854047e-01
-2.264095268023246232e-01
-2.327076296519989818e-01
-1.520369793644595069e-01
-1.431008917462998631e-01
-1.167493225018670922e-01
-2.591214685046830946e-01
-1.955899440635846809e-01
-2.638483637425884654e-01
-1.356570017062241895e-01
-7.173835717310075855e-02
-2.089159661991086825e-01
-2.097495959513289154e-01
-2.323644126625558359e-01
-2.339441669431465143e-01
-1.757223982443208432e-01
-2.553425514830898746e-01
-1.767593377780540820e-01
-8.513581240204340372e-02
-1.896863037545918340e-01
-1.871745790408436694e-01
-2.442572014789246571e-01
-9.760874249282341930e-02
-2.387780207540451116e-01
-6.858356775368928959e-02
-2.575553861800489730e-01
-1.847278844915813956e-01
-1.216935770047349041e-01
-1.875991829043296422e-01
-2.526153173994166168e-01
-1.503499160862712958e-01
-2.051318974781909388e-01
-1.708133201585004812e-01
-2.445077873854549222e-01
-1.930044782872893105e-01
-9.312580975539530570e-02
-2.637564773975854537e-01
-1.243180652260158781e-01
-7.597920038278169197e-02
-2.043444254139618055e-01
-1.576930546203252625e-01
-2.225034360651990395e-01
-1.065469106946261846e-01
-2.448066827363021281e-01
-2.049459232067498138e-01
-1.700995260338893922e-01
-1.484075194948660525e-01
-1.870276371856219588e-01
-1.885100847695047876e-01
-2.540395584385550798e-01
-8.913337836839646533e-02
-1.995039196760677869e-01
-1.331219158346651221e-01
-2.338160534187169737e-01
-1.047951664328488630e-01
-1.214832237023051320e-01
-9.693231265330745638e-02
-6.739517297918237726e-02
-1.053142741159553142e-01
-6.672383942394571887e-02
-9.202149362687564449e-02
-2.322168872277547425e-01
-8.291799574537542239e-02
-2.238453511097258097e-01
-1.360470995873830635e-01
-2.457051275064138784e-01
-2.458649503108429335e-01
-6.059842774698667722e-02
-2.197854184986479387e-01
-2.484681353083530442e-01
-2.361620464857459023e-01
-2.548861646719712271e-01
-2.226381812962824058e-01
-1.823296234165279195e-01
-1.195192543694307552e-01
-1.146948730323679722e-01
-1.991516850381817305e-01
-9.876808148265206477e-02
-2.143392242860225616e-01
-2.623179171847723756e-01
-2.196458524459701800e-01
-2.624076694465157233e-01
-1.185351395151851006e-01
-1.560845593379445728e-01
-1.708952198539447909e-01
-2.378471735718805380e-01
-2.422605169788935586e-01
-9.219547951559267651e-02
-6.576909973719416436e-02
-1.351006958046288009e-01
-6.469873909632997688e-02
-1.364266385955102134e-01
-7.394465356201318507e-02
-2.459022611289501392e-01
-1.926739629101573703e-01
-8.089545934895769896e-02
-2.537846109216191914e-01
-1.674326028896547525e-01
-2.157403449392389372e-01
-2.639652733090007697e-01
-2.571225045104797990e-01
-2.034203241157989395e-01
-6.505195882561051746e-02
-2.073797891960890150e-01
-1.649910436884193532e-01
-2.495014950900726891e-01
-1.947935010557003688e-01
-2.446591807016562092e-01
-1.753903846530993071e-01
-1.825125647694771369e-01
-5.647558671310426437e-02
-7.685612208342179619e-02
-8.847219422308016945e-02
-1.254203289841826219e-01
-7.901653839459527040e-02
-2.340126471052823010e-01
-2.430149977428786301e-01
-1.715518800918419129e-01
-1.121562419686986389e-01
-1.179735418201314501e-01
-2.461362736139159069e-01
-2.299613904110137108e-01
-1.690496251050437881e-01
-2.595396846496504928e-01
-1.045952724766156805e-01
-2.360726781466712387e-01
-2.130604621909641949e-01
-5.061300078396685498e-02
-1.573199213359879334e-01
-6.387300465360540302e-02
-2.480672989653900373e-01
-2.276617403067087153e-01
-1.851183888696183999e-01
-2.184811666220712045e-01
-2.686630136396232493e-01
-3.263411190978460219e-01
-2.756520223161364469e-01
-3.019425961117988000e-01
-2.331642544898693270e-01
-2.116020431328051454e-01
-2.948859155725740422e-01
-3.666624272243384497e-01
-2.415692786863725405e-01
-3.308266178417719749e-01
-2.883086016110003036e-01
-1.551871088158569001e-01
-2.825957457634714620e-01
-1.822010974113376092e-01
-3.378432997841283036e-01
-1.660696680169929662e-01
-1.583135814050281032e-01
-1.983606939848764350e-01
-2.458667051794704295e-01
-2.632402354243004727e-01
-1.877034268820737817e-01
-2.713503282681516415e-01
-1.612985226168280328e-01
-2.993746571593758898e-01
-2.620067400945656488e-01
-2.574279967596950769e-01
-3.213293006509682082e-01
-2.764172830144708271e-01
-3.273671328194803776e-01
-2.661469127685617830e-01
-1.592495044833447393e-01
-1.685687721283380958e-01
-3.204614867429361746e-01
-1.620463206057335404e-01
-3.229041626312922353e-01
-2.814102108912321931e-01
-1.822680307797039656e-01
-2.675058413381563027e-01
-2.879815844928010904e-01
-1.974363063082289760e-01
-1.678314564734371406e-01
-3.153516051701079626e-01
-2.425265850052055194e-01
-2.624382384280187219e-01
-1.601192446262511282e-01
-3.354783689027338589e-01
-3.097732720364935743e-01
-1.613953657877988113e-01
-1.553691229270116603e-01
-3.689638895691520482e-01
-3.106276309318792839e-01
-3.311063622857081667e-01
-1.879657642408144591e-01
-1.540862001942134851e-01
-3.411661303166673709e-01
-2.431503654166659312e-01
-3.448406634380945524e-01
-2.060357266058544801e-01
-3.605434584581349577e-01
-1.869528583727304849e-01
-9.959022445110443655e-02
8.235422599713458636e-02
-1.160384342209871827e-01
-4.472871868701490394e-02
-5.740206603917310385e-02
3.480319636475508183e-02
3.404488034215653880e-02
-6.187544727086023016e-02
5.378646712289533727e-02
1.003084756107008174e-01
9.085435528221547097e-02
-5.526579828687462614e-02
9.992628906914637066e-03
3.131683510339881849e-02
5.957033738425002167e-02
6.520767226778523273e-02
-5.496344658389780424e-02
3.966545190845835803e-03
-1.091069158320372295e-01
-8.424488252628836715e-02
7.966814218245413248e-02
1.610735948059759115e-02
-5.128731332902631418e-02
8.135326289849539871e-02
5.794285146490267546e-02
-7.832440028524821629e-02
1.180655887041218155e-02
3.368142377098533313e-02
1.256696387350942842e-02
3.418336090189839915e-02
5.079170362709498759e-02
-2.418375544738668795e-02
3.627979432392519632e-02
1.034450292409997002e-01
3.769797053217843752e-02
-4.795729257649319899e-02
2.170503685202787580e-02
-8.845829872910544733e-02
5.574563918371969878e-02
1.011412476723642373e-01
-2.331795276799449382e-02
-4.044798018567299924e-02
-9.927957231331986654e-02
4.837912845255551431e-02
-7.426688288642486514e-03
-6.841752404556475375e-02
-1.060499427961330704e-01
6.263359630610096374e-02
-7.588074007938307164e-02
6.642062773522683372e-02
-4.366989418949699525e-02
-4.798465021949822884e-02
-3.511729503522219992e-02
7.388937742603399195e-02
-8.136066880683874569e-02
-8.797852822233356851e-02
9.339247521698590404e-02
-4.655960561675252102e-03
7.408487123101904770e-02
5.250138351617639199e-02
1.730534069906592212e-02
4.665224435696888050e-02
7.249565153342489576e-02
-1.176336138684363486e-01
-4.631462039542984591e-03
-1.221046973613665147e-02
2.938289896782092514e-02
-9.168551952029185825e-02
-5.670695399055921543e-02
8.133463928213114508e-04
-8.870486705705487446e-03
-4.333454548272877571e-02
9.411940429399673347e-02
2.644249154441952882e-02
6.597837641632976757e-02
-7.511620728922804163e-04
-6.556658955212192608e-02
5.710076705907062011e-02
7.180806008705199750e-02
-1.021821673222290117e-01
-6.985059497647633231e-02
3.215990012899529182e-02
-8.125027461479039648e-02
-5.665707098586395679e-02
-8.615297693560809711e-02
4.650276600796667686e-03
4.484281204108588742e-02
2.446324473849536586e-03
-5.068359836771221816e-02
1.053619636444241559e-01
6.696205960722838302e-03
-9.880419542897815599e-02
6.903984578325982058e-02
6.660973955300657223e-02
-1.709888852988201979e-02
9.774354292896454341e-03
-1.223860250622281487e-02
-5.150043613976950513e-02
8.044118902954977557e-02
5.813887870858240603e-02
-7.964302673676669497e-02
3.481064388074725513e-02
1.026245999152971405e-02
1.004061682886981353e-02
-9.347849126968743594e-02
-1.744038695851751405e-02
9.875533184491554206e-02
6.382382626646795898e-03
1.566582941427292416e-02
-8.444840160701833076e-02
-6.774277051609572942e-02
1.014148391185603210e-01
-2.363206839364136516e-02
-4.177645605199795803e-02
8.872710799425409522e-02
-1.049902913973718190e-02
-9.938787851810339247e-02
-6.271228703598277776e-02
-6.465017584026132302e-02
1.363257723441778542e-02
1.025807519710895954e-01
3.707738078450203978e-02
-8.141819217369385131e-02
3.364566084451119099e-02
1.836964781902127378e-02
8.560132759077934694e-02
-1.648219798325505775e-02
6.621497374691268090e-02
1.344576574609240675e-02
-4.574292569628140431e-03
-1.126972561625479707e-01
2.625436055959612033e-02
-6.539675813840066521e-02
7.932450437286119038e-02
-4.026649620351199776e-02
8.980818901210460559e-02
-1.047993294446710258e-02
2.721143194157136722e-02
-1.731245860531142183e-02
4.282378018033156097e-02
5.214545100619709730e-03
9.305788305654674741e-02
6.963181596056254585e-02
-1.072698163628526269e-01
-7.303769008028120069e-02
-2.870971362104896701e-02
-6.894362803324159683e-02
-1.164304623248919590e-01
5.168642849934000638e-02
6.246681233196207939e-02
-6.613577685321962718e-02
7.427582492335720044e-02
-5.234234903677746284e-03
9.089980547918935505e-02
-3.171549686280908387e-02
-2.854153337921973982e-02
-9.720975432810169403e-02
2.442449871150172147e-02
8.323777066746571029e-02
-9.219604045005706794e-02
-5.674487729972938627e-02
-3.407636758035069088e-03
-9.878619540132251020e-02
3.600394829033964905e-02
3.542014657023442870e-02
-4.367891363664064275e-02
1.010954314803748227e-01
3.743684659603475212e-02
-5.678220374039791643e-03
-4.737553460059719390e-02
7.739502404097323152e-02
-6.491461787835439701e-02
4.500909796250839034e-02
1.072852815326025104e-02
1.036421800180185315e-01
-3.549221336723112907e-03
1.984632351496327246e-02
1.568611106595132337e-02
1.107623142754479185e-02
7.213690105223401206e-03
4.115246501622385478e-02
4.664800863836150030e-02
-8.203531981438236254e-03
7.076343262502757248e-02
-8.588913105852462315e-02
3.404773128110233360e-02
8.869209541657527285e-02
-1.101004295110797060e-01
-2.881669863488033403e-02
8.670648180470830538e-05
-1.085614212914107063e-01
1.001803674586071273e-02
6.892337658499675390e-02
4.753346159061286325e-02
-2.062493406957726164e-02
1.574592424261098134e-02
-6.605270539708493760e-02
-1.047333340593932516e-01
3.303187002801900168e-02
-7.996929384996627477e-02
1.040101299959782233e-01
5.433622126470046172e-03
-4.710113657143127908e-02
-6.111445976147365788e-02
-6.856031407008104928e-02
5.969727829112207729e-02
8.521760310737560434e-03
9.031476127565973844e-02
-9.352079446643112026e-02
5.878337538645814903e-02
-7.383183201207650648e-02
6.819754917869084998e-02
-2.356855110928591374e-02
-9.719732110456874574e-03
1.426729493669122786e-02
6.467565995238776233e-02
-1.007392356632903635e-01
-3.150910184031442685e-02
8.770273344450493780e-02
5.108832731886837897e-02
-3.982468169788579149e-02
-6.058427453488352682e-02
4.307963038663664701e-02
-1.913741278171646534e-02
2.460607604340996589e-03
-3.883805434488688674e-02
2.314458978801088931e-03
8.149964798419623291e-02
1.800255086484926770e-02
-7.534169450251741729e-02
-2.008571368719154482e-02
-5.947692919238430076e-02
-8.641440978893877647e-03
2.304116552327050219e-02
2.393177860971042875e-02
-3.322080500076800974e-03
1.658072271805490633e-02
3.944172344786931600e-02
4.888318271861412379e-02
-2.176021504761642411e-02
6.374687059321991478e-02
-1.055018899554889672e-01
7.054067959772339358e-02
1.726225310988130715e-03
9.527777914792233405e-02
4.121223289897772701e-02
-5.151602066620289064e-03
5.094329147854751577e-02
1.038975241876445230e-02
-2.820622121252372785e-03
1.014374199388469976e-02
-9.864440395757911872e-02
-8.913214702671297396e-02
2.859044940377002825e-02
-5.767659311162133540e-02
-8.922245538278775201e-02
-4.541683234659211338e-02
1.164893920591372062e-01
-7.429557526607488693e-02
-4.322803195182866459e-02
9.860912321609785480e-02
-8.758656052214457144e-02
1.083088910524077630e-01
5.319069727847629964e-02
-5.590895865874383197e-02
-6.559314950281147638e-02
9.949138931998315061e-02
-6.002595826811921859e-02
-9.240275220734066319e-02
-8.811348025186054034e-02
-8.634446040523298393e-02
-9.347526710251485849e-02
5.706790000373624522e-02
-7.121834739594576358e-02
-1.172065031898803823e-02
-4.259000653777710033e-02
4.621852990344896966e-02
-1.332541205114069933e-02
-5.291989314376751435e-02
-8.608688180530926770e-02
-4.600153524761918522e-02
-7.034132914719665175e-02
5.706464453945350040e-02
7.635024632124143285e-02
9.436676027474942552e-02
-4.731809950650191915e-02
-8.719367698161062386e-02
-4.522772712308619630e-02
-9.355390321795532815e-02
-9.729265380558765886e-02
-1.367274951827920741e-02
-4.633337573444958057e-02
3.376975444124664938e-02
-1.000543285138041638e-01
8.037320433446744350e-03
7.817848223504020311e-02
-8.328575432237880771e-02
2.808138885687791117e-02
-7.288224512551691459e-02
3.999622254926159248e-02
-1.460511707560462405e-02
-6.265055366090571676e-02
-1.342283051282707265e-02
-6.023677287174207529e-02
9.429689590272301303e-02
-3.020765162016995214e-02
8.786606424034312801e-02
-9.972458711368539785e-02
1.088234225505073510e-01
-3.737729373148747369e-02
-1.057843484647797982e-01
3.560914840108287543e-02
-4.330475579365999916e-02
-4.197978197520555593e-02
-9.120674692831437502e-02
3.192570261495051437e-02
-2.020706981601056579e-02
6.825996750483293019e-02
-9.545232858085837824e-02
-7.267115288644351856e-02
7.634879272586163335e-02
-5.757725720630866434e-02
-9.202263119366949073e-02
-3.681311698510204844e-02
1.090905630202333443e-01
-4.691058811018598840e-02
-4.710947156065023456e-02
6.977958226137581654e-02
4.314202427714936700e-02
-8.761615638262489070e-02
5.837598227374558857e-02
2.744439628074551996e-02
7.459639293666173177e-02
-3.235791909761491503e-02
6.980941843066272579e-02
-2.161297867446246301e-03
-8.303320995661134241e-02
4.459440439190857919e-02
-9.911429529790830029e-02
8.842553175816895983e-02
-2.265718130947004527e-02
-7.064650660204596644e-02
2.968085093655600804e-02
-9.572543216817297473e-02
-2.763074738792864124e-02
1.112959823244816654e-01
1.556695953030086746e-02
3.190309335922911216e-02
-4.959223199452268693e-02
-8.890520751837328872e-02
-3.525862254478002306e-02
4.734016975134378025e-02
-4.096128604209257895e-02
-1.924818663480197013e-03
-5.814424183225375131e-02
5.397766922461096073e-02
-5.415982549763027204e-02
2.442370306865625923e-02
-9.828415352318278786e-03
3.678707745784639410e-02
-7.882619270896888686e-02
-9.957256408439683903e-02
-1.501598111138422245e-02
8.923955148981933816e-02
-1.971069253765427021e-02
2.440334268281194041e-02
-1.314210416713887039e-02
1.630996307387762995e-02
-3.271045022260474222e-02
1.022382221729424279e-01
3.218090982214946716e-02
-1.961028888671688397e-02
-8.346897101309798395e-02
-8.080801230450165851e-02
4.492410969035625506e-02
-4.756113777526945613e-02
-9.785020877048321297e-02
7.426639167346746340e-02
-9.465057887091940514e-03
4.465723034642884309e-02
9.593126179145938792e-02
-8.199414490799770971e-02
-1.131815083887754286e-01
-1.944911667921620999e-02
8.701063698100702792e-02
9.440083202670886131e-02
7.082663148632667438e-02
3.735192751129645661e-02
4.851956988003452639e-03
2.974447481579856750e-02
-1.366142405226526690e-02
-3.925097583584061939e-02
1.126932746917438249e-03
3.813293918796144266e-02
-9.933914921681436319e-03
3.908619311156204257e-02
6.615611420013181587e-02
-5.023289781517248365e-02
7.131924053245279616e-02
-1.043692113925787507e-01
4.601739167798384739e-02
-7.542112064170151953e-02
-3.119562040739535733e-02
5.526234813654172344e-03
1.003931181111589327e-01
-8.004856884667406469e-02
-5.044888726882967855e-03
-1.063956906470216179e-01
-9.993840725316112394e-02
-8.516673665071561317e-02
-9.291022203192896012e-02
-2.740029715747330230e-02
7.768442782326577534e-02
-1.225892804758682390e-02
9.001174924985201609e-02
7.087950858578279632e-03
1.628386919725903145e-02
-2.342059173157289703e-02
-2.292701030897077719e-02
4.780838774124445550e-02
9.853293407655117075e-02
-8.832779293950789729e-03
1.055736501286941298e-02
-2.521549817811112940e-02
4.824044291802134093e-02
-6.069985101513387937e-02
-1.720265372590903952e-02
-9.581515891764925963e-02
9.226534381755298331e-02
9.442996885667022389e-02
-2.992655542751606473e-02
-7.974560853748692557e-02
-2.002279842130046811e-02
1.673204887985412989e-02
-9.978240091144462143e-02
4.161102004357138118e-02
-1.743145134950111960e-02
9.261928936092332643e-02
3.125720045164955690e-02
-2.669709510402961186e-02
7.468315991498053474e-02
-5.343776043899231554e-02
3.682775849445585597e-03
1.499128745621991325e-02
2.403456588436572380e-02
-1.891477005687942567e-02
-8.893733877812452782e-02
-5.353459139403174416e-02
4.691512967973675285e-02
8.239449846932786481e-02
9.526171415811375554e-02
-7.344317489575734326e-02
4.335905137996995395e-02
2.309370615509892533e-02
7.927510990536608404e-02
1.169800086787406435e-02
-5.332145642202307939e-02
8.770953846267057208e-02
-3.888151210739469732e-02
2.596547651048762562e-02
3.738575841249790373e-03
-7.594444425697989554e-02
4.533564260940064344e-02
3.545437526971768893e-02
5.289076986628200860e-02
-1.177239458059418584e-02
-3.151017293611171194e-02
-5.703273104049515208e-02
1.049074122541055962e-02
6.255662915718301909e-02
-1.985936672950873103e-02
-7.618497479295148478e-02
-3.985867622880775313e-02
7.418443127513349444e-02
-8.316962908670531840e-02
-2.110043589988092050e-03
8.893778548262998296e-02
-9.203347354301238958e-02
-4.978241816626365751e-02
7.729231586017483446e-02
1.571568669816802294e-02
6.108054747600748929e-02
-2.577131943966619321e-02
2.292792750515108488e-02
-9.287509206782926241e-02
6.731483116567811564e-02
6.953779732335813035e-02
2.904287422370533528e-02
3.954948010885318138e-02
-7.905514421486697918e-02
-3.909785607648513794e-02
7.358974669974645277e-02
8.339176051666802314e-02
-4.963773872189543301e-02
2.512169596684464545e-02
-1.124627606886964698e-01
-1.329028748319781121e-02
-4.150585550426498516e-02
6.834186335783591637e-02
-3.669275291944548018e-03
-4.766074890321859298e-02
-1.014005207592636737e-01
-7.650105216640611105e-02
5.989532406429606826e-02
4.414324640016664691e-02
6.159088401666584778e-02
-6.203915635738596612e-02
2.426889636004685331e-03
-7.028700780635867285e-02
-2.202520810311641222e-02
-3.692127277888870157e-02
-3.908098838204476788e-02
-4.853348301393235059e-02
1.598429135278157769e-03
3.857821674690512653e-02
-5.579657570418265766e-02
-4.176309717658738263e-02
1.106464218064714539e-01
-5.110141637982298229e-02
-3.029295432297274965e-02
1.318084228868628832e-02
3.037614237687384644e-02
6.662031189254380079e-03
-7.605577342708515209e-02
2.556526384106232869e-02
-3.632527407476949730e-03
3.607587892863286377e-02
2.519870006878057594e-02
-6.400290897689756009e-02
-3.435663403667497257e-02
-9.905102270587745616e-02
5.181281663444343294e-02
-8.411005112935722450e-03
-9.861576706051899954e-02
3.134222852031953721e-02
-5.554312516902605579e-02
8.372539399173883207e-03
-6.341339382324046037e-02
-7.518317586449103918e-02
8.435868111283741089e-02
3.790010719441479388e-03
1.440922598642679128e-03
1.060185672047477545e-01
9.562316815069247730e-03
2.651099941352134601e-02
-9.915954675420647624e-03
-5.259941680446191328e-03
9.861124929014634943e-02
-4.645916803761575981e-02
8.414310379899359038e-02
-8.392959008790849829e-02
-1.024549249515972760e-01
6.798901264583220860e-02
7.877958593808791210e-02
3.355722879350605398e-02
3.126053500590316586e-02
-6.797639875022168376e-02
4.592384609278499230e-02
-3.776271423154482776e-02
8.523186685963304865e-02
-7.017652481880004567e-02
8.834118900853454859e-02
9.090498962077553369e-02
-9.180048316295597033e-03
-9.703321799758701793e-02
-1.022591247438204842e-01
4.245094980286796826e-02
-7.614042424594605341e-02
-7.056614603297911570e-02
4.914284816222969088e-03
-3.020942811450440940e-02
-5.712680328567443927e-02
-3.983887703238929434e-02
-8.096753594028491263e-02
-6.897838256746635643e-02
2.016527268745108709e-02
1.098133329673752281e-02
6.536541153264871507e-02
6.144971059971594124e-02
-2.254545739949616670e-02
2.460471908342500708e-02
9.151374644393144020e-02
9.525280542789277272e-02
9.250730599306564161e-02
-8.815546016429903070e-04
8.164690721517595118e-02
6.911312477548933741e-02
1.515177114511894255e-02
-3.020924342629680015e-02
-4.974398692512557035e-02
-6.011448330223680137e-02
-2.212128002123870535e-02
-9.018598812003364440e-02
-3.789603768873858053e-02
1.293814470277858050e-02
-7.356107889460757054e-02
6.585031978607680525e-02
2.393850649058195529e-02
-5.084249820120529534e-02
-7.350260829255463729e-03
6.279711850279183494e-02
4.913734353931781262e-02
-1.107312896529293045e-01
-3.577368752369641802e-02
-4.562457822708449601e-02
7.226612211763118465e-02
7.237287102155508245e-02
-5.818451515644822158e-02
-1.071037355291696094e-02
3.642135508503294150e-02
6.710208948112184046e-02
-2.554178900480202907e-02
4.413704663190800431e-02
4.048633169991260050e-02
4.399751879326230242e-02
-1.009582599184883217e-01
8.618442362066336404e-02
-8.029712173471822978e-02
5.250984780791686374e-02
-2.980874809300551251e-02
3.297847694287172476e-02
3.152040340431072618e-02
-1.483097706307723133e-02
-1.076028644341846113e-01
5.879640112137243108e-02
6.559838011222947352e-02
1.192933333810379526e-02
2.441604752553372046e-02
-2.513062643979286151e-02
-8.802974807949116853e-02
-3.221733628059408189e-02
3.601029056513455756e-02
8.868993712580236499e-02
-9.837747113405959087e-02
-1.292429293333464263e-02
-5.472344363051033500e-02
-8.712090470531663744e-02
7.524727358248511910e-02
-8.786059261134139542e-02
2.427506082373459204e-02
9.477929529148015897e-02
-2.031054095310177998e-02
4.754291786440770912e-02
8.220308591188281444e-02
-6.929096980820560747e-02
-4.138757064818610054e-02
2.398326643107014100e-02
-9.571952397656383407e-03
8.799367202707300550e-02
8.200467629748724174e-02
1.005834149570038333e-01
2.877095873707635060e-02
5.042531935496367967e-02
-1.054474893110838862e-01
4.080328085139413308e-02
4.285286608797068270e-02
-9.281240875498858456e-02
5.257192718975971235e-02
-1.066247089086464206e-01
-6.162939777486899084e-02
4.163277766051908489e-03
-5.121862924186738192e-02
8.574265004871023388e-02
-2.340671659730553592e-02
1.000911652145922703e-01
-1.520556533268990762e-02
-1.343146239873139157e-02
-9.562089871164862476e-02
-6.901517338930228396e-02
-3.000440633966292708e-02
1.559560220461279380e-02
1.042237941855686523e-01
-6.496243262559368847e-02
1.810607109417495045e-02
-8.038898748288286766e-02
-9.065985219426293817e-02
-3.303367330197378576e-02
-1.085219776106104844e-01
9.066885305446764631e-02
-1.040430684662600469e-01
-9.987559456851301254e-02
-3.564981917752033103e-02
2.994223738196609072e-02
5.730127176432429914e-02
1.006741700068075063e-01
3.666780463529052680e-02
6.659559493698039012e-02
-9.913463136302115564e-02
8.734577881864399873e-02
9.710055803611693237e-02
4.101652864614112326e-02
-4.856370512062332251e-02
3.846789915739647070e-02
-7.637291939937232432e-02
5.946963303113168148e-02
-2.835212754648570171e-02
4.164562446407896190e-02
-5.598646028847623080e-02
8.799399213812432452e-03
4.236303602139489255e-02
6.837377445894687877e-02
2.064556513191245779e-02
2.522806529746850560e-02
-1.420968284385223934e-02
-6.598475127906612558e-02
7.759798646875017136e-02
1.978548173563526857e-02
-5.121820826616153843e-02
5.332086054725383717e-02
-6.340490998039473303e-02
-7.964128877385552585e-02
-3.334912253481487482e-02
-9.171163239012952717e-02
-8.667154470423439616e-02
2.601486050818463402e-02
-3.985934103910386377e-03
4.880201601308976900e-02
6.187684898778381820e-02
2.823684325279362389e-02
9.358177377420724696e-02
-7.333328406148557910e-02
4.323197280704486195e-02
6.999428603698104774e-03
2.271381739073337347e-02
3.767572745479355611e-02
8.377376566246327871e-02
-8.092829685152314045e-02
1.332089599370693891e-02
-6.940608167737472370e-03
-9.916351417366320309e-02
1.008198128497103385e-01
8.108632542636967644e-02
-5.817813672742615932e-02
1.940299689322590171e-02
5.343422430674546475e-02
9.554620079292552859e-02
-6.748151555064441087e-02
-6.991383126320757646e-02
2.957717915512232676e-02
4.863588457666629533e-02
3.647612095300685475e-02
-5.649576082797020879e-03
-5.174871348655053771e-02
1.001465196281782627e-01
-6.184501733624651887e-02
7.531933729036371927e-02
-4.299068320906938856e-02
-1.480334359049222115e-02
2.286261266120731203e-02
-7.865023212792777996e-02
-5.985208942047565497e-03
-1.603094697202187002e-02
-8.278424084115561243e-02
4.405631888807121088e-02
8.904759913943968708e-02
-3.898411508607516063e-02
2.113361944381112606e-02
-5.123057913337573932e-02
-8.022453522887666028e-03
7.658835181751774690e-02
1.735858309484362635e-02
-8.081248002831434296e-02
6.747381409670831498e-02
1.007605992692522517e-01
9.120289530061351235e-02
-6.109109437401638587e-02
7.080513980344128877e-02
-9.893673790458780426e-02
-8.882450838640956747e-02
-1.087702802929331643e-02
-5.310396723571038369e-02
6.193649420922077431e-02
-7.676048429399522088e-02
-7.016148761908629072e-02
-7.898127878658287027e-02
6.797743421838692290e-02
7.087994172416980931e-02
7.959755504734818132e-02
-8.731403816335073231e-02
3.507840056730197713e-03
-2.919284920565764010e-02
-5.672483279010764878e-02
-7.830505038347330971e-02
-1.948633083941892635e-02
6.176328174861001052e-02
1.064086628973364979e-01
-3.373938819383102278e-02
-1.642234848472973185e-02
-5.040758060222638726e-02
-1.021631390070272365e-02
-3.075301477850654608e-02
-4.114799757038997696e-02
-4.999098995747815188e-02
-6.005375909491666997e-02
-4.351601898385728390e-02
-6.620280818759997910e-02
-4.091816392502484190e-02
-3.024019731545745868e-02
-4.759283956271460198e-02
-9.485267480224296444e-02
-8.870669755263327350e-02
-7.557023186473817156e-02
-8.916592842456944057e-02
9.114096190053534718e-02
-8.248758814598852740e-02
2.453136081471043312e-04
5.909906422614654570e-02
1.157758266699293083e-02
-1.278073910313853173e-03
3.155028271978067844e-02
6.252276948792025169e-02
2.467240538437204950e-02
2.951230038358411065e-03
-7.631622472167462479e-02
-4.183116607812453758e-02
5.808782439600426034e-02
-6.767150210782749142e-02
-5.939868908790717217e-02
7.440663381583423330e-02
3.058248852703738738e-02
-8.224141191105024951e-02
-7.264455160341814002e-03
-7.250497051578408403e-02
-5.704367236140354958e-02
4.828125667835993229e-02
4.452057781493364702e-02
9.316074873175053672e-02
3.921643320882158001e-02
-8.389134893714560171e-03
-2.117263430051696121e-02
-4.098870324647194141e-02
-8.149054408459820847e-03
-8.636324142764295608e-02
2.532302477406203622e-02
-4.069715299110159001e-02
-5.493709179878943777e-02
9.283106240283015009e-02
2.443182866239178991e-02
7.314670816752948113e-02
7.707703205300885096e-02
-6.141024031163839353e-02
-1.998515637940128514e-02
7.752033390399172552e-02
8.831731195353006991e-02
-1.132476601742582745e-01
-5.665191669943903802e-02
-4.155523583847063607e-02
6.971097387821227620e-02
-9.177598614779823583e-02
5.111991820677669676e-03
-1.273947645356602286e-02
-7.620300894404954950e-02
1.002795719668936325e-01
-4.813557282346028754e-02
-3.011393306603546427e-02
-6.366384813997955083e-02
3.868206885611821799e-02
5.258137229300122173e-02
6.296625117835066843e-02
-8.394916371474471506e-02
1.814788308053571705e-02
-7.042829400154497488e-02
4.330877059794442652e-02
-8.332263642919586488e-02
2.986209952453211872e-03
-5.222185897081589590e-02
-6.123537029515193492e-02
-5.649681315881366350e-02
-5.630000092648826393e-02
2.872458492155574930e-02
8.465922208402616722e-02
-8.577103166133631662e-02
2.775347681326562760e-02
2.369593900627342542e-02
-4.508130597872804513e-02
5.401884316289513877e-02
-1.018328263009154327e-01
-6.276359284405369499e-02
6.585417839470884827e-02
-1.110311905691603318e-01
-6.401289107323226979e-02
-6.941285776455638490e-02
3.941998678419728758e-02
3.445176910754294691e-02
3.611115030906588558e-02
-9.881913123643101815e-03
2.327767016907197201e-02
7.231215866297206751e-02
6.870172402154361979e-02
3.200853055681046611e-03
-2.917964810409461734e-02
8.068928915706942429e-02
-8.988985743290765773e-02
8.246345494622529804e-02
-7.937098122326428917e-02
-4.157850978110490259e-02
8.257545482789305225e-02
-4.972088881839429458e-02
4.251774083926722347e-02
1.184261823828511480e-02
8.227121756720960633e-02
1.648104737775509324e-02
-6.220767341725800398e-02
-1.014328444521382655e-01
-8.007882007050881601e-05
1.512556442015360395e-02
1.588876504685575800e-03
2.512115444956631444e-02
-6.255736489665741917e-02
5.413668387671989081e-03
9.528628290838167536e-02
-1.005488485636437251e-01
-1.100703388981603970e-01
-5.503728210972493734e-02
5.523849249252089227e-02
1.521357212523844968e-02
-4.410021291655243786e-02
8.808377057705690794e-02
8.316858722957315431e-03
1.008397309568327960e-01
-4.356752034970088477e-02
6.643299128117088892e-02
-2.317037472705327228e-02
-6.738770576373280530e-02
-5.835356695716976266e-02
-4.496639763462500355e-02
3.301577913114855239e-02
-9.731655476511592850e-02
9.253568582943705323e-02
6.489589601287944209e-02
9.564686932123081520e-02
-1.036957661090679994e-01
4.652781374339698926e-03
-2.544546698199548138e-02
-2.441369905439210244e-03
8.812461961394280757e-05
2.041148862016797100e-02
-1.006612038827173622e-01
4.307243572742292664e-02
-1.759583352443672014e-03
-1.013750999333117887e-02
-6.608030405015949404e-02
-2.531842849812449350e-02
-2.221091960849753272e-02
-1.444233509567894669e-03
8.716138139205706348e-02
-1.037809182576077266e-01
8.705493463728651571e-02
8.450100030310617183e-03
-4.026565667677679816e-02
5.848261189166864549e-02
3.410666821683769334e-02
-6.630391052584515277e-02
-7.722763002151625256e-02
-4.414740232728119051e-02
4.556358420039414991e-02
9.447210000190874382e-03
-1.309788241869029243e-02
-7.621994344723750925e-02
2.589234094272280240e-03
-4.055249028313470672e-02
-1.028940724857863309e-01
-4.121632277155078128e-02
-5.213957962296857096e-02
-6.146450959149919735e-02
5.524665390604857618e-02
1.019786859781475069e-01
-5.650298551157296317e-02
3.127131542160674349e-02
8.906938449373510980e-02
2.100289418184899011e-03
-6.174843629922756316e-02
-5.366527384900086212e-02
6.399608461995459630e-02
7.069523671259096698e-02
-9.433826843902967663e-02
1.012063694125979636e-02
2.103151829227067893e-02
-5.915300982340082614e-03
-7.920003377868398142e-03
9.230460228705095194e-02
1.518767267380346717e-02
-1.224281001686465184e-02
3.393661185639108152e-02
-5.243882408011306395e-02
-8.911715664686813143e-02
3.392791430541876319e-02
-9.886646513486960219e-02
2.024589609015029629e-02
9.790172863567170314e-02
-6.712739597283462478e-02
9.921990961586248103e-02
-8.602636595006421527e-02
7.913825574845978483e-02
-1.386270804931000536e-02
6.607888913226205030e-02
4.194185305857377200e-03
-6.107460428392002399e-02
-3.961526023959292125e-02
-5.183019066574408307e-02
7.337083567336617762e-02
9.213437872218853408e-02
-4.414467172420871895e-03
6.584543656136503109e-02
3.123302657354648515e-02
-4.935321427203963329e-02
-5.199898034243412293e-02
-3.914941023752260135e-02
1.903083991150890733e-02
-7.406922485433094228e-02
-9.984578957318693271e-02
-7.654766958062038384e-02
-6.925516850300333926e-02
4.974278781703359714e-02
5.324144232952623262e-02
-8.226029428361880669e-02
2.595754256351874567e-02
-1.011672231228548657e-01
6.002900650512891373e-02
4.312986021251548341e-02
-8.897304346672980924e-02
5.652470126404205569e-02
-7.172915498346395247e-02
5.726604497114169690e-02
-6.069065818140395585e-02
3.095853593328208586e-02
-4.475406676115101928e-02
9.251783829857815680e-03
3.573233499482446340e-02
-3.176607654197131231e-02
-9.422050689646346844e-02
3.899336080320703335e-02
8.481180590201334302e-02
-5.290975485858758452e-03
-6.452132432889855218e-02
-9.702782175007588356e-03
-2.975048291670094949e-02
-7.929304611246061618e-02
-1.020900878552252339e-01
7.000297505403742238e-02
8.816068922143643904e-02
8.926514886649472569e-02
4.547312302280530349e-02
5.885246888154256617e-02
-1.025680633716448686e-01
-4.929765659369310382e-02
-5.601263569649699015e-02
4.782025027398582179e-02
-1.281753522640752957e-02
1.073742497087695931e-02
5.615346055795995134e-02
-1.025874621732432018e-01
-2.940491395225235116e-02
-3.594734979349043652e-02
-3.041149892348991857e-02
-1.041337236679093226e-01
9.802299989587473505e-02
1.026534070643091157e-01
-6.573713156976329630e-02
-9.379942244398675744e-02
5.025665306326507903e-03
9.545709165836309407e-02
7.716687446268284331e-03
8.446560344260975461e-02
-3.501315369627831103e-02
-9.577971936252147045e-02
9.378322330505164950e-02
-7.180249235610323966e-02
-9.732325082683193629e-02
5.272382888552382824e-02
4.122899160546394937e-02
8.859683464261579322e-02
4.960489256851514234e-03
-5.199387207573220523e-04
-4.987804149317279917e-02
-1.731277380796527807e-02
1.335728371212762701e-02
-5.948100644077350396e-02
3.169622602216768531e-02
3.135983046872811708e-02
5.836274032500689962e-02
-9.759211215205084930e-03
-2.025591260763326060e-02
-8.154062560577574059e-02
-4.969375172292082171e-02
-1.170054574319819365e-02
-5.976723177907831974e-02
-9.246325869411828324e-02
2.721022575906050997e-02
3.258642905000149609e-02
-7.069758282280212691e-02
1.022748752847827264e-01
6.218144892450202382e-02
-2.013080111001809905e-02
-2.570514954830790261e-03
-9.072164462502831789e-03
-9.027997666580904468e-03
-1.814771447101013943e-02
8.879496956980034716e-02
-9.807421087631892909e-02
8.578428988522913967e-02
3.411040271703814908e-02
5.688923301437923130e-02
9.737846159187593664e-02
-1.015060371161053826e-01
-1.077314746476361329e-01
-2.901527292383146786e-02
3.657453898326099018e-02
8.238947150056566068e-03
-4.389911382027717433e-03
-6.074123228862880058e-02
6.913359248649540711e-02
4.236332501276381807e-02
4.819220348163544276e-02
-9.209943090599460869e-02
4.108125897990410474e-02
8.819949186722392254e-02
-4.278896364824215370e-02
-8.066338021118515944e-03
5.996752357060402411e-02
8.761536185041796099e-02
-7.804536723718130675e-02
1.647334254321530106e-02
-7.732749526276003205e-02
-8.920139846441674236e-02
4.478793081297717527e-02
7.755890084601974044e-02
-5.146429768333747601e-02
1.612905035251784025e-02
-5.294127256384472541e-02
2.041858900846286670e-02
7.157764909072925064e-02
-4.974280503004592513e-02
-3.888035093758578781e-03
5.319421618994076006e-02
3.071503874010040117e-02
-4.830928551741511812e-02
-6.079461542337507435e-02
6.541860371076005376e-02
9.299229008509288241e-02
-3.595764309656596103e-02
-6.661705556343633025e-03
-1.095530499503288985e-01
2.721993341326003207e-02
-3.955697502868469467e-02
-2.283409152780914789e-03
-2.514403670485652886e-02
-1.034760616303344732e-01
-9.247271968442404011e-03
2.104839448750375763e-02
9.208727535289470967e-02
-7.733077364249502095e-02
-3.662895625141143752e-02
4.737902431370882850e-02
9.200270059876716755e-02
-3.848544529204945414e-02
6.622580062828933856e-02
-3.678437720290774621e-02
5.162835228940206717e-02
8.718528254318890294e-03
8.573556562748071985e-02
1.443766289433528333e-02
8.637536146752297639e-02
-7.110641865504582770e-02
-1.008601439186016940e-01
-2.310980529292468860e-02
-5.408649294579839784e-02
9.135299581804395830e-02
3.888104524119328533e-03
-1.037083970225039786e-01
-8.755379484333981888e-02
9.317904930080501968e-02
2.224416097454439550e-02
7.131179021910935382e-03
2.120958551370732970e-02
3.589323013499342435e-02
-5.049726483118768122e-02
-5.692736765452301173e-02
-4.232857487493213791e-03
5.009608827664648045e-02
7.994999987657841825e-03
5.966677229250442333e-02
-3.564118633157416227e-02
-1.994796817926654253e-02
5.025168554369574547e-03
-2.141685348977085887e-02
5.901979243091403510e-02
6.838745362189832533e-02
3.445663987954670354e-02
-5.629216470403383688e-02
-6.150892341940015356e-02
3.375562406750242349e-03
-6.796842953522647113e-02
1.177557431042416253e-02
-9.106814380101743711e-02
-5.873416163571468923e-02
7.864605112209828441e-02
-9.545447444978834295e-02
-2.367179646693985673e-02
5.921722642126284880e-02
2.961299724633741602e-03
-6.248007031095917374e-02
-1.327244666412101710e-02
3.277391392137302129e-02
-7.783332178231325109e-03
-5.965417005063947814e-02
4.887049802279165925e-04
-7.923067427629844339e-02
4.490338976950693228e-02
4.166031866321168176e-02
-7.018089720537681875e-02
3.844267121414988303e-02
7.845689146045922713e-02
-2.277446191106126394e-02
7.305433984328792152e-02
7.505104057111168514e-03
1.392765686572643158e-02
8.905456793102388413e-03
3.334295098688697112e-02
9.010287714496467704e-02
-6.547897649139301779e-02
1.024439590858069321e-01
-3.515994005267487899e-02
1.498299853036462632e-02
-9.596980930000519050e-02
2.982111187482968176e-02
4.528063326252192849e-02
1.555256164368166300e-04
-5.756370393217395687e-02
-1.120316373201260540e-01
-5.854383045647115758e-02
2.333381811082343993e-02
-4.675632469630517513e-02
9.177782076875512507e-02
-4.376687655981568309e-02
-9.112547616804209105e-02
-5.391616246523368849e-02
4.726951858796998862e-02
4.598482480836135755e-02
-1.033055812399792488e-02
8.980905296422311140e-03
3.087663475091727630e-02
-7.747042075269489417e-03
-1.397336864577084989e-02
-2.569168454941185564e-03
-1.660185214106333837e-02
5.049858350537120288e-02
2.015864945752195853e-02
7.269100414819545941e-02
-1.913166329958210232e-02
8.364143671706036898e-02
6.709376902699883127e-02
9.373643173705291376e-02
-6.405136791986704159e-02
-6.183650438192513088e-02
-1.464411134485601312e-02
7.026924539048327867e-02
5.951570762391589914e-02
-9.622206712763070602e-02
-2.093183593094199643e-02
-1.725444550287719495e-02
8.842678001501083629e-02
1.409440191677035006e-03
-7.228757675630033408e-02
-4.803692970278694574e-02
-3.751825031574721608e-02
-3.769898864641052505e-02
-7.465639605810775459e-02
5.928612658200630575e-02
-8.271023270067523470e-02
-4.909545789556749723e-02
-4.753778955517255767e-02
5.962762468868653548e-02
-6.153877778256568003e-03
-6.014075960383091779e-02
7.419949929513629250e-02
-1.123667634449752525e-02
-4.610683855918964319e-02
2.941209563229240515e-02
8.930365901253957406e-02
-9.672146961899218132e-02
7.026105012572986253e-02
-1.908139617508188002e-02
-4.705822420519971405e-03
3.373743064469555270e-02
8.867158118778462050e-02
-1.182121690664283409e-01
7.666361499830492976e-02
-8.669174946266480775e-02
-6.447913965294213567e-02
-3.906771249711755989e-02
5.840699594170800646e-02
-8.667556525896102926e-02
-1.140424686361341255e-01
-3.019438979164788123e-02
6.136315888555836373e-02
5.002529152581108862e-02
-3.446839735914922903e-02
9.655470984555535041e-02
4.982397421669867293e-02
-8.888165284345774311e-03
7.040410322437176682e-02
-4.188735092375339697e-02
-7.773405405898621556e-02
8.902061499549067392e-02
-3.407168302263145071e-02
-3.194990682180109259e-02
-8.577861452460140701e-02
-7.729627280049072846e-02
-8.249790237868223630e-02
-4.047996708368383628e-02
8.021424507459673503e-02
7.259545487228190319e-02
4.250545450980096340e-02
-2.897026290840654800e-02
-4.436846228133884545e-02
-2.554624936327528142e-02
7.740630119676249199e-02
-1.826377165165616462e-02
5.877885410803661975e-02
9.738103408895663893e-02
7.752527034940404072e-02
3.587288599467656353e-02
5.392996216084779137e-02
-7.890003951921513436e-02
1.037736752918129307e-01
-2.045995605748692631e-02
4.760189972086576599e-02
5.737994662554694869e-02
-5.247536276437223673e-02
1.905561115431058522e-02
-1.081546131671484445e-01
-5.849171653742460397e-02
-6.896736977940721991e-02
-1.024484920131657831e-02
5.899028242758989904e-02
1.342209491556831807e-02
4.764006042476666425e-02
-6.722650864248255753e-02
2.851596395161529879e-02
3.096408297135078494e-02
1.951169148725238889e-02
3.796746972137739207e-02
-5.859051303146400880e-02
2.698283379036123253e-02
-1.102372970700968707e-01
2.673911479327144292e-02
6.283120509708227386e-02
1.364374122832251804e-02
-9.262927528464380555e-02
6.071892676955904095e-02
-7.007769828155495373e-02
-7.084657167369234898e-02
2.378912091160848008e-02
4.139020434011946026e-02
8.376030144735081145e-03
7.784077475427471360e-02
-7.520868549134361591e-02
9.826180790816652078e-02
-1.657940351484489538e-02
-6.479440883408739416e-02
-2.158471887150133911e-02
6.176664748438447615e-03
-8.180503191289394127e-02
-6.728954598183295444e-02
9.132406254120460642e-02
-1.625268949080921344e-02
-2.442993543380689650e-02
4.351494570281522201e-02
-4.729352692022147087e-02
-7.570162241762570798e-02
8.127653112493339604e-02
-2.799824469942788566e-02
9.212779928188341572e-02
-1.021632762604121891e-01
-1.643011316312890935e-02
7.134239568956879385e-02
-7.238491157917503749e-02
9.614386435863624125e-02
5.515744334236297175e-02
6.378136129449696323e-02
9.508588346808286018e-02
-3.870422329735704464e-02
-5.597208527581697818e-02
-3.892408448359747225e-02
-9.603347243121636290e-02
-3.944103243943941628e-02
-4.885350070009128465e-02
9.983810736055042517e-03
5.250022490362313971e-02
-9.281474036943203332e-02
1.023570319235435171e-02
7.794300378966594750e-03
2.033685994548702775e-02
8.571748837234319240e-02
1.233753076745547003e-02
-2.266592230995169432e-02
5.977759127121585331e-02
4.524997990261767078e-02
-5.277727074517103018e-02
-4.438275426724177034e-03
5.127508997945695590e-02
-6.883254370614344531e-02
8.712864678872708768e-02
8.630803081727901616e-02
4.206247360248753508e-02
-7.376424716561098827e-02
-6.216626395425256524e-02
-8.522034645466775027e-02
1.795699426867612344e-02
6.371987721237645785e-02
-3.724197689960745405e-02
7.309143581246538290e-02
9.547664382581853848e-02
4.026582604128756127e-02
-8.241197108184362963e-02
9.519565702400788199e-02
1.722107077909085932e-02
-5.873928166480845564e-02
6.070523990846957846e-03
-4.616634153764036241e-02
-3.956245130032572978e-03
-1.435000131446451110e-02
-7.413996695455801755e-02
1.605342951434521326e-02
7.760236479912496765e-02
8.200963626810500728e-02
-7.065072993115786848e-02
-1.037404710303097971e-01
5.265335279691689407e-02
-8.881707290401852362e-02
7.064663713050900462e-02
-7.499449798203228212e-02
-7.943445243478124140e-02
7.628051484399792082e-02
-9.827651478751527059e-02
8.138609072169829262e-02
-7.320494844401390089e-02
-1.077043689961835471e-01
8.232533711559011577e-03
-1.827265298535472177e-02
5.974435447083221995e-02
-6.418865907541686233e-02
-4.488817322110245228e-02
-1.014307833471453923e-01
4.402536547814733976e-03
8.188119926972022011e-02
1.064344538947324947e-01
5.235603716613508596e-02
-5.956966065224292978e-02
-2.303798742611334882e-02
-3.657990513040382252e-02
-9.697214418801203273e-02
-7.295852888267691239e-02
-5.902686100437813665e-02
-2.043517680870879372e-02
8.088621662283389246e-02
5.145420456569201051e-02
1.744999267136879487e-02
-8.923976204782785304e-02
-6.219607517560148124e-02
-7.751107891490321977e-02
9.653290229973233300e-03
2.064145572782910901e-02
5.053905138942439701e-02
-9.043326637865767292e-02
3.835677345674372296e-02
3.972134088258943985e-02
6.120922509276405937e-02
-1.228395990171001102e-02
-6.651335926031703982e-02
-7.671155064014234526e-02
7.298659295544203396e-02
-4.930910835040688833e-02
2.049166065802904974e-02
5.911971729911735807e-02
-5.259677175535940746e-02
1.453243265155028038e-03
-2.693323430299671140e-02
3.208534374974329056e-02
3.278788002577822519e-02
3.731403304477029503e-02
-3.909775645262765845e-03
4.605924851152344568e-02
4.855154874775736984e-02
-1.128510055678531021e-01
2.511040882904505556e-02
5.385441965999561431e-02
-8.741997133369844297e-03
9.296324433486850836e-02
-5.766899081698723985e-03
-1.104445539842426466e-01
-7.176661178590651446e-02
-7.874004009134620563e-02
6.057015692177034755e-02
-2.971518280611827600e-02
7.275451125456106061e-02
4.394705420134153648e-03
-6.714320633417755757e-02
-1.033198955738497127e-01
1.945597433195071432e-02
6.710919469103565627e-02
8.291543336271273157e-02
-8.572587147082751102e-02
-9.548522587576327436e-02
5.831654175154673408e-02
-9.406070444101331807e-02
7.432180472657112791e-02
-2.721309058062446745e-02
6.314875443600424798e-02
-1.282937652387957858e-02
2.059652260325327278e-02
7.968626405230801527e-03
1.724835940324490058e-02
-2.895418137798180802e-02
4.379458721702161883e-02
9.638047272005788313e-02
-1.470704534707495924e-03
-5.413430428308348141e-02
-1.088761898726772620e-01
6.743610423045329205e-02
-3.422710469458402349e-02
-3.766517951241239726e-02
8.777482283893331405e-02
-4.172547863127380741e-02
-6.423293022820310283e-02
-8.386472185102540611e-02
6.606895175885238447e-02
-7.688749024678342980e-02
4.415533786653701165e-02
-3.450505022621071227e-02
8.106757014665809391e-02
-5.933749437996779785e-02
-5.243168379471702806e-02
-4.349250374163966815e-02
7.013160885830937996e-02
5.624586306685184361e-02
-3.219260156514420351e-02
-7.077033128185071520e-02
-6.487365945131273737e-02
-7.862827805538494252e-02
4.714671227020096611e-02
-8.258325169033309265e-02
-3.140372594407210560e-02
6.764250257036760750e-02
-3.369389633493742597e-02
-1.745512586814095338e-02
-1.046753705669581092e-01
-1.400686245087651161e-02
1.114045928284172343e-01
-8.961064249498173345e-03
-4.770699729278986279e-02
6.239728240913505058e-02
-9.179475991899457843e-02
1.991441588875643431e-02
7.272956372260000468e-02
7.964401741996438022e-02
-2.191435464384116141e-02
-7.208145652982290985e-02
7.627804499647999892e-02
-1.023057901363077712e-02
-4.890026021662717548e-02
4.178296718739471505e-02
1.542835194158582654e-04
4.315900895236685075e-02
-8.748053111708965768e-02
-3.347267362313226940e-02
8.478803564913711677e-02
-7.262661481080372183e-02
-7.962964573241948507e-02
1.436100252869952631e-02
-5.067191288072750432e-02
-2.966453463991043649e-02
-3.793255760895938855e-02
-8.696870424592835491e-02
5.096834357948282906e-02
-2.863900165674566900e-02
-2.780681319834650556e-02
-7.389399394482030863e-03
6.064988461631400790e-02
-7.183013301641541504e-02
-5.649346269191899209e-03
-1.055197245863048472e-01
8.262428959862426481e-02
8.201441605000110713e-02
-1.063872770339911594e-01
-1.773414771008516647e-03
1.000760523259564827e-01
-7.051558516918110531e-02
8.725345757548019776e-02
2.588852550151528667e-02
-1.061559882318795917e-01
-8.064601648588691496e-02
-7.809178579802872333e-02
2.527310976448101688e-04
6.986919048919624717e-03
6.467225168241179378e-02
-1.082599446590631759e-01
2.694251366459916516e-02
-2.151733460331098618e-03
-6.380455668307012385e-01
-3.723507137098035491e-01
-4.491651526272790740e-01
-4.940820236379899200e-01
-5.783612565681153228e-01
-5.257689584732243571e-01
-4.555153445144145552e-01
-4.555865631313782416e-01
-5.214845210760888916e-01
-4.175626568826307228e-01
-4.928010887135899631e-01
-4.390951821142174971e-01
-5.121037892672186675e-01
-5.520402589343543776e-01
-4.448111261000506911e-01
-4.779527980293752365e-01
-4.997252197319249634e-01
-4.444400583794810844e-01
-2.430505934317448991e-01
-3.560183203464618584e-01
-3.186207124069954655e-01
-3.676485554192667204e-01
-3.433479315335536408e-01
-3.581359574066969587e-01
-4.718864973687543762e-01
4.204350322233989246e-02
-2.558770353083993088e-02
8.964721030958691661e-02
-5.042900940605640064e-02
2.862784041718211339e-02
1.417000970643667035e-02
-1.056888032157376200e-01
3.830767209748574958e-02
-7.191662213426856798e-02
1.147517795199212709e-02
7.292623379663759620e-02
1.002410809640204292e-01
6.771635601847618424e-02
-1.012478999061413032e-01
7.646892997537861614e-02
-1.363287133266211787e-02
-7.382376808916363536e-04
-2.106998802371506246e-02
-6.267639772749411531e-02
4.501457133244441550e-02
5.179262235048309737e-02
-6.953693924191789444e-02
7.506994870661190533e-02
-1.127883565984659775e-01
-7.242212075863516119e-02
-9.376865313763259324e-02
-6.037577172324463948e-02
-3.287282811825863182e-02
-3.151402409681431510e-02
-6.548229356678213209e-02
6.871121112685751875e-02
7.122297810066101353e-02
-7.114951977068841027e-02
-3.407420735116002686e-02
-7.312546862131477643e-02
2.980481064416088885e-03
7.899566733246370098e-02
3.012598486442340587e-02
-2.930459776821111445e-02
-2.343502700325564639e-02
-4.435697896806314877e-02
-7.584829761339324794e-02
9.560093842956623317e-03
5.558337564892115029e-02
-8.862592043441262779e-02
7.966679714638254250e-02
-8.804033628365050268e-02
-1.100089744655500107e-01
-1.070359518522891185e-01
8.191767231132039695e-02
-9.955441172044514342e-02
5.952197335334450529e-02
2.096297836337723125e-02
-4.043410747265848565e-02
-2.051929572760634660e-02
4.790637480887405264e-02
-6.193996257929522409e-02
1.074888631352055313e-01
-4.233657252983971664e-02
4.373009482064538905e-02
-7.299585664170937793e-02
5.996161631049440853e-03
1.068103401827782684e-01
4.217309058279790357e-02
