-2.890202141433947380e-01
-1.893407145130087399e-01
-2.456245289610780869e-01
-3.120042214994068197e-01
-2.450190877828702374e-01
-2.035073894870320366e-01
-1.409215073955771835e-01
-1.184498818348858895e-01
-3.081809091825465918e-01
-1.020938420294425220e-01
-2.461738206820840991e-01
-1.953656986302673704e-01
-7.575404471857932753e-02
-1.883836985251948759e-01
-3.094741677573548677e-01
-8.712152679618881401e-02
-1.700925354900339193e-01
-1.213133826416594452e-01
-8.943914387433479773e-02
-3.023100682722628108e-01
-1.442234533084037207e-01
-1.779732679538531259e-01
-2.137875458775433390e-01
-2.603995583131756275e-01
-1.777447797090188908e-01
-7.930536230956086730e-02
-1.030813312048453612e-01
-1.717291005039760510e-01
-9.210960057082789865e-02
-2.528002167123679089e-01
-2.940643036978111691e-01
-2.135788106193385327e-01
-1.975904056118160945e-01
-1.848584199836220132e-01
-2.688261053402103418e-01
-1.386982939990636099e-01
-1.843712582308488224e-01
-2.247004860443839180e-01
-3.016309828682619543e-01
-8.952716280611702770e-02
-2.881089519557746836e-01
-1.193123683334116059e-01
-2.254208478477576216e-01
-1.396344412797916046e-01
-2.490866334645573388e-01
-1.649885026721352732e-01
-7.543113294552336590e-02
-2.373248955187529652e-01
-2.361738961585168883e-01
-1.507514626568227656e-01
-2.959329036475736863e-01
-2.475988674726828376e-01
-2.389411815010105411e-01
-1.349755715846310544e-01
-1.003647119305877689e-01
-9.337630916424974337e-02
-1.443797486055215518e-01
-2.985074983088792933e-01
-2.851930160477846310e-01
-2.878861717590865954e-01
-2.404078958904002916e-01
-1.815584877007107023e-01
-2.910230581014470741e-01
-1.575769055576730360e-01
-3.193513262149744736e-01
-3.359261539719142764e-01
-2.041627284416274446e-01
-1.320500653885337550e-01
-3.190232655044102361e-01
-3.490028424753087721e-01
-2.221518795952451275e-01
-3.029948737521527269e-01
-3.326097371093172383e-01
-3.079001388620963842e-01
-1.572179833877029032e-01
-3.416372771862953850e-01
-3.183898634118638160e-01
-2.138691384008483964e-01
-3.099201452921109823e-01
-1.533032201478902734e-01
-2.522116301000542626e-01
-1.981257307345898611e-01
-1.288654097770529361e-01
-2.575685948576418305e-01
-2.446900975323637872e-01
-1.459769160493030460e-01
-1.756877869331391895e-01
-3.486936511660997384e-01
-1.391196833082520568e-01
-3.183936105057785237e-01
-1.468720802548031945e-01
-3.537241878445461229e-01
-1.985864934143313776e-01
-2.709591811313927789e-01
-3.645499659853060348e-01
-1.790270719589634185e-01
-1.820447830461587313e-01
-2.976502853816032079e-01
-2.886266447766430154e-01
-2.200138597990877187e-01
-1.463646095984960926e-01
-2.220743931442212271e-01
-2.291219503997263540e-01
-3.211396327183462240e-01
-3.331639032920503674e-01
-2.221203815522880265e-01
-2.489319320437000660e-01
-2.701898777556611120e-01
-1.461489100695696208e-01
-1.866595275742669868e-01
-3.341283825831223853e-01
-1.337145473623636283e-01
-2.785530260928515967e-01
-2.790876762859726967e-01
-1.468335279808068716e-01
-1.655061961863926456e-01
-3.359547769149811014e-01
-1.451318578993241182e-01
-1.500510869878282083e-01
-2.630321548861703218e-01
-3.029313490779004803e-01
-1.394075954789525673e-01
-2.359641610967749825e-01
-1.290705789748232413e-01
-1.743616043954025752e-01
-2.513545035450916454e-01
-2.598231114762371563e-01
-1.436274463703501592e-01
-1.759461136444839535e-01
-3.015848608549442367e-01
-2.555426280637956293e-01
-1.320950982173079713e-01
-2.307432921765132927e-01
-2.219390716275991271e-01
-1.251537159238792496e-01
-1.065674168068116989e-01
-2.572387653021686038e-01
-1.826728875253000317e-01
-2.356534038698763212e-01
-1.207454774796732355e-01
-2.955184269193235069e-01
-1.402999420528547592e-01
-2.906046067888830020e-01
-2.068738281641595567e-01
-2.921252628498047232e-01
-1.636551939068902617e-01
-1.530539539039027508e-01
-8.668192585477973999e-02
-3.018190373125416159e-01
-2.446110588248837647e-01
-2.817419496453438255e-01
-1.205460302676617246e-01
-1.842608665457087513e-01
-2.686003508867909062e-01
-1.043622380264033755e-01
-1.669021876468563259e-01
-2.454398905720761581e-01
-2.212180898745458313e-01
-2.360755685558058037e-01
-3.052523442447029889e-01
-2.891854842445099605e-01
-7.044459336945127492e-02
-1.231691069922510318e-01
-3.071945436967651877e-01
-7.461488922758416353e-02
-3.021581201731627364e-01
-1.079228875061460646e-01
-1.874788810036710773e-01
-1.809880465231449298e-01
-2.662544119443605584e-01
-2.112420581869077219e-01
-3.068584216656755626e-01
-1.813300646794483717e-01
-2.594009394635421462e-01
-1.555400599565872621e-01
-1.009644463533854453e-01
-2.428160482003615395e-01
-1.013272987708458139e-01
-2.845862615121069750e-01
-2.972024820138293721e-01
-1.533480324570259123e-01
-2.340225678693049205e-01
-2.284966549277305248e-01
-1.068647232212101006e-01
-2.490287175078191029e-01
-2.475236619273273597e-01
-1.382323954070742433e-01
-2.150895797101313178e-01
-1.149338120112611272e-01
-1.633936942562164707e-01
-1.536498048171766329e-01
-8.750063067238586512e-02
-1.525101848843111452e-01
-1.593912667952040729e-01
-1.964735951250680124e-01
-1.665279094562637507e-01
-1.300101839480677923e-01
-2.183710470445748564e-01
-3.376467487872623630e-01
-3.229189893151809820e-01
-3.333664972439404073e-01
-1.319001823004331553e-01
-2.857135992127290414e-01
-1.450971098596737785e-01
-3.101004855064011245e-01
-2.078464315672952645e-01
-1.793622106513613756e-01
-3.235793275174213557e-01
-1.161308356619883964e-01
-1.580377319678936410e-01
-1.182142886910459434e-01
-1.431042505616847427e-01
-2.433173144483824768e-01
-2.903728001853136398e-01
-1.970533181295679725e-01
-1.898614734455944253e-01
-3.067675444541729801e-01
-2.677626278717989416e-01
-1.892112871885251735e-01
-3.419312758329416391e-01
-1.636176977093370677e-01
-3.429211348395948544e-01
-1.092168467623060857e-01
-1.575788886344281770e-01
-3.381300775624651034e-01
-3.296638776289300132e-01
-1.122678274533057130e-01
-1.096022124406264564e-01
-2.161310274127720699e-01
-1.086165483503736817e-01
-2.878278866525402768e-01
-1.771233669481564188e-01
-3.282733941906753050e-01
-3.164571489197651188e-01
-1.491027844919298462e-01
-3.025421686151307799e-01
-2.819064634596166741e-01
-3.040363064594284181e-01
-1.095158685157621437e-01
-3.357496494574451207e-01
-2.875861700147051003e-01
-1.066594556139942862e-01
-3.288447757396625315e-01
-1.430586742460493721e-01
-2.284627483844393625e-01
-3.259396814709561996e-01
-2.341514487731766458e-01
-1.247681815437947372e-01
-2.996020713503789179e-01
-2.139239673707334921e-01
-2.624085313619882731e-01
-1.807523343544823746e-01
-1.087205768845552201e-01
-1.923150671411898160e-01
-1.437178154169782840e-01
-1.611170702267066546e-01
-2.189578706153922916e-01
-2.109159904314583112e-01
-2.027397622281325584e-01
-2.170306067682180040e-01
-2.120486999464377686e-01
-8.645164322639009580e-02
-2.810049582212501007e-01
-1.341353065281642443e-01
-2.736786717533516988e-01
-6.781048452261118076e-02
-9.519444381387115461e-02
-1.500285708093380410e-01
-1.357104375059673129e-01
-1.716443093740571968e-01
-1.702098562375252422e-01
-2.054469295031254306e-01
-2.143154332805251583e-01
-2.373384274598506760e-01
-9.644371364744494524e-02
-1.986219247702641910e-01
-1.379433109203368479e-01
-8.901432306461998234e-02
-2.504689638452782252e-01
-2.075005301920250234e-01
-9.340440513518713517e-02
-2.284239736599559811e-01
-2.602923002593277579e-01
-2.057506349302137272e-01
-2.027724293808526312e-01
-1.332314536568201535e-01
-1.311445786688119619e-01
-2.488692084061645826e-01
-7.059230654528847460e-02
-1.619458028827334140e-01
-1.267234213935906351e-01
-2.664633798095825123e-01
-2.840554146200639507e-01
-2.663735857213731517e-01
-2.057415571483650063e-01
-1.286421419664775800e-01
-2.152673879709813554e-01
-2.469497730043849759e-01
-4.952122832808558694e-02
-1.721864476032192171e-01
-2.531140833425083447e-01
-5.486420520951218460e-02
-1.358037467340739712e-01
-1.129616636679766639e-01
-1.250339116130171901e-01
-2.539955303229785022e-01
-2.823453023018714370e-01
-1.750395297667550198e-01
-2.503168911770150551e-01
-8.707932739946050438e-02
-1.384176083098332954e-01
-2.329017433727675612e-01
-1.889704826906120627e-01
-9.572069485143436252e-02
-2.462656113155230753e-01
-2.552577769174675382e-01
-2.259278089346986595e-01
-1.031097663728441638e-01
-2.225816474129231060e-01
-8.920271388792241907e-02
-2.017202397598944486e-01
-2.018883447598142089e-01
-1.947732774161210767e-01
-3.404425944390286896e-01
-2.355693066706284200e-01
-2.430093604146311981e-01
-3.067043194333365363e-01
-2.478705975246721371e-01
-3.328447340827432877e-01
-1.963252808013036810e-01
-3.606805551092348017e-01
-2.852362106661587848e-01
-1.564672010014704073e-01
-1.934633627792735622e-01
-2.766915513666831639e-01
-1.940228504902450635e-01
-2.923817231206063960e-01
-2.868704722408993990e-01
-2.253490518197150405e-01
-3.594240259959199379e-01
-3.398692163675521294e-01
-3.652009884766954095e-01
-3.286907266969446018e-01
-1.904858624933156996e-01
-2.949376422779378393e-01
-1.565919158159163327e-01
-1.759068147102706703e-01
-2.925444170505202557e-01
-2.679774404799527554e-01
-2.980499554092030934e-01
-1.736576447555034930e-01
-3.001111173622716399e-01
-2.352877370544598779e-01
-3.322122173874424989e-01
-1.701379882490845208e-01
-1.535090524841573323e-01
-1.842073955576268851e-01
-1.586256266998703757e-01
-2.020619015961235276e-01
-3.014577730236635000e-01
-3.448598885743998643e-01
-3.342799452793769888e-01
-1.791289317962870831e-01
-1.899971212709210266e-01
-3.802932912620525796e-01
-2.597823033697533868e-01
-1.477343800377288463e-01
-2.760991541005805572e-01
-1.475463966781499492e-01
-2.692153911943314659e-01
-3.271740676404247816e-01
-2.551662072177697249e-01
-2.500004072761517482e-01
-3.657533695437959476e-01
-2.895706983648707045e-01
-2.301230888361971150e-01
-2.747826500926396909e-01
-3.535978278332796987e-01
-2.225422647316052105e-01
-2.932501636244584931e-01
-1.877079628226064056e-01
-2.609876995975544678e-01
-2.186797158131314478e-01
-1.536522234512022189e-01
-3.243533987339214386e-01
-1.698341490325694925e-01
-1.841230544885398557e-01
-1.919625118148990395e-01
-1.807129036307471848e-01
-2.120834968656208908e-01
-3.510884139922172409e-01
-3.753504242217207687e-01
-2.153733583541691254e-01
-2.245145037628619722e-01
-2.676070621368442648e-01
-3.637594582108207852e-01
-1.733578795673405559e-01
-1.686744214546558873e-01
-2.290537972693226509e-01
-3.595766403675664247e-01
-3.538320969872126853e-01
-2.018336899645413740e-01
-1.545013886592096208e-01
-3.797301895061570010e-01
-3.179704790524304214e-01
-1.810680278635506679e-01
-2.669760655257971682e-01
-2.561041022890443997e-01
-1.525997831060632581e-01
-3.864083951416452667e-01
-2.423735808035716310e-01
-2.275338019557249236e-01
-2.860790588438287818e-01
-1.525134070548074816e-01
-2.710972838084050873e-01
-1.975655807208208381e-01
-2.548779387578657407e-01
-3.228168453063908205e-01
-1.615696901349168713e-01
-2.094891813256127833e-01
-2.674011180504578533e-01
-3.087716125389813326e-01
-3.287147785317195980e-01
-1.609892221105129750e-01
-1.564539560962676101e-01
-3.018166349610969523e-01
-1.785093836988722316e-01
-1.513339852203465230e-01
-1.542174270749716580e-01
-2.594724144902552099e-01
-3.145263782307484712e-01
-3.634895577157900570e-01
-1.937470832749561833e-01
-3.092436304796110091e-01
-1.675886365398188138e-01
-2.685960842430976658e-01
-2.341843219294200140e-01
-3.497848233481404279e-01
-2.305859660471534789e-01
-2.250883972440643754e-01
-1.689975457478722076e-01
-3.720165069853957895e-01
-1.538587686605493721e-01
-2.128635501802173258e-01
-3.163068196643261110e-01
-2.690692269302250583e-01
-1.678764735042399814e-01
-3.408091953115036099e-01
-1.578779527514044823e-01
-2.591512103865228900e-01
-1.681374940435827470e-01
-2.590804673390991186e-01
-1.450725664264925774e-01
-2.723498720914186433e-01
-1.881606816603675070e-01
-2.684276061193677232e-01
-2.271672700874490525e-01
-3.353166947542910448e-01
-1.374728980069007123e-01
-1.206791675842159572e-01
-2.320449263364672277e-01
-3.116402984675491483e-01
-1.580404992443165957e-01
-1.454942377621935012e-01
-1.761495512260554397e-01
-1.771048406611920312e-01
-1.067562706938007255e-01
-2.398283901842262478e-01
-3.362529132582438018e-01
-2.714002913547158280e-01
-2.787018385492355810e-01
-2.695613298571546412e-01
-2.758482807264441838e-01
-1.009405664903139099e-01
-3.158474023867038905e-01
-1.590903442415166069e-01
-2.105806770929308791e-01
-1.316846980847828363e-01
-1.188420504997048932e-01
-2.298784270583504041e-01
-2.681257787160410411e-01
-1.517516382147056642e-01
-2.738299978061409790e-01
-2.578576229830897293e-01
-3.032481296399112680e-01
-1.557028455707019365e-01
-1.525848498637545902e-01
-3.313422807755407873e-01
-2.389173825632966985e-01
-2.276411162272314326e-01
-2.964788763500704749e-01
-2.611398884768370010e-01
-2.142743448548048990e-01
-2.394265014807762104e-01
-3.209888384656074400e-01
-1.944409052017334050e-01
-1.471437685530061212e-01
-2.313143694371513348e-01
-3.328155466959062947e-01
-1.875441936764992712e-01
-1.022946868550119737e-01
-1.958727089425076895e-01
-1.807797631042059316e-01
-3.246158514947313778e-01
-2.224065921800409407e-01
-1.843117483399110690e-01
-2.827566739933972673e-01
-2.924028340013876126e-01
-2.057430935581797404e-01
-2.182936591828938955e-01
-1.301617618289631351e-01
-2.762996628728712767e-01
-1.697967714799002992e-01
-7.476331495694105156e-02
-1.925050433568170072e-01
-1.207443174696051225e-01
-5.978774209182094457e-02
-4.971486733884386555e-02
-7.917731662042767904e-02
-2.775552264012938752e-01
-2.707545535902931011e-01
-2.102395835279547431e-01
-1.412034041598911605e-01
-1.585106992581109819e-01
-2.574748010884707616e-01
-2.082100323263015307e-01
-1.073692534641337848e-01
-1.682069715472075400e-01
-2.560886632095363269e-01
-2.451802680381268695e-01
-2.761146589287363229e-01
-1.294372511436550910e-01
-2.766209073526165185e-01
-1.209950503157752322e-01
-1.718227957025069697e-01
-1.845297478052403961e-01
-2.195165681011448655e-01
-2.657687012472315646e-01
-2.529185928122273386e-01
-4.956634505478008101e-02
-8.874102589560567411e-02
-2.413656021607447355e-01
-1.385446012931502435e-01
-2.603487390943112767e-01
-1.663492767973601127e-01
-2.341185166965473186e-01
-2.496923640680809020e-01
-1.511531452106880391e-01
-2.720402239426276125e-01
-1.318586408800195287e-01
-1.609663589537623507e-01
-1.683652579351057055e-01
-1.959225120360629790e-01
-1.282509459999103818e-01
-8.629034978279898072e-02
-2.768462259502882938e-01
-2.227996688973790662e-01
-1.492101868475018411e-01
-2.425984792871886397e-01
-2.819839351556073792e-01
-1.783611802775961208e-01
-1.334479168153414608e-01
-7.983260522337587428e-02
-1.379173794866340452e-01
-2.271607021587494224e-01
-1.762582788904432096e-01
-2.186432744827180863e-01
-6.936896661210573134e-02
-1.179606745846524807e-01
-2.104186956339019476e-01
-7.660927530132488616e-02
-2.729861088984298911e-01
-1.441236348926762945e-01
-2.196160792758585778e-01
-1.909234016714493609e-01
-2.605107346066989904e-01
-2.524181570896381621e-01
-2.350182274840871832e-01
-2.070658736703270553e-01
-2.598665558144784837e-01
-1.726606664924787149e-01
-2.104578028715773375e-01
-2.601525882930146305e-01
-1.849221575699757092e-01
-2.945026463916614601e-01
-1.744593134106728893e-01
-2.088253385088625902e-01
-3.032481595104913330e-01
-2.443375863978618223e-01
-3.421856314820164724e-01
-2.035891490374874269e-01
-2.528556150585067330e-01
-2.066992400855665324e-01
-3.266749838391309613e-01
-3.501984592098654203e-01
-3.423419567074241776e-01
-3.238226099893914967e-01
-1.408118954455853111e-01
-2.753459408696214417e-01
-2.729883652833826613e-01
-1.768460724254110883e-01
-1.863260999799616624e-01
-1.652357332488919028e-01
-2.875637838075683628e-01
-3.053978467443712042e-01
-2.755771223965408634e-01
-2.526297918118754482e-01
-1.379220238994383618e-01
-1.228940328095982359e-01
-1.101374925853224329e-01
-1.333693228145568233e-01
-1.787462122129102327e-01
-1.618291298859365623e-01
-1.431169639480139866e-01
-2.860419122510042822e-01
-1.250869502978583514e-01
-1.460064878651525511e-01
-2.274694788858163952e-01
-3.055466115140021421e-01
-3.350255696657427618e-01
-2.518176643572042073e-01
-3.226602074257967634e-01
-1.522140293874590100e-01
-1.354260280928670235e-01
-1.156836862313930236e-01
-2.745256765115702269e-01
-1.276978522011691652e-01
-1.658463729822960420e-01
-3.074975027689831886e-01
-1.750209116500201501e-01
-2.796837256212420519e-01
-2.872095355266693906e-01
-2.709742847915313502e-01
-2.627754639411015170e-01
-3.137100272417728819e-01
-3.127441071492180757e-01
-1.445886356228141822e-01
-2.112005559318116399e-01
-2.068504149458352259e-01
-1.784216388912918394e-01
-1.303922315174293189e-01
-2.833587330324431885e-01
-2.005346144982904644e-01
-1.300715145278416029e-01
-2.130101204718179431e-01
-1.288079243095969495e-01
-2.102760016584679648e-01
-2.570426007050310435e-01
-2.847008740293395790e-01
-2.785748236447802562e-01
-2.037870785474237278e-01
-2.621941907667733052e-01
-1.971956374663175471e-01
-3.110322819189597077e-01
-3.127510632039739447e-01
-3.331941768820197991e-01
-1.465697632837084097e-01
-1.407840140999262746e-01
-2.178215482902911837e-01
-2.785321187512608265e-01
-2.840481496699122088e-01
-3.393803551087434256e-01
-1.386795743888693810e-01
-3.381442121984773452e-01
-2.072498025260288979e-01
-2.509621576102947227e-01
-2.547004234779352005e-01
-1.119753563845105049e-01
-1.591114668303932334e-01
-2.263058346593838088e-01
-1.427825159985368075e-01
-1.773931008137626664e-01
-3.402647124406467660e-01
-2.032818063454134572e-01
-1.567297708095680142e-01
-1.329731815456823008e-01
-3.070700902457209613e-01
-2.152693291359062677e-01
-3.022133906768106337e-01
-2.451189542512280384e-01
-1.099559194900102121e-01
-2.190207176103476927e-01
-3.417256587809280322e-01
-1.521805873085456950e-01
-1.558876762486289813e-01
-2.437908569618023880e-01
-1.886354063947104087e-01
-2.507109929076038468e-01
-2.356805503274428393e-01
-2.162919022347452591e-01
-1.392792184348268236e-01
-1.504562701219574750e-01
-2.954236368220695130e-01
-2.370487810145101015e-01
-1.740884765909868070e-01
-3.369731654199271120e-01
-3.217968404809276040e-01
-3.363817431650064638e-01
-2.894594683037702287e-01
-1.725119204831898900e-01
-2.269321738557934509e-01
-1.534295377789467174e-01
-1.679449639145982331e-01
-1.809903079555691963e-01
-2.467205259280375040e-01
-2.366369913417418758e-01
-1.799657386096402967e-01
-2.806513512309586345e-01
-1.978426533879293625e-01
-1.870836708260530945e-01
-2.130807687269001549e-01
-3.787813620054738539e-01
-2.088911742341241218e-01
-1.940759009302667759e-01
-1.688842661296028058e-01
-1.852113764406767282e-01
-2.640089968563846812e-01
-3.051614089342005176e-01
-3.198301412083893180e-01
-3.237903908693633426e-01
-3.207892442378627029e-01
-2.107895581569939336e-01
-2.012562166339927072e-01
-1.675153885363285799e-01
-1.517668991781883636e-01
-2.054695655482408345e-01
-2.105552660210867066e-01
-2.391296257667925029e-01
-1.928501231478629563e-01
-3.153623522302857474e-01
-3.215847571031641983e-01
-3.018465800666589871e-01
-2.973622064073901949e-01
-3.906314306317084650e-01
-3.612104935549395046e-01
-3.053311062456243730e-01
-2.516570678634565961e-01
-2.804160038665910459e-01
-1.536603981908047645e-01
-1.637140396587776214e-01
-1.688259389545816169e-01
-3.619768772871033158e-01
-2.244430331291768221e-01
-3.717891465613855084e-01
-2.158395865119057677e-01
-2.038190814653758065e-01
-3.584982442952394099e-01
-3.186138053648479018e-01
-1.952839513656978165e-01
-3.722435878507638907e-01
-3.028578799869038884e-01
-3.423357535325715073e-01
-3.282476923988262296e-01
-1.691518229187110589e-01
-2.590513001246209090e-01
-2.834382511776176727e-01
-2.871877381873947366e-01
-2.968352108643915188e-01
-2.912375656666008616e-01
-1.864878870968717794e-01
-1.973686908349789049e-01
-2.450630624995285833e-01
-2.820048162445527584e-01
-1.820673876147481662e-01
-1.653785700877028197e-01
-1.987507596705431756e-01
-2.011445960947821909e-01
-2.764794897894667924e-01
-2.694554691244311906e-01
-2.091760896253238577e-01
-2.591387646777059128e-01
-2.237473038519869617e-01
-1.656206130964438250e-01
-2.877200256072350859e-01
-1.819090150528825667e-01
-3.052353895659433158e-01
-2.567664991319793533e-01
-2.768196635886889245e-01
-2.175004432520131759e-01
-1.289624611557982914e-01
-2.519804435750653826e-01
-1.553774847558983263e-01
-2.754147470744521264e-01
-1.655781198999548842e-01
-1.400821351307030282e-01
-2.481159735081917006e-01
-3.139823421667471415e-01
-2.485071221811940290e-01
-2.902174101723059563e-01
-1.268013008992998902e-01
-1.026234445667026929e-01
-3.050012270764735911e-01
-8.143197793221984560e-02
-1.526262713719198916e-01
-1.995630484731151233e-01
-2.600535047694109148e-01
-1.764072626872600913e-01
-2.174526759228163630e-01
-1.914298818563290316e-01
-1.363834860428585483e-01
-1.360671235260332568e-01
-1.815842561074478834e-01
-2.360965506234392886e-01
-3.096534227019180907e-01
-1.673867634182068242e-01
-2.022301814883370741e-01
-1.356171618407852886e-01
-2.486317073453510607e-01
-1.512366985781929407e-01
-3.000340015734652144e-01
-1.871191356656384253e-01
-1.474255855239342272e-01
-2.366262204986494533e-01
-8.277995620469968951e-02
-8.337387382854818951e-02
-2.095782926324826212e-01
-2.152710877489263097e-01
-1.154273709381147817e-01
-1.480099954657386752e-01
-1.927094223812831908e-01
-1.387957963514443449e-01
-1.402750167341191845e-01
-2.799419684581126999e-01
-2.956333148702011138e-01
-1.371810902411932376e-01
-1.481146367610707837e-01
-3.054781746632810879e-01
-1.040106989484869404e-01
-8.347009192901927443e-02
-2.073389877604653875e-01
-1.910416638600958839e-01
-1.895909745633023447e-01
-2.775455927070797912e-01
-1.735918629026220461e-01
-3.079857124367055832e-01
-1.774629099070753335e-01
-2.112769342990264421e-01
-2.511698533850902360e-01
-1.396396585379673927e-01
-3.250824019652456265e-01
-2.386019371698956115e-01
-2.961060418155337937e-01
-2.061014939498977960e-01
-3.264323975158227586e-01
-1.676947469413129777e-01
-1.755723194233752005e-01
-1.598246504192901707e-01
-1.225499166726206068e-01
-1.036654000889406235e-01
-2.478080323018977404e-01
-2.611213737081394815e-01
-1.248782390039147872e-01
-2.504935929882529666e-01
-3.132349807458330582e-01
-1.508667627611429141e-01
-3.259830807705161870e-01
-1.203121477904300907e-01
-1.154707586098600858e-01
-1.957553569838609009e-01
-2.272091626594824887e-01
-2.188155095748726131e-01
-2.188982574841966677e-01
-2.213704827187876756e-01
-1.381837189721714099e-01
-2.912444212747579142e-01
-1.955703129345073843e-01
-3.229379931744437160e-01
-1.103363182795296382e-01
-2.849795481645264750e-01
-1.758745519883301023e-01
-2.277949262197383473e-01
-1.486709016494008606e-01
-2.974070111868050148e-01
-2.572654914469113541e-01
-2.602619508400791926e-01
-2.960019509300791940e-01
-1.213339527172367927e-01
-1.720094981878017015e-01
-2.159110996628559320e-01
-1.592993462701020879e-01
-1.841793335315969338e-01
-1.725307789285245863e-01
-2.026591462581996683e-01
-2.691733265547416321e-01
-2.189273963844194371e-01
-1.959163055716090784e-01
-2.007824671888166213e-01
-2.362400192935237286e-01
-1.456632148494914070e-01
-3.226396676746436931e-01
-2.469403681783138849e-01
-1.884740892286499991e-01
-1.136962642724431150e-01
-2.086307672699739824e-01
-1.124164273638151856e-01
-2.631273798892264648e-01
-2.683189219284783378e-01
-2.561093894672761828e-01
-2.385256971688725081e-01
-2.167831592406813668e-01
-2.756458614084986158e-01
-2.166568332302216682e-01
-2.702299958884799014e-01
-7.351170341260948593e-02
-1.352359877972940938e-01
-1.989300947808348430e-01
-2.412728990261063522e-01
-2.944733887342120826e-01
-2.243236498584173511e-01
-2.265268775770559184e-01
-9.275584797126765202e-02
-2.166317701516152772e-01
-6.646916409517730773e-02
-2.505536970381716522e-01
-2.296596008848325876e-01
-1.793928415619356342e-01
-2.373433541546490222e-01
-9.187468437577275826e-02
-1.016252426809952925e-01
-1.960627564217360397e-01
-1.299654180270062576e-01
-2.045393161164479334e-01
-1.540896428183005651e-01
-1.699568481062148917e-01
-2.908095416565898983e-01
-9.984311685357288857e-02
-2.140123447381864219e-01
-1.494888461906517252e-01
-1.221192051082834185e-01
-2.129667891623404086e-01
-2.267348389869109360e-01
-1.503569551519614855e-01
-1.616721034696187997e-01
-9.303612601387858949e-02
-2.669054162551035558e-01
-2.432670146899214569e-01
-7.135255951313143608e-02
-2.302105768259791185e-01
-8.904202058885285487e-02
-2.948741823448673971e-01
-2.827173031256248192e-01
-1.857118643583036133e-01
-2.280890694420142084e-01
-1.728871670360264678e-01
-1.414544245934665212e-01
-2.269563257755290442e-01
-5.859559830889674026e-02
-2.373876020784883578e-01
-1.807745234244283461e-01
-6.714138227337682063e-02
-1.701133883168853278e-01
-1.634729198112955806e-01
-1.038727078228096901e-01
-2.118918899172221870e-01
-1.163454019453017130e-01
-7.266072748345028809e-02
-2.065249723775864354e-01
-1.026700121674737343e-01
-2.597138308693102138e-01
-1.638819027728738997e-01
-1.882392266054414287e-01
-2.449740631989313355e-01
-2.788244475123166088e-01
-2.390228199869592896e-01
-6.824112426274484000e-02
-2.914570531478051785e-01
-1.811370020504366740e-01
-2.201573416228385649e-01
-9.558407113333058924e-02
-8.534757869601020119e-02
-9.360810158048746277e-02
-2.977140106976865486e-01
-1.572377083707780510e-01
-2.754275165259139069e-01
-1.457489287302281278e-01
-2.936655233030855405e-01
-2.537371221529719501e-01
-1.396143075094848918e-01
-2.366666812587419622e-01
-2.868225248483804446e-01
-2.807886914599569406e-01
-1.073363086811773837e-01
-2.932801581936596014e-01
-2.259464755148224979e-01
-1.880379046300702517e-01
-2.758398270703691368e-01
-1.577439712877387046e-01
-1.186279685481390900e-01
-2.126139245158860935e-01
-1.845176914885134356e-01
-9.910689787605228562e-02
-2.067447353563301449e-01
-2.760203216643344892e-01
-2.269718832081916715e-01
-2.356357255648400539e-01
-1.019942125552019130e-01
-1.446868217798827350e-01
-9.292851314746602975e-02
-2.945055227497643258e-01
-2.860626833930736690e-01
-2.972765278423370461e-01
-2.123957893633615368e-01
-2.296123126825581895e-01
-2.864157688379327382e-01
-6.915029424243127054e-02
-1.430989703340356523e-01
-2.394836413794100838e-01
-1.797905865057441988e-01
-2.015548790931364631e-01
-1.613711556603009134e-01
-8.068337160419822296e-02
-1.463915653766528768e-01
-1.853877326538743153e-01
-8.417206614442637735e-02
-2.395570467241661117e-01
-1.406520012343579207e-01
-2.809550568574443186e-01
-1.838384059875385057e-01
-8.972151160673710879e-02
-2.476911446022213026e-01
-1.068423860812603987e-01
-1.208736176822182706e-01
-2.148804320882198304e-01
-1.183405383361997854e-01
-3.263386046124386874e-01
-2.842144523608832740e-01
-3.147854430080457289e-01
-1.201214525529707144e-01
-2.993677562629928346e-01
-1.496789653247918850e-01
-2.071322322768762714e-01
-1.955235990785112454e-01
-2.232068745247960118e-01
-1.868485516847474825e-01
-1.595471598573749150e-01
-2.149083777274889973e-01
-1.235714409331437336e-01
-3.542040118561455841e-01
-1.176990540554120612e-01
-3.476903987936690865e-01
-1.583192876894101153e-01
-2.704671725204170207e-01
-1.599421089651615335e-01
-2.047080489279861637e-01
-3.070737257358603367e-01
-3.148837625236721172e-01
-2.524568899823250723e-01
-2.880269648318055098e-01
-2.568499620868252564e-01
-2.062866048673692720e-01
-2.390539272647541069e-01
-2.556758468566978637e-01
-2.336578998483750391e-01
-1.493173467183701864e-01
-3.062501282316802964e-01
-2.105872880718614448e-01
-2.566102216447920803e-01
-3.487289544851690515e-01
-2.189746657512720018e-01
-1.414002507281113263e-01
-1.522042157968681864e-01
-1.435900446231570815e-01
-2.120816418826927952e-01
-2.999387161047498140e-01
-1.538061332075973120e-01
-2.824893794203832131e-01
-1.530489362583913049e-01
-1.202093163524181607e-01
-2.334365981428208059e-01
-3.441322909299577293e-01
-2.710819641645291767e-01
-2.223022735148638129e-01
-1.590157894235330882e-01
-2.779134854717185688e-01
-3.035201881668123658e-01
-1.889313990444737579e-01
-1.396757723501967086e-01
-2.831539551238509977e-01
-3.049682409451826559e-01
-1.771143573037612939e-01
-2.017287817369083913e-01
-1.863204201616232569e-01
-2.400580044644479161e-01
-1.652476853308305349e-01
-2.521380471082094177e-01
-1.755624668418800660e-01
-1.795989994714582427e-01
-2.155585047429472989e-01
-2.935418024967990647e-01
-1.882417677731699213e-01
-1.428833511055470629e-01
-3.230844098534732534e-01
-1.701801314902069706e-01
-2.379118286708510888e-01
-2.397607670926662493e-01
-1.324455594884504650e-01
-1.051433588606892067e-01
-2.879381691220225803e-01
-2.098496806544674076e-01
-2.216159365097630507e-01
-3.104125092182939416e-01
-2.528567273385048386e-01
-9.457091469780259940e-02
-1.843664373236014176e-01
-1.641517326228307816e-01
-2.252471196788233265e-01
-1.681701331328682714e-01
-1.090811113128157539e-01
-1.091834689307031592e-01
-1.848532391815527476e-01
-3.228550372326194351e-01
-1.416921852252328029e-01
-9.016569920780206915e-02
-2.027064548737005922e-01
-2.542419928061822598e-01
-2.359132085637251630e-01
-1.405456513596108903e-01
-3.048300054205257403e-01
-2.826147762252723683e-01
-1.188833469362388373e-01
-2.136790402613614193e-01
-1.793757401377740202e-01
-2.098249015224925018e-01
-1.902763382671834869e-01
-3.182826975927743884e-01
-2.220497482315254845e-01
-2.666444461293278057e-01
-2.568671249244482979e-01
-1.506943395396410368e-01
-1.731635248634366409e-01
-1.956753865931413483e-01
-1.534376530515200177e-01
-2.626110610229667186e-01
-1.151200036702000329e-01
-2.434999734230152701e-01
-2.008079824401397540e-01
-2.615886351591877879e-01
-2.334765129542448747e-01
-9.952553220691454094e-02
-1.144146207177089147e-01
-3.077704333850185270e-01
-2.831993827410552722e-01
-1.641246084431304264e-01
-2.804771431283465954e-01
-1.348046134788898065e-01
-1.839160808130004543e-01
-1.210956494366249303e-01
-2.481998682170525050e-01
-2.922969443655306088e-01
-1.136621745793557348e-01
-2.741119803550711720e-01
-1.961305998164449005e-01
-1.936859083319781571e-01
-1.617406523500978521e-01
-1.727385429970062503e-01
-1.474581544839789760e-01
-3.367555122872853968e-01
-2.528973224180107726e-01
-2.143938289160078892e-01
-3.512673929066736922e-01
-1.320593757019090930e-01
-2.987888988126881085e-01
-3.418767337008664087e-01
-3.379331925429073236e-01
-3.511177364892117403e-01
-2.239071336294569947e-01
-2.943960047633966126e-01
-1.659394617577638342e-01
-1.861149998767895608e-01
-2.504472104181993397e-01
-2.257572924935589143e-01
-2.156524418685881739e-01
-3.425369459156206720e-01
-1.265449830832764966e-01
-2.614898793958828072e-01
-3.017282929995541707e-01
-1.941397882238836969e-01
-2.816187258759192402e-01
-3.637295674683297397e-01
-3.493660647148344456e-01
-1.438651351329217620e-01
-3.265059646869901133e-01
-2.217759128360008436e-01
-1.380885183000028493e-01
-3.134515027552881028e-01
-2.282209125758373758e-01
-2.446128577782096247e-01
-2.100881489941596181e-01
-3.264505331343561800e-01
-1.914829465135224063e-01
-1.651343314054511680e-01
-3.490673336804508420e-01
-2.704318715276203822e-01
-2.076196389174381207e-01
-3.190777722995537524e-01
-1.316012106433368523e-01
-1.735411002195109409e-01
-1.968725366681739475e-01
-1.893789593865560505e-01
-2.132841266769509581e-01
-1.458024240879247924e-01
-1.353274097270385778e-01
-2.630397049898738349e-01
-1.340941428692786763e-01
-2.210883188718228420e-01
-1.560262926981982323e-01
-1.528880438884740733e-01
-2.737463077784427767e-01
-2.450989930139280681e-01
-1.349910037217393333e-01
-1.508378889890431562e-01
-2.960716399462748338e-01
-1.337687275470529347e-01
-3.188065828618108499e-01
-2.704426001507966859e-01
-2.741730328670848316e-01
-3.149539665669749411e-01
-2.004639395092144838e-01
-1.407658206262243084e-01
-2.643441834266676560e-01
-1.462614801277932475e-01
-1.383351908209862757e-01
-3.385235059030718419e-01
-3.175091546646408580e-01
-2.669557942674844475e-01
-2.069683828603291476e-01
-3.091107052807988143e-01
-1.840505163628424201e-01
-2.090480385597466850e-01
-1.398678873562087810e-01
-2.625941836072182567e-01
-3.131758294945167775e-01
-2.675002662489096017e-01
-2.628947826875904226e-01
-1.828936732029582679e-01
-2.447930625004640648e-01
-3.443540953162753659e-01
-2.590130253825733142e-01
-3.345888952762093305e-01
-3.109651086766577199e-01
-1.791350127486769916e-01
-1.654874045058715160e-01
-1.435505218331206978e-01
-2.745256620741206577e-01
-1.878561670636288983e-01
-3.413227976847034162e-01
-2.214634012879231062e-01
-1.979312744524848455e-01
-2.970940724487190487e-01
-3.321650315194150660e-01
-1.300628118396925936e-01
-3.639185369630574818e-01
-2.048930050844303130e-01
-2.910481001201461471e-01
-2.172551938834950125e-01
-2.224831377448816261e-01
-1.369427967882232700e-01
-1.847342280882258714e-01
-2.872806263067041455e-01
-1.281565055971027045e-01
-2.401543112681523151e-01
-3.426472189806407109e-01
-1.307384617532712789e-01
-1.630329439463675534e-01
-2.553901772278427407e-01
-1.753465936598243291e-01
-3.387272268376430584e-01
-2.173823189458189420e-01
-2.963026212631255096e-01
-1.834356243113944573e-01
-3.165208906397637412e-01
-1.610975586501083578e-01
-2.289731035023865047e-01
-1.262506750581808834e-01
-1.559686231211890317e-01
-2.638455129691774093e-01
-1.553912730923281138e-01
-1.788002667567823722e-01
-2.442138341301492988e-01
-3.466155873373094609e-01
-1.402156258817040813e-01
-2.500169710087966624e-01
-1.582569629581165871e-01
-3.426302249302384251e-01
-2.298073259921660783e-01
-1.243527474376953101e-01
-2.705914049000567867e-01
-2.318513318952463154e-01
-1.320079336799350189e-01
-2.494523805758316892e-01
-3.006257176182490776e-01
-2.180396169598610434e-01
-1.198306852771090225e-01
-2.447754006865062726e-01
-1.422522037494087233e-01
-1.727199821584108896e-01
-2.562081321659321897e-01
-3.352074004495699810e-01
-2.745231717603024979e-01
-2.342621541958023190e-01
-1.398953488647128873e-01
-1.852943404732231847e-01
-1.473112965263211338e-01
-3.130170907012692072e-01
-3.237948826308458261e-01
-3.238099620801835332e-01
-1.570823784901027587e-01
-2.974597996834707492e-01
-3.252700483784943253e-01
-1.888103785067831997e-01
-2.762211235004756738e-01
-2.590050640532867154e-01
-2.477439065107469029e-01
-1.836847028268495940e-01
-2.864661247190634086e-01
-1.367150567311269105e-01
-2.957040730106496040e-01
-3.394078558440524196e-01
-1.159961656746808234e-01
-3.417466053559310435e-01
-3.084002877147131727e-01
-1.942833510071743375e-01
-1.532901374704311037e-01
-1.459777721164428888e-01
-2.360869839221400035e-01
-1.515095469453239252e-01
-2.565386773342661075e-01
-2.205576238847415937e-01
-2.514736411978212849e-01
-1.459175390091783098e-01
-1.857197499474260993e-01
-1.547605381701862848e-01
-1.682312554368051161e-01
-3.272589084403764170e-01
-2.851881245498508743e-01
-1.214451032895725313e-01
-1.073213406438435491e-01
-1.362934828513704955e-01
-2.460098773219542845e-01
-1.697749041390924085e-01
-2.935175727781215715e-01
-2.908664375498239973e-01
-3.171786004895887356e-01
-2.062764249282718343e-01
-1.752543517375421134e-01
-3.205254336589365427e-01
-3.436997944325224097e-01
-1.545208359164430278e-01
-1.739436909971439071e-01
-1.361718182222675932e-01
-2.046130759831720769e-01
-3.491785824031249374e-01
-3.534031855138669020e-01
-1.744155129363759438e-01
-2.061353656400100598e-01
-2.201014597487035429e-01
-1.701667199332425606e-01
-3.507072028746485715e-01
-2.694115161507047995e-01
-3.051284489989943283e-01
-1.175692839901290865e-01
-3.148376294312847934e-01
-2.735495880766863341e-01
-1.521435516542959943e-01
-1.219353313206826550e-01
-1.500510143049398060e-01
-3.227406896395097480e-01
-2.927937119916943498e-01
-3.182397839906084269e-01
-3.381983322700620187e-01
-2.347978190765205864e-01
-2.459937305765917959e-01
-1.358803567669787937e-01
-3.345089637566890373e-01
-2.087921237307407141e-01
-2.614929074814695276e-01
-1.799159660900949698e-01
-1.625329717004941887e-01
-2.027241980348903905e-01
-3.169189954797468345e-01
-1.238188516658789706e-01
-1.181638766576284527e-01
-2.502285531097678817e-01
-1.120417936748124010e-01
-2.074908423288237269e-01
-1.874469636693683883e-01
-3.312077814313663104e-01
-1.300198448559598541e-01
-2.014101371531117624e-01
-2.394859041671188460e-01
-1.239104276761082701e-01
-2.201083705460828988e-01
-1.742170265311420718e-01
-2.111404961797691271e-01
-2.160942849125460086e-01
-1.137737892391578465e-01
-2.676051974084767693e-01
-2.957953312822739766e-01
-2.518301487742570233e-01
-2.187488438732060059e-01
-2.158166156054652229e-01
-2.693829441321276552e-01
-2.072639656744880432e-01
-2.775833289549243243e-01
-3.170189559068932184e-01
-1.084714748985345645e-01
-1.212170933916689730e-01
-1.882391284511687468e-01
-2.532153560686059568e-01
-2.233012104324714475e-01
-2.389926937965797527e-01
-1.681918481855333158e-01
-1.320378472318511076e-01
-1.363042953900375498e-01
-2.944975210113982556e-01
-2.259639933467449679e-01
-2.838645292109617246e-01
-3.341905823013853749e-01
-2.991944028681296497e-01
-1.750880033554158832e-01
-3.598722534238262827e-01
-1.593515924099555281e-01
-2.722487646751018397e-01
-1.719137832616856043e-01
-2.217275347257893769e-01
-2.109438548577438621e-01
-2.809742714492459714e-01
-3.396036577327384842e-01
-3.599196201860918598e-01
-2.250337923796040807e-01
-1.351814721535965214e-01
-3.319961680925880287e-01
-3.169570742670345664e-01
-3.356535299046505827e-01
-1.838730896002448156e-01
-1.970390777110287150e-01
-2.171501858094345982e-01
-2.301940625353691428e-01
-1.400048177821001105e-01
-3.153225874043999455e-01
-1.751822850808471554e-01
-3.208627335372787326e-01
-2.671767985881287055e-01
-3.522268549163638518e-01
-3.060869901227217249e-01
-2.238527087600774568e-01
-2.213880250370728886e-01
-1.779193439803331556e-01
-2.910332526293127331e-01
-2.918449047267423491e-01
-2.645258102126561983e-01
-2.079973425525819264e-01
-3.349017464265953703e-01
-1.494425697976869694e-01
-2.260522534133375117e-01
-2.032229128431759235e-01
-1.667901480297401817e-01
-3.046650864297273387e-01
-3.131233964086307386e-01
-1.396244763797972743e-01
-1.396801578226558038e-01
-1.686538491985907218e-01
-1.877610643052473050e-01
-3.030337026438680859e-01
-3.213744814185168219e-01
-2.761516296604248910e-01
-1.317639449305256227e-01
-2.933701684047125835e-01
-1.421662552001648760e-01
-3.434288433568236099e-01
-1.746432289090073808e-01
-1.517499491402659606e-01
-2.323309650302131102e-01
-1.469257230862803798e-01
-3.713999567398546531e-01
-1.985298123306107332e-01
-1.836618819455065887e-01
-2.392256041580614334e-01
-1.402336449269473151e-01
-2.088505111200379127e-01
-2.563506425140664180e-01
-2.702244553622816237e-01
-1.413811336612126601e-01
-3.495212658746926215e-01
-1.443121301713880533e-01
-3.448595862681564372e-01
-3.200626727498145918e-01
-2.672135083109982157e-01
-3.380906656831133006e-01
-2.450161069906573175e-01
-1.893057841188513779e-01
-2.232248390944833183e-01
-2.063405554049063395e-01
-2.904537754175468556e-01
-3.101135379221079402e-01
-2.650383887386699167e-01
-2.216266121442604931e-01
-2.237677095534438831e-01
-3.372849297189904894e-01
-1.708408883112814691e-01
-1.401163127588799517e-01
-3.304094639603237793e-01
-2.151876648613128828e-01
-2.838609652089842950e-01
-2.710003783537935362e-01
-2.251838660997600994e-01
-3.525630864893605221e-01
-1.650457204945531553e-01
-2.719011676517325560e-01
-1.475035861719911912e-01
-2.751089816858141024e-01
-2.659722167750662170e-01
-3.292675694769874317e-01
-2.183315405191381953e-01
-1.505169293434732158e-01
-1.631332564871503521e-01
-2.142361353489635190e-01
-2.037539841356156289e-01
-2.670398273317068361e-01
-2.825995428572326551e-01
-2.418399041818051487e-01
-3.576557554644714254e-01
-2.233752923003545776e-01
-2.174771351258098229e-01
-2.679895193077138082e-01
-1.781649739343904859e-01
-2.297635236127751612e-01
-1.603214579239317650e-01
-2.609874895600026168e-01
-2.191332862648951163e-01
-2.013089415393654880e-01
-1.684908598292019222e-01
-3.463647385821425617e-01
-2.712413083989697604e-01
-3.023721524995972576e-01
-3.671110017771259670e-01
-1.676633826520195769e-01
-2.601790744941070987e-01
-2.366724050003698454e-01
-2.770753115469894445e-01
-1.217749865301796242e-01
-2.923260254576854344e-01
-2.098597722724773462e-01
-2.385442717110338173e-01
-3.338834074722614176e-01
-1.574549913116951028e-01
-1.939776043133318584e-01
-3.386265825849664179e-01
-3.138628197871993208e-01
-1.254113313961071063e-01
-1.727754916969042043e-01
-2.353897525251207323e-01
-1.985183690955440727e-01
-3.317433467432576166e-01
-2.678129910297081251e-01
-1.115584400095268880e-01
-3.333338359647869953e-01
-2.402360389272704677e-01
-2.207747453958132933e-01
-1.307386877518014745e-01
-1.646280041144687345e-01
-2.675835073692379718e-01
-3.470870166442969196e-01
-1.436347227700005003e-01
-2.708100109956844692e-01
-3.052031480737276148e-01
-2.579302794223620743e-01
-1.876435706515838242e-01
-2.887500352453418739e-01
-3.314591900123884383e-01
-1.386246784853922831e-01
-2.651207507341315495e-01
-2.809022957799802711e-01
-1.706067543996329927e-01
-2.513837421801784489e-01
-2.399163624741181278e-01
-1.853524796493303262e-01
-2.071679565075583151e-01
-2.092208229272134457e-01
-2.763894146597685175e-01
-2.376744460522030034e-01
-3.432584264493350745e-01
-2.205573553527089004e-01
-1.354896446113200981e-01
-2.808193662167801086e-01
-2.867107106443534947e-01
-1.473804724991930881e-01
-1.660185526017172175e-01
-1.743378124593547018e-01
-2.929927392083008231e-01
-2.443180837490681601e-01
-2.774599100363714377e-01
-1.739092261305728027e-01
-1.242466943332705132e-01
-1.980089320589605018e-01
-3.043333748110134684e-01
-2.445651193490761266e-01
-1.364706144468306459e-01
-2.689400881574077196e-01
-1.348972031066973387e-01
-1.067087280195486848e-01
-1.956140017028447364e-02
-4.725891085031864308e-02
4.335191500315910273e-02
9.462501547468864238e-02
-8.871995468208970781e-02
2.354524198738446039e-03
-5.284691288183077096e-02
-4.713221247994453522e-02
5.276676231296902747e-03
2.942319031837053317e-02
3.699602340217113955e-02
2.220242182129279068e-02
1.386089063327840612e-02
6.723541591748929958e-02
1.003652987257109275e-01
1.882493070041893479e-02
8.227753365996001711e-02
9.097846360867838794e-03
7.784573442066755611e-02
-1.034283565754559181e-01
-8.814091755755137925e-02
-6.532000610912837291e-02
9.239649067538556471e-02
-8.244784932925346144e-02
-4.920939235602377060e-02
7.241516336414300856e-03
-5.854798100045491976e-02
-9.912549416263200658e-03
6.905905664382876175e-02
-5.149259546474282967e-02
8.096059169440177061e-02
1.602188286691263661e-02
-1.163534309483152257e-01
6.069908288022202170e-02
6.198903772202182805e-02
1.047510192177735222e-01
-7.141151153236362237e-02
-9.700322373843887902e-02
-4.486702791703787996e-02
9.316152603629075657e-02
6.661962542473849613e-02
-4.534320809078593029e-02
4.649334205849633972e-03
5.457271791635275038e-02
3.604147088379635461e-02
6.429672911038308847e-02
-1.094792126185074599e-01
-1.208529321590202515e-01
5.578857274412679645e-02
-8.091552435280130462e-02
-2.118971380499471216e-02
-5.020265329344032745e-02
-6.127639091555791423e-02
-7.341317253215776106e-02
-4.446213053200943205e-02
-1.157103789899179141e-01
7.689668787336675915e-02
-1.080252341040663089e-01
5.734076885966297131e-03
9.039217520484187432e-03
5.643762879820692080e-03
4.177851853387533343e-02
9.080044233777773838e-03
-2.784375979592046413e-02
-1.251921543627698349e-02
-7.159387433157245184e-02
1.029981186668667975e-01
1.490027648035208326e-02
-8.678358357475969564e-03
9.678785478883469851e-02
1.511149926984688315e-02
-5.783901504218619261e-02
7.298024690480101051e-02
3.580839051722565364e-02
5.024491432444493089e-02
8.516592364252334457e-02
-4.334166807334675214e-02
-8.598009470493141182e-02
9.451009804935479874e-02
3.212357263116726730e-02
9.684308451549263064e-02
-4.522249851400892383e-03
-5.196044856912453852e-02
3.981129129269939809e-02
4.394784792881271246e-02
-1.133187386446233846e-01
-6.346741972844545387e-02
1.240245738223821545e-02
1.470868487315641140e-02
9.969383277520571518e-02
3.084215848167744939e-02
-4.323447169386507999e-02
-8.839585668043502265e-02
-2.716758997303023171e-02
1.364075237211308071e-02
5.230355502163125392e-02
-3.164237576115935119e-02
1.639001374067685854e-02
-1.165638587528344539e-01
-5.371143143655653790e-02
7.274898922311411054e-02
5.955369526582714873e-02
5.171080751049771801e-02
-9.228447466968001112e-02
-1.705395013705579554e-02
8.069149877805575910e-02
-5.524378969354624969e-02
1.307519406202496334e-02
6.007377719686322892e-02
-6.608656135512125385e-02
-6.998516229395618238e-02
8.620257329967602467e-02
6.974806214449540132e-02
7.028031558640614185e-02
-6.788643004161210026e-02
2.569843421712130621e-02
-9.184799097147795799e-02
-4.623771864144773230e-02
2.940707971311802213e-02
2.149006595778626266e-02
7.719844794185536790e-03
-9.653186849029450622e-02
1.002056819351758998e-01
2.796656144370601033e-02
1.233352843573131026e-02
4.526504153437820033e-02
4.850129133888888416e-02
7.713229580625070858e-02
-9.422088693915847690e-02
-6.123377722373122417e-02
1.545281039091321584e-02
-9.032042456007799425e-02
-8.951943895896188885e-02
-3.811286537359979271e-02
7.269648558162659924e-02
-6.006757041928747348e-02
9.637527395700627719e-02
-5.109509323685006849e-02
-6.338016884718468413e-02
1.053389475498544697e-01
3.658092335453787952e-02
9.293643068376651606e-02
-8.742841609451434959e-02
3.264803252485054715e-03
-4.084305170638268673e-02
8.956787954562100973e-02
1.032601914919918373e-01
-7.844216124568120785e-03
-1.136365371240264377e-01
2.372399687963067799e-02
6.700675382555948412e-02
-2.657309171571126810e-02
-1.240989627094951121e-02
9.650315997034097926e-02
5.650924917592499430e-02
-6.594228856537188987e-02
-7.484108521617456600e-02
7.274454816650662015e-02
-6.569156706608322849e-02
-1.394003968322927133e-02
-9.055946733712269547e-02
6.668196919140656487e-02
6.860056611479889432e-02
-5.551061262082959691e-02
4.906317553891981903e-02
-6.693142280557898977e-03
-2.497679598308972376e-02
-9.349866568465485528e-02
-8.242325367545287607e-02
7.966336033014467799e-02
-1.035981726533381081e-01
-5.376808365447839633e-02
6.261266644847182650e-02
-2.617887141021701600e-02
-1.055721159995527125e-01
1.179625788055490704e-01
-3.899895372863981108e-02
-4.808283964349407968e-02
-1.163701731391430516e-01
-1.743821934933286258e-02
-8.323769973953722145e-02
9.456689076389558635e-02
-9.196058834551525119e-02
-1.833974215880959310e-02
8.791255320675166185e-02
-8.308463955316203187e-02
6.915560548368554494e-02
-1.085477615709905808e-01
-3.130602047085162543e-02
2.557798348706395372e-02
-4.374080075886897789e-02
4.882700822048487849e-02
1.054120564102194874e-01
1.062958393617420977e-01
8.668907661858613056e-02
1.165445086170351779e-01
-1.073081724542786497e-01
-5.595524940416659460e-02
-1.056967429350221671e-01
-1.427759404755232775e-02
-1.039234582004700813e-01
1.038554416860853757e-01
5.735402548349578800e-02
-2.640015723754749605e-03
-4.068619030112767543e-02
-8.379458127576115689e-02
5.200549133953747544e-02
5.081112833346444063e-02
-6.771071631479599895e-02
1.053561815416769326e-01
5.051027730227662660e-02
3.478097080087692861e-02
4.030418519626438600e-02
8.444719790457931585e-02
-7.797507958196481237e-02
7.545660146906980892e-02
-2.481704711986277428e-02
1.837438741797408487e-02
9.394796553711372289e-02
-1.576955388041871575e-02
-1.016421312984673586e-01
-7.428795876155089295e-02
-4.056159793062645569e-02
-2.083683514047312765e-03
2.107202357679612351e-03
1.089083920431623415e-01
-1.028891060041793731e-01
-8.041456784947891012e-02
-9.370473717274400982e-02
-9.522588324404841764e-02
-5.918685884632745448e-02
-4.401109081123085603e-02
1.005800376939315344e-01
7.891478275621641170e-02
7.483834246572587667e-02
-7.480115243752702425e-02
-8.858944575016888812e-02
2.186480746590453716e-02
9.099482446276625780e-02
6.398149700572060977e-03
-1.059583149289195086e-01
3.783603979142616258e-02
2.458365330528512749e-02
-1.003690497980230939e-01
-1.077009457556512562e-01
-4.610670621381704470e-02
-1.076448909333426428e-02
-6.825039170572970437e-02
-5.495597838385098133e-02
-5.649744823417084810e-02
2.128307778208174406e-02
-5.324119902646118341e-02
-1.366849675535874130e-02
4.839027114678057934e-02
5.018325145702716428e-02
1.114864812343377282e-01
-8.178331340537753347e-02
-1.180175032925534356e-01
-8.797106361493318982e-02
-6.752862903887976720e-02
9.085854316866459612e-02
-1.626408653540957483e-02
7.329689257914594192e-02
-1.196588344418570010e-01
-6.003406535976827524e-02
1.016368397057437895e-01
-1.022973093114199900e-01
-9.399185722423658573e-02
1.857717051666880892e-02
1.162424099072111860e-01
-8.697654014638353873e-03
-5.381986383758788350e-02
4.511684477466387094e-02
-7.682421440589187744e-02
8.921994384597174699e-02
7.720354700513918159e-03
6.104376066489339975e-02
5.315260096726392297e-02
-8.098010993225694676e-02
6.636557112297533645e-02
2.883441610673013328e-02
7.421478644441334427e-02
-3.711244989785902892e-02
-5.753285402485433520e-02
-1.007085456782012556e-01
-1.030202154409813331e-01
-7.159710027581910399e-03
2.149389121293187807e-02
-2.782927440883684392e-02
1.282722860425546813e-02
4.755345881799259017e-02
8.737063304065656455e-02
-4.581863152046350418e-02
-3.810607247182050145e-03
-1.392421065700203374e-02
-1.217134674758911100e-01
7.551772219677005404e-02
-8.883066389424128240e-02
-5.277522269654338211e-02
-6.455288527331014270e-02
7.196891992669093852e-02
-2.591618915941405407e-02
-9.746135400532250637e-02
-2.174324660881429838e-02
-1.156961268571927715e-01
1.180228673826320268e-01
8.825152326225006380e-03
1.161467395491472265e-02
9.399568784720678527e-02
3.753707028019296309e-03
-1.254394296565265743e-02
9.760480150566809565e-02
8.486759983911554284e-02
-5.740662952128749996e-02
5.564208476486771915e-02
-1.121223066154247022e-01
-7.011838994981509088e-02
1.057940626139803469e-01
-3.677098687876688508e-03
2.234083981269826061e-02
4.786087903080186307e-02
-9.977509068491773048e-02
-5.969536240620896411e-02
-8.516115029175058693e-02
-4.788280745764050134e-02
9.643288238626131215e-02
7.801932807922225786e-03
9.865747041736591672e-02
-1.015568055037038564e-01
6.784237295818639803e-03
-1.009026062160073844e-01
-1.507095702598690301e-02
-3.147221323388885161e-02
4.423285173449547497e-02
1.011798453130784425e-01
-4.055689247029838074e-02
1.384234732249897334e-02
1.047157664316075709e-01
-1.234351759510794039e-01
4.244807002293442266e-02
-2.589615757398523038e-02
-8.364187532771399924e-02
-8.755255203820926091e-02
8.893426957658229215e-02
-1.035690961505731783e-01
-7.041830623321179705e-02
3.524263154769081974e-02
1.973829829215537762e-02
1.038386147132693144e-01
7.829687765674407662e-02
5.753331013131843946e-02
3.295789955069551580e-02
-2.323523561554805342e-02
-1.130834518977032049e-01
-2.701483920144626127e-02
9.567077930567267907e-02
8.086546028229701921e-02
-2.881146201811480775e-02
-9.616239495211419130e-02
-2.665224504173733903e-03
-5.473633503125602262e-02
7.465661236343387741e-03
-8.744452334276309191e-02
8.592706397833552168e-02
2.669098187734619473e-02
4.357606927402470770e-02
-6.032297878351845083e-04
-2.207961092643167048e-02
2.522561600035830298e-02
-4.256321773982687379e-02
-8.912733001819456158e-02
-4.160280200021419100e-02
7.785027806184929497e-04
2.358970030545838592e-03
5.003497017866619621e-03
-5.917818741930418874e-02
1.809899646774133179e-03
-1.134928077148184833e-01
-2.118777651337669723e-02
2.290930339552183295e-02
9.417451603206201949e-02
5.376704285439509040e-02
1.107845898869846690e-01
9.088044578199486190e-02
-5.386593446727055978e-02
-2.321068720137989261e-02
-1.714774285487867880e-02
2.012679877941617873e-02
1.126504896020918273e-01
5.841399115671029596e-02
-8.968220474663073094e-02
-5.336975520044446447e-02
-7.667871402544033932e-02
-6.373043892004588706e-02
-8.616019902796337449e-02
3.234846892321802808e-02
-5.601514226974912969e-02
7.265444541667645528e-02
-4.418639915829701559e-02
-6.961920204499873199e-02
8.572460200316725509e-02
-1.815343289364059615e-02
6.053560284458577717e-02
3.135635510491963790e-02
-4.591710754045776922e-03
1.140757618188378581e-03
-5.610915194908193404e-02
-9.598351031385644883e-02
6.090442671615099203e-04
8.022268863579165576e-02
4.718660917342140659e-02
-1.648738406013831133e-03
-1.054219034510236880e-01
8.704579379644265813e-02
-5.223849507701709693e-02
-4.470403758700354502e-02
6.893209811379669150e-03
6.495154037179515227e-02
-8.140397822541084460e-02
5.499810371835400086e-03
-1.014889211307943989e-01
-6.028355686601708646e-02
-2.777829273741118724e-02
-8.139925097742797822e-02
1.674414939906381655e-02
-3.269758850771484204e-02
-1.175289620721063910e-01
-3.310328019806085126e-02
3.339980185658913275e-02
-3.819901177744111642e-02
5.457689105206867813e-02
1.059058197246134092e-01
5.727180521715381084e-02
-1.146124602915381541e-01
9.621285918631762579e-02
-1.090771182081931301e-01
-2.651312122348288211e-02
-6.968586664813584963e-02
1.000419374781318094e-01
3.591184621508740349e-02
4.058415913719387591e-02
-8.574155045803616426e-02
-9.088880765099188741e-02
5.137513328872534563e-02
3.310947906308989164e-02
-1.488876433560066236e-02
-1.005015927581062174e-01
6.641531852103023381e-02
-6.309649752056414873e-02
-9.977504469907000351e-02
5.945727047589074998e-02
9.461925705085147409e-02
6.176802290464154799e-02
4.570276149622343881e-02
-9.727486973288033967e-02
1.080710949688424259e-02
-1.214759320809722654e-01
9.476687634024141479e-03
8.905578991668965105e-02
1.878031551588586756e-02
9.552612335333190985e-02
-3.000631163292237502e-02
5.415413808776028959e-02
1.050379852899464006e-01
7.584758311957642829e-02
-3.835397460037451300e-02
-5.850446679834380576e-02
3.912066121391085532e-02
6.764018254978071409e-02
-8.977225983244994933e-02
-4.066431198040798556e-02
1.035817560838038914e-01
-8.914609333410182523e-02
7.442810184904724569e-02
7.733392910553857358e-02
-4.578667712236408546e-04
6.648566577580024284e-02
-2.552641113723363997e-02
1.876930987069128087e-02
1.016045074501528526e-02
1.045650619512391299e-01
-7.420926416429268757e-02
-1.078267137058532832e-01
9.720638439230950417e-03
-1.184789904437258540e-01
7.254012454510861893e-04
-2.691739629339275422e-02
-8.723455531052773382e-02
-4.723067402457688246e-02
5.638598192930099201e-02
-4.128922970229589179e-02
-4.917901747170810162e-02
8.260282035465481287e-02
9.464400400972888816e-02
-5.131653406153775104e-02
3.329306465194485989e-04
4.735662764997102675e-02
4.260366089004964663e-02
-7.581586732938244699e-02
3.080947584979046652e-02
2.459484508150445656e-02
1.082798834615392447e-01
6.787599850920386299e-03
1.010640692960829701e-01
-2.340246073586443182e-02
-3.218512349704388126e-02
3.149854637708898036e-02
-5.614756692387663090e-02
4.493986379818781796e-02
2.957418255793682615e-02
-8.811872837703679795e-02
-1.175987189626964413e-01
1.149055749902616330e-01
7.693042748389862517e-02
6.232517146308087785e-02
-8.362180969125208863e-02
1.032238625772459173e-01
-3.391430700156482236e-02
-3.501779542363392395e-02
-1.071876964734548854e-01
5.335925750012331797e-02
-7.327834471570345010e-02
9.100055315958475652e-03
1.051291679847359516e-02
-7.231274010515675865e-02
1.120185993032872945e-01
-7.823974118626468577e-02
-1.728731685583988903e-02
9.593747374735940581e-02
-1.140792276921246823e-01
3.634119381726721304e-02
-1.063595410068687713e-01
9.341313467625789180e-02
3.805847027404690719e-02
-7.743208075863752815e-02
3.152680910216979632e-02
3.001520313084733715e-02
6.170484836065337486e-02
1.481787537149530792e-02
2.250964057298482368e-02
4.664230214762817017e-02
8.716636381017051072e-02
-9.423371975699407210e-02
-3.355002364263234144e-02
-6.334830738052356358e-02
-2.719561843308854199e-02
4.542709448692899832e-02
-2.643786610773868340e-02
-9.742734140109161889e-02
-2.309167976161741187e-02
9.530891829182282227e-02
-9.685960988196411214e-02
-9.195715426391329328e-02
6.187476225701605756e-04
-8.815658321814576204e-02
1.094961950267555467e-01
2.349843871655211275e-02
8.845078780981777133e-02
-7.589835582914056245e-02
5.937040291382843921e-02
-4.479903996053662130e-02
-5.553419899808812593e-02
1.078295445311920203e-01
1.092044338486543170e-01
2.676310058786782881e-02
-5.067993262734913490e-02
-2.061447445649367341e-03
2.865085179952967312e-03
1.099792808634066921e-01
7.192002022205307155e-02
-2.218900178516647337e-02
-2.476120843603945437e-02
-1.007396371299795063e-01
-8.626484660497366064e-02
-1.144575835235774573e-02
4.889948776794749916e-03
-2.742359005622467972e-04
2.103491630634380521e-02
7.602305649845564686e-03
1.315754848193862597e-02
-6.827180924324047218e-02
-5.055122307530788422e-02
1.168459323676136752e-01
-4.440487214595768839e-02
-4.326813243097397260e-02
7.232484141300012104e-02
-3.177270798247922023e-02
-9.902819434867321524e-02
1.931358355348055528e-02
-1.062826223191594005e-01
7.458099401679481322e-02
-9.668379972947623024e-02
-1.003011010527001812e-01
-3.926945677800230267e-02
6.434624857652133934e-02
-3.742306735980726468e-02
4.139556517804569846e-02
5.297894168557063660e-02
1.158548122769696015e-02
3.577075182719523933e-02
-7.554033121527554961e-02
1.046675170472198269e-01
9.947457153851207989e-02
1.920414604433515193e-02
2.002470816564663053e-02
1.054681393200949668e-01
-8.858334474180669382e-02
-2.950260731961995911e-02
-6.326933821290503523e-02
1.026456969498668742e-01
-7.441722624323277024e-02
1.003316766929991666e-01
-7.810903114817813186e-02
-1.521703064776505805e-02
4.110852141250575381e-02
-7.846851502744225937e-02
-6.905692835974773514e-02
-1.031236811535771597e-01
9.879465441540173642e-02
-8.350764593207950226e-02
1.161927066207571468e-01
5.417095177394482680e-02
-5.941882397881152050e-02
-4.825880967442305186e-02
-8.959138081637481321e-02
-3.159919922357117689e-02
-3.864997214401972442e-02
7.066095404759172027e-02
5.421040909315087003e-02
3.218280615822556590e-02
-8.293212727728076217e-02
-1.200245778836777494e-01
-7.921114423554583700e-03
3.734494039829681228e-02
3.968844654640184266e-02
7.065220812982163368e-02
-8.961665825171886979e-02
3.329702285048941057e-02
9.588332351121024721e-02
-5.471480497686793260e-02
1.134991181679679134e-01
2.262542739215361864e-02
-5.634521096325011830e-02
-8.630541534492271183e-02
3.500400606436691181e-02
2.076224935977370040e-02
7.969316641677604007e-02
7.317309987892599288e-02
3.575705932508300294e-02
-8.536065834183816092e-02
1.041745520471189790e-01
3.957179750700934306e-02
-2.616346094679594669e-02
1.055085599904985183e-01
8.416356905613607553e-02
5.357776114472520557e-02
9.612712986923288572e-02
-7.266266222477250902e-02
-7.324607532846430513e-02
8.300608206935877753e-02
7.348140741993840208e-02
9.810108109744826443e-02
-3.072422120888895769e-02
-1.971812393585099105e-02
-8.076764871941877200e-02
4.781243749624185940e-02
9.446460459379089902e-02
-8.888246724004111865e-02
-8.399637116763293554e-02
6.410224771092987162e-02
-4.399741996094909402e-02
-5.241465046325089611e-02
-8.276591923326032108e-02
-3.208568171560860494e-02
-2.706071962108087814e-02
-9.017597236692398779e-03
-1.223447195619691286e-01
-3.375772872573130912e-03
-4.990454596985807040e-02
2.566017582574551398e-02
4.345912048642234377e-02
8.423408353342808075e-02
-5.220848850456169185e-03
9.204888647336613439e-02
-1.252657406733735934e-01
5.497159559364583892e-02
9.249013366102941391e-02
7.264872724341624177e-02
9.783671391545528673e-02
8.743097156954451887e-02
-9.815154972659032029e-02
-4.987538017142184935e-03
-1.131206887616211243e-01
6.359448653628088644e-02
3.252274060813569595e-02
1.049145530833949097e-01
-1.244880909192925406e-01
-2.470516113564252131e-02
2.720652505260812842e-02
5.108308163534343305e-02
-2.526382493627001707e-02
1.935401955442296248e-02
-9.587105260115322269e-02
5.334205167770204870e-02
6.255014146208311143e-02
-6.526936433770541557e-02
6.874969650954479428e-03
-8.341556233421713873e-02
4.435095432995627557e-02
-1.086464158060923557e-02
3.513742860956910879e-02
-7.645210327200492595e-02
1.990554648546348504e-02
1.619770640450577531e-02
2.746404657097805194e-02
-2.216904814602182333e-02
-2.837120999652256378e-02
-6.870773476158872906e-02
-3.681908422506655065e-02
1.046318232749678667e-01
7.859880303828746528e-02
-8.210218013092285272e-02
5.068155716748796308e-02
1.046415156521433437e-01
1.125236433052327345e-01
-8.462092588006256411e-02
-1.235891824866493793e-01
-7.691827890175002846e-02
-1.604348358420145879e-02
1.859168400749040134e-02
9.729884372697314432e-02
1.610770602514888239e-02
7.378301846004625686e-02
-3.723026975262186400e-02
-3.269423620432437144e-02
3.828239480461738398e-02
3.387036729487864772e-02
-5.766591818703661193e-02
-9.582380706744336729e-02
-5.302165709994113851e-02
3.789976779390110545e-02
-7.069506102599559805e-02
3.811467650451021844e-02
9.195773893168047997e-02
6.970241736565548074e-02
2.380021421182341307e-02
-2.938707499336595461e-02
5.357302659087413710e-02
9.999469474327983554e-02
2.000035459752142267e-02
-7.173983379428265639e-02
-4.694340057175924036e-02
-2.921405406330252266e-02
-2.276097823067279105e-02
2.176785315709511143e-05
-7.414681206693408272e-03
1.206618224138401342e-02
2.191947663626835768e-02
-9.720681164057137780e-02
-1.984545027770104331e-02
7.154708658211944225e-04
1.038903344560030695e-01
-9.980710385499427795e-02
-1.130286707614464731e-01
-6.436592036914944026e-02
5.969936918617580607e-02
-9.084054238374054957e-02
8.746850739209353909e-02
1.011141630267750474e-01
-7.505718540471566225e-02
9.055087704960824990e-02
-1.076109844477829564e-01
9.261388779215211364e-02
-5.914359416870527270e-02
3.077860919342052803e-02
-3.257342697171777823e-02
2.399700795994359065e-02
-7.644620114384045872e-02
-4.070034830741370291e-02
2.936623186036253427e-04
-6.279150831755958562e-02
-5.971982131347470385e-02
5.302187010704465658e-02
-5.486525474031547778e-02
6.715844932441304704e-02
-6.432784664375870709e-04
-2.339532910418068087e-02
8.043482910944624309e-02
1.051082605153734750e-01
1.161934705349366576e-01
-4.237425584655930833e-02
6.337505411158035618e-02
-1.050058529705312077e-01
-4.412452491691919165e-02
-3.456733618652338413e-02
-7.820956637909670661e-02
2.524838363515471279e-02
-1.027110144829703198e-01
-4.299043542190683631e-02
-9.686623125435776804e-02
-8.039732112974348754e-02
-4.943135534386373930e-02
3.291193883281455512e-02
-7.404700215487083903e-02
-2.940465252304493016e-02
-2.467321586263776512e-02
3.110054481452379990e-02
-6.675245139448919215e-03
-6.233816949153753173e-02
-1.895530277185543053e-02
-8.552155236454297982e-02
-1.294972997024170999e-02
1.633353646740697690e-02
1.190839038759033408e-01
4.942756274481545364e-02
-1.328491615149937286e-02
7.327729527390323960e-02
-5.698465286289086662e-02
-8.873997085913030991e-02
-3.837519638433171086e-04
-1.120790172956423053e-01
4.490233882904155066e-02
7.094764260048608273e-02
-5.065241912469517493e-02
9.722817504426775614e-02
6.303910717610429482e-02
-8.604039933395681017e-02
4.310861911939355140e-02
-7.844161952655087644e-02
-3.275345320184130243e-02
-7.129183556232018826e-02
4.477211395990048082e-02
-2.585498990767410091e-02
8.371196014500399685e-02
3.726029740614968805e-02
3.030155932417693057e-02
2.273743729883801346e-03
-1.038807199065559794e-01
-1.191256510262028862e-01
-5.274067657502340412e-02
-3.970030760103489265e-02
-1.205560685247200059e-01
5.133744995756826801e-02
6.742712713243176337e-02
-1.873083729149726748e-02
1.070630779429599527e-01
1.122007831142395606e-01
1.270262050510048008e-02
-3.896391229953883456e-02
-5.874216523793381051e-02
-1.151685412803521436e-01
1.361757707865983956e-02
-1.097381138671304768e-01
-9.793446170488903646e-02
-4.178008901050514479e-02
9.648878764776240569e-02
-8.839173280733436666e-02
-8.542414429466545223e-02
-2.079064574270762453e-02
-4.908849202135257689e-02
-5.880500201758238898e-02
-8.694858162042420902e-03
-2.676751739480274107e-03
4.423956572486738292e-02
7.014378242263659413e-02
6.091771598581108976e-02
1.205915522097021630e-01
-3.629952976025089401e-02
-8.077677601186998568e-02
-9.319524310223974151e-02
6.465746340765197997e-02
1.109404985498304852e-01
4.117777887212022842e-02
7.206618418596182074e-02
-9.910683528907271445e-02
8.861445995659646135e-02
-7.877151606854952692e-02
-1.095951379636461165e-01
-8.501260994849822381e-03
1.315088073676465297e-01
6.324817559705087078e-02
1.532538076965797580e-02
-9.107530634116171864e-02
-5.552601676270074033e-02
-9.985690039242076099e-02
-7.439219356155230001e-02
1.064106203329960310e-01
8.377706517404706274e-03
1.228912603037361079e-01
-9.920145221155790560e-02
-6.688064152591319256e-02
6.005349982817648896e-02
-4.372600482433058877e-02
-8.103496423132826310e-02
-1.075804798142838692e-01
-1.558858288260228826e-02
-9.943658762679703778e-02
-1.084685560566331503e-01
-3.242769381462186351e-02
-9.755504731714817468e-02
3.048614099038207681e-02
2.079163749524915589e-02
-5.909310495865884895e-03
7.759942408980938233e-02
-3.603718048291081749e-02
5.292312998530591950e-02
-5.617744943389632595e-02
-6.102665204939757698e-02
-1.789886923645501310e-02
1.029304921979182219e-01
9.056797942821726011e-02
6.281791008189320513e-02
-4.065995383934919299e-02
8.958741749323945874e-03
2.662790468824262000e-02
6.083792971123631876e-02
-1.020165574882864190e-01
-2.592276357826322347e-02
1.024469287016772784e-01
4.502312624883387376e-02
6.330179499575948332e-02
5.600145430195779123e-02
-1.018261253485823054e-01
-8.818993619951870366e-02
9.393964233186335999e-03
-6.557534169063973517e-02
5.252848549589442598e-03
2.973214883471386391e-02
-7.356708625870116147e-02
-5.867428708619584071e-02
8.430124050673246106e-02
5.374023534145705439e-02
-4.405604185442663079e-02
7.658539095538434427e-02
7.977425820852335203e-02
2.152526874102167476e-02
-3.967133859427015435e-02
7.375039672269513569e-02
8.628714922143543298e-02
-8.857553146974797564e-02
-2.560775695972157193e-02
-9.469027933222212701e-02
1.185342359535752760e-01
-4.973393995172709081e-02
1.095977260738799086e-01
-5.531281837751730185e-02
-1.006788565429535404e-01
-5.561760273296133955e-02
-1.342016943815327670e-02
-2.243837319935373942e-02
-8.645485503692731943e-02
1.259356559205985215e-01
7.244347899621344372e-03
1.132991370113780108e-02
-4.188580526044895919e-04
-3.923726680493964947e-02
-6.448480182847886322e-02
-4.014625174898851442e-04
6.477786408395974638e-02
1.403395965540089017e-02
-8.645642025691575860e-02
-4.976363798920619558e-02
-1.018072873033776804e-01
-5.112500979826433561e-02
-3.576283503618998827e-02
-9.400880095090413668e-02
-7.168872680470236847e-02
1.283527252820600706e-01
-7.551423188286053578e-02
-3.211911078729771246e-02
-3.792494507076280691e-02
5.912680963845046850e-02
-2.418988162092602229e-02
-7.342982258160914155e-02
-4.515034560079489966e-03
-1.577764784399303486e-04
-3.665741036478576548e-02
9.415254892677266119e-02
1.235511944317322806e-03
8.141629794864256586e-02
-9.581540484965621329e-02
-4.688196518734759344e-02
-5.831563670857479315e-02
1.020811318386795896e-01
-5.276532044932794041e-04
7.381920383434315003e-02
4.754712022859063081e-02
-6.173664059181300373e-02
3.153493917547435521e-02
7.126065558572293457e-02
8.221757873625848423e-02
-7.806522684697761449e-02
-9.666411863369255009e-02
1.084649430630632988e-01
-7.505927443519255782e-02
-3.545293521415621152e-02
-6.531751158205199859e-02
-7.213094488194189691e-02
2.037782579820495571e-02
8.691401581424657019e-02
5.915769910838929169e-02
-6.718515784663845608e-03
-1.089640329599709800e-01
5.197928056222755194e-02
8.031984597960928861e-04
-1.711787734426243462e-02
4.649462713350628607e-02
-8.971588171763686392e-02
-5.524392863088890132e-02
-9.162133187082655006e-02
-5.220077848328953662e-02
-7.067210394571458998e-02
7.949600756664322587e-02
2.185564952594417146e-02
-1.077655595342033035e-01
1.617315123485123934e-02
3.269463491230740343e-04
-4.016273316962583675e-03
-5.185961486066795190e-02
9.210668077233086226e-03
-4.958718474643310919e-02
3.610951113143730240e-02
1.166638726561937262e-01
8.827903543878269643e-02
7.030551973951083833e-02
-1.098111203563858218e-01
-3.356021935516519811e-02
1.094279630411293253e-01
6.382419743314499128e-02
-5.779478140894502014e-02
-1.513461190363197401e-02
-7.377793887696543207e-02
1.060631689454458459e-01
5.175676593698328928e-03
-8.415158679604108072e-03
-2.787237352968941623e-02
8.192812390333471806e-02
-2.584134600139936094e-02
6.495311019010641118e-02
5.829617482377045905e-03
-6.994466577166121718e-03
-4.479296132805544312e-02
-5.147946822716406579e-02
5.832495534956995409e-02
-2.494152926311039506e-03
-9.908001844075242648e-02
-1.080361060006005403e-01
-9.967242870397798049e-02
-1.012715200124651160e-01
5.477201884634940593e-02
7.404309963466046418e-02
1.125898793296443989e-01
2.271345430825473868e-02
7.305436796238537478e-02
7.702775864671565498e-02
4.067209700743600054e-02
-7.577914360207456575e-03
-5.222349586158941959e-02
7.835520373707094421e-02
-6.889904485591451244e-02
-4.457357159793911422e-02
1.083924901980034064e-02
1.104850262640722919e-01
-1.167133907968203876e-01
-1.163074101161943458e-01
-4.173457153625648869e-02
7.106063509565410663e-02
-7.404780229573583450e-02
-2.965710084683157929e-02
2.560367632744273668e-03
-3.136978437588061608e-02
-9.896739510353334823e-02
6.731318795320898052e-02
1.541491902713593501e-02
6.722739572957553422e-02
8.394836637348022934e-02
-8.277421426588421616e-02
-1.004347577355841209e-01
9.571245385780742521e-02
-2.010591013568798630e-02
-5.714842768077446622e-02
6.178793169973378213e-02
-1.126898830916995414e-01
-2.798469844552733954e-02
1.074127563712051897e-01
-5.683335920021241605e-02
-4.521707717264959736e-02
3.719613691130421035e-02
7.119839400790381467e-02
9.914760226541938226e-02
-9.045030720706037641e-02
-2.775144733115715925e-02
-1.095514616004765185e-01
-4.957478169943389107e-02
-7.373936391520406752e-02
2.649966951368478568e-02
4.864115902733051090e-03
-1.039763242751692157e-01
4.635847990472760638e-02
-1.094693223936167997e-01
1.768622540450392328e-02
1.363354834529042527e-02
-4.066983457015885955e-02
6.129781056647001791e-02
5.672007733148579089e-02
4.370445557852403046e-02
-4.843588437969244438e-03
-5.971537000832405351e-02
-8.033312027210480488e-02
-4.176603671552994029e-02
-1.176726317850551040e-01
1.180287321827476477e-01
6.280885699561222259e-03
2.242479971254262086e-02
-1.094357738229917963e-02
-4.629002790220563407e-02
1.735449793032632290e-02
-1.005527981200873000e-01
5.169182094539789005e-04
3.003672493688959097e-02
-5.553805604000701390e-02
6.420501876365196370e-02
3.979197764003604421e-02
-1.142685416310010860e-01
5.220376988732708390e-02
-1.137465065763689082e-01
7.165370856953040546e-02
3.958401662054081976e-02
2.769435833782325426e-02
8.957383077631095314e-02
8.553142217704191863e-02
9.304060984256252304e-03
-5.568884781129371936e-02
-9.071762935945855422e-02
-9.919275400020406697e-02
-3.447695915324739541e-02
6.933626022317863902e-02
-2.922259545635394039e-03
-1.113389780119462130e-01
5.429147684141662211e-02
5.966900728734176457e-02
4.098825259169873447e-02
1.424011749904090934e-02
2.650815150855763414e-02
-1.000041154893544365e-01
4.074070848684947788e-02
-5.281118098434244013e-02
2.794188330341763893e-02
-3.990635352703922681e-03
-1.897435401445682693e-02
8.216028060507689357e-02
2.348868554503934225e-02
2.835880673036115032e-02
-4.112523885209534713e-02
-1.764279703914005057e-02
1.971979788354225396e-02
4.288988225796350195e-02
2.589703643157749424e-02
-9.484342397280864922e-02
1.118334188649602323e-01
-4.586920719005482122e-02
5.207589245756826662e-02
1.109056705172207190e-02
-1.152448627049180441e-01
-9.597620938692796866e-02
-7.484679870508602340e-02
7.453976498767750369e-02
7.267037363984300835e-02
1.070207883391644244e-01
-5.162709506709337384e-03
3.694931344710300491e-05
-3.685538387434073720e-02
5.729963051013751626e-03
5.170172628493964473e-02
1.108892589515970799e-02
1.020998345549042619e-01
1.085899302052258375e-01
-7.167921121522684291e-02
7.682002792622359688e-02
-2.336696082619213466e-02
-4.790540633951921590e-02
-9.285864464929938222e-02
9.912272433236503366e-02
4.282088623943930417e-02
2.108609211164347297e-02
-5.908487644466293293e-02
1.066718119578956292e-01
-5.377236512822044373e-02
-1.057096326248433277e-01
-3.840846019129677547e-02
-4.222401603077806376e-02
-7.213858635292995369e-02
2.738283641323308037e-02
8.451489429055396296e-02
-9.269117284054065320e-02
-9.279561412343119431e-02
5.160663601637999892e-02
4.447036773770171592e-02
2.806861930483390329e-03
7.379492225242258174e-02
8.415955699336410967e-02
2.170691411393618764e-02
-5.174116473646192538e-02
5.959847569960255963e-03
-1.759833035409995305e-02
6.727405560983379385e-02
3.590268606074367708e-02
-9.051020021349361067e-02
3.464672872293934891e-02
5.778452846265162701e-02
-9.244801767510155144e-02
4.072456584640619937e-02
7.543743737751323897e-02
-7.380706128235549335e-02
2.125956254417480512e-02
1.668929608463016676e-02
6.300966544943116532e-02
-1.251056970875084606e-01
5.622924702110354556e-02
-5.368345950129280175e-02
-1.218893754310752670e-01
-5.802588240665473851e-02
-9.322014940073915235e-02
7.872478492028178731e-02
6.766992135977059619e-02
-2.394328956089534013e-02
9.942992510074019630e-02
5.651800605892542267e-02
-2.106861237798090397e-02
1.070539468338108369e-01
6.802097685931357551e-02
-4.060865973616796520e-02
9.200127749619921302e-02
6.877257234247169393e-02
-5.211937978061566973e-02
-1.288594866519183202e-01
2.779874059332037087e-02
3.057026895881697834e-02
3.086103851176773272e-02
-1.258708045970657330e-01
-9.630292186760056050e-02
-5.217074458139138449e-02
-8.639229620052192582e-02
-1.210135051480246693e-01
9.512502933925864879e-02
-1.043192356829772960e-01
6.589061365919327007e-02
9.698228240272757650e-02
2.609335926698514579e-02
-3.005885707211774366e-02
4.504728971814139782e-02
5.558805464495652354e-02
1.071275995139458689e-02
-3.069866674955064323e-02
-8.093539539042232667e-02
3.874174117765406128e-03
6.011443612634245412e-03
-1.860434491039429997e-02
-8.027296767874131378e-02
3.491311118495268873e-02
-2.915152205544986608e-02
-6.024790913904040646e-02
9.285757982848275027e-02
1.054454655484303033e-01
6.826789228470048210e-02
4.874700164446611056e-02
-1.056880143835040864e-01
-2.923413563215977728e-02
6.543637038256233662e-02
5.425029171115765964e-02
-2.204010615683811569e-02
-3.690649841628744834e-03
-2.417964015459216076e-02
8.927292447153729882e-02
-9.067696974793842957e-02
1.805615727306382132e-02
-1.276001629470466595e-02
3.116542337804797599e-02
-2.101709837034285849e-02
1.981499749434967317e-02
-9.555972159168143326e-03
-1.637231603870454438e-02
-2.399816635858507269e-02
8.408446823453447072e-02
-2.145519685490517720e-02
-5.488562988085313177e-02
8.576540665066648139e-03
1.018675800585849972e-01
-2.387443577625774499e-02
-8.099102023384199822e-02
5.134614102900699611e-02
1.100148713815495977e-01
-9.959306729938627312e-02
3.153997889840358393e-02
-1.041132356569207107e-01
-1.119772058872449960e-01
2.784102276477069642e-03
-4.237949271199430851e-02
-2.929037944198602597e-02
1.151608426490508541e-01
-6.330221337562205730e-02
-1.209975958587891642e-01
2.840726049791267999e-02
2.406331640696219437e-03
-8.098351450962981701e-02
-9.908178212941452789e-02
-7.304655108831994981e-02
-1.175369711962123837e-01
-2.390968508926535549e-02
1.104675796458312043e-01
3.747592996505970386e-02
8.971197954933975149e-02
8.007070553337460039e-02
2.433564152697246727e-02
5.712753144528518595e-02
-3.359568397963344499e-02
7.157508015375756150e-02
-9.778474468477772741e-02
-7.518524521695379992e-02
8.943853410119997904e-02
5.814049059532411939e-02
-5.354614825775606823e-02
-5.463384588501017658e-02
5.519287289091764220e-02
4.464044425686206768e-02
-1.088628789318831919e-01
7.382105396097328465e-02
5.877194641472165831e-02
3.843335484060540069e-02
4.837740020469885605e-02
-8.173218813800293969e-02
2.082286764193637223e-03
3.988798968288571195e-02
-6.545855749171017313e-02
9.208539883760269440e-02
1.802859868262893239e-02
-6.947134109839697702e-02
5.543068063038347759e-02
-9.750203804545685971e-02
2.246131042251117357e-02
6.688996997532710431e-02
-1.443463301059328026e-02
-4.470250487666119904e-02
1.068810330733702546e-01
-2.069936546612067760e-02
9.596912509053051599e-02
-8.728854842350124155e-02
-3.516652068364518879e-02
-1.203329998358995540e-01
7.866227405900880210e-02
-1.603490814342314538e-02
5.006709901430429766e-02
7.239192312951553410e-02
-6.446157825490969606e-02
7.221142738504089664e-02
-1.064106336137398412e-01
4.479820123632285295e-02
-7.152960404224623092e-02
1.000192532054258732e-01
-2.065858132352914669e-02
-1.167257670425336652e-01
-1.155916047353476583e-01
-1.953434804332453839e-02
7.710856913243131772e-02
-8.715451576448964011e-02
-1.011043632878575460e-01
6.890071786019932518e-03
1.097143746133793091e-01
-3.001482226899001779e-02
-2.374616448266571311e-02
4.051814097889638172e-02
-1.044765494850299348e-01
-2.688686345161689362e-02
-6.173346841227438098e-02
6.164272987061743952e-02
2.274047345257988392e-02
-1.115640063135580062e-01
9.525607266627325598e-02
-2.908198750214225844e-02
-1.675716038904507058e-02
-1.145137484763051293e-02
1.093588002040385837e-01
1.686630603735975002e-03
5.125307638260235416e-02
-4.870546659441953030e-02
-8.031570315021949180e-02
-9.984006479638569964e-02
2.918178474633003824e-02
-1.065814846763423751e-01
-1.059930824757755741e-01
-1.090241099581250733e-01
-4.160847684289817328e-02
4.802524098730243801e-02
-1.007619243348808619e-01
-1.029751755163153537e-01
-6.992281930970434267e-02
7.697238855269614155e-02
7.021402948141765299e-02
3.635298267401185918e-02
3.566314422261916695e-02
-4.550914424332121178e-02
7.198756557056140704e-02
-2.138660859581517637e-02
8.875844917846209547e-02
2.884440527241836916e-02
-3.297407914300553439e-02
4.446747588523720929e-02
-7.283267074503035898e-02
4.535970951880703012e-02
8.685098751317400778e-02
-7.018085679176327973e-02
9.873292075464700987e-03
-1.986754094307280599e-03
-6.195068210738800818e-02
-4.850961527584814192e-02
4.549688603000078685e-02
-3.751828302539397635e-03
-6.174551863341107977e-02
7.581846591721060069e-02
-3.757716355544796910e-02
-2.996710673356715177e-02
-6.438470563574597016e-02
-3.429480626436576252e-02
-6.672156656153187260e-02
6.803488668418128382e-02
-5.641746052424842506e-02
2.919748012217978500e-02
7.025192512753014595e-02
4.480623331403222470e-02
-7.254676458677319917e-02
-5.141539099932940921e-02
-1.115791098483356059e-01
-7.737825882174694664e-03
1.652175189393190885e-02
-2.562365458773138011e-02
3.898757310670402515e-02
2.666071794208862283e-02
-1.654614510479449421e-02
6.985667213850504931e-02
-2.559464014776871923e-02
3.358840561597969260e-02
4.798263812565436992e-02
-7.426872040017576393e-02
-5.400497283537034066e-02
-8.751385066285621850e-02
5.853667521539904217e-02
-3.933544935375493656e-02
-1.048210009723313518e-01
-8.629137334761199929e-02
-8.928577038681148603e-02
9.719547913255244254e-02
-9.187408280232994828e-02
2.325719046115199556e-02
7.157228794128559640e-03
1.204483935825477817e-02
9.578559280434109646e-02
-3.092279318110583916e-02
1.198523956017880608e-02
8.332667345409193460e-02
9.790687308005706357e-02
8.347087590363608256e-02
-6.917606753202137915e-02
8.729676261770329126e-02
-4.242432716161492062e-02
4.177961481284226536e-02
6.658539999732468462e-03
-1.508683427902397095e-02
-4.032615559126598304e-02
6.669985663610858428e-02
5.257664298848470363e-02
2.317839930053090802e-02
5.846143044744500639e-02
-1.877412016030272079e-02
7.566098277363864089e-02
6.218662166615854942e-02
5.668053892933733184e-02
-1.174905266338378135e-01
1.280360629307949680e-02
1.079136440178200644e-02
9.140394144096476714e-02
1.049051641996204404e-01
-3.509878674945027255e-02
-6.105883191883118566e-02
4.015776118996001315e-02
-7.696143227768167949e-02
4.386829856157156010e-02
-1.041870405389414556e-01
-5.902286067253192936e-02
-1.532176577532002107e-02
-5.300118714061791830e-02
1.428121123855011568e-02
-8.933294598664758002e-02
3.191383176397448451e-02
-1.759450644204705108e-02
1.063530205474819690e-01
-5.374365905606626193e-02
9.817623365354005704e-02
6.320202983708592126e-02
-7.647171157761194216e-02
7.373176241954582100e-02
-4.217662542637724832e-02
4.167271654791783464e-02
4.270476326863388572e-02
9.351420323288632541e-02
-9.574526405494764025e-02
-2.455451329231850971e-02
-4.570810456565239932e-02
-1.045811340162925290e-01
2.006855623318601692e-02
-1.049419701786754033e-01
-7.675906196641525681e-02
4.860974602284453411e-02
-6.730000673716073079e-02
-5.608096509219230585e-02
-4.224735586703348700e-02
-7.609119235375286228e-02
-5.012678907037341342e-02
1.168463909710807935e-01
-3.841047027656353113e-04
5.081490428248544577e-02
-6.148406331365454530e-02
-1.723561870219103218e-02
2.963913642232674298e-02
-9.783787413488485851e-02
6.123999066114672180e-02
-7.665958847249858266e-02
-1.041633478712094552e-01
5.771861138702066157e-02
-1.077286329422767891e-01
5.657574370076765002e-02
4.052219327709267321e-02
-1.051527437918444996e-01
1.500280037659708354e-02
-7.394629788600659559e-02
-1.426345409026311128e-02
-9.368233419323708511e-02
5.734443641819345766e-02
1.567073275446749514e-02
1.063528908751349422e-01
6.473187342151623391e-02
1.076432271402428253e-01
9.951313515859321057e-02
8.595318913425381568e-02
-8.997894830277712586e-02
-1.249483546196979850e-01
-1.048784618980442701e-01
-4.022006382128930080e-02
-8.503885779743324685e-03
2.031463515059587360e-02
1.039557337267947856e-01
1.087925074243320696e-02
6.873611435319103291e-02
2.486953966474805475e-02
1.113573146658338592e-01
-8.405510515064873456e-02
-1.900348313006283360e-02
-5.140239927216479210e-02
6.286387072288987521e-02
-7.388702528676753534e-02
-5.946144823713649108e-02
-4.870996641844203834e-02
9.389635914295314800e-02
1.307496425549194846e-02
5.125305099099046816e-03
-8.545979866696376548e-02
-1.118854734894527136e-01
4.165011477434313325e-02
-2.856673569460886977e-02
-9.836296439636427191e-02
8.338673557039513740e-02
1.098323232208773398e-01
-8.265871091833038725e-03
-9.715497956754236275e-02
2.744223796081068228e-02
-3.179372239367082159e-02
2.298673454537805347e-02
8.850200616465300762e-02
1.774546760560481717e-02
9.785304525337021331e-02
-6.024614075422628917e-02
-2.700327808310686029e-02
-4.064911299543352147e-02
-7.270634997202045369e-02
-5.815305998232406931e-02
-9.182678343383260389e-02
-1.342122287468621236e-03
-1.009031791256411945e-02
-1.061487724085697637e-01
6.670797294809226174e-02
-4.531267710180925806e-02
-1.651870030396856287e-02
-9.587984238258995262e-02
-1.044491949181564072e-02
2.319915297693646988e-02
2.511099032454274654e-02
1.312740423243562854e-02
3.369239797686836291e-02
-7.288855381428788194e-03
-4.538869247702970178e-03
-4.925024412785847794e-01
-5.159761091452190751e-01
-3.062187990062371079e-01
-5.316927745407997730e-01
-3.404395081680212654e-01
-4.856671557349396817e-01
-6.723506152936276070e-01
-3.856616317831795815e-01
-2.768583004028389305e-01
-4.207570710801304958e-01
-4.656512645162805275e-01
-6.685040753514265299e-01
-4.227407919248811208e-01
-4.094908372350509196e-01
-4.370991967227634278e-01
-4.595127481826645766e-01
-5.765126020916045979e-01
-5.185932514313988939e-01
-5.867224330564408952e-01
-5.842071149642589223e-01
-3.485900959469214744e-01
-5.652784374879412654e-01
-5.465129123186538429e-01
-4.708073970842931999e-01
-3.604397597364696892e-01
1.468932717085263441e-02
8.353842397749750015e-02
3.725790696750536091e-02
-2.123784118722014599e-02
5.276081045664374192e-02
-8.796792553989551955e-02
-1.744112760458408490e-02
-1.490912431416875584e-03
4.606686438248711046e-02
3.841355144694529045e-02
7.827020236422031763e-02
5.459636447366884165e-02
-8.434093648714534319e-02
3.356104280114571153e-02
5.299720697255254354e-02
4.589379230830341154e-03
7.380623658051109481e-02
1.107228680844836791e-02
-1.093111823127086296e-01
-1.302460794112336381e-02
-1.039753774969779943e-01
-6.253584321281492608e-02
5.490999534366328150e-02
6.117293430041425423e-02
-1.955590915572820096e-02
-8.467102416784119678e-02
-7.447655336659386727e-02
-3.423720739933650697e-03
8.079464547900062910e-02
-1.039860866574285059e-01
2.520369588151473439e-02
-1.348305302608874927e-02
1.025806911462368437e-01
-7.042510519288742998e-02
-1.763397203637471697e-02
9.402896776699561088e-02
-9.554552245608728678e-02
-9.562044207657359463e-02
5.874595184988739421e-02
-8.915312802281769033e-02
-9.548437619357377781e-02
3.416692094916662023e-03
-1.064318868814510266e-01
8.595518860001570560e-02
8.171813984820705534e-02
-4.341168075145002136e-02
-6.041059225455464032e-02
-1.138971576057870166e-01
6.434051308735869168e-02
2.213650123049707222e-02
-3.437448103156644230e-02
-3.061979113160892552e-02
3.434177310741748368e-02
-1.925859047234234483e-02
4.855491057895235107e-02
9.481688370505275687e-02
-1.576393592037765926e-02
-3.816988439900654423e-02
-5.498365815646778787e-02
-4.003553425212458966e-02
7.763652908585208512e-02
8.738948485280648160e-02
9.162730312049789660e-03
-6.480024283641187821e-02
