-2.704846880777726503e-01
-3.053439007491163260e-01
-2.966887948622125570e-01
-2.169986061576867076e-01
-1.348361773326098578e-01
-2.645984390057930513e-01
-1.474996660793565506e-01
-1.934277214298665004e-01
-2.613030060070722360e-01
-3.022725467127729271e-01
-1.145401995630368208e-01
-2.466389606417453972e-01
-2.828776996093670393e-01
-1.807643483233400405e-01
-1.923127774385520738e-01
-2.922429030879348799e-01
-1.172443256405639733e-01
-1.694958996599604528e-01
-2.196935930601035536e-01
-1.380157364586477864e-01
-2.732025522595658007e-01
-3.072561500016058322e-01
-1.087474449438073643e-01
-1.692677325878972627e-01
-1.555460741072111630e-01
-1.932991933011673769e-01
-1.854138154142281891e-01
-1.220112650012672439e-01
-3.122173088737438262e-01
-1.459678261326780024e-01
-1.422740376865764822e-01
-2.733135116616360882e-01
-2.309460402291672043e-01
-2.292694087393130076e-01
-1.944205051896796266e-01
-1.051016591049001025e-01
-1.900434869112220537e-01
-2.635093093788125618e-01
-2.201870968518080118e-01
-2.233000351185673860e-01
-1.023908842480215353e-01
-1.428096070471583101e-01
-2.238051089346786426e-01
-2.114883823928920270e-01
-1.249073756775266608e-01
-2.538638649713187978e-01
-1.946798270393838570e-01
-2.594523469964769014e-01
-3.241358787101101813e-01
-9.404051435440685669e-02
-1.771400470677907402e-01
-1.591828219551917889e-01
-2.293066260413151869e-01
-2.465350733436452169e-01
-2.599614259183792297e-01
-9.009302562507798262e-02
-3.137506176964991456e-01
-3.178184231570213569e-01
-3.163167483008306191e-01
-2.957885454872838382e-01
-1.845931005364111199e-01
-1.967876904531381255e-01
-1.287463005838385688e-01
-2.526712357495907169e-01
-3.004168105117499543e-01
-9.683587956087458259e-02
-1.680950989366005455e-01
-2.321666378721305990e-01
-1.637039727301673464e-01
-1.313979925528302728e-01
-2.829437675507902594e-01
-1.523005250867302540e-01
-1.465470882379883988e-01
-1.436286187349582188e-01
-3.124349507197932696e-01
-1.519640145463757031e-01
-1.291304014621161567e-01
-2.198386500452106929e-01
-1.142914570610994163e-01
-1.190773617414938867e-01
-2.245547150199992403e-01
-9.587124457184664772e-02
-3.221500236094894110e-01
-2.458005208098561212e-01
-2.905072834348770838e-01
-2.366912555670762919e-01
-1.619087678615739878e-01
-1.956135018151700933e-01
-2.311621657386329354e-01
-3.095045436583969689e-01
-2.976848763975039613e-01
-1.303687015594967580e-01
-1.964603146280679835e-01
-1.816288641903220924e-01
-2.573779340910368751e-01
-3.080233775347673841e-01
-2.488539904103621025e-01
-2.948839016924050815e-01
-1.918841424692219189e-01
-2.594612986628187512e-01
-3.121180418873737983e-01
-1.096398309328106280e-01
-2.167161533489973535e-01
-2.724138094816178635e-01
-9.918328379448207444e-02
-1.836468842918206335e-01
-1.891371653600664726e-01
-1.771961164104289832e-01
-1.381034808679669212e-01
-1.902913396130982149e-01
-2.602971047741187705e-01
-1.932209497577213331e-01
-1.153233339444535988e-01
-2.546755011417405345e-01
-1.225021259201619916e-01
-9.699770988974373842e-02
-2.534435061604548567e-01
-2.941865602266086621e-01
-2.755885106673698903e-01
-1.863421008652840216e-01
-9.262828696946606710e-02
-3.132209898087202626e-01
-2.704201474217900469e-01
-2.404447454826009745e-01
-2.843006852647586014e-01
-1.032304035083495275e-01
-2.026589733699834528e-01
-1.722867774088605863e-01
-3.112657644102793664e-01
-2.801549378251291245e-01
-2.572695512948486307e-01
-2.215981213581272591e-01
-3.484363450341627644e-01
-3.527568889866009028e-01
-1.295549861160599225e-01
-2.299506335854508421e-01
-3.280909257199299267e-01
-2.229862333231498461e-01
-1.743732546343089718e-01
-1.353149156592040603e-01
-1.879745092204800905e-01
-2.918387093043609548e-01
-3.083488985648691894e-01
-2.204395546123194272e-01
-1.329116787127449517e-01
-2.391333448498358938e-01
-1.696087887118588045e-01
-1.994810155367562898e-01
-1.996697361703128615e-01
-3.419043342379144423e-01
-2.033722052230564070e-01
-2.775094019776602750e-01
-3.118659936318886605e-01
-2.812459428165092201e-01
-2.518862296801890333e-01
-1.170579290482618995e-01
-2.626702229803653532e-01
-2.318215431657735248e-01
-1.316067427686174740e-01
-2.054385504550514108e-01
-1.580035958995812118e-01
-1.226796199105169849e-01
-3.115768373057969942e-01
-1.527744925195252679e-01
-3.438298694344921191e-01
-1.236619566566116435e-01
-2.393551266921324083e-01
-1.150980066859789708e-01
-2.511339194857865054e-01
-2.778340829492006447e-01
-2.922308301730783819e-01
-2.055922773468865650e-01
-1.236991588316231905e-01
-1.584684224754255022e-01
-1.383400385854446080e-01
-1.528624801419740664e-01
-2.542840740734760852e-01
-2.010868142598253860e-01
-1.701107802480528730e-01
-3.218108837560216817e-01
-2.520944746748839949e-01
-2.518902937523140872e-01
-2.883003206778195215e-01
-1.627061724091135031e-01
-3.357703067819002296e-01
-2.832779935185710252e-01
-2.342141303437038913e-01
-2.338448936448814797e-01
-1.697142521356000133e-01
-2.767735073553812541e-01
-3.115389007055163750e-01
-1.218144188479296786e-01
-3.219730852223044448e-01
-2.841783536721448900e-01
-2.928262223895859995e-01
-1.071139324574935936e-01
-2.700195007866259544e-01
-1.582467447556054341e-01
-2.792066709712500705e-01
-1.551245167625142640e-01
-2.185865456983830113e-01
-2.414289133140430921e-01
-1.745418939137450831e-01
-1.702687507617241525e-01
-2.367449017250519427e-01
-3.369693913065190394e-01
-2.768821649686910580e-01
-1.778705501595921057e-01
-1.386674079481615973e-01
-3.017472300689711950e-01
-1.258137984129689690e-01
-2.723385215517747371e-01
-3.062633244076585770e-01
-3.104706588861537164e-01
-9.862396546621035598e-02
-2.535624419314402300e-01
-2.237833480163651800e-01
-1.493110012173503032e-01
-2.667266928696599981e-01
-1.935067764341799057e-01
-2.679854035882442420e-01
-3.102464706310912312e-01
-1.731641293098676315e-01
-2.787602590724819196e-01
-1.908587725703273785e-01
-1.973644098237096745e-01
-2.650077828978918970e-01
-2.494916096148622198e-01
-3.146914860700568695e-01
-2.104366899515528466e-01
-3.301777831835254751e-01
-2.750634900526155446e-01
-3.038444401385995142e-01
-2.530725638430288416e-01
-1.672619215754866107e-01
-1.952375684898557118e-01
-2.025395186133983616e-01
-1.001230145151875972e-01
-1.689086636352460091e-01
-2.075964782086521243e-01
-2.569720342047938644e-01
-2.056040539464341066e-01
-3.043975507305664019e-01
-2.310299225851792648e-01
-1.841039299464527490e-01
-1.527726116225117670e-01
-3.260382639517689363e-01
-1.831285745360869133e-01
-1.296448643457000782e-01
-1.052823597248388476e-01
-2.821675298206088311e-01
-2.040871451625770605e-01
-1.715831877682490458e-01
-1.102210971305438436e-01
-2.063440354021779943e-01
-1.010651366076525670e-01
-2.598059003571888681e-01
-1.793225615400592665e-01
-1.001034423591872224e-01
-9.392908581000547485e-02
-1.371611526122341052e-01
-2.376787072359934083e-01
-2.810067968779764169e-01
-1.260714199942403468e-01
-2.793433999258989608e-01
-3.003734791842564977e-01
-2.871844890339853573e-01
-2.932589928495673570e-01
-2.840946748053855275e-01
-2.367576665154236815e-01
-7.402303363236542588e-02
-2.842895467715778057e-01
-8.881047745756653899e-02
-1.962501681305217627e-01
-1.663032171332478881e-01
-9.048233752690340581e-02
-9.901606228008685839e-02
-9.296784626156881504e-02
-2.829942560538640794e-01
-2.653091886524766019e-01
-2.868411904074554264e-01
-1.774369023981375026e-01
-3.036169168751818859e-01
-2.655540756068445196e-01
-2.093884522592761588e-01
-1.652860720388238946e-01
-2.168951793878072798e-01
-1.793029093086216663e-01
-2.226415383610351739e-01
-7.655926314336322647e-02
-1.351479928231115457e-01
-2.025379403080294072e-01
-2.111634989334769119e-01
-1.810845808667709278e-01
-2.562966465097212820e-01
-1.346515255910653852e-01
-2.124109697836726596e-01
-2.921370544563906546e-01
-2.780774986587980502e-01
-2.785554267467968970e-01
-1.803256177186245424e-01
-1.931570351563720311e-01
-1.469862389917938605e-01
-1.064588868116948250e-01
-1.911571994986122069e-01
-7.991146513166491605e-02
-1.539168690318680477e-01
-1.357456149726050387e-01
-2.285427885052223052e-01
-2.042716887925889457e-01
-2.474730130469836031e-01
-2.876385753371790699e-01
-6.968351645403028649e-02
-2.217735804452357629e-01
-1.575831338157722694e-01
-1.206178342377584034e-01
-6.833649001071107065e-02
-1.490114142684512422e-01
-1.754312037444898109e-01
-2.979140037611066605e-01
-1.317400132378150346e-01
2.051864981577063152e-02
-1.362302683482464194e-01
-1.628744628949743145e-01
-8.643919817123432714e-02
-1.958864594583579199e-01
-1.377536434261270037e-01
-7.938270716084258605e-03
-4.101021554788253365e-02
-1.582704602957357987e-01
-7.100670276332439468e-02
-1.996547307331428822e-01
-1.697053988786790257e-01
-6.698898393058176637e-02
-1.197275153476432402e-01
-1.353911923663714267e-01
-1.916142697572570386e-01
-2.179333479031707321e-02
-1.551115773892645933e-01
-9.688957714341882299e-02
-9.648855425104362060e-02
8.201928767643834606e-03
-2.242523046689189059e-02
-1.199823111433343664e-01
-1.481720020383932024e-01
-1.334555516791672836e-01
-1.614303220554483276e-01
-2.142974001786722149e-01
-1.812970370319962610e-01
-2.034682759302957333e-01
-1.531370280281606766e-01
-1.751491483455867859e-01
-2.542755897450635350e-03
-1.516974541788695396e-01
-1.335513645587225184e-01
-1.952022882611627042e-01
-2.097883537821684796e-01
-1.273843356418927208e-01
-1.860939573307506811e-01
-3.018630596708289648e-02
-1.232375092134616046e-01
-1.048189246198041880e-01
-1.481633895434350812e-01
-1.613252601022906463e-01
-2.019450882147231230e-01
-1.977475796168319255e-01
-1.592073146029352460e-01
-2.046799625018024815e-01
-6.762494396233982574e-02
-1.970701706357494976e-01
-1.653367687571694056e-01
-2.113250289948974958e-01
-1.979972953318120399e-01
-1.899275190326384921e-01
-6.778863559017449247e-02
-1.236888625386289575e-01
-1.237057205134410170e-01
-1.825985343338738520e-01
-1.582190574728583321e-01
-1.810982206781272530e-01
-2.067828986922859436e-02
-1.429850015432067023e-01
-1.806825541942582158e-01
-1.073094941536507363e-01
-5.952113395984492961e-02
-1.723020329853506838e-01
-2.309163026525962448e-01
-6.772163737540684569e-02
-1.907477983674397415e-01
-1.911716130482499221e-01
-2.121211003082714153e-01
-5.633001861895919893e-02
-2.803407096562061662e-01
-2.245765455728192250e-01
-1.617134834510854102e-01
-2.795928878530771211e-01
-1.610666871901398067e-01
-2.892273606165822741e-01
-2.382415285321659582e-01
-1.462021012385387453e-01
-2.400971573396351866e-01
-1.459346917863001136e-01
-2.454721087583652261e-01
-1.041800114203398075e-01
-2.796024732491013132e-01
-7.651282926255212335e-02
-2.439443294875508761e-01
-2.128419448014424176e-01
-2.370609565732701984e-01
-2.239434649239968877e-01
-2.216269566821875148e-01
-1.332677303705805116e-01
-8.754472726760187395e-02
-1.881442545412998490e-01
-1.863238195667289987e-01
-2.341000044173253414e-01
-1.209527060172570778e-01
-1.213555292230557581e-01
-1.804005852030644008e-01
-2.169930674793054126e-01
-2.906399889615625676e-01
-1.997017138708317430e-01
-7.147124226633005950e-02
-2.077605531279592133e-01
-2.252685906645288394e-01
-1.236206704808594514e-01
-6.846728080578015629e-02
-1.608931816915503132e-01
-1.832802590164814838e-01
-2.568561672191184697e-01
-2.063855905325807927e-01
-9.566169436215773980e-02
-2.796327861247920321e-01
-1.079885956962883531e-01
-7.238323709049188093e-02
-1.781644522979276002e-01
-2.791865182127447054e-01
-2.426770619406466711e-01
-1.281344994536095239e-01
-1.128675315173483518e-01
-2.629850930511996032e-01
-2.612280536618865057e-01
-2.604454944762961688e-01
-1.912478134385605932e-01
-2.544418716640129974e-01
-1.875489342884395505e-01
-2.115321220954469172e-01
-1.960831907943219043e-01
-1.092968356136842234e-01
-3.302488661763496314e-01
-3.145241898477935116e-01
-3.313581111957091263e-01
-9.959199785317152109e-02
-2.275047865547368819e-01
-1.676076974012756238e-01
-2.962194954690575699e-01
-1.298000206336138718e-01
-2.948265204867576150e-01
-1.366196735865601863e-01
-9.781096350380188986e-02
-1.167033045182434003e-01
-1.483871036306026459e-01
-1.633023071342118160e-01
-1.818392762462836820e-01
-1.001713043488084431e-01
-2.068396504157690996e-01
-2.580554074836637346e-01
-3.013662442536716446e-01
-2.955402624664842381e-01
-2.329677781982573137e-01
-2.237810447627091581e-01
-1.434033722563793356e-01
-2.752856497722617757e-01
-2.333416509883654566e-01
-1.553652229045818789e-01
-1.917579340059409609e-01
-1.812712105976159449e-01
-1.145669098540758879e-01
-1.554190240563367575e-01
-3.195870743306641337e-01
-2.394985273293195882e-01
-1.432062938702220456e-01
-2.787972725794911621e-01
-3.181107701641587848e-01
-2.843326994791398610e-01
-1.604851160394493714e-01
-2.640528091004114564e-01
-2.878116623195135504e-01
-2.562674629872564447e-01
-2.845336516610298405e-01
-2.088995931892634328e-01
-3.145140282171552393e-01
-2.825239701075997756e-01
-2.394850752036032926e-01
-1.483354614726018483e-01
-2.282897626306570615e-01
-2.550097492736956850e-01
-1.153290024134975833e-01
-2.073428874066404193e-01
-1.805570551724174910e-01
-1.966366364417926338e-01
-2.621588428827432149e-01
-3.006086984009316843e-01
-1.922459392361949848e-01
-1.750635579397989416e-01
-2.249720747310115510e-01
-1.222795380906148976e-01
-2.540928377380449188e-01
-1.413840747977150036e-01
-1.137027776569443649e-01
-1.577363209578813985e-01
-1.888366976466002989e-01
-1.067647039217352323e-01
-1.502197057219040455e-01
-2.254743071727639547e-01
-3.015903474828339759e-01
-2.216500950278887938e-01
-3.326694477127448146e-01
-3.122961028851733989e-01
-1.967198869344000400e-01
-2.508030159913545165e-01
-1.621970945317904589e-01
-1.406660138412130778e-01
-3.122568541958012922e-01
-1.373532622816244775e-01
-1.168414404829884456e-01
-2.567310728418004673e-01
-2.688272770639075215e-01
-2.855987826582288003e-01
-1.405059819928415332e-01
-1.292784013431225454e-01
-1.662853943272765700e-01
-2.101204975065765201e-01
-1.538243978699976588e-01
-1.054956721196505243e-01
-1.884486944616720061e-01
-2.414987374636625161e-01
-1.751038505414092838e-01
-2.616824221711437359e-01
-2.556910375873531760e-01
-2.674130775944885685e-01
-2.832297751134905672e-01
-2.547312286431971384e-01
-9.711161457852038326e-02
-1.972144176155090356e-01
-2.675888695223151981e-01
-1.750930196630481328e-01
-1.022977236860976580e-01
-1.438648828843323568e-01
-1.292264875465271301e-01
-1.554349092876919081e-01
-1.760715223056427137e-01
-3.123388282244397018e-01
-1.064476019390663830e-01
-2.116226331797051718e-01
-2.637799873207463675e-01
-3.256192101211569656e-01
-3.314900284290124843e-01
-1.572843566294407636e-01
-2.384423688945293274e-01
-1.761867460052287115e-01
-2.953260092052576447e-01
-2.260509393299575676e-01
-2.120895319725555339e-01
-1.274709334178713016e-01
-1.033626500210418631e-01
-2.571233115322056895e-01
-1.759194141586302718e-01
-2.893291077468808092e-01
-2.938419203091235943e-01
-3.133003128559264105e-01
-2.315171062795548518e-01
-3.189473713517013143e-01
-1.259292987522387108e-01
-1.548963882160929451e-01
-1.751715491359185362e-01
-1.854631591259978118e-01
-2.033802515511224651e-01
-2.872100767417943290e-01
-1.961185644552608520e-01
-2.748610484897051620e-01
-2.944715109081790239e-01
-2.661476094998335151e-01
-2.738625721551869452e-01
-1.955584889548039051e-01
-2.892291991777645177e-01
-1.548617875828977308e-01
-2.796950566543180972e-01
-3.723685582844784570e-01
-1.591170810455505569e-01
-1.839357343083103391e-01
-3.287938542813321763e-01
-2.272173670749796925e-01
-2.466871084171258777e-01
-1.413809984538898779e-01
-3.673597837310603742e-01
-1.774402913122304359e-01
-1.520067985205473260e-01
-3.706578806021481598e-01
-1.940074217199713735e-01
-2.289051131817374518e-01
-1.530056716108096904e-01
-1.658607448591588596e-01
-1.850751818391923875e-01
-3.761673187998287871e-01
-1.628403377542554376e-01
-3.590120103511611482e-01
-2.889589204089594299e-01
-2.296616228118850966e-01
-2.596736173605553311e-01
-2.390493348548718422e-01
-2.208118878726317014e-01
-2.740518379893911449e-01
-3.118551795971441498e-01
-2.829739216127136747e-01
-2.713410203967585033e-01
-2.590047279248285372e-01
-1.685499610314829533e-01
-2.696770005915172796e-01
-2.206852537443124429e-01
-2.924731334624453005e-01
-3.137462137484189340e-01
-2.391763275273682543e-01
-1.931109410388920922e-01
-2.906716104696319136e-01
-1.937019188415125548e-01
-2.158738837966917568e-01
-3.783034926848591883e-01
-3.727604859715437646e-01
-3.162887404220556808e-01
-3.154052487124256454e-01
-1.543233433942459709e-01
-2.693513670776956359e-01
-2.716184276695644551e-01
-1.584949090175871711e-01
-1.862295630089646492e-01
-1.805155185134864615e-01
-1.968454939034066931e-01
-3.522999043454729251e-01
-3.543909699588051465e-01
-1.981324377689493987e-01
-1.784683733487522905e-01
-2.622004385706412921e-01
-3.792356231123654164e-01
-2.389015939556501933e-01
-1.447172629761251661e-01
-3.703490773436644568e-01
-2.877039830554132815e-01
-2.385772886669943471e-01
-3.088755467452078962e-01
-3.611517896791173188e-01
-3.667827060275523632e-01
-2.035908124469987535e-01
-2.761527633997960529e-01
-3.653145579560421741e-01
-2.920339674990883316e-01
-2.292212452805281742e-01
-2.141422881461624572e-01
-1.486386327206141722e-01
-1.956531353067185452e-01
-3.678359871732804209e-01
-2.748467442178095244e-01
-2.571004140380706571e-01
-1.551416791106526583e-01
-1.629149786043999348e-01
-2.050657744434645768e-01
-3.235489889755734927e-01
-2.567087432963372495e-01
-2.835797071712028439e-01
-1.609930933744529724e-01
-2.681065946080740670e-01
-2.171948742044260416e-01
-1.837855902650244178e-01
-2.361024467556193385e-01
-1.895216701144930016e-01
-3.326239186716452023e-01
-1.668595029054648071e-01
-2.549774641851755286e-01
-2.000659161334539249e-01
-1.498474776422729915e-01
-1.393872694129480450e-01
-2.206378671850447171e-01
-1.453349296811545788e-01
-1.583562647193680062e-01
-3.457261281571873401e-01
-2.886820320678964991e-01
-3.325475360716446671e-01
-1.555957388868535185e-01
-3.394106137638935317e-01
-2.781252653229334681e-01
-3.719271376629746939e-01
-3.389336690337833025e-01
-2.088613012122914336e-01
-1.608109648704407202e-01
-1.625258293522544861e-01
-2.691280958246565769e-01
-2.003500338969768368e-01
-3.459861971846309725e-01
-2.145030996212760888e-01
-1.863347680206221546e-01
-3.024965174962980230e-01
-3.015935894714940058e-01
-2.029579064134712230e-01
-3.283936723515727962e-01
-4.656000287562139794e-02
-2.509336486478517814e-01
-2.508457639801884298e-01
-2.460995083426665286e-01
-2.351663062969235884e-01
-1.318353330021339032e-01
-1.229332285871981845e-01
-2.124042467758970876e-01
-8.986238517730316122e-02
-2.390455725845807011e-01
-2.216247312762463784e-01
-2.000250356179241740e-01
-7.749798434370283595e-02
-1.400576461319918420e-01
-2.360767034168205769e-01
-2.340395206376766346e-01
-8.179228851500291997e-02
-1.037378834752089862e-01
-5.333862206447495535e-02
-9.908277038572291251e-02
-1.237660454138019561e-01
-1.871135251529710830e-01
-3.884042159341261069e-02
-2.389983635941768103e-01
-1.431261667099656965e-01
-1.818186132184230197e-01
-1.341523732654278378e-01
-4.856243679899027721e-02
-1.788971976037812550e-01
-2.254677207133376771e-01
-2.218831786041496335e-01
-1.409261101798495175e-01
-1.448405883097712288e-01
-6.631333468413094789e-02
-1.579798193185092958e-01
-1.867743866386163132e-01
-2.147474280979445038e-01
-1.073727523069757384e-01
-6.680304069568102077e-02
-4.367329077943749027e-02
-1.286189295968197810e-01
-2.515374378791486731e-01
-9.238045031495706327e-02
-1.202413134264931072e-01
-2.378903761623237800e-01
-1.362946728795372264e-01
-2.459838087528259387e-01
-1.834968612466611471e-01
-8.750756285147792690e-02
-2.200437357020729734e-01
-2.472661347365320561e-01
-2.319229698282971874e-01
-2.394596858982101506e-01
-2.154595696032265417e-01
-2.058985861331762979e-01
-2.331942439109860044e-01
-4.757562219221975197e-02
-1.543017562562774836e-01
-1.992996981912051324e-01
-5.805790558968809689e-02
-2.069116572731047599e-01
-8.592757300121819930e-02
-4.910613062188454170e-02
-1.678615372132025163e-02
-1.441467522121202549e-01
-2.119653994644878636e-01
-2.780195665970142116e-01
-1.291551796816639563e-01
-1.507557005405301687e-01
-2.184884251327707805e-01
-2.699827422873151139e-01
-1.639695118829231080e-01
-1.521140420122227555e-01
-1.625984148707448340e-01
-3.637841767153492389e-01
-3.543928073927150590e-01
-2.819289078573565810e-01
-3.193747048769477459e-01
-2.432362498970203346e-01
-2.546222503406873061e-01
-2.448359331542967199e-01
-2.099060809979811371e-01
-1.903228230151152167e-01
-3.094402781267299174e-01
-2.923720438534390675e-01
-2.612790751929062738e-01
-2.350073916406515417e-01
-3.116777629507188063e-01
-2.620702162636505683e-01
-1.552819038099147453e-01
-2.315523962527121782e-01
-2.656510809203344037e-01
-2.394619409882793315e-01
-3.251818108820165310e-01
-3.586411037678665092e-01
-2.755403550845468286e-01
-2.435381765623209072e-01
-1.856924973334122542e-01
-1.261807552005634880e-01
-1.843427936113574139e-01
-1.273941638015675670e-01
-1.833872436710921039e-01
-2.894858153547068547e-01
-3.622316110924126975e-01
-1.930569606105326519e-01
-1.534701593766703009e-01
-2.458206396987839826e-01
-2.396139905739120279e-01
-3.445273358122302731e-01
-2.237581510567026033e-01
-3.230782671205747469e-01
-3.163282748660518617e-01
-2.872763160506687230e-01
-1.360369006729751085e-01
-2.837792961670290159e-01
-2.639220158855569154e-01
-2.273067290652935613e-01
-2.028422201363539457e-01
-1.215476849808316551e-01
-2.111935886876969704e-01
-1.244424135948530297e-01
-3.197189361931104812e-01
-2.267792522864438554e-01
-1.659883698453780421e-01
-2.792213457757550255e-01
-1.362377642257424359e-01
-2.611362539547232853e-01
-3.366031110537071047e-01
-3.152497609777284993e-01
-1.296607163646396610e-01
-2.471952215371130968e-01
-3.238686463679035787e-01
-2.935761246004280900e-01
-1.541774365560220350e-01
-2.427353663240995885e-01
-1.846457825221948512e-01
-2.444333091372217770e-01
-1.220550602164416354e-01
-1.876071478120394376e-01
-1.682841145296635199e-01
-2.748676169891051124e-01
-2.547564463887840303e-01
-2.310844290660843403e-01
-2.052748098525820353e-01
-1.577140594662929940e-01
-1.008864755892670551e-01
-1.173798791932346430e-01
-1.904336764983488028e-01
-3.113708732485890307e-01
-2.703806471162838454e-01
-2.430768425495919427e-01
-2.566616329498926374e-01
-3.157378083073680841e-01
-2.834126388006253383e-01
-1.383492660996825108e-01
-3.159011961944619418e-01
-1.631277058249219203e-01
-1.322432612744467717e-01
-1.798628522273414132e-01
-1.551208194121362904e-01
-1.977520508367013874e-01
-1.292215428637351893e-01
-3.323241787467619002e-01
-2.269781364403374857e-01
-2.078636186497689331e-01
-1.845592600338841760e-01
-2.786805220530096383e-01
-2.671699457131109234e-01
-2.673718687472435573e-01
-3.130058929552670954e-01
-3.235866691551663177e-01
-2.281859728827696498e-01
-1.972173649996066813e-01
-1.306253698081443759e-01
-1.095325620060026428e-01
-1.326728185486033273e-01
-2.405851161039162522e-01
-2.898174153131019004e-01
-1.409464647121181080e-01
-2.855157123719136436e-01
-2.734706839190160776e-01
-2.728686319540479244e-01
-1.051119985471106189e-01
-1.127952709314266055e-01
-1.414252654947102672e-01
-2.498128293787152399e-01
-1.061388610738851490e-01
-1.166211678793396267e-01
-2.877631099493487832e-01
-2.815119773434269224e-01
-1.218925544990635546e-01
-2.885031304116775219e-01
-1.763374540143564373e-01
-2.257631381384853086e-01
-3.189968894229795460e-01
-2.317446080466552538e-01
-1.381423573677669492e-01
-2.030125561697712633e-01
-2.573574847574653934e-01
-1.900957324428143858e-01
-2.555276458580084120e-01
-1.244656512784681757e-01
-2.460139552233593652e-01
-2.764948605171111962e-01
-2.363270865725518033e-01
-1.793160557363744634e-01
-3.120664179030373520e-01
-1.531939290000862985e-01
-2.347629906138294364e-01
-3.123156321902444965e-01
-3.356645814390579741e-01
-3.456544700047839980e-01
-1.309896161853356111e-01
-3.213354493639458687e-01
-1.380766716231842106e-01
-2.445222870693234130e-01
-1.759978381440013284e-01
-1.395310454415223944e-01
-1.259497339041741049e-01
-3.438532989550768248e-01
-2.352651964388383365e-01
-2.707517243132442908e-01
-1.584666950540814245e-01
-3.264575138187610359e-01
-1.658524318342567971e-01
-2.830825356878314270e-01
-2.367605216225125986e-01
-1.179414086914919169e-01
-1.429149368454079860e-01
-2.476775160304349743e-01
-2.888237636531134633e-01
-2.161147657809798228e-01
-1.433457641887694312e-01
-2.670046698678338881e-01
-1.132283684419347347e-01
-3.388312066830426739e-01
-3.031236106049415846e-01
-1.562947373210475666e-01
-2.986812118465795862e-01
-1.660654517282010023e-01
-3.452570043864959803e-01
-2.729399493330085802e-01
-2.666306400248572017e-01
-1.596526919660408439e-01
-1.479994544075413365e-01
-2.135119584247153757e-01
-1.933534298953757391e-01
-2.674197794728790378e-01
-1.455825254961367610e-01
-2.025580721322967070e-01
-2.247450263840491402e-01
-2.900237645195465896e-01
-2.890431044179631592e-01
-2.088702430185783721e-01
-3.377275616710105899e-01
-2.933323648108391302e-01
-1.021035170052378427e-01
-1.689223469695284585e-01
-2.597981827599383786e-01
-2.793922902064423508e-01
-1.993141383695941071e-01
-1.611505379622926171e-01
-1.419687933585638828e-01
-1.376189129334214889e-01
-3.282182652930587530e-01
-2.881317302615584164e-01
-2.382876382990166686e-01
-1.125747506122295460e-01
-1.058766630270851494e-01
-1.832845411286271597e-01
-2.374885867376304582e-01
-2.449765601922034297e-01
-1.363511486184709187e-01
-2.739584696358312588e-01
-2.961519192913090182e-01
-2.324900310738960696e-01
-2.581908319606364688e-01
-2.500093971493702605e-01
-1.709962822066030119e-01
-2.088767230287153776e-01
-1.351009099663685598e-01
-3.076633055728641430e-01
-2.658497933390334134e-01
-1.115547588346290087e-01
-2.408685565501450798e-01
-2.859192124475717911e-01
-1.154277114564795648e-01
-1.011910745489774111e-01
-1.441239362596922480e-01
-1.172523438925403283e-01
-2.736911796413131759e-01
-3.129368722479997089e-01
-1.876524332882090473e-01
-2.186788763028216509e-01
-2.842776568567801920e-01
-2.255833252781929421e-01
-2.318988346185583971e-01
-1.289397416412523256e-01
-2.635233454772970552e-01
-2.088178668936724325e-01
-2.967388233752633608e-01
-2.234759466541439976e-01
-1.207388007393200569e-01
-1.663684394642967468e-01
-2.484086942232218154e-01
-1.910201426686577164e-01
-2.671109356718096017e-01
-2.512152127755987729e-01
-2.242544685882557620e-01
-2.017089053373256891e-01
-2.850536742482689401e-01
-2.460623972556251760e-01
-2.509992685483216635e-01
-1.290503832137444296e-01
-1.631548285647674568e-01
-1.110432471446002323e-01
-1.254041508689284490e-01
-3.013652796788912624e-01
-2.507593687893973078e-01
-2.597350078259327288e-01
-1.917567536532764627e-01
-2.390904441533431291e-01
-3.570595823877179553e-01
-2.045601504909858870e-01
-2.078769623033291658e-01
-3.414595077867925710e-01
-3.154309267782205439e-01
-3.391173582905906980e-01
-3.104371132628950813e-01
-1.916855599318441350e-01
-3.250299893940360452e-01
-3.490775270479351544e-01
-2.151043930239275870e-01
-3.076495879568708069e-01
-2.790351730254443940e-01
-3.255198998023205448e-01
-3.018375527827364957e-01
-3.354733285629269979e-01
-3.640603105601910583e-01
-3.434944610521666331e-01
-2.916858372221256546e-01
-2.979880954370048296e-01
-3.518362278578867075e-01
-3.885902268119736380e-01
-2.537296368348997411e-01
-3.817993323477352208e-01
-3.097291636133897574e-01
-2.160600071535886679e-01
-3.818580704533607317e-01
-2.968887271835374819e-01
-2.047033450783345143e-01
-1.848971984146519643e-01
-3.188307007564769591e-01
-1.985101426731161467e-01
-1.593179974982900649e-01
-1.952263777738232620e-01
-3.937783636304661439e-01
-1.834110543667397675e-01
-2.515285697844004686e-01
-1.723879525501119669e-01
-1.816732212271641167e-01
-2.636774270016108979e-01
-2.156100480796032115e-01
-1.582043072409110296e-01
-3.076434332445360798e-01
-3.523480397575321499e-01
-2.370104630441395299e-01
-2.984055903579385660e-01
-3.043505224843020551e-01
-2.507922760783943827e-01
-1.980555552816557208e-01
-3.107758153312955018e-01
-1.854651097908856794e-01
-1.561499365811056528e-01
-1.770895889151062053e-01
-1.981485593054655436e-01
-2.172949890385642291e-01
-2.076572115993051137e-01
-1.743156639983725886e-01
-2.011076928870954572e-01
-2.113627863003012808e-01
-2.197750500400194040e-01
-1.610478064325440994e-01
-2.897913520308015300e-01
-2.015101737235698576e-01
-1.224796282689309401e-01
-2.729691479013955924e-01
-1.980046906603633305e-01
-1.045942996379852219e-01
-2.583110023071777395e-01
-2.811579885813265123e-01
-3.181378125306705273e-01
-1.260090729398703480e-01
-3.261663784602955030e-01
-1.565708202806618266e-01
-2.390123099669745899e-01
-9.686745890303280482e-02
-1.613082630743069290e-01
-1.141840606013273252e-01
-1.322161080737560279e-01
-2.356983371909108782e-01
-2.473757132332169983e-01
-2.520026643382124454e-01
-3.258569705186431520e-01
-9.701542078273381331e-02
-2.252478699686855101e-01
-3.038914404424899462e-01
-1.119204401140142802e-01
-1.443110759146867816e-01
-2.528982931023727732e-01
-2.292434112072729846e-01
-1.270305592171686870e-01
-2.047179828805392177e-01
-1.636501824916425651e-01
-2.100688297910597024e-01
-2.374532336341222960e-01
-3.049507315155770559e-01
-9.241042771020502311e-02
-1.905935018899140021e-01
-1.617532082366355817e-01
-3.105104487006488667e-01
-1.165594620272692727e-01
-1.117233077268896813e-01
-1.761088990117752606e-01
-1.615867349698568434e-01
-2.317481349105723065e-01
-2.813953861269666845e-01
-1.585278396086879649e-01
-3.205799100555298820e-01
-2.516934304527012611e-01
-1.875961343643040846e-01
-1.129185135401921392e-01
-1.148350057925363321e-01
-1.547344679574903514e-01
-2.503316154900445678e-01
-1.099094251073816919e-01
-2.391661565903511755e-01
-2.847102607245557415e-01
-2.626256799412745035e-01
-2.762524074737073287e-01
-2.735821925321729187e-01
-2.629149838851914667e-01
-1.434035908493768163e-01
-3.133684164470210143e-01
-1.389895894793563846e-01
-2.924548046965288473e-01
-3.246413043775506768e-01
-2.892241569785458655e-01
-3.436883488676140130e-01
-3.397938420200694032e-01
-1.470742534434676674e-01
-3.080373094367278020e-01
-1.427504534634483346e-01
-2.551479567389389747e-01
-1.382798876055467141e-01
-1.889557566879637995e-01
-1.916229139455138952e-01
-3.303034425064511614e-01
-2.016836485209571594e-01
-1.667337158697675403e-01
-1.667688206781408611e-01
-1.764876520929941350e-01
-3.125903365813733070e-01
-1.693845077841509283e-01
-2.527934319083940951e-01
-1.873007259161635629e-01
-2.789729729194759811e-01
-3.356852476658190865e-01
-3.426356936072579851e-01
-3.430192206119426768e-01
-1.635752704592487727e-01
-3.251837449247847456e-01
-1.750949323970453775e-01
-2.773093322946518224e-01
-2.667736347716476719e-01
-3.417396608674224678e-01
-1.544436152181492550e-01
-1.693534372372909047e-01
-1.058444203993320898e-01
-1.648392718175903937e-01
-1.091519443092634212e-01
-2.081777748091761526e-01
-3.079986336198138885e-01
-1.312188506580126146e-01
-1.680678686754320250e-01
-1.352596590566948476e-01
-3.149322832862705979e-01
-3.203561711837660253e-01
-3.122673980330906707e-01
-2.473966752989806284e-01
-2.845622068836967666e-01
-1.884993487280635649e-01
-1.952787770967070180e-01
-2.146981005578894319e-01
-2.586349811823056566e-01
-1.501610470697202215e-01
-1.994369600850336710e-01
-1.273678278843283773e-01
-3.095047988124924321e-01
-2.498321608485501444e-01
-1.946364123803066004e-01
-1.068427328321396585e-01
-3.154081915469088004e-01
-1.089159400992137094e-01
-1.781300792160404878e-01
-3.193678532422875582e-01
-2.527367045827362824e-01
-1.842765000583701240e-01
-2.350951555101831736e-01
-1.435487908849371053e-01
-2.831248319870638408e-01
-2.143091110880886996e-01
-1.054098506537967106e-01
-2.872314053110455734e-01
-1.818159755016469092e-01
-2.475290101066294768e-01
-3.056500549108542297e-01
-2.698526441221112959e-01
-2.168089122840984040e-01
-1.849599984317935597e-01
-3.214965768113871025e-01
-2.197973797479593205e-01
-1.468744098420716460e-01
-1.865589019449432895e-01
-1.539848704189502593e-01
-2.546627844187843159e-01
-2.345337121874811193e-01
-2.264287769819163243e-01
-2.395928392554823594e-01
-2.841848730023452951e-01
-2.009387301678965398e-01
-1.418359384492014763e-01
-3.153861376526189142e-01
-2.240254056062456200e-01
-2.143955354489966991e-01
-2.127181542817306314e-01
-1.348026427577719011e-01
-1.612915110801128593e-01
-2.590569022640026309e-01
-1.138069669926036198e-01
-2.554050772910825273e-01
-1.012675326484963612e-01
-3.099161850499407844e-01
-1.009355308450782529e-01
-1.325774046051539090e-01
-2.354923107151595807e-01
-2.868895862273457276e-01
-1.155416338106096952e-01
-1.372632028165145790e-01
-8.936006995670728315e-02
-1.456690601633986448e-01
-1.275451102776005985e-01
-2.360702867846930508e-01
-1.772166503206175359e-01
-1.588735841660848525e-01
-1.898896005716475544e-01
-3.057572012050235322e-01
-3.124008555749411831e-01
-2.555574051026580085e-01
-1.837707229676237564e-01
-1.597956302855001176e-01
-2.898653276176113569e-01
-2.684400220613243904e-01
-2.704067507893445632e-01
-2.591000851924774029e-01
-2.846207567092131074e-01
-3.069278508492340185e-01
-8.763913921557936471e-02
-1.052278717211143355e-01
-2.235534879853158796e-01
-3.006474058726708032e-01
-1.653190302163176084e-01
-1.798215248312138859e-01
-1.563637755862039846e-01
-1.461295619189489636e-01
-1.589288569674340568e-01
-1.942879382286195611e-01
-1.170652981850331120e-01
-1.842871140958461662e-01
-2.450060839145106750e-01
-1.198287317722254441e-01
-2.305581346581028201e-01
-2.835768530450817893e-01
-1.347415418383151597e-01
-2.751895379052177737e-01
-1.516493256776382803e-01
-1.115764298905413676e-01
-2.945539430741094811e-01
-1.065490653053154657e-01
-1.819132013651309776e-01
-1.703962822966019752e-01
-3.337600743554063887e-01
-2.926282098408973242e-01
-1.294598395522054135e-01
-1.251250897468767498e-01
-3.068694581701851276e-01
-1.309978464717930779e-01
-2.644678741248308596e-01
-2.935397883793270379e-01
-2.989225581193039050e-01
-2.656914748199184495e-01
-1.411230171968209657e-01
-2.136043571058158508e-01
-2.333305546720483015e-01
-1.559621657792393257e-01
-2.817845878353941735e-01
-3.299959963035024590e-01
-1.960082677284290253e-01
-1.775605811478792595e-01
-1.718128016857269069e-01
-3.209248027054932839e-01
-1.873034675266000704e-01
-2.543463963137179151e-01
-1.506453223143947029e-01
-2.391042099933642917e-01
-2.637610663892931417e-01
-2.291885605328278230e-01
-1.498001587016520031e-01
-2.622956796724043582e-01
-3.222327961936771734e-01
-3.354543429604436300e-01
-2.877036865037068680e-01
-2.206413103974615986e-01
-3.109579191822081090e-01
-2.667922641010573859e-01
-1.314838607038638640e-01
-2.101020680269857221e-01
-2.765447845638741575e-01
-2.137790772527893568e-01
-2.584231166185513295e-01
-1.615263469991399803e-01
-2.107132639722342493e-01
-2.510441585905698325e-01
-2.129401365730117512e-01
-1.639697943224019405e-01
-1.796575596411107700e-01
-2.151427129303936370e-01
-3.374140844318794796e-01
-1.239671766752769300e-01
-2.414474936386263870e-01
-2.964693709373930619e-01
-3.417580455644703141e-01
-2.448907654793860966e-01
-2.135639554135181084e-01
-1.642470628655955667e-01
-1.322895338911855290e-01
-2.141629627378688061e-01
-3.274436250085548394e-01
-3.130841292750461968e-01
-3.204272090334719936e-01
-2.609601669388390000e-01
-2.070091608069070110e-01
-2.759089820933771642e-01
-1.878913591445655895e-01
-2.548184762933663472e-01
-3.130943887048253105e-01
-2.414697345787696625e-01
-1.316823923871433821e-01
-1.959010007741139869e-01
-3.245629398753513972e-01
-2.885965254948479886e-01
-1.359510328989349537e-01
-2.744497000462078340e-01
-2.404995769176522802e-01
-1.493409932405682372e-01
-2.996192227509783534e-01
-1.344704850553661846e-01
-1.822686002281795337e-01
-3.152708910514335772e-01
-1.314127911133659843e-01
-2.644295511760667017e-01
-3.632968499396760365e-01
-1.486171635011266923e-01
-2.553069133246730904e-01
-3.471829297197949749e-01
-2.822273384382936179e-01
-3.159867896540129450e-01
-1.459067571147665832e-01
-2.552919487521567166e-01
-1.556536170880021275e-01
-1.802816256007966633e-01
-2.145091333613291240e-01
-2.024658278324932836e-01
-3.036053471834218587e-01
-2.807311471147153625e-01
-2.019004614726036539e-01
-2.907713392708521360e-01
-1.736640327754984670e-01
-1.725190737536020369e-01
-1.577283538344356750e-01
-1.879571505887219773e-01
-2.171186536406491674e-01
-2.293195700242250668e-01
-1.412556983769957530e-01
-2.209327435231269177e-01
-2.958541834451859365e-01
-2.292349182693438903e-01
-3.352062396727777949e-01
-2.482438064032433389e-01
-2.661461680019850951e-01
-2.858890418115218046e-01
-2.510167614812500725e-01
-3.518621117380906771e-01
-1.585088162429203196e-01
-2.318386729203187613e-01
-2.313128176714982775e-01
-2.667795728085084472e-01
-2.659298553502756901e-01
-3.226729325546665028e-01
-3.428141301716562395e-01
-3.244891272331287269e-01
-1.549788836214852639e-01
-3.510663546181205241e-01
-1.190887662923413581e-01
-3.282601642319978863e-01
-1.347486128395635474e-01
-2.426330199850822433e-01
-1.846195041660457226e-01
-1.318290468495050827e-01
-2.330835576868393877e-01
-2.071065939802137490e-01
-3.403997249701476990e-01
-1.395049794533535226e-01
-2.281217785738411385e-01
-1.534748684780103956e-01
-1.858888272312156364e-01
-2.976427982340098533e-01
-1.615106680620519986e-01
-1.433740619819529605e-01
-2.536389789311674359e-01
-1.325330693712946095e-01
-2.826985859183923644e-01
-1.688146010210911097e-01
-2.221839403755531961e-01
-1.328334905382917430e-01
-3.050076867706846828e-01
-3.140724703765053194e-01
-1.671961877442752487e-01
-1.150887919348969335e-01
-2.902404394950104938e-01
-2.965526181783664228e-01
-2.604615903675675526e-01
-2.590186391357031104e-01
-2.846298136588476524e-01
-1.483601381339838265e-01
-3.454260196953555795e-01
-2.906083216443374750e-01
-2.905212781578008219e-01
-2.361720870601822786e-01
-3.498292641853729679e-01
-1.250001766166163042e-01
-3.487806855488831959e-01
-2.108198233542558642e-01
-2.639194207740969134e-01
-3.071294539275120639e-01
-1.940437097714658998e-01
-2.318708110297228175e-01
-3.409274498241671170e-01
-1.470616111276376869e-01
-1.532387275948977889e-01
-1.397458746576383526e-01
-2.790623985525804707e-01
-1.452763053373195001e-01
-3.162318310866993887e-01
-1.478172656664833995e-01
-2.816644518019161270e-01
-1.177788262540763187e-01
-1.338291207656117643e-01
-1.903015913549106486e-01
-1.855975788726973996e-01
-2.071922566443598623e-01
-1.979758042801927631e-01
-3.135630715300727345e-01
-1.750599570930252147e-01
-2.033355817993140191e-01
-3.176078935819957039e-01
-2.445452522429122089e-01
-3.048837023003446167e-01
-1.625654073621954632e-01
-3.653543649616016742e-01
-1.483894441291404853e-01
-2.220909183700835454e-01
-3.380994291282974351e-01
-2.159527850555197359e-01
-3.532358745620261531e-01
-3.297973280981463251e-01
-3.262143747299488528e-01
-2.591589922009768787e-01
-1.666225175573049500e-01
-3.365886325893870379e-01
-1.498101547995163985e-01
-3.640272195302730607e-01
-1.704709684488323607e-01
-2.045238453679271429e-01
-2.426827776567967443e-01
-1.557864681362153836e-01
-1.562601172950825179e-01
-2.109703080710979284e-01
-2.671120987425016358e-01
-2.662065811770447099e-01
-3.607409500174493799e-01
-2.135091259359346849e-01
-3.534086850878266906e-01
-1.990177429223829453e-01
-2.305370521906262848e-01
-1.385823348518697706e-01
-1.704092471960303168e-01
-3.436214040931325764e-01
-2.958072511221980228e-01
-2.038347709141000996e-01
-2.403625856251525028e-01
-1.839010908101688657e-01
-2.460978066818510501e-01
-1.565599022397343443e-01
-1.921942567990980177e-01
-1.440017648016655438e-01
-3.252240151590376493e-01
-3.397712584727036189e-01
-2.779224466045365216e-01
-2.194683912632841016e-01
-2.200939727838138738e-01
-2.864331454762185647e-01
-3.274087891412702511e-01
-2.120808619853513377e-01
-2.195591902540452445e-01
-3.144704030813990636e-01
-3.173605874204706856e-01
-1.920744406447160713e-01
-2.107817889518803223e-01
-1.798651954516598817e-01
-2.513766044919897302e-01
-1.677979859539456275e-01
-2.938923637063068361e-01
-1.893088975582278843e-01
-1.256154075046801988e-01
-2.621390613916370071e-01
-2.359517861653707138e-01
-2.407468391644597971e-01
-1.268435726812802700e-01
-2.296913638978374250e-01
-2.159913299866745851e-01
-3.202145723768025087e-01
-3.091044437968386571e-01
-2.239163721795276452e-01
-2.359106181184233986e-01
-3.146474394842478373e-01
-1.968212976739137088e-01
-3.094391650922101444e-01
-2.644730230377825286e-01
-2.044280455165856103e-01
-1.861164892100340140e-01
-1.911853240574568624e-01
-2.162562616379170577e-01
-1.399639691908211858e-01
-1.532038276514104957e-01
-1.008254074346966178e-01
-1.596372264915293659e-01
-2.582299744481680315e-01
-1.382136968401700139e-01
-1.719274471323095355e-01
-2.559732897885005354e-01
-2.953282068109734926e-01
-1.928568691038069771e-01
-1.873343668277636376e-01
-1.382149907869638372e-01
-2.756076298510826694e-01
-1.599007819821721132e-01
-2.142644561696168681e-01
-2.848336153366917700e-01
-9.381130444797142198e-02
-1.650280211224631477e-01
-3.105405567405890022e-01
-2.161947527516729362e-01
-1.557990563460943667e-01
-2.845520371151480377e-01
-3.286132484414059918e-01
-3.215101373089189751e-01
-1.949070018126362880e-01
-3.077651474705001555e-01
-1.090868955720166178e-01
-1.094104291571755261e-01
-1.277490640709515457e-01
-2.453534077843246286e-01
-2.265968367829538088e-01
-1.366931576583587660e-01
-1.863820260980011689e-01
-2.202287293929790224e-01
-1.139830893382161869e-01
-1.214053334321701927e-01
-2.105797658511869008e-01
-2.123679776259967400e-01
-2.617354061188608139e-01
-3.060773547019438601e-01
-1.022607366452111810e-01
-2.954235180378008696e-01
-2.455554407590311294e-01
4.714098238812617497e-02
-7.175693595168147754e-02
6.896451394320088357e-02
6.168198467027836279e-02
-8.267586632237973465e-02
9.968878009114393035e-02
-1.064112276581695576e-01
1.060386875135841261e-01
-1.176291688022086668e-01
-9.190368229717489623e-02
-7.277391145914294777e-03
1.084869550406541427e-01
-3.628698723767781464e-02
-2.405935650541913412e-02
5.335222648901950804e-02
-4.268640889282894479e-03
-3.436610986650973781e-02
-9.119878777246126500e-03
9.151880569417861211e-03
4.399986540224527093e-02
-5.944550724990288471e-02
-7.917089538246813163e-02
-1.021453421560309105e-01
7.682581536369567643e-03
1.046424632216960832e-01
-4.387590138146026109e-02
1.155973795345394822e-01
-6.104553667815338508e-02
-5.676288431252634464e-02
-8.208299775695816758e-02
-7.745711016148756900e-02
3.401160972516233116e-02
5.362515717004742027e-03
-9.695968083967135276e-02
1.038980470280380514e-01
3.417908322697428558e-02
-8.930888671696236847e-02
-6.749857116994670628e-03
-9.952494878942223788e-02
3.493111302262480455e-02
-7.505260969102527102e-02
6.703373043367315265e-02
2.445394960271613655e-02
7.562576398260380250e-02
-4.653830867106511365e-02
9.890884612323659619e-02
-2.919910200568497094e-02
9.044957697606045843e-02
-5.158133551348283857e-02
-2.820094483103421576e-02
-3.186120235424833719e-02
7.378546034712958612e-02
-1.032972712229238144e-01
5.031139650951312048e-02
1.122989252962830753e-01
-4.363087123627438016e-03
-7.508746467463446594e-02
-8.474406621137298146e-03
-2.259600955381995194e-02
3.844795916008811147e-03
-5.603028984280173340e-03
-1.061381715904109041e-01
1.148234866242350688e-01
-2.247884678745300582e-02
-2.678178586132190508e-02
5.397263270906210719e-02
-7.400855455208354972e-02
3.094042898954994791e-02
-1.062394580649510950e-01
-1.005134892398711344e-01
-6.100863550040665911e-02
-9.454353790809345848e-02
4.540534174498565140e-02
2.327829279394437109e-02
-1.144465263501142083e-01
2.729226619111240620e-02
-2.370394794430590382e-02
-9.509308068761867030e-03
5.694119807996927268e-02
-2.364107026688673507e-02
-7.596262260887490236e-02
-1.038524991622932631e-01
6.687882801701028335e-02
1.005855943615297302e-02
-3.655548028951804973e-02
-4.135557624764159279e-02
6.711653096089811865e-02
-7.970115031328565969e-02
6.175082256643785183e-02
7.842762528273793110e-02
-5.429688879775967925e-02
9.953436524593359258e-02
-1.221600656478260549e-01
1.129041450666936341e-01
1.006699449080976187e-02
6.073175228463227604e-02
-1.937622410935028669e-02
-6.705188309285632642e-02
8.400866469535481218e-02
-1.167081684267694125e-01
-8.936196232190944666e-02
1.046269690086993609e-01
-1.023687883078448907e-01
1.176239199157482450e-02
-4.973516266924181417e-02
3.414146985357451730e-02
1.080363322747738414e-01
4.936776817040877674e-02
-6.024246752454222309e-02
2.238460243708752934e-02
9.070860163049439262e-02
6.970373138655300282e-02
-5.335915259665015287e-03
8.835787355044066871e-02
-7.782873298850340182e-02
7.227551053790559621e-02
2.296751389297926882e-02
-2.720900988924083996e-02
3.899902198318786622e-02
7.365360148879714075e-02
1.007626807396938828e-01
3.691234866108335233e-02
-2.365531964936841772e-02
-1.135940094431008157e-01
7.649172325117768734e-02
-1.133077093241327410e-01
5.600150090769165541e-03
-1.105570107705192012e-01
-1.016765648176910369e-01
1.113744928276432233e-01
9.193513794635083114e-02
1.167241158309440668e-01
1.330701486543989231e-03
1.170450180557632142e-01
-8.818430633326715395e-02
8.089372150304431630e-02
7.225813015655607741e-02
-3.709968924049218686e-02
1.103403680953893296e-01
-1.001758039387277699e-01
-7.514153199142716011e-02
1.796507471009836654e-02
4.808743586385257063e-02
-1.307962338205762888e-02
-4.953535604033928313e-02
7.731661064714727416e-02
-4.054087743261556437e-02
5.972470348903928528e-02
-7.724955634127989024e-02
-6.963750973425204827e-02
3.525121059451022387e-02
5.442826586272189737e-02
-8.722029259433897175e-02
7.348315160386247047e-02
1.057318569879904246e-01
3.386928822523186527e-02
9.596192292232723353e-02
-4.971781748289783032e-02
7.980427905516962461e-02
-5.127434539705497812e-02
3.066181317937748119e-02
2.709556678476783206e-02
-8.176204283093382874e-02
-5.589504716407271007e-02
-1.075826881511500327e-01
5.676291402718319085e-02
7.102540458477893393e-02
-7.942960858049802342e-02
2.864283290752513839e-02
-6.729470586729055515e-02
6.528882182045250837e-02
7.490644132853155335e-02
7.739044717875568496e-03
7.958952206719471789e-02
-7.407177275763048019e-02
-9.475208557266671938e-02
1.500286539089248569e-02
-3.986183909154392309e-03
3.261401293724866535e-02
8.405848836514515088e-02
6.506640655142777174e-02
-1.789886594229358682e-02
-1.103875728905522186e-01
3.772687783122744692e-02
-6.723617929111887215e-02
-9.033218518083309390e-02
9.727081831411540924e-02
7.311658223069253393e-02
3.716136765967482242e-03
-3.233539733270419936e-02
1.046743476436016174e-01
-2.003627603354333347e-02
-6.071818723495619324e-02
-7.260062192897119571e-02
2.688225121015092381e-02
-1.160267887540138154e-01
6.031359868659275092e-02
1.864992036360416799e-02
4.826408129156812415e-02
-1.328165201508413676e-02
1.201317713989772107e-01
3.563862112942715182e-03
8.785342401660972689e-02
-2.598947078515969483e-02
2.152635202378013271e-02
-2.225650477549688186e-02
6.264104155728039691e-02
-6.945902646938205416e-02
-7.602965760485639463e-03
-4.175204664361693158e-02
-6.737591750308941085e-02
-7.912467650789265644e-03
-7.847791254454143661e-02
-9.871599959147359105e-02
-5.239327144912272333e-02
-3.427270230169179865e-02
-8.740850934845323383e-02
-6.273364029785476192e-03
4.024235973466228078e-02
-7.385032725724136049e-02
3.164505323447695806e-02
1.409788014134723960e-02
9.500464278182306488e-02
-8.978450401275472892e-02
6.296159945529172797e-02
-2.936794563228427996e-02
-2.924567365832844365e-02
6.312517720404185739e-02
-6.552083067021416407e-02
6.016592050479726422e-02
2.014830964711166600e-02
-1.153998140225619487e-02
-1.100832408165057924e-01
-9.554903785183159470e-02
-1.174005509491349991e-02
8.102959869446717256e-02
1.498466001609221818e-03
-1.054217934152381769e-01
1.570701177145290839e-02
1.280051627747678111e-01
-1.087417079493139260e-01
-7.913870980071081862e-02
1.273279946414551667e-01
2.544706362438173969e-02
8.255325263086230742e-03
-8.256978315906091104e-02
2.370925013872707959e-02
-2.576023242163209825e-02
2.665264783039423754e-02
-9.371616561014110836e-02
-9.732091172104234689e-02
6.483343529328088051e-02
1.648473997074421937e-02
-6.712623602780329324e-02
3.471291421542732625e-02
1.677564368669401396e-02
-7.921206186146471928e-02
-7.799787219932649215e-03
-4.852098235382805436e-02
-3.555714715185560176e-02
-4.955873949032747749e-02
-2.257836470463688364e-02
7.447915031320102158e-03
6.547528835211061105e-02
-6.167100343320985195e-02
-6.512416117627796430e-03
4.434787981129971468e-02
1.005611872487012642e-01
-1.113019011566447614e-01
-5.805882223511101697e-02
-6.552258028077168062e-02
7.628361049064855126e-02
9.535858959825391223e-02
1.808339252787726642e-02
-1.018064372093010206e-01
-7.772488255405574087e-02
1.021620647789187736e-01
1.012289643657039023e-01
4.233159078632901112e-02
1.018845829574879618e-02
-1.247225589231100162e-01
-5.069173020563659537e-02
-6.825343381457245340e-02
-5.826459999744784679e-02
1.100592852077816597e-01
4.957507703482144645e-02
-6.433467192647335242e-02
-6.894206641971691030e-03
5.127034364094479324e-02
-2.065552741910227710e-02
-3.414990782014860893e-02
1.949484831837324655e-02
6.538166200691154784e-02
-1.196262902547008816e-01
2.319418864093482704e-03
-2.696076055072553837e-02
8.236619179984279449e-02
-9.555592872448455399e-02
1.562290749965787248e-02
-1.044816295620566021e-01
1.638259420793393428e-02
-1.229680747355937215e-02
-1.832811386861084302e-02
8.508032483568742088e-02
4.367835728679921037e-02
-4.131238390642567870e-02
9.960241502208451447e-02
2.595542880347685016e-02
-7.751479352913587251e-02
9.950006366114491976e-03
-1.252229501554175117e-01
-9.500088484862284632e-02
-2.070089707198096568e-02
8.808405027443538815e-02
-9.370694951292382613e-02
-1.895104436105433596e-02
2.885565443004384223e-02
9.786012859095411312e-03
-7.366906223090620431e-02
1.004663428128888848e-02
-5.186033926007849876e-02
6.770513020966280326e-02
-1.244708516837794432e-01
4.868622516128273681e-02
2.757171728118161524e-02
6.244616234644055630e-02
9.010355378985000774e-02
7.395113639318420806e-02
4.743308492539917431e-02
1.082962868910206655e-01
-8.449402571203505630e-02
2.867731972228644219e-02
7.509440627539899771e-02
2.304854045674358670e-02
-1.033185131002164470e-01
-8.254650603764901451e-02
7.165319108670539783e-02
-6.779097298335821919e-02
7.755213355643200690e-02
-1.012419544768548424e-01
-3.046641236956045343e-02
8.410736797285882360e-02
-9.505418879738342097e-02
-3.758601931292056969e-02
-1.196020420845891330e-01
5.723201313231342235e-02
-5.768421084860989728e-02
6.208731008772010174e-02
2.155326019692444667e-04
2.684093605823558576e-02
6.719299180778520730e-02
6.370179209928160391e-02
-9.987111330336785608e-02
-7.736575254845051708e-02
1.008692752484441901e-01
-4.884599287329452477e-02
6.512030011203152891e-02
-9.522245342188154216e-02
-1.762639713177492282e-02
-1.827824382442014631e-02
1.061493516018744143e-01
-4.779355794808582553e-02
9.269156183110741076e-02
1.500693970535903199e-02
-2.218703337612946622e-02
8.421213867574531622e-03
1.003453729506622039e-01
-8.005771149824905675e-02
-7.071780857835867351e-02
-6.086888562974906297e-02
-1.011979989674258590e-01
4.717996709407610428e-02
3.398235496041435155e-02
6.232533806776851225e-03
1.691810105192269363e-03
8.397508235873019089e-02
-1.215967447093914272e-01
3.885832100424023439e-02
7.448314213213745594e-02
4.649746834415757757e-02
1.033392250824296671e-01
1.124645910824625950e-01
7.316134462219643815e-03
-3.745697783311988799e-02
-1.146155630684274757e-01
9.255130452249450690e-02
9.466775961225003255e-02
-1.055485268815489763e-02
-1.232602757292857037e-01
3.666447863370698307e-02
6.070104907434306640e-02
2.309537435206424072e-02
-8.550547645451841983e-02
8.286290512521862772e-02
1.024212807764420113e-01
8.674493044125160257e-02
-7.507971408225781740e-02
-4.121473702113056387e-02
4.463426329836810841e-02
-1.128288476651492511e-01
-9.840498308586669018e-02
1.034859532871822002e-01
-6.597378586544570822e-02
9.297420895738842117e-02
9.242234171662368214e-02
9.636969700276869916e-03
-7.640070656060385379e-02
1.408050873199622431e-02
-4.605733351844470969e-02
-1.014587441983869909e-01
1.030890792410046469e-01
-7.486245705396346595e-02
6.288375577483347467e-02
2.208442769037448350e-02
3.677922386884170669e-02
4.171748671992443758e-03
1.045918554464858319e-01
-1.940285452389350906e-02
1.664182425873528964e-02
-7.064018036660321687e-02
1.793973847392237031e-02
5.316978371058393021e-02
7.086504447848067378e-02
-1.030319560828663328e-01
-1.152288806010363653e-01
1.873321220321854177e-02
-8.468463726335344333e-02
-4.186081475593315948e-02
-1.088759283608233819e-01
4.730925499086155450e-02
-5.935676206489512094e-03
-9.728399811173657485e-02
3.429979792511883563e-02
3.845470796567491967e-02
3.339218949230234046e-02
-1.108870522033683914e-01
-5.366976716002194031e-03
-1.888660712503925643e-02
-4.914830755630738429e-02
-8.933480940555302285e-02
-1.100648170043746765e-01
3.962107425220787182e-02
-9.783781301054231272e-02
-1.095550954420933115e-01
6.796356881677446948e-02
-5.850795847338685629e-02
7.745073479643931058e-02
-9.739614476490526807e-02
1.204062479106081662e-01
5.143266209434037978e-02
6.882604721895305144e-02
3.472881419208821707e-02
-1.069181251004679839e-01
-2.645532329890373791e-02
9.406322266231099960e-02
-5.305117389994080945e-02
1.009412140784339273e-01
4.596126971824367191e-02
-4.033329358952889715e-02
1.931587443416576261e-02
-9.807871846296078999e-02
2.458118024447868144e-02
-1.077667634984960099e-01
2.081968090232728594e-02
1.138342711078146469e-01
1.410567742762081946e-02
-1.084338182642882870e-01
-6.873560352258370476e-02
5.557245660358710315e-02
9.933966697313843797e-02
7.101776587757124837e-02
-2.340569854183444445e-02
-7.879187840086562811e-02
-6.277385771991483843e-02
2.774839394016214225e-02
-7.168485683365591332e-02
1.105398973199478857e-01
-8.597811767057186860e-02
4.449038961462646602e-02
1.248025282021822911e-02
-6.391974512521457485e-02
-4.842423315479545132e-02
5.124987473378894015e-02
1.461839859720522397e-02
-5.657279093010698229e-02
-1.302291757976190879e-02
2.519952576056617988e-02
2.116543104803413067e-02
-9.289963543796884299e-03
5.853840121415369857e-02
7.456984863552011678e-02
5.385930550152098067e-02
3.202598078313342866e-02
-1.273960613267001163e-01
1.062287690260940859e-01
4.662738301072971714e-02
-3.307445703059672115e-02
-7.504481588338472731e-02
1.534042877067230519e-02
-1.063729406488910928e-01
-1.068212184581256302e-01
1.858945887806896791e-02
-3.706299680672979491e-02
-4.324779069597820685e-02
-1.230902729772110626e-01
-6.065921620871206343e-02
1.081839121804821363e-01
-8.805047758794971868e-02
-4.005407645465829114e-02
7.405605430745368367e-02
1.634298079276821566e-02
7.273665560957649767e-02
-4.296740680357721137e-02
1.139404189272348739e-01
9.379831167689277327e-02
5.889430891933176287e-02
7.453706533017764521e-03
-3.832203271115675741e-02
1.809879689201207911e-02
7.762263988192585895e-02
1.521634881266161268e-02
-1.115421414537455386e-01
2.232114798258410734e-02
4.052117376398513271e-02
-9.190895328044185186e-02
-1.225354885426056945e-01
4.312900682815180853e-02
1.043857487096191972e-01
-9.007141880651713117e-02
3.966066642261242836e-02
-1.197123569145740196e-01
-1.063788416269802611e-01
1.123392418020457140e-01
2.096304580801010287e-02
7.489952622766042623e-02
-1.400327438131739738e-02
1.052956775193205213e-01
8.896034750256844037e-02
-7.377910846216112484e-02
8.066781331399906774e-02
2.186894462379310525e-02
4.425431502179834331e-02
-5.076669511748885949e-02
-1.268885743779509662e-02
-1.228001291277597551e-01
-6.520044787723397461e-02
-6.112607934240753965e-02
1.155281423980494826e-01
-1.151950659500131230e-01
1.072781979337307373e-01
3.364643450395788521e-02
-7.434580916445561460e-02
3.249999567391242961e-02
1.144877673577453236e-01
-4.047600109838019045e-02
-2.042622825846937898e-02
3.190398691424479322e-02
-7.917729415693314232e-02
4.238486862497224672e-02
3.217453712302965896e-02
-9.408831609202231161e-02
-9.962539163536379694e-02
9.665114228802830498e-02
1.137522045729779385e-01
9.665384125016201339e-03
-8.186857568970692250e-03
-4.545792533175838090e-02
-8.782814047503766097e-02
8.621879281050252863e-02
8.083888859932990278e-02
5.037097703168563756e-02
4.513441277519574663e-02
-1.045196080920436504e-01
-9.827562369791484342e-02
9.113312550427210557e-02
1.378850934762943653e-02
6.497507687347208252e-03
1.768527288271034073e-02
-9.848263820274273661e-02
2.058094718314021007e-02
1.810273056677682429e-02
4.414248550256994613e-02
-9.723521086154020276e-02
-9.015640806907447569e-02
-4.674285959972426102e-02
1.097614793601278393e-01
7.772430699195517767e-02
-1.138746148747309672e-01
-3.029958942999616892e-02
-5.290179308702353672e-02
1.101460607473871700e-01
-4.988787187590144195e-02
-3.682246383889087316e-02
-1.006254213652263765e-02
8.116085580634414820e-02
-3.906175457552183566e-02
-1.036362691192398572e-01
-9.378381340486342116e-03
4.876811338461618101e-02
-1.013230383130530599e-01
-5.876212318689387482e-02
3.395107108835852122e-02
-6.597522985845752364e-02
2.888477758823292801e-02
-7.142332357722827596e-02
-6.258907692657236788e-02
-6.085301219485343693e-02
1.171105685711862354e-01
-1.627077746658552732e-02
8.555220920924863637e-02
6.068593201253074526e-02
9.197695885389693682e-02
5.355908382257851957e-02
6.775221030639703990e-02
-4.795256876683672009e-02
-2.388930630461869389e-02
-7.108905848376641246e-02
-3.865990505690403145e-02
-7.471964951391553422e-02
-1.028339949724212110e-01
4.063718458290084719e-03
-6.817808279023257478e-02
4.381562122580553997e-02
-1.100440995715069037e-01
-7.309685645702596046e-02
3.107768946804810584e-02
-6.921499434251500438e-02
-8.521298921387832417e-03
-3.873006183035231087e-05
5.544890373357423685e-02
9.665728825300944071e-02
8.423650931663387298e-02
-1.462584886055804875e-02
-1.300926677963948619e-01
-3.839297731110975775e-02
-8.978778939419611305e-02
-9.912316405590378132e-02
-2.916210092228026241e-03
-4.656743235841218770e-02
1.114398736098370056e-02
9.941939072255380483e-02
-1.296898793072977576e-02
5.083377940104454040e-02
4.488799267191101450e-02
9.974692646956834219e-02
2.491522823367142009e-02
5.628095405424696218e-02
4.604707527311357323e-03
3.812788152739765568e-02
-3.909097115349865342e-02
6.489148149596164761e-02
7.557477914688218168e-02
-1.100554352286151616e-01
-1.229088704643038488e-01
6.454126616649982773e-02
9.690394375297185781e-02
2.857790786639287373e-03
-5.437559037145072577e-02
1.122388377862727077e-01
2.054299057082745530e-02
9.532329971061689888e-02
-4.731130728536349361e-02
5.885360297167083199e-02
9.645521690151209401e-04
-5.774197604550851404e-02
7.828162712669362380e-03
-8.235446920317085473e-02
-2.856777729896141371e-02
-8.752707070714278725e-02
-8.482893043776361039e-03
4.943147949907831379e-02
5.977442766289921272e-02
-8.062479509270750744e-02
-4.303529418761135872e-02
9.804136332733119630e-02
4.050168138135173956e-02
5.303710483205900661e-02
3.635248496559665560e-02
-1.129012109316111789e-01
1.064668694271196231e-01
-2.087281677858699586e-02
3.024363915389099641e-02
-4.965883569469424497e-02
3.831525340238544491e-02
-1.021291542372918248e-01
-1.134707513279541585e-01
-1.118627790696877650e-01
-1.066843360270278498e-02
-5.778199798136773868e-02
-6.022882342468461811e-03
-3.475471106705816521e-02
7.111856285894860297e-02
9.568741413773269866e-02
1.286368131810307000e-02
-8.243345076336545604e-03
4.564426996141315168e-02
9.514844324926945152e-02
-2.882285811816049856e-02
3.166477677915912475e-02
-7.582451003755430463e-02
-5.775824939894251553e-02
-8.458240545762608920e-02
-9.401105709355732365e-02
9.696724707814663446e-02
-9.523334558308003961e-02
4.546944305290111926e-02
5.665027836747296708e-02
-3.330150423163449197e-03
9.814313436795703283e-02
-5.069572259384787227e-02
7.328509137279132224e-02
5.479097288270351647e-03
7.841862319285855532e-02
-8.492115220041598911e-02
6.084021500738230614e-02
-6.226447997074354562e-02
5.205037174936692768e-02
-8.344577637066986908e-02
1.378525301333044170e-02
9.451295488354088253e-03
9.949018185638194497e-03
-7.813109095992121222e-02
-3.754832280914018050e-02
6.782796786444379895e-03
1.073971502648377735e-01
7.580504183898259529e-02
-2.576998728503077096e-02
6.507832411379498028e-02
-7.858354176768284072e-02
-6.068879868450351156e-02
1.498407158903086213e-02
-9.662810179414908773e-02
2.332666694120684794e-02
9.319649713271002667e-02
-6.304545874766332228e-03
7.662019378248972890e-02
2.263482621938656819e-02
-3.240590520924241380e-02
-1.158423598375354913e-02
-5.899344070418048938e-03
8.413940059353769430e-02
-1.517641695675026221e-02
-1.283316871806672310e-01
7.446359505720533123e-02
9.509595144104864006e-02
8.165535863337711198e-02
5.933766094192253343e-02
7.088439312257288627e-02
-6.118010121849802585e-02
-3.366549497901560190e-02
-6.663785855790549384e-02
7.825995165551768995e-02
-1.256895860612149418e-01
1.026218875103141054e-01
-2.539811006737471150e-03
-6.517204854057295771e-02
6.866381940677507290e-02
-8.067543443697887395e-03
5.667275618113419566e-02
6.478544536342348281e-03
3.701757261551225087e-03
7.069288611142957035e-02
-6.104350910071741632e-03
1.504657910479328953e-02
-6.255778349986607090e-02
5.452480181547465082e-02
6.785261732281537561e-02
4.838596470487242091e-02
1.017996323867990938e-01
-6.093090190192920752e-02
-3.825788285013356771e-02
-3.751963041110920744e-02
-1.778891390368227132e-02
-9.287117623396592969e-02
9.902047614344036686e-02
-9.669117777446267770e-02
2.178077064262640486e-02
1.160593694884698990e-01
1.033151075916009243e-01
-3.918732297023234251e-02
-1.137324274488478448e-01
6.896089954393187088e-03
-5.601066390799585432e-02
-2.869330859436623228e-03
9.353713938613986145e-02
6.585431300314650849e-02
4.109477530877810036e-02
3.681205155154307351e-02
-1.013479190608091579e-01
-4.213720173212062714e-02
-9.747883064538534481e-02
-6.813147655076732742e-03
-1.196465009192333728e-02
-2.793341010712190042e-02
-1.095441392917715223e-01
-3.506193089002644647e-02
-8.637684615930432686e-02
-1.151648649750738468e-01
-5.693133210526422905e-02
-1.219776973983405580e-02
1.857304511683048262e-02
9.000026767408667375e-03
1.016327319611484703e-01
-1.097212353724003192e-01
3.146796491299944099e-02
-7.907661853086618564e-02
-1.025095384797186648e-01
-9.385587554478044825e-02
8.665123581579278755e-02
1.165785929869993243e-02
-4.521319373365647459e-02
-4.123092714006146992e-02
5.632890472751522076e-02
1.032057069295352347e-01
-1.168904251713234060e-01
4.209205507771053567e-02
7.201804345970588828e-02
6.143112355356018101e-02
-9.338856449187789288e-02
3.779042590651046987e-03
-1.211212909472314248e-01
1.031414241244507507e-01
2.329025700456180750e-02
-1.177666852148829268e-01
2.980620417865025018e-02
7.707795622762886323e-02
-3.109628985988885028e-02
7.529958059330033038e-02
-8.248677904183955578e-02
-6.184290240434033720e-02
8.712409131523586592e-02
1.646702404411106921e-02
-5.258234638549644235e-03
-5.425713143672473981e-02
1.098320175534462512e-01
9.916227581595843388e-02
-3.580849490631930060e-02
-1.057460982871866323e-01
-4.724298176360667428e-03
9.397340290730119006e-02
-8.954475857816368567e-02
8.564010213314907777e-03
3.116326572317013044e-02
-1.048764816500665498e-01
8.119807175285492784e-02
4.115767712260073874e-02
-1.886001767005415081e-02
-2.419586798355133350e-02
2.936746675955424074e-02
-5.232549107283161055e-02
-3.243847691772521608e-02
7.633992992119961740e-02
-2.060012154940292842e-02
6.359954696793233830e-02
-1.183777357987042395e-01
2.400432532113196474e-03
-2.109106094955040533e-02
-3.163097319552246774e-03
6.548330317026193614e-02
-2.051989083908953987e-02
-7.035906132035189831e-02
6.931043027701837278e-02
-8.498390619892484329e-03
1.095448913541995362e-01
9.257678182559003766e-02
-1.159610084164842403e-01
-1.093070219938371002e-01
-9.508001695182016766e-02
-5.908153886870887855e-02
9.395645692826090634e-02
9.008302087168468253e-02
3.025531466265698327e-02
-9.279198012127272410e-02
1.182428141630956046e-02
-1.659261582436066113e-02
7.121021493739937425e-02
-1.028730424947448124e-01
-7.570748528012857803e-02
1.219871893148979092e-01
-8.469219951032605498e-02
1.192819857000446404e-01
-1.034193815078423007e-01
-6.483884298575640082e-02
-6.361499181517245305e-02
7.555008368876432734e-02
4.950790793433226117e-02
-7.055230986717288266e-02
-6.980109526909267226e-02
-9.525915295975596886e-02
1.203114720138240626e-03
-8.727584728938012071e-02
-4.070359303376550747e-02
1.147625778013787456e-01
-1.051934845018088066e-01
-8.277912089016643132e-03
-2.030989889507464619e-02
-3.794895788920040793e-03
7.642306186569809701e-02
3.263870891596550028e-02
9.418887556470569022e-02
6.874849792071377474e-02
1.246699142946323426e-02
1.105337993433898186e-01
1.021176475025979691e-01
-3.398456851676827373e-02
9.713508131288380032e-02
1.124974973839750203e-01
4.210197062698613907e-02
6.374299229715256303e-03
1.093650098192048836e-01
-1.172048217520856861e-01
-4.844667907763448855e-02
-1.168344469941280939e-01
-1.236732765226187108e-01
-5.557198948717501780e-02
9.784144135659562924e-02
-9.119306139307528647e-02
2.102854556916032742e-03
-9.359480125555416641e-02
7.623998898557368675e-02
3.602608247076371367e-02
-4.190868211980009611e-02
8.901313453582897217e-02
-7.822189115142728910e-02
-8.765728840377301490e-02
6.027201784089453174e-02
1.089855004738597422e-01
1.281321032635199079e-02
1.076326957652183891e-01
-7.813387274972721785e-02
-3.475833766720036466e-02
2.547600662832291696e-02
2.687423112785650159e-03
7.504940403368831614e-02
-9.152115675811574314e-02
8.705831404458300171e-02
-9.980671639672268614e-02
7.020784145074568383e-02
3.965339328022260412e-02
-6.342491080468692921e-02
2.901919352045560785e-02
8.707854606093581862e-02
-5.950971951385473913e-02
-7.391889853943285627e-02
1.051581931847786616e-01
6.974782101974372206e-03
3.769807976598170407e-02
6.313653460481908480e-03
-1.302786389756543373e-01
8.601374847449526351e-02
5.304966605651099737e-04
-7.570916848497596940e-02
6.496697039817525554e-02
-9.824326661056204113e-02
7.225430905701871187e-02
1.724191702590489178e-02
-7.455156043251334741e-02
3.021275614207936597e-03
1.017688216931042916e-01
4.607372179246326666e-02
-3.843028117318405407e-02
7.100545308306300402e-03
-2.411646060812600370e-02
6.869371032111366848e-02
1.015024423178185337e-02
-6.564012720433293202e-02
-2.950556423325411889e-02
-4.452421966072043352e-02
-1.705080860371304893e-02
-6.140600556280178396e-02
-5.163087399020414164e-02
-6.251537756889805064e-02
1.042998003880414443e-01
-1.191891903916498380e-02
-1.075801223346186525e-01
1.171599538244185584e-01
-2.839611534177342508e-02
-8.800456959107831600e-02
-7.701301128672252694e-02
-1.055628380160639895e-01
1.656010490403236543e-02
-5.742980294575339775e-03
1.117754248435621628e-01
-1.080026494818051193e-02
-3.544675461179250340e-03
7.713723493502190609e-02
-5.021959815894658924e-02
-2.001817638681182426e-02
7.593757372594876764e-02
5.476839071510140183e-02
-4.240902403844792889e-02
-6.528083136979981327e-02
-3.621837670235227707e-02
-7.405665344023312779e-02
-1.704100790352306924e-02
3.777461145921008623e-02
4.476645634318882072e-02
3.004791194461960135e-02
-9.006902664058943908e-02
1.472931179901518055e-02
3.046528298591148071e-02
-8.067055195470806961e-02
5.293079238785269869e-02
1.298264559784360200e-02
-1.204258313069771630e-01
-8.315601213992630802e-02
3.453196253308785102e-02
7.618837882782153459e-02
1.319864796400772519e-02
2.029784061015796337e-02
9.119731226929941870e-02
-1.444889062693001727e-02
-1.090043971232220049e-01
-5.742721582555313127e-03
-7.928979179646228337e-02
8.128544526599608411e-02
-5.325584566018719268e-03
1.680395080816511622e-02
5.631621679775535017e-02
-8.081268203790981097e-02
3.134746447415360376e-02
1.110077463926644054e-01
8.495544994914247527e-02
-8.450333151329393611e-02
-4.598330685621962281e-03
-3.782743389441498016e-02
7.777759369468974227e-02
8.512438850076146923e-02
-1.172479432653155268e-01
-1.242563689610403366e-01
-8.593287324247607384e-02
8.802978761920164652e-02
6.537902182700167097e-02
-3.577623484634709361e-04
-5.554913718354573607e-03
9.587541636803167261e-04
1.763863819863913107e-02
9.882297177923952958e-02
-4.825986326787623515e-02
8.344290617777180841e-02
-8.821987003050320297e-02
-5.254823287969449114e-03
5.110627303686783585e-02
-4.620884990128915071e-02
-4.514494447756094847e-02
7.500534818158294259e-02
6.770228980756171078e-02
3.628103957279278646e-02
9.511628039714808969e-02
-5.020522753899577667e-02
-1.105660565203321344e-01
-1.018788070405862167e-01
1.139877776220386274e-01
-1.909285067332983782e-02
-1.232359088894716403e-01
-7.012576912635548609e-02
8.087965232735450094e-02
1.942628258061854934e-02
-1.115336457592380759e-01
-8.266900944860894329e-02
8.386813214565323749e-02
-1.013999304848706429e-01
-1.186605138834910395e-01
-3.053515235239720807e-02
3.673420973933626960e-02
-1.207672671810564591e-01
1.806039326811312296e-02
2.883651265081454626e-02
-4.449460244821925453e-02
9.549363124758818155e-02
9.415257339431316874e-02
-8.727896518631844680e-03
9.787256755138433462e-02
2.223878663569702624e-02
1.777454700507388047e-02
1.410453851108953507e-02
8.740701855154800470e-02
4.796681341848282182e-02
-8.799843742309770844e-02
3.389072061817977738e-02
1.800456508037838119e-02
7.020275819420274122e-02
-5.271819098956347094e-02
-8.080425009889864729e-02
6.285077417620359153e-02
1.485083723636584745e-02
3.033950551626804840e-02
-7.702710413554718361e-02
-9.082874445973332378e-02
-1.611533670679595256e-02
-5.554545618649407018e-02
7.777223698668771223e-02
-1.292483235564313715e-02
-1.162479716815189024e-01
9.203374268072291031e-02
9.840313131892153287e-02
-1.048577848672295337e-01
-7.368972102757158360e-02
-8.562799984115400387e-02
-3.658516168774607336e-02
-8.471861672156182944e-04
-5.802620179532393119e-02
1.052880793930903586e-01
-1.150296357777197825e-01
-3.612164193090282999e-02
-5.017181880598934468e-02
-9.628922784816719427e-02
-6.413191488764880509e-03
1.100227091392513498e-02
3.048719898830176168e-03
-4.811693497567248734e-02
-1.642731076111261790e-02
1.048947594285548346e-01
-6.299191406114920677e-02
-7.610369009961580333e-02
-1.034053150499491258e-01
1.203920784242812070e-01
-7.124025063257755086e-02
-7.392019048065211206e-02
1.012468750008653079e-01
-9.744743120352705734e-02
-5.714409897516889957e-03
1.136083855030075862e-01
-8.868955470730192220e-03
-2.921467551778906754e-02
1.073445260576415122e-01
-8.761499719806534192e-02
-4.853152115029260583e-02
-2.041365455321280525e-02
-6.489048679917124203e-03
3.626611134325806451e-02
9.295595334534090259e-02
-3.499657540947723015e-03
1.380771465958448123e-02
3.437490406940704735e-02
1.752813999007450663e-02
-4.783025878737046099e-02
7.089685661078977408e-02
-1.624064609528049277e-02
-7.908080911256477885e-02
-7.645712453061390135e-02
5.916374322468084118e-02
-9.095568269532881833e-02
-6.191963497545682066e-02
3.882511343688692385e-02
-5.192843591721291174e-02
1.521779718684381291e-02
7.588647626630062523e-04
6.162768508185938882e-02
2.879067974181550790e-02
-7.530446433614140789e-02
2.416722385153027841e-02
-3.064759138463686930e-03
2.176341432255481448e-02
-9.784306301764836289e-02
-1.638896806370195025e-02
-8.457468524832628676e-02
7.775331117945281922e-02
-3.647040495072460115e-02
-3.341578404115125300e-02
-1.494278999135915421e-02
9.833464162004516840e-02
-1.177659416172552598e-01
1.152415687542601708e-02
-6.025605237143621257e-02
1.042781034902393322e-01
-5.690582672308835271e-02
-1.037710016402500768e-01
-2.274557656070413242e-02
1.559874256856026015e-02
3.582004694667393491e-02
-4.746268009622116139e-03
1.862677928737435998e-02
5.228662237409843067e-02
8.382366671805147051e-02
-1.541379548680604479e-03
5.135049290242222481e-02
-4.265545995745229080e-02
-4.210911807835682891e-02
-8.324039757782777590e-03
-2.180887477024842647e-02
-1.030933097328295273e-01
9.191766492576880498e-02
-5.744275978177430103e-02
-7.935119891676514770e-02
5.923664117667237078e-02
-1.388656283238663865e-02
-3.971767781688313043e-02
-1.083118055916117844e-01
-5.602683219149318800e-02
-3.769037037921833116e-02
5.722351536694181978e-02
-7.669570440329612215e-02
-7.464622153996760406e-03
1.975476765715032668e-02
5.934922751264833096e-02
8.374727003913642887e-02
5.149829047736342175e-02
-3.963359672431245734e-02
-1.673900888976222537e-02
1.463214692712469511e-02
-4.885483770538778109e-02
-8.548996123333521546e-02
-5.744442332337698631e-02
-6.207380711060639378e-02
-9.695383079678848715e-02
5.569952275594818036e-02
3.322331421162083576e-02
-1.048242874747105924e-01
2.948689703880909979e-02
-3.317391056349539707e-02
-1.050781701967996584e-01
4.418768461188406216e-02
7.269163697940558833e-02
-4.752240259276706985e-02
-5.220955607156249623e-02
2.692399641201653759e-02
8.408765319914150715e-02
-7.643976414149096510e-02
7.480271181914978362e-02
-3.997507381478676569e-02
1.239651242886420646e-01
1.063231707974125473e-01
-3.343046668135631755e-02
-9.503703301278731974e-02
5.094831853754554218e-02
1.075167186133085540e-01
-2.401498562580841462e-02
-1.056321728109154146e-01
-7.270550345879574217e-02
9.316115744841139967e-02
1.085429967841064908e-01
4.058548095528244359e-02
-9.292825897047354844e-02
7.559095335738366672e-02
-3.552919060043039506e-02
8.639272696000363169e-03
-9.261493236786591532e-02
-9.183102212601469694e-02
1.279957382196567767e-02
7.163202944542876316e-02
5.570483862306220557e-03
-1.133136432847344915e-01
-1.853655065542719055e-02
-6.240713527081084150e-02
-6.125729823893312498e-02
-6.845743234524895304e-02
1.543173375897013110e-02
1.277370329078209889e-02
1.045044297010236933e-01
-2.234012022537761218e-03
1.202788708541699253e-01
-9.628575972753428136e-02
-4.085258049900505894e-02
-1.153350138334586356e-01
-5.870224713923986870e-02
-9.540136156572169568e-02
-5.199406617965498384e-02
1.211035092491326640e-02
-8.766200051902833801e-02
1.064872556719917013e-01
4.402321712221218819e-02
8.280454478957874342e-02
4.234164039403808671e-03
-4.643345351743510818e-02
2.260343616676344786e-02
-1.921538685836989696e-02
-4.066235495122698385e-02
-1.094009820799755894e-02
-7.269264638739308948e-02
2.783092398534100370e-02
8.282716358289202163e-02
-7.637127880360869425e-02
-1.608857892679787724e-02
1.052603887088640749e-01
-2.596683490828810559e-03
6.091668264376869785e-02
-2.221248851653136527e-02
4.596206489360762232e-02
5.143741543064089816e-02
-9.047793917777473965e-03
-1.251865623426884344e-01
1.113483142489594124e-01
-1.007385799594299886e-01
-9.475758653644980600e-02
3.417487417108805436e-02
1.168135360955589903e-03
7.854557081098571814e-02
7.683122568799129019e-03
9.430498149557929241e-03
7.902057020691014011e-02
-6.688279541401578876e-02
5.104090344833452086e-02
-8.701235042632347871e-02
4.203227514593610437e-02
4.204578707698151951e-02
-1.260027143879440259e-01
-4.965037518070378186e-02
2.209130248219288127e-03
3.089728280855617154e-02
-1.622257535273243303e-02
-5.840865905112516826e-03
6.083780571858926102e-03
4.536399571078539306e-02
5.144389954472765661e-03
6.219610207349473424e-02
-3.362387123047770598e-02
-1.010899414587782680e-01
8.807430685867843889e-02
-1.153064069769463469e-02
6.927018398992300374e-02
1.314544448895968269e-02
-3.529288994557742976e-02
-1.542067110485896564e-02
2.271478242994329211e-02
-8.574576745097316210e-02
-8.724791656775168769e-02
-7.364560246428328294e-02
-6.231219005769422087e-02
1.044116398190338309e-02
-9.430567603630560236e-02
-1.028100834899671641e-02
-3.262604393992084989e-02
-3.411110688708822447e-02
7.940282075423013564e-02
5.534907740997459247e-02
7.375202953555660967e-02
-8.396473744062948885e-02
-9.131004818050011962e-02
6.375828540307217074e-02
4.736720926798186626e-02
6.495811048142123567e-02
-1.793851707867833226e-02
5.147178371704969752e-02
-2.067257745779818232e-02
7.664683039331414427e-02
-7.463991591917244761e-02
-1.036237155280229361e-01
-6.146391089875877234e-02
9.092762955201394437e-02
-1.117068092888672537e-01
-6.828172531950356394e-02
-7.843742768261167952e-02
1.509440911155390287e-02
-1.030406439457628859e-01
2.758500942119623822e-02
3.637865627934475793e-02
-9.833622936488188582e-02
-6.786196127950672174e-03
5.476976297401658922e-02
1.714424258663253126e-02
1.159426302101303485e-01
-8.162298360353396898e-02
4.567167827351907572e-02
8.166557583888908733e-02
-1.005779977827000876e-01
9.542736290330691706e-02
-1.146966767268625120e-01
1.064597167971872704e-01
3.342609658302186926e-02
-1.189189235705738756e-01
8.001322609886390991e-02
7.537020180270231906e-02
-7.990006176765369894e-02
-4.783782659794304920e-02
-6.872369976872380604e-02
-2.233663320913971753e-02
5.856572847418553725e-03
6.484001085154925126e-02
-3.422067500179098304e-02
-5.635683385394617967e-02
5.169919119497365378e-02
5.652214076931341008e-02
-2.932736602144300764e-02
-2.026555590851903191e-02
8.604080578369235899e-02
-8.381345162303874274e-02
9.673316963675349101e-02
5.283575275618461464e-02
7.672231409881488662e-02
8.661759786316015897e-02
9.106506330923493792e-03
2.207827641413290243e-02
-3.914498055133865811e-02
-1.114679298004242203e-01
2.154151087010797161e-02
-9.094472134145671627e-02
-2.735966111015924324e-02
-3.458328739216351422e-02
-5.142591207268863707e-04
-9.399293007708264813e-02
9.406027228383168071e-02
-8.809856909651056500e-02
-5.991530696716557136e-02
-4.174547263884677284e-02
4.484532686984228633e-02
-9.629965465073220265e-03
-3.935175018210818054e-02
-4.862737666864770658e-04
1.113027800504728763e-02
6.629707243565388652e-02
8.952997715316765581e-02
7.929541367798678686e-03
-2.247853310440808133e-02
5.454370594067399491e-03
1.096286447320631574e-01
-2.799768532643833255e-02
1.022421514514116614e-01
-7.322884407544280605e-02
-9.248882035821194558e-02
-8.525280395009915413e-02
-8.187304667119807422e-02
7.267313018645447931e-02
-1.198147963490921036e-01
3.823901341980585206e-02
1.097109202949108353e-01
-1.069998157995510207e-01
-5.826322075584040167e-02
8.852797338539038219e-02
-1.626751900426792394e-02
2.537336540298510204e-04
-8.757214054835470163e-02
-1.615327248458937881e-02
-1.115175587421537023e-01
5.340780354609764996e-02
-4.211873776633171668e-02
9.652123466842633948e-02
3.710323619436597942e-02
-1.157203984854325574e-01
-2.515856516956570949e-02
-7.308327794762399521e-02
-5.082495589199500369e-02
-6.319299085105661851e-02
1.081937367976440328e-01
-5.483987948014139302e-02
7.616471132828321611e-02
2.358046959259136460e-02
-6.788930060389335164e-02
5.984842263510222610e-02
-1.269008892896226759e-01
-1.041983937772987118e-01
6.552274776531265277e-02
9.119675560849788143e-02
-1.425094332359510413e-02
6.844171120838546396e-02
4.905843445509202455e-02
2.064442480172479222e-02
1.096367390511170103e-01
-8.116793109420458729e-02
9.580169521578028868e-02
-9.964990535404318062e-02
5.898392330710609116e-02
7.594943674741258532e-02
-3.822578711299391696e-02
-4.882701461829735967e-02
2.488456031083239456e-02
8.638944364446639324e-02
-9.157643985439239964e-02
9.919759663624987123e-02
-4.711492188222166089e-02
-5.003854959000957059e-02
-6.856979010463316870e-02
1.048956321704698491e-01
3.904398488169829456e-02
6.898725240860655028e-02
7.642303210514493628e-02
-3.526245502749938282e-02
9.062124436941879080e-02
4.476247855755803584e-02
-1.037878221973687065e-01
-5.031238318928096115e-03
7.648926789198548515e-02
3.470668057222577041e-02
-1.215400695519132795e-01
-1.083100531382828330e-01
9.141056210073928573e-03
4.037858090840803355e-02
9.006573802055178879e-02
-6.049303832473825610e-02
1.375428550468369739e-02
-7.029767398595158923e-02
-9.814534963337526174e-02
-5.155554712916908533e-02
3.432842634297735701e-02
-8.419109077417377685e-02
-7.631961499250970726e-02
-2.364939840857875619e-02
5.485980011933991318e-02
-2.958941486033581786e-02
4.351461196611493276e-02
-6.860283301464889516e-02
6.996750529484938030e-02
-3.993528697976117536e-02
4.336223568319797633e-03
2.295041936545677563e-02
-1.082619799533976190e-01
8.856288078838640832e-02
9.900389984717235248e-02
-7.954035878774824708e-02
-7.093756497351545731e-02
-3.534510035719716503e-02
7.540982051771642769e-02
7.257176253955911760e-02
4.311419016366555002e-02
-2.567073326909331821e-02
-3.079901684283736091e-02
-9.171980851527195000e-02
-4.878589066877807301e-02
-6.595553149695186634e-02
7.989444160700442943e-02
9.517498613800580431e-02
1.111613553167108553e-01
3.121360257987415912e-02
2.548634458030895472e-02
1.125300982114084275e-01
-5.032386225820791037e-02
8.110038723050019827e-02
3.849830027197858467e-02
-1.044828013631094871e-01
-6.741143762904126813e-02
-3.621304730141425982e-02
-4.399299427368569271e-02
-8.397780971258228533e-02
-4.565192610869837214e-02
-8.664102455261368796e-02
-9.468870159238679252e-02
-1.191444889705855631e-01
2.356504535098693717e-02
-2.457874658222904130e-02
-1.737121693031324840e-02
-7.562068101824168109e-02
-8.835386921092910906e-02
3.613076547770824321e-02
9.829982763586860017e-02
-9.578259991057083700e-02
8.225887794646612183e-02
1.088233738812053042e-01
1.049420060771551894e-02
1.994660413394294673e-02
6.342747602976882976e-03
6.428875286958325719e-02
-6.074210895999661297e-02
7.760590003748013554e-02
-8.439412689870683104e-02
9.272973298245737461e-02
-1.243932595904005400e-01
-1.196761934687220856e-02
5.138415031063123944e-02
9.889250180505018695e-02
-1.651792346308481735e-02
-9.198608781747004415e-02
2.039388344063548797e-02
3.586277777649516524e-03
1.021436440091286618e-01
3.098395295166942592e-02
7.495727326774834220e-02
8.175315547981683306e-02
9.483310313659967794e-02
2.293131835090860687e-02
-1.021998602311113558e-01
2.541327882353858897e-02
1.000424139531057577e-01
1.799871042261239062e-02
1.619281619093237284e-02
-3.250542477579066586e-02
-2.284005977145173866e-02
-3.608373396381749088e-02
3.098224770663547678e-02
6.704016292481200512e-02
3.791509432370546162e-02
-2.941623255237771351e-02
-5.495780310476051922e-02
-8.584615471973412737e-02
-5.311455860073859003e-03
3.471547788142190921e-02
-1.115268056513604861e-01
4.665340495363289736e-02
-7.370078847874755867e-02
6.029376970128582508e-02
-7.295686900860933605e-03
-4.299463733855510977e-02
8.963436468508899357e-02
2.667612256328815226e-02
-8.965466887824577458e-02
-1.944946853835075734e-02
-3.416245314005113276e-02
2.113664724562275971e-02
-7.527143809015486575e-02
1.158082757707905724e-01
4.763240854345468511e-02
3.476536652824489121e-02
-2.313800995956488693e-02
-2.552012025856964170e-02
-7.639850751266591411e-02
1.116240577723425810e-02
7.127459516964004815e-02
2.173225018318540938e-02
-6.762156357301740695e-02
-4.934635659817353248e-02
-3.722012042475817545e-02
-5.065337846354805995e-01
-4.330751288344023564e-01
-4.950928542185316084e-01
-3.545309291530249207e-01
-3.880578303501054371e-01
-1.525425714954268819e-01
-2.754597692837266187e-01
-4.563599770496443164e-01
-5.633145858506154458e-01
-4.437920718011449939e-01
-4.685087772354570856e-01
-3.145280038527114574e-01
-4.092739501400997071e-01
-4.665132567958419352e-01
-4.204996197698863680e-01
-4.576458185529339584e-01
-4.624115899863701085e-01
-5.040511379205028231e-01
-3.931255478399498515e-01
-5.202374750438701900e-01
-5.292885121158545925e-01
-4.599859095912057216e-01
-3.710803010853347406e-01
-5.185596172307223028e-01
-3.442649965114538135e-01
1.061454651951881933e-02
-5.474373835409097888e-02
7.375839297818885532e-02
2.790441405800220959e-02
-1.318862529097823699e-01
-1.547900646980842308e-02
-6.535881073218538506e-02
9.939365178420646318e-02
-2.903089713024125523e-02
-8.082470121481834247e-02
-7.476960356932901841e-02
7.681329541989860565e-02
9.941599500769157660e-02
-2.776423781543744390e-02
-8.057291403554221743e-02
-1.275632661795801093e-01
-2.969827271873585681e-02
7.854083210515920566e-02
-3.752170681345920467e-02
4.181931337653785330e-02
-1.252935026708440827e-02
-4.940876620220743809e-02
-7.896630256560592531e-02
1.077597745659947953e-01
1.513555274230865208e-03
5.535035385250444695e-02
-6.759864904296536067e-03
-3.063290432445575293e-02
1.815159448315002005e-02
-6.548104869373122527e-02
9.103848278825975304e-02
7.329494230037716940e-02
6.413982156444541713e-03
-2.824186781735943397e-02
6.430958276996888434e-02
-3.008312556750018102e-02
2.338802863560131978e-02
-5.618818035859639293e-02
4.632213545136244087e-02
-1.047739697659201379e-02
-2.026279602368510208e-02
-7.539662098132371426e-02
1.032525140528928603e-01
2.807413013729751980e-02
5.078631737374609406e-02
1.373815962433381707e-02
5.362608448413502815e-02
6.349094087238335918e-03
-9.254203730442475684e-02
5.263696032811670394e-02
-6.963693976380043449e-02
6.111467275702246044e-02
2.377291331443613653e-02
2.621353203954984029e-02
-5.900250872914879902e-02
9.117681053266442348e-02
1.000456567165511623e-01
-5.275588893314180766e-03
6.419352527674529463e-02
-5.455149161264613578e-02
-5.132155270748623571e-02
7.112578430736000989e-02
7.028888602068437963e-02
-5.043229744372556417e-03
