-2.954585255275962163e-01
-1.783967495144312687e-01
-3.183027951468007100e-01
-2.811507453423308101e-01
-2.687681621609161464e-01
-1.677348888537241733e-01
-1.252260192537824890e-01
-2.042648352530874178e-01
-1.334028289697138658e-01
-1.768023356297478421e-01
-2.787542517971420830e-01
-2.300859905869689914e-01
-1.497026732390297210e-01
-1.047556096690868965e-01
-2.079523961040499747e-01
-9.869943818406284874e-02
-9.952447465284200434e-02
-2.647432102222199157e-01
-1.513641595336794321e-01
-2.456611069084108090e-01
-1.783188728504860598e-01
-8.773921066492165743e-02
-2.511310131735044471e-01
-2.072947072281945413e-01
-2.700288488740020254e-01
-8.732359035733802677e-02
-2.314793937218601882e-01
-1.001184264049497508e-01
-1.149945256036967178e-01
-2.859182083792323192e-01
-2.691482781555049053e-01
-2.357061857719105480e-01
-2.538211053086589786e-01
-2.101454960025501695e-01
-1.968058437104053260e-01
-1.117871216551760138e-01
-1.782343758528190658e-01
-2.811740771931134364e-01
-2.501058197068787847e-01
-2.181631317432552730e-01
-1.092895297334061655e-01
-2.541770308942291057e-01
-8.853472729259240226e-02
-3.172555885226839290e-01
-1.611678618392356488e-01
-2.720198896097361096e-01
-1.575656541827247514e-01
-3.135290959493038376e-01
-2.578273713518968724e-01
-3.078385286061426918e-01
-2.129159785247034531e-01
-2.809294883019445854e-01
-1.734714087590511766e-01
-1.123502668290091433e-01
-1.159911532381924515e-01
-2.715073034643133432e-01
-2.938514275105115203e-01
-2.146068056074748043e-01
-1.965813134455078881e-01
-1.807620226024856114e-01
-1.149935427677276356e-01
-9.517616272628587337e-02
-2.318442191663472873e-01
-2.806528724239875094e-01
-2.233581072902398046e-01
-1.162661336868609785e-01
-1.360279494807774825e-01
-1.849527725353315721e-01
-2.336442600974961148e-01
-2.804224909191380677e-01
-2.871160604169437081e-01
-2.445865349555623180e-01
-2.425807973025058129e-01
-2.506711086764532026e-01
-3.003306155497356134e-01
-9.257346640042080077e-02
-1.539463568999911991e-01
-2.170612557321590086e-01
-3.093373282614242381e-01
-2.373181258661539172e-01
-1.325097189480529680e-01
-1.198782910571891958e-01
-2.241200996260719058e-01
-1.563430993197591767e-01
-1.344877084517177579e-01
-2.448940971029847091e-01
-2.088367115602408619e-01
-1.117709798182180692e-01
-3.118400153699085187e-01
-1.021010618815793858e-01
-2.820217926714315704e-01
-8.848921369048984298e-02
-1.951505224280866702e-01
-1.448995935860023510e-01
-1.408189772233654768e-01
-1.213453669405987201e-01
-2.068253223437312438e-01
-2.798626003670568463e-01
-1.892896456003999861e-01
-1.594357791426039284e-01
-2.020651967056206200e-01
-2.155569194166200020e-01
-3.041465248643285824e-01
-2.682983104269489605e-01
-1.565171574924083542e-01
-1.156860253064820043e-01
-1.534929991758788859e-01
-2.602082315280390135e-01
-2.811111819998875494e-01
-3.110290463952035123e-01
-3.170272807431701034e-01
-2.969812499074462320e-01
-3.144199583905747941e-01
-1.613424649021122093e-01
-3.022232641352221583e-01
-2.601944903727667069e-01
-1.533657167430300394e-01
-2.291770390444953787e-01
-2.215747378145930813e-01
-2.451003854565998452e-01
-1.200588832167486797e-01
-1.278416589923101199e-01
-1.596218398286902984e-01
-1.681646516575623362e-01
-1.347580026150177190e-01
-2.372700189338540211e-01
-1.273324764153180300e-01
-3.188890072229742523e-01
-1.884368439250427851e-01
-3.132607321820389257e-01
-3.380939648807527731e-01
-2.548930993143639356e-01
-1.715019697464199855e-01
-3.622994261724126752e-01
-1.345956198809042381e-01
-3.448110232771492423e-01
-1.352548501441670770e-01
-3.475651825842440701e-01
-1.670335996979739612e-01
-1.580362837217493543e-01
-2.293649792162048562e-01
-2.146175924641622601e-01
-1.776937365475416974e-01
-3.050199613644173913e-01
-3.549390137284862412e-01
-3.086316410737945937e-01
-1.903592075534928652e-01
-1.864067768988427742e-01
-1.871697028753304959e-01
-2.830611481773430138e-01
-2.798610447689433012e-01
-2.585783523279155394e-01
-2.537957378266337272e-01
-2.919111531989800334e-01
-2.145303493308868270e-01
-2.062803175128163913e-01
-1.542203767463696806e-01
-2.993950161673142873e-01
-1.626260403861602422e-01
-2.210435333867134255e-01
-2.094396206033971863e-01
-1.794603556893273055e-01
-2.686202180563385666e-01
-3.060991424998960042e-01
-2.220526805047543240e-01
-3.440584875913701435e-01
-2.211880532090723939e-01
-2.103252753743637127e-01
-1.391903505550536324e-01
-1.412709813399362080e-01
-1.285135058802030217e-01
-3.069280602617876497e-01
-2.612690028728449354e-01
-1.618630493880234833e-01
-1.291725097518826026e-01
-3.350697017772040764e-01
-2.860931837795094301e-01
-2.004342863499138649e-01
-2.845850786697948775e-01
-3.297849072510935509e-01
-1.502022561354549590e-01
-1.652959372620758649e-01
-1.586535926684450870e-01
-1.386618861290355997e-01
-3.341632660916749042e-01
-3.147665239288821581e-01
-3.342950965374742456e-01
-1.329977696025906597e-01
-3.150503061968194518e-01
-2.170979802400621606e-01
-3.141966714087884860e-01
-2.873343029539386917e-01
-2.219971584460579961e-01
-2.336618659954197152e-01
-8.381145260576100542e-02
-2.907203232115734282e-01
-7.612866131182824403e-02
-8.612870554604951101e-02
-2.259889474192162129e-01
-1.712955100098885186e-01
-2.331159745791704374e-01
-1.859138836548852591e-01
-9.529156298605151454e-02
-1.357801324585869440e-01
-1.881832589220815422e-01
-2.030111756980508553e-01
-2.776996065494362065e-01
-2.449263869837106644e-01
-2.091094756244860908e-01
-7.331657812496136795e-02
-1.638627632797585720e-01
-6.534755210925305424e-02
-1.963090613500613479e-01
-1.403508966093694466e-01
-2.252252861460573019e-01
-2.921791373901900801e-01
-7.069745311483710548e-02
-2.667892330730276540e-01
-1.540373647954254022e-01
-1.967969151593797206e-01
-1.697457079824108983e-01
-2.741626481804834148e-01
-2.205606462720620387e-01
-1.306212970974864884e-01
-2.459771633249556722e-01
-1.721990703454999161e-01
-1.911978295707987274e-01
-1.126677620752156439e-01
-8.949684719637396313e-02
-1.388346303375009028e-01
-2.184284026691395986e-01
-8.337843257204463621e-02
-2.726532099689209510e-01
-2.910629081282100072e-01
-1.826856195671448524e-01
-2.458206222337891989e-01
-1.347037679719488568e-01
-1.984798995959403956e-01
-2.134943485171653665e-01
-2.582744395042355645e-01
-2.586784352559178268e-01
-1.894854577840957288e-01
-2.450150496904775488e-01
-2.777022281374781354e-01
-2.612597859398941846e-01
-2.799524936810919851e-01
-5.682344933737384918e-02
-2.107230420914759650e-01
-1.484443571807721740e-01
-2.473137340695787389e-01
-1.517329884132148921e-01
-9.592972354387324652e-02
-1.568351516088992426e-01
-1.691183090172786729e-01
-6.955419344095603584e-02
-2.809561686632562338e-01
-2.264500055142497081e-01
-1.655668060087142623e-01
-1.403145499931680584e-01
-2.434117448541040230e-01
-2.331548437271699914e-01
-2.493576615482577807e-01
-2.635161023206359920e-01
-1.893460303153048641e-01
-1.999394523483627173e-01
-2.947735208920998495e-01
-2.772106862874912925e-01
-2.473265555624783452e-01
-3.041353770530815237e-01
-3.178656868564387339e-01
-2.621586475165443297e-01
-1.771678238094668845e-01
-2.865860524479750815e-01
-1.318860342548361375e-01
-1.463233089806046938e-01
-1.442174917225007291e-01
-2.541836601752087699e-01
-2.208035127289611488e-01
-2.510866451625372031e-01
-2.988969490711601007e-01
-3.154559257277076978e-01
-2.535274079609864395e-01
-2.964712273684172450e-01
-2.937253595363735204e-01
-1.833407445680322323e-01
-3.290411093301329193e-01
-3.368005246351850612e-01
-1.991878035671871827e-01
-1.764702249345746210e-01
-3.443796478365421798e-01
-2.726850045999353878e-01
-1.154235396354974796e-01
-1.979343906390898800e-01
-2.281302979784332607e-01
-2.018652411586814022e-01
-2.018519240742497334e-01
-1.807307522310275250e-01
-3.304929510945902038e-01
-1.265498274406647305e-01
-2.067449469308927645e-01
-2.699584752292506495e-01
-2.798503747497461669e-01
-1.281332905088213570e-01
-3.335209731745675255e-01
-1.450176372651107992e-01
-1.676131970717833763e-01
-2.953745946369548125e-01
-1.549500537034818604e-01
-1.651223193603147954e-01
-2.379531226625385409e-01
-2.871535761770265816e-01
-1.220770222064311572e-01
-1.536571772023257454e-01
-1.160974844205116263e-01
-3.446042277079488514e-01
-2.415301400395253595e-01
-2.061632053882430371e-01
-1.176415315307416942e-01
-2.919021068420570852e-01
-2.032150861279661547e-01
-2.073140198401902667e-01
-1.293809782320766155e-01
-1.894036284682141802e-01
-9.844639091047821533e-02
-2.431465003748878584e-01
-2.922261968088115669e-01
-1.919448454327407905e-01
-1.008427623488488689e-01
-2.583786828481092201e-01
-2.483147423021652977e-01
-2.780394495338459615e-01
-2.815633054752131326e-01
-9.120913905023836366e-02
-1.395974195383133942e-01
-3.067951140406143251e-01
-1.899088342487047776e-01
-2.767917622783148679e-01
-1.206748378615266903e-01
-1.167299414320346618e-01
-3.264665997445203027e-01
-2.582456089566252389e-01
-2.020371946028849119e-01
-1.718577593083762955e-01
-1.460445279424061327e-01
-2.170088337410633617e-01
-1.657102263083946037e-01
-1.704770202111376420e-01
-3.058477575848660424e-01
-1.231960074292030027e-01
-1.136441327099617926e-01
-2.929334107886825134e-01
-2.493163306125536494e-01
-1.801091471374021147e-01
-1.343391787372801016e-01
-9.934204306686955643e-02
-1.931663383553203217e-01
-1.670550475680926128e-01
-2.135370730803033412e-01
-2.380386042724244866e-01
-2.847765206670735960e-01
-1.258516680184725289e-01
-2.686510392124636382e-01
-1.809487083655096362e-01
-2.245737955334367320e-01
-2.052304014173112756e-01
-2.571258814707184648e-01
-3.098484405781328221e-01
-1.297880215305824980e-01
-1.522743031663705005e-01
-2.350570691065472506e-01
-2.045815041798255407e-01
-1.968116527531884319e-01
-2.287232861021539221e-01
-1.947864779832503279e-01
-3.028130708479884747e-01
-3.268062541111970143e-01
-1.914822420808139081e-01
-2.544929602278854786e-01
-2.257238222053129517e-01
-1.853385446053089081e-01
-2.407504620283116292e-01
-1.652711330821794167e-01
-2.941517874805713584e-01
-2.533198688719635050e-01
-1.513042646833895333e-01
-2.987072938788137844e-01
-1.814823836064196338e-01
-3.250273158102294224e-01
-1.218782054378679536e-01
-2.727177775985026864e-01
-1.290494225660797356e-01
-1.615421370419140024e-01
-3.113146644905751548e-01
-2.303626684709731420e-01
-1.504746522345079274e-01
-1.018020436256405759e-01
-2.705167385205629604e-01
-1.983624523961078912e-01
-1.092723340913457908e-01
-1.427173395978351411e-01
-2.510023533387132355e-01
-2.345336855888956185e-01
-1.981019263271508735e-01
-2.923172914570713044e-01
-2.016888197790405735e-01
-2.684470033533272182e-01
-1.559545328080065019e-01
-3.216749664155725830e-01
-1.884757396805202823e-01
-1.331220941810375979e-01
-2.182988504767002513e-01
-1.511329146817597391e-01
-2.422412430913776227e-01
-2.591570900781389741e-01
-2.708498298210226807e-01
-2.250856293355533722e-01
-1.705832830536643252e-01
-1.200974260266747251e-01
-2.305724882584524460e-01
-1.502878788062902427e-01
-3.154733620333614041e-01
-2.871612387249644072e-01
-3.126278936222538496e-01
-2.857928847156196994e-01
-2.419805233388626076e-01
-3.340608976803753349e-01
-3.252831435401311033e-01
-2.326429009364744671e-01
-2.257208100927924344e-01
-9.630845477684646383e-02
-2.854609222919525235e-01
-3.128895248860668610e-01
-1.873676163627864544e-01
-9.945975086917924202e-02
-1.691313844015874812e-01
-3.238686915660888843e-01
-1.971894175747064826e-01
-1.424914775373968545e-01
-3.207556230134518405e-01
-2.333965203684894296e-01
-1.015472408054782782e-01
-1.832871765636807926e-01
-9.531503147566711132e-02
-2.259156651782739389e-01
-2.040444718485907027e-01
-1.080908751279771596e-01
-1.491463810993246264e-01
-2.352250785537110256e-01
-2.474896112306779195e-01
-2.825846166371356327e-01
-9.438441156434881907e-02
-1.561515590862161684e-01
-6.877830740561816092e-02
-1.235613813085101320e-01
-9.577205235995425725e-02
-2.479205265627678068e-01
-2.627369349119978992e-01
-2.529069630133020663e-01
-9.939769063502146285e-02
-9.170797587710768917e-02
-2.649022801908926805e-01
-1.946007340146318487e-01
-2.040490617864704204e-01
-9.151084567073222709e-02
-2.159138738137358904e-01
-2.254847371368532416e-01
-2.445822392897247233e-01
-9.609397861028456944e-02
-1.665626196122316771e-01
-1.068617489447575286e-01
-2.379333516355925382e-01
-1.295913680464664264e-01
-1.664001667016783703e-01
-1.725827584068725939e-01
-2.020908679792907392e-01
-2.109588335713288298e-01
-2.357896544487937951e-01
-2.250898018556962976e-01
-1.854772108066084779e-01
-2.200520679501615229e-01
-2.751829631773714535e-01
-2.388328075470813605e-01
-1.771272442527586366e-01
-1.743161812719903336e-01
-2.582017511869951210e-01
-1.871749359258541023e-01
-2.434615763095816510e-01
-1.636168829244302458e-01
-1.497118642707885583e-01
-2.572325891328324787e-01
-2.202083996347269368e-01
-1.175847140875212749e-01
-7.003504126627235760e-02
-6.588619247535698609e-02
-9.184158628036626082e-02
-1.239421736083735903e-01
-5.716314631328553442e-02
-2.602317831852997143e-01
-1.591013552817863996e-01
-1.970757576963701740e-01
-2.072477062397044822e-01
-7.533213200745511595e-02
-1.667455988699687586e-01
-9.879659035663679312e-02
-2.079037255046474741e-01
-1.341067287018385679e-01
-1.696505972524391115e-01
-1.784234254861042923e-01
-2.624300706789660653e-01
-2.865095666843007205e-01
-2.286230922738585192e-01
-2.489585590801468018e-01
-1.609145310294886333e-01
-3.559780612939850708e-01
-2.054152770689318397e-01
-1.875475656937392321e-01
-2.006784958997702428e-01
-1.952488330556936547e-01
-3.386201159883839851e-01
-3.137352196996679443e-01
-1.730855730477380283e-01
-1.654615481172590774e-01
-2.291632145421702571e-01
-2.099792190469543240e-01
-3.014390386481307083e-01
-3.351310014581956320e-01
-3.459823470264657974e-01
-1.624570220831134948e-01
-2.446642503249696343e-01
-3.086510405001033353e-01
-1.717556985581976947e-01
-3.256840334331158049e-01
-2.897254118026600933e-01
-1.629262587796957429e-01
-1.747617473663105880e-01
-2.057035164703262531e-01
-2.772720980103280386e-01
-2.180049037723195415e-01
-3.788494997646537632e-01
-2.309701841604861472e-01
-1.599957753632117730e-01
-3.545886251319034788e-01
-3.154676981931304747e-01
-2.749581956455263154e-01
-3.142181709388926492e-01
-2.924905046857784741e-01
-3.290419288406719045e-01
-3.240397466980243779e-01
-3.387721325582110365e-01
-1.469943794664782810e-01
-2.209041573035811779e-01
-2.764180600151295297e-01
-1.628739221077376287e-01
-1.438662047213715156e-01
-2.624821025546388853e-01
-2.041101605629081772e-01
-3.396232911414255873e-01
-1.786256583313270696e-01
-1.821733608534189530e-01
-2.333212423003162839e-01
-3.480739116983986303e-01
-2.071762703789191695e-01
-1.382532197021812681e-01
-1.705482103292517704e-01
-1.993298062862172704e-01
-2.576120653067122124e-01
-3.423836838623211531e-01
-2.183031751141746302e-01
-3.165971113084592448e-01
-2.294001335529378405e-01
-2.941969373185138736e-01
-3.303061042302090078e-01
-2.265342672378519162e-01
-1.385766426153625941e-01
-2.883980270521496747e-01
-2.516573613701937884e-01
-3.486241519552183976e-01
-1.276116665969178887e-01
-1.979504338702005595e-01
-1.456770998948646867e-01
-2.694529160626513153e-01
-1.526794010155064496e-01
-1.847490520922023816e-01
-2.767926932696925801e-01
-1.739560907233047016e-01
-1.718207397931565406e-01
-3.537627023759032374e-01
-1.201293893996036866e-01
-3.027533672184536395e-01
-3.541694030785222380e-01
-1.963112519371122688e-01
-1.251551693595646386e-01
-2.533315678781633551e-01
-3.186526051240489155e-01
-3.179422381421731503e-01
-1.841836176257504176e-01
-1.842253361117119070e-01
-1.945461497731133527e-01
-1.858501987929962462e-01
-2.098892673201326053e-01
-2.849704915241523251e-01
-2.633529193877568453e-01
-2.316497262244215372e-01
-2.226113745264112764e-01
-2.105333345434595438e-01
-1.987176457397868967e-01
-2.207759444469477583e-01
-3.204299195441447923e-01
-1.548247032597556971e-01
-2.206994387328006790e-01
-1.155510040948719563e-01
-1.217487852094776835e-01
-2.911564487667418488e-01
-1.364415284060098155e-01
-3.243623494982817990e-01
-2.173162048529415913e-01
-1.813578389806512481e-01
-2.411603492383173897e-01
-1.967460501056929323e-01
-1.468054411679954319e-01
-3.486922231999979305e-01
-3.523121500557194197e-01
-1.723037630315785163e-01
-1.273651003994731579e-01
-2.796493193055605286e-01
-3.243369651936016118e-01
-3.237358971700148302e-01
-1.389822640770421724e-01
-2.479515957030817286e-01
-1.533447552133411218e-01
-1.839036815743076703e-01
-2.884476592266671524e-01
-3.487557029181499457e-01
-2.147901963352912558e-01
-2.242657293848421274e-01
-1.163410845126258697e-01
-2.254527561837775529e-01
-3.503005268727734656e-01
-1.195023500706963171e-01
-3.405445999406961910e-01
-2.831597002698094112e-01
-2.530184818042894301e-01
-1.452806757799095794e-01
-2.000918068722554177e-01
-1.729658097146454521e-01
-1.183990418499832609e-01
-1.289009701396541530e-01
-1.645280098088200693e-01
-2.563270096012499333e-01
-2.000239096249165072e-01
-2.051171489590779551e-01
-2.783485302564731589e-01
-2.755258817603671861e-01
-1.668173680367838752e-01
-2.693621720693958332e-01
-1.101253328523508768e-01
-1.279277786392966354e-01
-1.637607852284295729e-01
-2.849317333436865440e-01
-2.567042289024309420e-01
-2.589499107701033753e-01
-2.916245985614432379e-01
-1.644153282364397284e-01
-2.969319367399325116e-01
-8.280807626700642521e-02
-1.239057652835514611e-01
-2.292187895543013054e-01
-2.878047570029526048e-01
-2.933386877837291240e-01
-1.887178588410369784e-01
-2.975512080193082887e-01
-2.415306029791282616e-01
-1.766622266475279812e-01
-2.524419748154799192e-01
-2.532915425180447544e-01
-1.474886861035015484e-01
-1.983757695883867078e-01
-7.844969031103046775e-02
-2.508273822148457954e-01
-2.378083902924130189e-01
-9.684982200976002820e-02
-6.496328142583038256e-02
-2.643602715565510630e-01
-1.455679482893261767e-01
-7.965320865713956811e-02
-8.821335494548540601e-02
-2.670528686013909914e-01
-1.672074639695139975e-01
-9.964347953018379278e-02
-1.536310457469828861e-01
-1.727152092212707879e-01
-2.946952396913770644e-01
-1.258558945136676321e-01
-7.314856636842984039e-02
-1.327231769575208109e-01
-2.110474644905378783e-01
-1.033254125062983975e-01
-9.171008205960773374e-02
-2.289222185890625316e-01
-2.479869111597126918e-01
-1.848368590093601993e-01
-1.203994936026685225e-01
-2.407042898857332802e-01
-3.022299589271544296e-01
-1.020537858197099190e-01
-3.189402564881717028e-01
-9.013298009376832787e-02
-3.070367182071813694e-01
-1.732223712919615521e-01
-2.846208425572441247e-01
-1.241168306496314988e-01
-1.604511595507550070e-01
-1.659339973762430920e-01
-1.199494421403073385e-01
-1.268215824484141274e-01
-2.566671047677089312e-01
-1.523444788636172664e-01
-1.636133241297607344e-01
-3.107662541307732451e-01
-1.672157316083857648e-01
-1.001379453285947407e-01
-9.360466942042144911e-02
-2.363594059675889203e-01
-2.258474609732951666e-01
-2.459681068999602926e-01
-2.742057734953712300e-01
-1.913078912316079627e-01
-1.237258342969142777e-01
-1.185987011851449835e-01
-2.273355052259026510e-01
-2.672867184652458761e-01
-2.010981493447693003e-01
-2.426897232318838971e-01
-3.135904302981487035e-01
-2.477199214195884847e-01
-9.753365762562107855e-02
-2.992697350869709672e-01
-9.508115837787137203e-02
-3.161089242078989892e-01
-2.633718019739819116e-01
-3.120894716174771322e-01
-9.278254677022659824e-02
-2.006808440982347785e-01
-2.171721638380799679e-01
-1.107017326024962167e-01
-1.035483955631317232e-01
-1.708939181656350947e-01
-2.892989998245099614e-01
-8.787544730445795427e-02
-2.814669672932238464e-01
-2.654384001623110723e-01
-1.383568998820543239e-01
-2.148035924870396740e-01
-2.991128917330903025e-01
-1.106051981954309094e-01
-1.735217492701802977e-01
-3.034228672907250957e-01
-2.702417404461237016e-01
-2.705508247528046195e-01
-1.788371982823536710e-01
-1.789243801753333807e-01
-2.232020785738622892e-01
-2.594768393830975683e-01
-1.123134480197556795e-01
-2.481637422126681258e-01
-1.832193954799415658e-01
-2.234221799856565271e-01
-1.872798844281123587e-01
-1.748526805079452240e-01
-1.731676341936761176e-01
-1.530623589197206147e-01
-1.872616018478032163e-01
-2.154317049601371936e-01
-2.587518668113194531e-01
-1.119868315538587455e-01
-1.779770206799259624e-01
-2.506476502708666065e-01
-2.734309379287784281e-01
-1.046802956251600969e-01
-2.793267527667037120e-01
-1.533632109025234447e-01
-2.318088353700751836e-01
-1.853468566300461307e-01
-2.873704594435697035e-01
-6.890988863630867489e-02
-2.151389579262570906e-01
-2.368140725323154561e-01
-2.876249492741260738e-01
-1.035840936990611583e-01
-1.878676135247137613e-01
-2.703925696020268443e-01
-1.282652523333843719e-01
-2.823010484787132346e-01
-2.973383717407260818e-01
-2.462423410301707860e-01
-2.805137645654557366e-01
-1.303644483665513942e-01
-1.295389588117389634e-01
-1.587961537871100115e-01
-1.574904287034455397e-01
-8.269864505168064706e-02
-2.393526258823070463e-01
-2.567435893250769041e-01
-2.920725084192435372e-01
-1.665813856070682275e-01
-1.706358901173697373e-01
-1.093630519427027936e-01
-1.504408852350666015e-01
-1.077800749908422173e-01
-8.663978897668953016e-02
-2.015330994264451503e-01
-2.364520538227510849e-01
-2.755392874850042251e-01
-1.122080928628076679e-01
-2.922680177918491884e-01
-1.742380058488075811e-01
-7.190848589331244600e-02
-2.889396213548313108e-01
-2.170878571417056424e-01
-7.773263551162626350e-02
-1.941436228714135959e-01
-1.343470535700771185e-01
-8.714228711193983123e-02
-1.515112553097976156e-01
-2.838498225074986281e-01
-1.038618429971087109e-01
-1.298866166890909057e-01
-2.853639052990546432e-01
-2.712100508331275472e-01
-1.935929142070725861e-01
-1.314888675095718662e-01
-1.561492615351869062e-01
-1.292092179573507693e-01
-2.467081060161193107e-01
-2.121053466288518319e-01
-1.137039768910670101e-01
-2.104136839221998900e-01
-1.200352744451551323e-01
-2.489518880285657709e-01
-8.084782365029619111e-02
-2.147491959711814169e-01
-2.180080041422715609e-01
-1.577942561525897680e-01
-2.746162965453373128e-01
-1.821910772279304869e-01
-1.718945722207324833e-01
-1.373347950282061691e-01
-1.260951350514247504e-01
-2.148031392292483466e-01
-2.590029803660667818e-01
-2.161120294731566083e-01
-8.369053950189883628e-02
-7.446266193046746640e-02
-1.975254755048844735e-01
-1.383282682337278191e-01
-8.731226896939184301e-02
-8.155376343062045730e-02
-1.097200223473720482e-01
-2.096099124613302611e-01
-2.699930572622092906e-01
-2.219474566840334007e-01
-1.604455570449350721e-01
-2.754282157250462215e-01
-1.850070798365361369e-01
-8.567950101583138300e-02
-6.339440991489250776e-02
-1.450362883949796733e-01
-1.554918472881345048e-01
-2.455819698604942147e-01
-1.491246624866360282e-01
-1.166140471828620295e-01
-2.506568684037926986e-01
-2.763297285750390131e-01
-2.440482583583414300e-01
-2.423398525802149539e-01
-4.599320525947495075e-02
-1.236272437684887426e-01
-7.773711395613919217e-02
-5.300895978813416343e-02
-1.579862716269125889e-01
-2.583945373986289429e-01
-2.181993357023612745e-01
-1.263672990958122078e-01
-1.458597019680841211e-01
-2.300910212342518191e-01
-2.696082947959520526e-01
-1.831784219155775384e-01
-2.220320980453693860e-01
-1.788725058004333457e-01
-2.339444376027010053e-01
-1.209202412404976335e-01
-2.331617158524071642e-01
-1.467065862635369422e-01
-1.494880083752982425e-01
-1.435514588931698088e-01
-2.117759646588306677e-01
-7.822985299554602312e-02
-1.196570759924170946e-01
-2.006879602439748111e-01
-8.615889013740390956e-02
-1.821338035914220610e-01
-7.387071541822246012e-02
-8.007871377190092788e-02
-2.299304197319823051e-01
-2.136837658097444637e-01
-9.460121235433577302e-02
-2.613765952609617971e-01
-2.610016715173767432e-01
-2.904635784215399141e-01
-1.486232315019826999e-01
-1.305105174175881233e-01
-2.876542455759650840e-01
-1.765260841112963608e-01
-1.684149921496978508e-01
-1.864327452896369364e-01
-8.950864762077334613e-02
-2.068137073678772420e-01
-3.004114504324928436e-01
-1.241694007155777213e-01
-2.089089804559755015e-01
-2.708696697875768722e-01
-1.796295239833857749e-01
-1.609908523794209012e-01
-2.788789825513034448e-01
-2.609416797228846230e-01
-9.631238211309986474e-02
-1.849368412706396958e-01
-2.348431458193578347e-01
-1.930945537206378293e-01
-1.955154672032855256e-01
-1.438625139371128847e-01
-2.538556808901634154e-01
-1.980582426804047003e-01
-1.212253386141453060e-01
-8.909772972300852856e-02
-2.747354376910472462e-01
-1.150457286496398002e-01
-2.890477780809754815e-01
-2.363842581466672477e-01
-1.388692309474192088e-01
-2.794962638930345022e-01
-6.969489217881241760e-02
-2.402884302095765201e-01
-1.327148153656073915e-01
-1.908354427041943358e-01
-2.647034521145409935e-01
-1.963100084417417068e-01
-1.027222913059841480e-01
-2.770756529708356952e-01
-1.574846362022429280e-01
-2.650707268808468742e-01
-1.361718035927045045e-01
-2.218779017795423913e-01
-2.921313131829655907e-01
-1.448767490233141275e-01
-2.211760330204242953e-01
-2.174725156387805614e-01
-2.245430106890948796e-01
-2.109362222508718299e-01
-2.540800120952234620e-01
-1.687260826961080318e-01
-1.941186744687904420e-01
-1.530996323455832697e-01
-3.023275184302125496e-01
-2.932733608286100524e-01
-3.426714143882083063e-01
-1.379457607517322604e-01
-1.485866955099662545e-01
-1.703089769572256329e-01
-2.429350787231290831e-01
-2.949433192809914894e-01
-3.000002391337265317e-01
-3.010696358346782731e-01
-2.054996179729801087e-01
-2.752521869799322562e-01
-2.864176046099583539e-01
-2.904928653020293905e-01
-1.411210182022146487e-01
-2.085262119042818885e-01
-1.381190203973656494e-01
-2.641610158491874971e-01
-3.559102022966008638e-01
-2.345842748353609841e-01
-1.733662398639306546e-01
-2.667196674388693234e-01
-1.570430305958518957e-01
-2.380647628096759505e-01
-3.011186918519705991e-01
-2.093412919833764763e-01
-1.334541480905374888e-01
-1.507341081639891611e-01
-2.800153646539611518e-01
-2.442326327098182648e-01
-2.670606003378213633e-01
-2.539906717609501929e-01
-1.426863160856307877e-01
-2.148103068988893860e-01
-1.654703228445598140e-01
-2.220477230990235418e-01
-2.285031653466427504e-01
-3.016993944891417923e-01
-3.236064136598699736e-01
-1.324661393585657709e-01
-1.729737719949042130e-01
-2.206759391264938586e-01
-3.578624712512661898e-01
-1.403187760796070493e-01
-1.446305528423640074e-01
-2.281456483798605939e-01
-3.423315532632665303e-01
-3.022638941249049527e-01
-2.321019269376603245e-01
-2.986670448025490199e-01
-3.429255248503825793e-01
-1.909738871746101130e-01
-1.671297200997459986e-01
-1.486851186251565982e-01
-2.674714076683455399e-01
-3.618700155459286250e-01
-3.225546685365544564e-01
-3.069855557309792982e-01
-2.623178981725542425e-01
-2.116484253339042387e-01
-3.450240868506821434e-01
-2.814760759984005212e-01
-1.348364358014686182e-01
-2.977590115769237489e-01
-1.070967442555795235e-01
-2.399239910663935604e-01
-1.665273181019712445e-01
-1.306498353369241194e-01
-1.123578681551643532e-01
-1.647382687441834859e-01
-1.379238474918529078e-01
-1.512104485698036460e-01
-2.117279640427554011e-01
-1.828178139561665583e-01
-1.698886747324078461e-01
-3.300938955986942869e-01
-2.998110415431101683e-01
-1.585957950541466988e-01
-1.044397104848677205e-01
-2.033410367056718016e-01
-2.830838572952107945e-01
-2.659012757337946287e-01
-2.592456798871828338e-01
-1.291298640527684116e-01
-1.972047718582561338e-01
-2.303067403661610002e-01
-2.256864528119168212e-01
-2.466484811053934467e-01
-2.955472618784092953e-01
-1.994488927067108452e-01
-3.187355208016720010e-01
-2.678001330165610816e-01
-1.616548243779054594e-01
-2.113245471993216995e-01
-1.257913090154096358e-01
-2.531129881974016893e-01
-1.740848602878967422e-01
-2.836078821614942957e-01
-1.962372566924174278e-01
-3.113013624092485498e-01
-1.649780349541146163e-01
-3.066256922418255648e-01
-2.451529087602394574e-01
-2.991160005175579339e-01
-2.292868120416994282e-01
-2.961746551963679863e-01
-3.314240239154769285e-01
-1.354066949913959039e-01
-2.590475798479534575e-01
-1.630267331328184577e-01
-2.698076377374096779e-01
-1.572171599365539407e-01
-1.716140546575727344e-01
-2.100844558395852379e-01
-2.359338579329931518e-01
-2.608404668157479067e-01
-2.871562777320971205e-01
-2.290117962319219158e-01
-1.649207540797329730e-01
-2.961176913225394558e-01
-1.392321958100365409e-01
-2.503711061092238621e-01
-2.349816930351353861e-01
-1.507888173497637097e-01
-1.450874317531923863e-01
-1.250478567978517974e-01
-2.572958287188743531e-01
-2.451765150949926642e-01
-2.637501402041031451e-01
-1.187632844712183389e-01
-3.006248012148234894e-01
-1.346313449005350216e-01
-1.770836162425891425e-01
-2.712977545867173435e-01
-2.706418959213250375e-01
-2.024489971521382381e-01
-1.640622177474590215e-01
-1.197551462289819790e-01
-2.995816157650027511e-01
-1.338360128644567604e-01
-3.097401027971247167e-01
-2.144903599678825989e-01
-2.550597812560190247e-01
-2.656991695149465427e-01
-1.576089375522347347e-01
-2.770690695128199543e-01
-2.874178861162471343e-01
-2.804954855269714553e-01
-3.085375900823217332e-01
-1.411850840040718147e-01
-3.137401421267691504e-01
-1.610988905967115359e-01
-2.775258281094346025e-01
-2.353106935044277925e-01
-2.597853330185375675e-01
-1.422066507530662105e-01
-2.817409896722746776e-01
-1.793404301172141779e-01
-1.946430226225716598e-01
-3.268475527223922983e-01
-1.236175836467454658e-01
-3.053871150998040962e-01
-2.334392917869100303e-01
-2.563729614862122475e-01
-2.635254034583127125e-01
-2.717167108383225504e-01
-2.136169124249420181e-01
-2.697152457491018840e-01
-2.561355966062061063e-01
-2.160452567468559293e-01
-1.631804467247190693e-01
-2.763890119056716110e-01
-2.599858510333416528e-01
-2.023939065824600092e-01
-2.868538256342741954e-01
-1.385825335682175641e-01
-3.526643038387248241e-01
-3.045364585105209132e-01
-2.874330511569091473e-01
-1.990925269268666309e-01
-1.632023502247332281e-01
-2.746051300676328188e-01
-1.392493050083110917e-01
-1.509610382723897137e-01
-3.455101360168271740e-01
-1.622718595356289484e-01
-2.142156825406755505e-01
-2.836076616431689179e-01
-2.883638246306529651e-01
-1.822617285523384367e-01
-3.181069969836936018e-01
-2.486852863583669526e-01
-2.720646418747449946e-01
-3.360929483062446432e-01
-2.940800035743698082e-01
-3.392525461164268563e-01
-1.493529205405584592e-01
-2.319411952702167545e-01
-2.935980627380716523e-01
-1.983689128726780215e-01
-2.644331404245919281e-01
-3.167950822929225807e-01
-1.825774473812784016e-01
-1.303078111270955242e-01
-2.659358649494741322e-01
-1.423351003405138870e-01
-2.252966955386603853e-01
-2.912528394154756950e-01
-3.234788413830609888e-01
-3.282264422759755274e-01
-3.317664533289679252e-01
-2.741703466379525334e-01
-3.199751727294964376e-01
-2.538392217120763461e-01
-1.163426616108952927e-01
-3.334137433888606505e-01
-2.299522528985945558e-01
-2.602914972318773890e-01
-2.039170754435282173e-01
-1.716463868210344745e-01
-1.815426454637731890e-01
-2.255690023649168652e-01
-1.622615528509844529e-01
-1.265486254472603378e-01
-1.360554084254051999e-01
-1.127272179713539324e-01
-2.059157365007568963e-01
-1.663415744644404504e-01
-1.392756997011575515e-01
-2.801420241001783551e-01
-2.796316754519765357e-01
-3.167521999527100895e-01
-1.512989032918184706e-01
-2.888152986803922961e-01
-1.125742925661742388e-01
-3.306828095612552865e-01
-2.800830604837354909e-01
-1.094745585219166206e-01
-2.474351002065422467e-01
-1.511552903425031069e-01
-1.573674685265368245e-01
-2.363445262576793771e-01
-1.340178472646783026e-01
-2.822014900944057048e-01
-2.076171833979681691e-01
-2.181099542458278251e-01
-2.049752392147772828e-01
-3.106163855489936232e-01
-1.215881497783091736e-01
-1.697951527586438469e-01
-3.284453097597122562e-01
-1.893991187563807965e-01
-2.694646185167581809e-01
-2.158888653017557169e-01
-2.122032868048014664e-01
-1.556947534010924838e-01
-2.258665349280161994e-01
-2.681624943241572856e-01
-8.962744608617539965e-02
-2.045302251566671337e-01
-1.327270088394828518e-01
-1.947363278261440844e-01
-1.081705371169276175e-01
-2.723053097661193300e-01
-1.088053616376954136e-01
-2.689656792213971359e-01
-2.723054557863262559e-01
-2.624927589528167626e-01
-8.483200897327272672e-02
-2.804131614752728430e-01
-1.685327721329100970e-01
-2.954310321140939388e-01
-6.980706927280078133e-02
-2.921108736983124010e-01
-2.328788097213662645e-01
-1.273869601095976856e-01
-2.931587386488561098e-01
-2.801342396052248773e-01
-1.908268757563387485e-01
-9.805471203432300498e-02
-2.421755582094486381e-01
-1.790856387076047440e-01
-1.593528707647307863e-01
-8.233293490944224025e-02
-2.193584812569596421e-01
-1.102965152508300073e-01
-2.667585320359241452e-01
-1.210497897149526436e-01
-2.519782538671354044e-01
-2.356648762767630245e-01
-2.131788708027302637e-01
-2.566685789134045548e-01
-2.126150071743826420e-01
-1.051935473940247556e-01
-8.689805752512314019e-02
-2.217141174389890834e-01
-1.765448522268229792e-01
-2.436066941788909146e-01
-2.757224461555869977e-01
-2.486392170651597344e-01
-2.894748149559922545e-01
-9.812465303547368567e-02
-1.201922002515657673e-01
-2.292285503888630005e-01
-2.317489046822752141e-01
-2.572681736966595523e-01
-2.984979999285536367e-01
-1.115062856867174157e-01
-7.315378938031033562e-02
-1.221359315970892701e-01
-1.859300107967223337e-01
-2.901518533802500688e-01
-2.223931405137119510e-01
-8.341736297171875592e-02
-1.031717915535109165e-01
-1.422599405463073619e-01
-2.950455705556234154e-01
-2.502474381300239803e-01
-1.729114781221838815e-01
-1.883527693130956360e-01
-2.274650484848941279e-01
-2.524703802072071901e-01
-1.250761933862669650e-01
-2.816635428657606743e-01
-1.490615934132880072e-01
-2.293943743426868631e-01
-1.769304548180387626e-01
-2.818147224344499935e-01
-7.902649746629558658e-02
-8.034027664029180782e-02
-1.471180765746646912e-01
-2.994740521019843005e-01
-1.329516926637658858e-01
-1.195806879683818102e-01
-8.054108492946837616e-02
-2.690294215012912771e-01
-2.423953854997984991e-01
-2.567965970225647432e-01
-2.964694825140774537e-01
-1.866571665040372141e-01
-8.714941905662396127e-02
-2.219199414212121302e-01
-2.785472820201353450e-01
-9.318275994961275344e-02
-2.706419026304899278e-01
-2.931251213438798575e-01
-2.793120186005806360e-01
-2.187107848377952135e-01
-2.788626817171837580e-01
-1.537304240584206061e-01
-3.100393065441722773e-01
-1.669842149022666977e-01
-1.189572005478793104e-01
-1.692503355042161706e-01
-2.112167694288502873e-01
-1.167768941106373526e-01
-2.499675011861285379e-01
-2.930247411765051213e-01
-2.154928611488917123e-01
-1.686953949293360233e-01
-2.689131582467750858e-01
-3.009784669793064693e-01
-1.469963287680881303e-01
-1.247879298250802182e-01
-3.096860578624869853e-01
-1.293154913557248153e-01
-2.851999319057703097e-01
-2.114730352725201767e-01
-1.760425130268738758e-01
-2.669010773405857684e-01
-3.097884106284395367e-01
-1.098173721821077975e-01
-1.024059795944059215e-01
-1.446316320655627596e-01
-3.129642070112457208e-01
-8.388397905516870035e-02
-1.317459300151422041e-01
-2.505040580106460135e-01
-2.211719094618745107e-01
-1.935484936967035441e-01
-2.808236733763482817e-01
-1.737092320600972795e-01
-2.775885573158540787e-01
-1.668489662922787720e-01
-2.627582225431576157e-01
-2.341384350733206055e-01
-2.451735826640523142e-01
-1.837865563111904521e-01
-7.105658232148426290e-02
-2.239557931450170125e-01
-8.443741120358186358e-02
-2.676938571355853558e-01
-5.939433532605625787e-02
-2.060601072078940554e-01
-1.742847048991769676e-01
-1.308625294647515203e-01
-9.135297755089052951e-02
-1.704995465433784829e-01
-1.348773347153260360e-01
-2.073715974377309812e-01
-2.668339877101885138e-01
-1.546519782200699022e-01
-2.693953665304841261e-01
-2.717358758620948000e-01
-2.438276681878211449e-01
-2.390251651793405263e-01
-6.751422342010887645e-02
-2.606518277508677595e-01
-2.419000797496119737e-01
-2.293948855502999651e-01
-1.666365639872660065e-01
-1.206282114224702939e-01
-2.787070604102625526e-01
-1.784403711752018673e-01
-2.925882732656969742e-01
-9.920693841634761756e-02
-2.226626426230958189e-01
-2.072397257866765985e-01
-2.619760812441566666e-01
-2.574998181976486666e-01
-2.630663603398917250e-01
-8.937586423885846010e-02
-1.407701376268002402e-01
-9.457645468340952766e-02
-1.719455223656638776e-01
-1.799351869518619473e-01
-2.729649760539414327e-01
-8.666700810965508039e-02
-1.303127231828982990e-01
-2.597499354027412721e-01
-2.789612783577609667e-01
-2.720751327787713780e-01
-2.089707891172312704e-01
-2.593957636834655078e-01
-1.240688776981929975e-01
-1.078636237605166970e-01
-1.016557266862871123e-01
-1.553343984256439769e-01
-1.483565977588197637e-01
-8.432939524705584944e-02
-1.009372367639196355e-01
-1.463297083083610617e-01
-2.145243491285513671e-01
-1.352494547950025550e-01
-2.781252323322803699e-01
-1.420611973751832180e-01
-2.916849674308384932e-01
-2.616627112977137348e-01
-1.489837546092374621e-01
-1.585844357214226397e-01
-2.522504676183445205e-01
-2.080829389302255583e-01
-2.157104166471548179e-01
-1.473562266017744982e-01
-3.145470005161167815e-01
-1.656685734145892375e-01
-1.250155132587909002e-01
-2.042022188835500296e-01
-2.423973538071218792e-01
-2.383564223811851235e-01
-1.997934112770357873e-01
-1.342360705843708979e-01
-2.250280859557808599e-01
-3.477963050366644771e-01
-2.491758667672043237e-01
-2.816466981147425774e-01
-1.825466766878497682e-01
-1.379023141815619302e-01
-2.869031645069280989e-01
-2.151907418285214924e-01
-3.192843888887181847e-01
-1.635592499864638727e-01
-1.754775474845598759e-01
-1.206596339874949353e-01
-3.328911049438659786e-01
-2.373037393450240784e-01
-2.969570964440855776e-01
-2.848269075131435457e-01
-2.771692145473499957e-01
-1.649944563523973451e-01
-1.194975501570708365e-01
-2.606965605371670547e-01
-1.988144405500394951e-01
-2.421665886840975723e-01
-2.552248637519597962e-01
-1.890777947169247908e-01
-3.139726571636003438e-01
-1.870994105367266291e-01
-2.044933161167634683e-01
-3.120661988257406594e-01
-1.283279910235292920e-01
-2.468944111014013676e-01
-2.230979489409636307e-01
-3.047523034540142728e-01
-1.803697709654488446e-01
-1.147846765397108060e-01
-2.648871637463753870e-01
-1.351487702971784777e-01
-3.210892590314629036e-01
-1.565156623180948836e-01
-3.061153961609567875e-01
-2.167245184647278444e-01
-1.253380159844294517e-01
-3.500053912386076327e-01
-1.543413277191227340e-01
-2.396922854529095481e-01
-3.449912901976651125e-01
-3.254366236716169647e-01
-3.091948118068971185e-01
-2.513274763941383272e-01
-2.651685441162314749e-01
-2.298601826716060448e-01
-1.023317525395271987e-01
-1.973245907268151855e-01
-1.303584545779594150e-01
-2.313320776267888401e-01
-7.220665821688021513e-02
-1.173179681763288074e-01
-1.226138138700509084e-01
-2.172648530847799409e-01
-9.043268310113236619e-02
-8.148776650590364157e-02
-2.526013547947633664e-01
-1.761205822509902541e-01
-1.596337488833836638e-01
-1.762398785924458866e-01
-3.915949617852376718e-02
-2.452889317661627044e-01
-1.195352828399889045e-01
-2.587534946885727272e-01
-2.106851305886650039e-01
-1.150632679756679599e-01
-4.243940866653933552e-02
-2.247226906412065905e-01
-2.314559482055889017e-01
-2.100720713872607504e-01
-2.072354071380637097e-01
-2.025289813526538196e-01
-2.471320202664265275e-01
-4.684644448867530953e-02
-4.553682992132393470e-02
-1.104145839369559678e-01
-2.533477649940085730e-01
-2.031194569491343582e-01
-4.946296275057227021e-02
-2.325506628554969701e-01
-1.434420733899871570e-01
-8.261975647597330497e-02
-2.263946939801508851e-01
-2.144843579249987864e-01
-1.713179669661633042e-01
-8.052369475845155833e-02
-2.371965659977934293e-01
-1.535799342055801375e-01
-2.104711082054280813e-01
-2.014203195878466190e-01
-1.553587365973291834e-01
-2.328418011879572758e-01
-1.900291202617975794e-01
-1.668926029555836410e-01
-5.972299369673547687e-02
-1.418651466734350275e-01
-1.495876951959832779e-01
-1.829995773617563160e-01
-2.601368364931411215e-01
-2.390750613428956894e-01
-1.799832941809046127e-01
-1.277917904146776418e-01
-2.552107077986528472e-01
-1.779428158886351141e-01
-4.515467884497884055e-02
-1.174044165270785034e-01
-8.858436560025784168e-02
-2.551318822659145447e-01
-2.234088275651023858e-01
-2.974885141167636915e-01
-2.922750994303107697e-01
-1.839270671195479268e-01
-1.024657928758064274e-01
-1.227072468850148590e-01
-2.937053021090577087e-01
-1.178728256537723840e-01
-2.154430292849047746e-01
-2.554889101925918449e-01
-1.889046425465461254e-01
-1.835532429689518685e-01
-2.562376257156336878e-01
-1.217871536796376331e-01
-1.234177847363011893e-01
-1.083143740434475422e-01
-2.451604555183200806e-01
-1.246509539192326710e-01
-2.816072010815358073e-01
-3.037308080103654495e-01
-2.336893347803057630e-01
-2.272042258669292325e-01
-2.073022980462786713e-01
-2.893428038664913049e-01
-1.470970969106205339e-01
-2.019617794304507108e-01
-1.128817542423860287e-01
-1.751143819953726588e-01
-1.343064652743626852e-01
-2.098801865895736085e-01
-1.664610474125409190e-01
-1.038174596997462895e-01
-3.309099315233419158e-01
-2.109695248888401875e-01
-1.391887307649908867e-01
-2.247371167346684517e-01
-3.101622035189074422e-01
-1.188989600304577732e-01
-2.695706443352947068e-01
-3.034280146391488131e-01
-2.737108223881788427e-01
-3.180254013437672778e-01
-1.283655711848952219e-01
-1.579218813709007130e-01
-3.102538376721657443e-01
-1.215683753335624895e-01
-1.810981259102430185e-01
-1.956372022108181230e-01
-9.809312918364448963e-02
-2.659624808822538822e-01
-2.952030518534576320e-01
-2.850740650555780853e-01
-3.160944300212038538e-01
-2.735376024197149758e-01
-3.311525537045151846e-01
-2.702921363158825585e-01
-2.773136814238216230e-01
-3.218199839942746943e-01
-2.437068284333387402e-01
-3.333073824016736797e-01
-1.296451624474760922e-01
-2.671289308356545322e-01
-3.114496907295004613e-01
-5.307677809699202359e-02
7.071101845769439675e-02
8.036365312569751507e-02
5.129630814675822242e-02
2.755249306272802151e-02
7.409790468054348878e-02
-8.572666470580164733e-02
-6.859884401794043296e-02
-9.241545597795382261e-02
-1.217311753996348223e-01
2.544516349331868432e-02
-9.548603122186227754e-02
-8.125385687686083325e-02
-7.025910067887985999e-02
9.806280396995836757e-02
6.349776778128599086e-02
-1.220906105142104681e-01
5.535160607122668192e-02
2.017138558055107597e-02
5.227966199403747544e-02
-8.236442254031351579e-03
9.111392875619853116e-02
-5.158355315267260099e-02
-1.649800105894842425e-02
5.717428974660682811e-02
9.321273003734270590e-02
9.866159778750113740e-02
1.016542860724735514e-01
5.495867466907448928e-02
-1.063128150228014046e-01
-4.172462862018328292e-03
-4.850745575858549097e-02
-3.803636746978490690e-02
1.460252440678012041e-02
-3.830769588611365045e-02
1.157295734430287548e-01
-1.005097137171769850e-01
4.983239608192350373e-02
-3.156729758094905386e-02
7.270837044600091115e-02
-7.759792217363695177e-02
-1.875215420624506968e-02
1.123546926633855331e-01
-1.150554391150452882e-01
-7.619224470753102607e-02
7.615165992480167623e-03
9.013284703924803742e-03
5.517931706771755929e-02
-5.337966130077909099e-02
7.645281787630750503e-02
-5.341555910917368533e-02
-9.719284473818325110e-02
-6.814035196782269876e-02
-4.876750404836996400e-02
-1.073104966115316361e-01
9.833145849700675178e-02
6.648455504490344281e-02
-4.211989032483788586e-02
6.330640706691027797e-02
-8.695978011958385712e-02
5.486196497073562994e-02
-8.257825094449576520e-03
7.882553908058932690e-02
-8.296747154962987036e-03
-8.473957358355710401e-02
7.324052187916636758e-02
-5.866704179469429264e-02
5.632207815283087754e-03
-1.652383318677624197e-02
-9.751129896329566171e-02
5.028440242118079051e-02
-5.072510612900099636e-02
-1.026078065139481715e-01
8.934005885183526896e-02
-8.476613949690878225e-02
1.089786535356440517e-01
3.322156513531941691e-02
-7.709318822413717409e-02
9.580720189737640391e-02
-9.894993795818173010e-02
-8.547790647672123820e-02
-4.101964013540252557e-02
-5.286415252883862326e-02
-4.325475401307998791e-02
-6.600551155607223275e-02
-5.869741667632143861e-02
-8.601468351682255153e-02
8.399956978215042391e-02
4.786180140669936411e-02
-9.012206109654474773e-02
-5.522340425449996648e-02
1.180331586121459164e-01
9.505930587906490092e-02
-9.771118975388722039e-02
-3.090593549428594447e-02
6.167613097868663435e-03
7.835278130643132111e-02
3.844902681653376841e-02
-6.709537556688753915e-03
-8.363965515340031354e-02
-2.513691662661280204e-02
6.507424784564654063e-02
9.276039124586690776e-02
3.180903901536728112e-02
-7.987939430746178460e-02
1.761061440784959103e-02
-3.135225180870013229e-02
4.388010656953703764e-02
4.755120337395071090e-02
-2.779917522607352684e-02
-5.871805467386043836e-02
6.073382767175972835e-02
5.018690090121301350e-02
-1.111653205946287470e-01
3.826220428552087188e-02
8.495137144592919409e-02
-3.677418197201517969e-02
3.836989845972257202e-02
-7.933537750490078644e-02
-7.603324358395111005e-02
2.231968083945241876e-02
-9.452724684657371618e-03
-8.344612157342791436e-02
-5.745458767310543391e-03
1.030800526473299311e-01
1.003660009147299137e-01
-4.728732978278566562e-02
7.813893489794146788e-03
-3.991919335940338071e-02
7.325354730278696436e-02
-6.346671456187903682e-02
-7.273352765179359747e-02
6.285138105828841359e-02
1.178523407509030757e-01
3.562167251423409200e-03
4.719149989084549246e-02
-3.246266345743946402e-02
5.401167428384691382e-02
-6.063196676899801352e-02
-3.388954711552520649e-02
-6.762161086044106428e-02
-2.811968953299619906e-02
-1.426131152095516316e-02
2.605221499583159836e-02
-1.175895498990256333e-01
-1.712752778614823682e-02
-8.665314201214299739e-02
-2.119364559941631920e-02
-3.397223110800876716e-02
5.102541252980505315e-02
-3.818457055177593151e-02
-2.618388465545728669e-02
1.048562165658794903e-03
-9.311698041586902175e-02
-8.642974872144033871e-02
5.243273455147287598e-02
4.411978111983518025e-02
-2.043637652269453958e-02
-1.835199415657632130e-02
5.387932638901487409e-02
-1.130100310225941179e-01
1.029955762785168399e-01
-5.062065903070092632e-02
2.742912067577122151e-02
-7.356175053994248869e-02
-4.720757189517687386e-02
4.481626337493102748e-03
3.220478193716409809e-02
-2.758887109420760791e-02
1.121003258810259091e-02
1.047346000518020459e-01
9.435770062098884636e-02
-1.026309912786394080e-01
1.056596439037683216e-01
9.556518351827847368e-02
1.126336464980927654e-01
-1.140123890624138714e-01
5.222399848013542165e-03
5.463999947715398459e-02
5.076308295458631381e-03
3.179275630325774371e-02
-1.148145972252027219e-01
6.283531801729670685e-02
-8.873612719988922815e-02
2.712717448551036151e-02
6.542149827891596998e-03
-9.367896220137117425e-02
-4.101145958789930573e-02
-1.140443660276149879e-01
7.258267486460642792e-02
4.939582962703903402e-02
-9.755936618924397619e-02
-3.019072927348350963e-02
-5.225389915517912598e-02
-8.178642077493314400e-02
1.186192298925841243e-01
-5.360942467169874104e-02
7.969730780077215193e-02
-1.129881297985852184e-01
1.125354154889191549e-01
3.757375075742599296e-02
-5.376054986678049930e-02
1.091337078352973416e-01
4.570149705046527844e-02
2.654540362932328659e-03
7.294689301182893937e-02
-9.092180482024438126e-02
-3.601621141601778903e-02
9.337820713801774086e-02
6.926511682996877584e-02
1.028147514514027444e-01
8.858816927246233874e-02
-2.687372033300449228e-02
9.648053777333161218e-02
-3.293673734315975821e-02
-9.555715364234926290e-02
4.301369445271558539e-02
-1.491309804383575757e-02
-9.608091368652897646e-02
-8.157344319236344010e-02
-1.095549910616279987e-01
-1.060788097891765536e-01
-7.382272306234958018e-03
-8.310895829626253548e-03
3.542887160968032079e-02
1.002177009959013820e-01
-2.185576253549549597e-02
-4.438649121726982727e-02
-1.101471837077486471e-01
-1.143408309785746702e-01
7.141951661238538085e-02
4.563184232550399587e-03
-4.593600988950723163e-02
-7.332859842990228569e-03
-2.243349257725510415e-02
2.882950030360204377e-02
1.158750787416574918e-01
-7.896229334175386416e-02
8.610855374260188710e-02
8.087154878467212038e-02
3.183685054389187585e-02
9.017493985746488638e-02
-5.363457940353276443e-02
-9.474123511218426885e-02
-1.531957283088295624e-02
-1.102652215243855038e-01
-5.642259387426511175e-02
-6.114025091985661464e-02
-1.051375829256490507e-01
5.618251225265271515e-02
-4.240230747478612727e-02
-2.858641767482370671e-02
2.239345749072485167e-02
4.050412988747271320e-03
-3.482290095790843004e-05
1.099796203856836033e-02
-6.865566694770672274e-02
1.097182339902906117e-01
9.449200177984393156e-02
-4.098855844107954227e-02
2.704586926503294714e-02
7.301972361461031569e-02
3.905482961351934568e-02
9.438230972468211744e-02
-2.060519049341085623e-02
4.282393774006584136e-02
8.428553277116671016e-02
-7.930036238451511343e-02
-2.024930518341808150e-04
3.050204190456171777e-02
6.514652707095228840e-05
-8.170652073690487516e-02
1.052568119815871783e-01
-4.030956167739696561e-02
-4.357085727410334869e-02
-1.122097066506706244e-03
2.155392426942541462e-02
9.627506446447772065e-03
7.274462155139820030e-02
4.588620218091268854e-02
-1.821606404259104930e-02
-8.844072882885296860e-02
2.953738050203089799e-02
1.106492308460612639e-01
-1.859059359114205098e-02
-9.159661690576720305e-02
-4.720732684214002522e-02
2.928747986849484022e-02
5.222581437672953013e-03
-1.838334132085881964e-02
-8.324361165490663794e-02
-8.896921064338189633e-02
2.331650116265841094e-02
8.753313289006980913e-02
7.163479606045983217e-02
7.141163430182959071e-02
1.000529183231816527e-02
6.951637719465253093e-03
1.799461626326870345e-02
-1.114504832031224524e-01
6.429627640684755507e-02
6.356682817178775646e-02
-9.154874821646176442e-02
-8.845857904670631489e-02
-2.481730857964909928e-02
9.547779236610633158e-02
-3.902696181991188729e-02
6.436816525407888789e-02
2.978180047745957598e-02
-1.026463699342414493e-01
-5.984626050777016454e-02
6.842570990123042485e-02
-5.322548588039179018e-02
-4.194012624425511732e-02
1.717371589701497531e-02
7.772779312633844306e-02
-9.887676170727570379e-02
9.457938687047594273e-02
-1.085341277215158551e-01
-1.348047998889716388e-03
-9.759960042352729126e-02
4.163748572598115899e-02
1.209760969406061953e-01
-2.415308232465504176e-02
-2.779517169166350471e-02
-1.725592307537237788e-02
3.108608420457615804e-02
-5.585130855323650056e-02
-3.356669505555272617e-03
-9.852866234245591381e-02
-9.915632645259096767e-02
6.486012682816895414e-02
-7.220096183286713043e-02
-1.926624460138110298e-02
-1.094907066789460176e-01
5.597325762644494648e-03
-7.157176940889108108e-02
4.818882919446987323e-02
7.128321306629341325e-02
1.074480616039743125e-01
-4.454883721097386423e-02
-1.114646833299876294e-01
-1.109228705216125793e-01
6.860186450849950490e-02
-6.619960347017528335e-02
-6.498603807080405304e-02
-5.995152349354803539e-02
7.851593177972507331e-02
1.780517888032903673e-02
9.320166682161604155e-02
1.587925871864045296e-02
1.133160424277389472e-01
6.316005902757024226e-02
1.044347656372690558e-01
-1.050213418278716365e-01
-1.124173521312683277e-01
-9.465060598905411515e-02
-1.089369412144085142e-01
9.808109105038838316e-02
-4.910391055546550927e-03
-4.098783740394946334e-02
7.352057430060092436e-02
-6.789490605652165334e-02
-8.798018746492687614e-02
9.460751735674072238e-02
8.318192448758578161e-02
-4.006823352101067381e-02
2.611166140288582668e-03
-4.880987894215729761e-02
-1.072426385976809615e-01
-3.669401200953417708e-02
-9.394079848708654368e-02
-2.660206584299536908e-02
1.030691376655629987e-01
4.124080072895361382e-02
-1.139769711323390666e-01
7.621933467734701151e-02
-1.095748054027858437e-01
-8.614453493364765402e-02
-4.734368759572663704e-02
-8.920041833130433473e-02
-5.808979705390147213e-02
3.458934608305008762e-02
1.071436423558013162e-01
1.047518268621236565e-01
-1.148546072635371340e-01
9.758001012029909882e-02
-7.527842103259817230e-02
5.465461162588564764e-02
5.724122709756051391e-02
4.979035718360019097e-02
4.113787246686384687e-03
9.327831745003113684e-02
2.684151131779561120e-02
1.553162609557367721e-02
-2.113831347804333294e-02
-1.923302094570322404e-02
-3.459431380516470034e-02
-1.153806889997554402e-01
7.702611147658779134e-02
3.308417287299792592e-02
6.094673127379569150e-02
-7.617909659253042920e-02
-3.977024968824827839e-02
-6.432359904442519483e-02
1.154113168743208379e-01
5.584580158367671854e-05
3.392735230535588731e-02
8.305691221513843148e-02
2.883991642413597824e-03
-3.891295145270802502e-02
3.256582699953324694e-02
2.349404449753884211e-02
-1.027144017934993186e-01
-4.356560273861088267e-02
6.493177798286012270e-02
-1.015604288394162807e-01
-1.169473447401035843e-01
1.467803258101004274e-02
9.311298747681884258e-02
1.627147525671693989e-02
-5.450054597179097154e-02
3.284055914762661066e-02
-5.406282101296372433e-02
5.729347381524454996e-02
4.814820698319308839e-02
-7.601147272997103160e-03
7.633230276294705741e-02
3.212355921639085260e-02
-2.116311097607276315e-02
-3.018523940687583770e-02
-4.761243121165181086e-02
-6.811492833197035912e-02
2.682832891884239998e-02
9.941633628911730053e-04
5.146036832767032082e-02
5.636257212403907035e-02
1.266558650913422734e-02
3.403488516378457701e-02
-6.871618992091840794e-02
8.900924171042662314e-02
5.202068606592430422e-02
-4.894157892874761301e-02
6.324917541140445687e-02
6.632798634274449101e-02
-1.714730342054607282e-02
-8.327081868902154460e-02
-3.590294850676017252e-02
-1.214290855529284452e-01
4.618436764684909213e-02
2.456524675642810657e-02
-6.830407156830781146e-02
7.947680091364272420e-03
-9.511572754694105902e-02
-1.026298912123387030e-02
-1.879388496426565025e-02
4.182756763169134806e-03
4.295459295078206396e-02
8.112447505584294283e-02
-1.245681953372089062e-01
6.507898459812797021e-02
-4.012550882544942132e-02
6.491383339524636753e-02
2.913209317350782743e-03
5.205230542262802296e-02
-1.152759790414071561e-01
-9.629232400580962914e-02
9.194909758756669715e-02
6.524164569970562766e-02
9.669557034581727217e-02
8.139769826772469408e-02
1.074866310889825427e-01
4.919519282637429408e-02
-6.482843600712215326e-02
-6.750608150719585032e-02
-3.610939378364116936e-02
1.948172819349833912e-02
2.894219777552597961e-02
3.356387367724298493e-02
8.217451537079457913e-02
-9.969384529413845286e-02
9.016921138246708489e-02
2.487382117050948582e-02
5.257235743074565454e-02
-6.061124635656667259e-02
-4.054675788324779012e-02
7.368700017261052559e-02
-9.923969998458272157e-02
-2.828273052393916534e-02
-7.725077109693059829e-02
5.931284773898200247e-02
-8.841587360616617874e-02
8.297584641722956234e-03
-3.534997408161415916e-02
3.910434082866499211e-02
5.102640570461323966e-02
-2.202690513173422709e-02
1.112662733949899840e-01
-3.147765827806465327e-02
1.111968304083814085e-01
-3.473965711959242642e-02
-6.377140404949094288e-02
-8.232066358851486410e-03
2.381065497934266306e-02
7.481153400484578594e-04
1.723749907688210126e-02
-2.025383243007920775e-02
9.375932562971722728e-02
4.835475542113753383e-02
-9.967512315050197635e-02
7.822697396480658705e-02
-3.153769628490501326e-02
-2.553293187668308206e-02
3.539524615564519638e-02
-1.187141365627047453e-02
6.070173712096039315e-02
-1.004039095425711403e-01
7.622294755367521601e-02
-7.457455310157706796e-02
-6.072008420438607113e-02
-8.643018437433341861e-03
-8.645391496765900130e-02
2.521518370806316578e-02
-2.269259030092741353e-02
-7.070611520045731388e-03
-6.058484407345289535e-02
3.896487412621366109e-02
-4.196810251223058452e-02
-2.645017430870395120e-02
-4.631751400750637460e-02
-5.102683681365961094e-02
3.837466425517024188e-02
1.828445535512266545e-02
-9.778605635628256909e-02
2.324572674763014657e-02
7.154234382637880696e-02
9.334400052340799392e-02
6.057216097119709486e-02
8.526616126973607379e-02
1.656050854911741282e-02
4.700514763250494138e-02
-3.381869329055849777e-02
-8.546816295802762975e-02
5.810758439422829269e-02
-4.045839318042999955e-02
-7.729158347483978952e-05
-5.467126616953275897e-02
-2.700727470760742183e-02
1.087889335448420786e-01
-4.973466314346017964e-02
8.636882824907812783e-02
4.923563084416485852e-02
9.937139500004357751e-02
1.479443756934043300e-02
-9.749083215912174305e-02
-4.726712445395257062e-02
-2.952795819027013297e-02
-4.482149561472568294e-02
-1.060991020280335415e-03
7.015440020114706299e-02
-6.894137830194987937e-02
-8.999204411930510072e-02
-4.506765183812066339e-02
8.598205778011298872e-02
-1.001379029028561379e-01
-8.355965445843613337e-02
-5.824622332626471638e-02
8.266363875711095488e-02
-5.226090326273119709e-03
-2.837134017124729596e-02
-1.928319575674115188e-02
8.357822406281736893e-02
-1.061754492767442645e-02
-1.605088520117455356e-02
-7.206675478682247893e-02
-4.242576088486610386e-02
4.773104783967533488e-02
4.541432118055628575e-02
7.176331015030276705e-02
-1.017908258824366668e-01
-5.197048657034379626e-02
-2.033279434404652863e-02
-5.884170828860162128e-02
2.762651029844327699e-02
-8.202074836356428034e-02
-9.933106844169560523e-02
2.979526021633781708e-03
1.054428936036867631e-01
-4.391792478205763794e-02
1.007109317803526506e-03
-7.064649404353913476e-02
-6.499663453792046963e-02
1.014414246904580402e-01
8.847296571134834198e-02
7.412421822428570672e-02
2.672426963618390605e-02
7.421225282696511383e-02
-7.695617920374719922e-02
6.599896934713128660e-02
-1.012907489758159696e-01
-9.121384334221915857e-02
8.401987834323773607e-02
4.481530830973198126e-02
3.458660114939936161e-03
-4.033894496562727416e-02
-1.039710932720865483e-01
-5.946443650587592694e-02
7.964038610676023311e-02
6.873617825707609152e-02
6.441291194004351850e-02
-5.378000848673263751e-02
4.691550874299236368e-02
-2.056009497455482671e-02
-9.431835333024918278e-02
-1.096542429879204528e-01
-1.038988097221529988e-01
-1.065360084689125214e-01
6.049711535847035471e-02
3.057566836958885981e-02
-4.481772490686233151e-02
3.569641594037750026e-02
1.003387511362809487e-01
8.3729-8.43546799791572714.810105646808413016e-02
-5.281260575273497709e-02
-1.167315150606354213e-01
8.619914975148094960e-02
-7.340398503011213993e-02
-1.158093419811986324e-01
5.665400224416299729e-02
-4.706188727939360217e-02
1.092400293882069690e-01
-1.153351257104384131e-01
-4.858436001704004303e-02
3.990439000788233333e-03
1.170342060990807453e-01
-8.364671780379017221e-03
-1.015646126848184783e-01
2.118987545032174208e-02
2.998829143106231457e-03
-1.093763308163224895e-01
-5.115110522975113705e-02
4.982263110677441487e-02
-4.201132871995525569e-02
-8.294897509973572780e-04
-3.786857625346603390e-02
1.174417307916715836e-01
7.356052325720462137e-02
7.844070653142469485e-02
1.158923174573969067e-01
4.651754582734395765e-02
-6.867020874795350116e-02
-1.511199291758372198e-02
-9.767928547344001400e-02
1.956642663207269067e-02
-2.592361289483927078e-02
-1.237774915569873901e-02
4.688014264243088591e-02
-9.487527120594943519e-02
6.958469432323843851e-02
-5.715579782513368484e-02
2.248022390588909000e-02
-5.801283027866777076e-02
-1.165508311257109492e-01
-2.785717306274128335e-02
-3.966381994020047423e-03
1.036625735846821300e-01
4.811182772235458177e-02
2.782929814888944822e-02
6.602959742837043178e-02
-6.870235069825597618e-02
-5.927660698002911593e-02
6.037722308467841255e-03
2.400126630856599941e-02
7.528589039636791880e-02
-5.994505720504579582e-02
9.852258323432182274e-02
-8.787983776950342163e-02
7.814466640585616963e-02
-5.936423743308700401e-02
-6.099078044085557565e-02
9.706600800745465718e-02
-8.107629865025578475e-02
1.618557187643147183e-02
7.516483031293838546e-02
7.939588508743651574e-02
-1.180835102224163241e-01
-2.136336934960646194e-02
5.651624484517168978e-02
7.324583705125577160e-02
-4.615254543242944263e-02
-4.309942806860325715e-02
1.142768126078634316e-01
5.938417964344158001e-02
-5.952265190302905365e-03
2.633213331954147030e-02
6.294588208350615499e-02
-1.209558821221762628e-02
-7.062900284582007693e-02
-2.966771328123181742e-02
-4.742949877878779863e-02
-2.339263712076624507e-02
9.653133987251687198e-02
1.049480830314005464e-01
-3.091226718087985298e-02
9.751616175971319911e-02
-4.469556847168746488e-02
-3.735514056461703564e-02
-3.794601714384237406e-02
7.624390659558756556e-02
3.374803648311217041e-02
-4.120642701838168193e-02
-9.297761193384410094e-02
-1.784232589375433706e-02
1.741393913436884572e-02
-8.636921522839570431e-02
6.563709032903397578e-02
4.701281477878734016e-02
1.015195505609859383e-01
-5.317238760439733231e-02
4.462642735115892462e-02
3.004608002004567277e-03
6.139761519761456621e-02
-1.228021346728518509e-01
-8.346304123276049314e-02
2.642094034898722493e-02
-1.784684941354212212e-02
5.186387766826189120e-03
3.249526346548844286e-02
-1.135331870529294601e-01
-4.597941350843325753e-02
3.061243098892444531e-02
1.004952466483708118e-01
-9.095270949754231948e-02
5.197970544021164596e-03
7.981796835972175541e-02
-1.023768848963628741e-01
2.323245154651367578e-02
9.078392099000336113e-02
8.337867560490057339e-02
-9.802737746449000089e-02
-9.783884677639051453e-02
-8.388503089177190564e-02
-3.198815296394965507e-02
6.813926217883670144e-02
1.089260420424007225e-01
-8.480828202741255359e-04
-1.083236432856827663e-01
-1.012372558307722721e-02
3.601063696822420085e-02
7.705666459624145592e-02
-8.312227475786740372e-02
3.998495924088234232e-02
-8.369624458330653105e-02
2.954774902025990302e-02
-9.144829679912579168e-02
5.532706661700737688e-02
6.485027589344199983e-02
-1.022146867430585165e-01
-1.085379281015583924e-01
1.173185295673023487e-01
5.186159378394938207e-02
2.927984308923319706e-02
-4.812875762084663223e-02
-6.577505934914595898e-02
-7.895102340433335364e-03
-1.119875013580555745e-01
-2.482999916506474156e-02
4.119373724077700361e-02
-6.302404575520145769e-02
2.682489451465056018e-02
-3.602715017639702283e-02
-6.320299632610351659e-02
4.157941773756311521e-02
-4.118387277762614734e-02
-8.437224500436336927e-02
2.283761986201079605e-03
-1.277993398608349724e-03
-4.495509899152631134e-02
-7.540355885338845265e-02
-1.110088377551542577e-01
-1.083155438289611916e-01
9.570296275711043243e-02
-3.603515959732499913e-02
4.013869431307259122e-02
-1.182402775242156201e-01
4.988919379841644242e-02
-8.088501024150179797e-02
-7.388649475261334365e-02
2.838829963031204440e-03
8.835322527270667026e-02
-7.099073279806254744e-02
2.745447610442432185e-02
5.585647511184724245e-02
7.885900933833436821e-02
8.246554408536393987e-02
7.000486031727348735e-02
-6.837563597482522459e-02
1.492884568063650684e-02
8.205033972033019818e-02
7.354471338972082273e-02
-3.503551158591492604e-02
-3.808514752062928943e-02
-7.182935260831681441e-03
-6.500096529372483001e-02
6.531002789906470429e-02
-1.127601652799397301e-02
6.799041609921015195e-03
-3.138626781941533661e-02
1.084114115993950744e-01
-6.816016989937744019e-02
3.189714040508312594e-03
-9.614283529452842536e-02
-4.283912950427032351e-02
1.495029538340389430e-02
1.136592689123764738e-01
-9.828476126119516099e-02
9.729487658411058171e-02
1.063314170941155046e-01
-1.700549389073629028e-02
-7.143702831763666661e-02
5.658426437313050610e-03
-3.742451381012416867e-02
-9.690870980036644933e-02
4.810751876808697092e-02
8.366884102780886012e-02
1.101921367269672741e-01
-2.515738313200538423e-02
1.045312919152477926e-01
-7.433417428911784364e-02
2.781052498818063767e-02
-9.580783308294964218e-02
9.003042244625156232e-02
7.830809282535478033e-02
1.075096847449207860e-01
1.734889175048659471e-02
-1.073541859056844627e-01
4.721048500741659160e-02
1.117817966750604131e-01
-7.587397215316933619e-02
-5.697590460637726173e-02
-1.120242631237110542e-01
9.033420957333304635e-02
-1.649048588496099255e-03
-7.075550073290351460e-02
-1.187825613332172819e-01
9.824018191054466331e-02
1.078651955983952158e-02
1.938229270517679084e-02
8.900939662430107369e-04
1.873931326574256040e-02
8.986084201815043582e-02
3.143206816557729544e-02
5.053050127174082279e-02
-4.729487604703123266e-02
-1.047554637638081244e-03
1.855420962939062501e-02
8.946182120483016365e-02
-9.404111814294101312e-02
9.281684066659376398e-02
-1.857516642875341184e-02
7.160865000254892920e-02
1.781323105600714912e-02
-1.707718664074291820e-02
-3.672119958368631754e-02
-1.106549263954063056e-01
-1.109994985781454641e-02
1.047382174320522080e-01
6.597195802836113010e-02
-8.957283385141774634e-02
8.627301186362590357e-02
4.900185584645978809e-02
-1.176798534209164693e-01
-6.817918309015472134e-02
1.063839285241699462e-01
-3.166021237545958711e-02
1.096819884070339285e-01
1.147240112683240235e-02
6.444816768209260527e-02
3.818395777236936045e-02
2.552997736261596734e-02
-1.220931641128896079e-02
-4.768397787790266268e-02
-9.083055672272512260e-02
5.227814717648923692e-03
3.532879048608103534e-02
-6.756095571485599971e-02
-5.339222642695218290e-02
7.167672721867256180e-02
4.895275800002002464e-02
-5.668717978697331711e-02
5.241169345238765043e-02
-1.245669187108643938e-01
7.624673344098589767e-02
3.462363638464988069e-02
-5.082690505705961259e-02
-5.057054164558848902e-02
1.188464316057276544e-02
5.051694427756783096e-02
1.921884311155489661e-02
1.285862937733510229e-02
-1.016981739959513242e-01
-8.665355892221195122e-02
-8.772774213410526600e-02
6.908063920773051259e-02
1.024115215601788531e-01
1.017748321983960730e-01
4.996986643647545467e-02
8.517109692067074966e-02
-1.497265830739984496e-02
2.169009368076654787e-02
9.717645541597910719e-02
6.525447549901813860e-02
-6.438374853045862600e-02
2.617985953631517954e-02
1.016254962113404131e-01
5.564253485982858030e-03
-4.781152735320252922e-02
-2.358137395836349889e-02
-3.499697382871138490e-02
-1.172761893265800853e-01
7.360197610131070933e-02
4.673821350613036052e-02
6.518577348346155098e-04
-7.336123862581345190e-02
7.838054333738481844e-03
-1.096895755579217480e-01
-1.066500168931169973e-01
8.827542834927788740e-02
-7.666933682110126103e-02
-1.004786150413159718e-01
-4.393200005229654093e-02
4.268251333816570209e-02
-6.309320514593808049e-02
3.066375425101672617e-02
2.255333009768686198e-02
-3.888033240645841302e-03
1.052687499477803074e-01
-4.927899179605540331e-02
-1.111814547405949316e-01
-7.775959047808617131e-02
-8.802587223889202228e-02
2.515008255210211124e-02
5.260334971795438581e-03
-2.025356541660497389e-02
3.711984897461317878e-02
1.002971077354345986e-01
-8.754291233325754706e-02
7.341396026623042692e-02
-4.870818435949120229e-02
2.706251393061424176e-02
-4.462415625562071719e-02
-1.272461409143966493e-01
-3.373746385877337411e-02
1.322640261174710952e-02
1.012249321529894511e-02
9.219155700470188508e-02
3.863489074290984981e-02
8.015168769356938172e-02
-2.928269736057238087e-02
5.741022307434730937e-02
8.852836811970357656e-02
7.996971706688744963e-02
-8.133611589615549753e-02
-9.635000898746995390e-02
7.785775183466762950e-02
7.657881549866071835e-02
5.885177313517617192e-02
8.588051021699624754e-02
-3.325660770758174373e-02
9.689745184390753663e-02
7.701889480914961283e-02
4.429511436228789761e-03
7.956539247887976785e-02
6.347167530284279074e-03
-5.301278454891053538e-02
4.065645598796210902e-02
-4.591371044321012479e-02
-9.574483597637226118e-02
-6.774537558661952730e-02
-6.687676511694227999e-02
-1.138059161666175531e-02
9.838301207074767740e-02
2.581401158670445367e-02
7.830809116328734179e-03
-1.516779302566735599e-02
-6.848709914508303853e-02
4.504742520108507425e-02
-7.058526642599749490e-02
4.206434904094923100e-02
8.457030160729092638e-02
-8.171187927122774974e-02
-1.161622096209229404e-01
4.819664314952889356e-02
2.943809668391023093e-02
3.672056989220426337e-02
2.971968151783533837e-02
1.705312775871887371e-02
1.699730212914222355e-02
6.499158840049568120e-02
-8.783747289546056658e-02
-8.584860489171361464e-02
-7.715579225935284557e-04
-9.011212207181018563e-02
-1.330752738085975301e-03
6.395444063977087645e-02
-5.563953692081747421e-02
-4.532709704623802405e-02
1.175083869821651472e-01
9.286195552360110295e-02
1.267594097592728841e-01
-6.295563375529861228e-02
-4.232866752255829562e-02
1.005485064566191689e-01
-7.361733538864732862e-02
-8.931789539523346533e-02
-5.564416847918843279e-02
-6.756486190707558515e-02
4.661875769890268251e-02
-8.690137823214695578e-02
8.873693666938400545e-04
-6.751504031981142573e-02
8.040835946444432891e-03
-5.166637931310792686e-02
-4.622904624890707137e-02
-1.030791530637644171e-01
1.771635653533932403e-02
7.317345416241181899e-02
8.374598958237951252e-02
-4.354313292104541877e-02
-1.050368102928344594e-01
8.818216604450102025e-02
1.003865382903835757e-01
-3.857396109856158634e-02
8.758678893245894215e-02
4.599122729166408435e-02
5.466587932795453908e-03
-1.875978897201805232e-02
-5.786340656840680691e-02
6.686423887983568293e-02
3.141599623805547276e-02
-8.615725802569873526e-02
1.119483765087510435e-01
-4.197576029760765465e-02
-9.830819341043919857e-02
1.195674540640990352e-02
-8.040042353949705331e-03
-9.733778440901642848e-02
4.514416139315525350e-02
-8.542661558842676306e-02
-8.703456397920761312e-02
6.025064784048482502e-02
1.634660783416121144e-02
6.474035129602229155e-02
7.013999002836155718e-03
-1.791517567739968689e-02
1.107472368254216327e-01
-1.017373012853900055e-01
5.662817236004748928e-02
6.849979791342743207e-02
7.743829564456052028e-02
3.458120406078792064e-02
7.440492934357538501e-02
2.247777897161372385e-02
3.254175841738479735e-02
-9.007958505649729664e-02
5.247474703072198959e-02
6.319326734069431739e-02
-1.169135123727739062e-01
1.082076266010768145e-01
-8.372537520325902538e-02
-2.920594999428653693e-02
-5.606145440559873877e-02
-2.342215238370519079e-02
-1.939203663518675527e-02
1.116721839514027564e-01
-1.201044529783097808e-01
-6.262968822810275477e-03
-4.044789999711376205e-02
1.674196074077886898e-02
-5.369644916002205143e-02
-3.586765510453067407e-02
-6.420015061821010560e-02
7.930806659914414747e-02
-4.210567173510415540e-02
-3.942217239727149880e-02
-2.481389960139714773e-03
1.024111371919573105e-01
1.047395595739646634e-01
1.204361935290187459e-03
7.002705266436634601e-02
-5.779685341397734766e-02
-8.214432685826987546e-02
1.098524925568378913e-01
2.991823544676823488e-02
2.344983866368475361e-03
2.827941998523945955e-02
7.481707151945971024e-02
-4.449247671621203021e-02
-4.637103274986160290e-02
-1.030750112240863131e-01
1.127364936781543314e-01
6.531662742597538207e-02
7.284838897753365128e-02
-7.789673214406818251e-03
-9.969284262433515675e-02
3.515364550787646036e-02
5.416852743831424011e-02
-8.840501926789103015e-02
-1.083385645366255201e-01
-1.072455492815864303e-01
-3.903041309258031399e-03
1.073457619778567795e-01
-3.476175168009643102e-02
1.166302479951340926e-01
3.634409200278129748e-02
-1.010830048763072253e-01
-1.152427128702839809e-01
2.734604906470949545e-02
5.637723218580337203e-02
-1.033878054726681400e-02
-8.107526203015791993e-03
6.565381600575596888e-02
9.719094821460476374e-02
-3.770034658873915034e-02
8.739170997529288609e-02
-1.257817102862722192e-01
-7.056421350943194171e-02
7.728649228493045253e-02
-1.075624680225568675e-01
-4.227253648904068239e-02
1.000995810335039288e-01
4.076732746536945035e-02
-1.065604143241973834e-01
-1.377221125040562107e-02
9.788370286599989978e-02
-6.137511131065597619e-02
-5.342060561092341030e-03
1.077531960813695039e-01
-1.238078589986792710e-01
4.492481145452480867e-02
-7.982926715163669862e-02
1.046698618914500001e-01
1.055665515176306690e-01
6.419116351954770594e-02
5.051913024473190378e-02
-1.115253220810350498e-01
1.116525987029539785e-01
3.935949974991691941e-02
-1.107300379995768969e-01
2.652241644470509224e-02
4.666917358867777102e-03
-4.929506097444572542e-03
-2.418853803135319683e-02
-3.528053590091013297e-02
-3.324730399091158778e-02
-6.283947495511603420e-02
2.144083522693862251e-02
1.228576084510266536e-01
-5.930190060105210853e-03
-8.223359410703738603e-02
-1.166089674628753153e-01
2.127430618487399783e-02
-1.376423439145780386e-02
4.667710532139127295e-03
-2.481066126056576115e-02
4.479865154963012103e-02
-8.631096966182794095e-02
-4.853319513562390913e-02
-1.110036771170010428e-01
8.253019645404101323e-02
4.506212000674406082e-02
-9.456079689360784302e-02
3.966507151583216484e-02
8.642383403203441131e-03
3.702511773193921385e-02
-2.950178356309818284e-02
-2.151062374342727068e-02
-9.510783796537544688e-02
-1.203774258945031622e-01
8.384615499093447943e-02
1.005174958186253881e-01
-5.380273328829962912e-03
-3.770581308268189380e-02
7.537565085417018487e-03
8.906336226707206594e-02
-7.834243331311101233e-02
-1.207063410417939520e-01
-8.815314582496634743e-02
-7.625057667973900340e-03
-6.392182002127777540e-02
4.105445549821809537e-02
7.121173474120597036e-02
1.094397974005030388e-01
-3.988347385021896729e-02
-1.043097175872167021e-01
8.891735588501219201e-02
1.134502891578743483e-01
-1.195518058060679178e-01
7.745410332710071788e-02
9.601530664198838771e-03
-9.766975181288632679e-02
1.110830532780018171e-01
-5.054869265921979604e-02
7.666286555255930057e-02
9.036812919864994909e-02
-1.081778486878664930e-01
-7.070185053602772926e-03
-7.929530310106774893e-02
-5.237302372562000624e-02
-2.386279088325147721e-02
-5.615019050448484539e-02
6.298043705915898349e-02
2.024378542668741829e-02
2.703513367339668155e-02
6.648893261477362149e-02
1.110019217311094403e-02
1.197766566361593323e-04
1.724592446797905756e-02
6.701433381431610992e-02
-4.756621280458437490e-02
9.785214237488878974e-02
-5.122824674954985086e-02
-4.442470600396225544e-02
-7.644320510016011649e-02
4.345278002635545589e-02
-4.595945967866833792e-02
5.277769767530120226e-02
1.161120413323162154e-01
6.846409957781092459e-02
6.240782030538605252e-02
-1.086481124417199018e-01
-4.844977172009858751e-02
6.265249467767185221e-02
2.470367139246435612e-02
-9.953018958269617411e-04
-1.047441610396537964e-01
1.039231856089999628e-01
1.809038215866129104e-02
-3.867193601236601497e-02
9.079471873209921107e-02
-7.250229876018594866e-02
-8.376573919686750025e-02
7.261799304406904576e-02
-3.932938137488079661e-02
-8.641581357710742539e-02
1.757358500386096804e-03
-6.647180858997214781e-02
-7.387871078290030036e-02
8.069170995099522389e-03
1.078923635996164032e-01
9.204238478613917251e-02
-2.934117241417201483e-02
-6.162813625588702687e-02
-8.595507484342852778e-02
-7.755988976534292090e-02
-1.674600132501170152e-02
-3.944719643969933631e-02
4.806374813844440513e-02
-7.290843382896863845e-02
-6.766884416607693575e-02
5.847872758226126816e-02
1.125927782117586290e-01
-2.917311131310483530e-02
5.861492163405428168e-02
-8.973997094491743820e-02
-8.669406478201502342e-02
8.283734124401979926e-02
1.072378241891602940e-01
-1.998067831518928264e-02
2.450492589100137369e-02
7.536224587658520158e-02
6.001861861853061836e-02
-1.199919728476157160e-01
6.736294004958763570e-02
8.873963908435289483e-02
4.587949721976852108e-02
2.247246680913557795e-03
-8.540138504078616244e-02
1.120091139960373711e-01
-3.319088459929708801e-02
2.043560460010046542e-02
-3.874637582429592275e-02
-8.143415986491923941e-02
-1.020899133576145257e-01
3.997261550588202678e-02
-7.972026835182122184e-02
1.227348081826219912e-02
9.699606381625261453e-02
-2.366266592567352074e-03
-8.256604625200976433e-02
-5.784022824116008543e-02
-1.043263718921268457e-01
8.607782909792971449e-02
-9.941514608579397200e-03
-1.043234154524711049e-01
-2.291193979800118172e-02
-4.026884409461715247e-02
7.676551467833349351e-02
-2.950084906444224234e-02
-8.876486354242975330e-02
5.702497670646248379e-02
-5.029599023905254040e-02
3.129221859667535854e-02
-4.218944773537183085e-02
8.501252385304985948e-02
-7.672654005452633763e-02
1.513956276306098990e-03
8.441649623046655615e-02
-3.969272292012557268e-02
-6.181193557730668697e-02
-6.613380693827042300e-02
8.311925897188350565e-02
-3.328532335218965105e-02
9.902619648480739944e-02
4.492597859499449647e-02
3.694401386359568405e-03
2.338510930436441676e-03
1.065557167384527035e-02
6.275509358936778859e-02
2.482813285247248078e-02
8.906806176832061939e-02
-9.196604297911206705e-02
5.507974341758646586e-02
6.845324072219603762e-02
-1.027585035726310686e-01
3.057454819204896007e-02
-1.333290050417914631e-03
-3.140820158138069029e-02
1.750718539312732733e-02
2.546866137656475515e-02
5.758376137728933586e-02
-6.396329859369304094e-02
-1.051323758773128891e-01
-1.101336895752725309e-01
1.024029712211351785e-02
-3.378214360560687080e-02
4.188730110523690778e-03
-2.230599271716008150e-02
4.204620542117820312e-03
2.045569743854922309e-02
2.402775501911011760e-02
1.050425386370481273e-01
6.838031240181710602e-02
1.229991133714594849e-02
-7.757475121710502575e-03
-6.953545393148305442e-02
-7.141334608722861577e-02
8.306170267931954621e-02
-3.737903682184942622e-02
-6.378091288711662532e-02
-7.983578900495798270e-02
-5.690723692888850771e-02
7.600146793043824345e-02
-8.998888935336724765e-03
-9.413946942995651823e-02
-9.059508294371734771e-02
2.339001298617741052e-04
4.871222279912697760e-03
-2.354533597395241235e-02
-6.172512639847728411e-02
-1.657505780351780506e-02
2.059749370273694299e-02
2.873353622178322769e-02
2.306112600467746104e-02
8.173926998706740332e-02
1.096922649252392717e-01
9.186939807466076857e-02
-7.562241927220766935e-02
9.286311591188325942e-02
6.228476949202763069e-02
7.664980503462873185e-02
-5.747801708857513958e-02
-6.445600309706538134e-02
-1.145420420703240211e-01
-7.896070752016159933e-02
-9.411500697699093365e-02
5.659017935394344834e-02
-1.227677533738389948e-01
6.449107669949170896e-02
7.017514431741181391e-02
3.536937144933997509e-04
-9.178111757721804653e-02
4.542184835217009248e-02
-8.185502596961374833e-02
-3.721153390167104141e-02
-2.742091301901296990e-02
9.690731687466591637e-02
-1.122316670750670049e-02
8.349231061001713416e-02
1.150080312714277242e-01
1.060519316053128158e-02
1.107696638078765339e-01
6.377024567178304904e-02
-1.185087961665236694e-01
-3.141763096591819460e-02
-1.818408969464777730e-02
4.306205237577777345e-02
-1.102359704435659227e-01
-5.123138275053498031e-02
-1.667839557175376797e-02
1.888108315074866345e-02
-9.489821468412709682e-02
1.068553940986910339e-01
-5.360208481983631118e-02
-3.362804559585316072e-02
-9.332072342761309203e-03
3.432516528716680285e-03
1.031555355332558765e-01
-1.165441457231265882e-01
-1.097516743914087184e-01
-2.880772196324172391e-02
-5.886144555541023698e-02
-6.677674863025365171e-02
1.254862950260265085e-02
-1.119295694226277449e-01
9.709233852304463563e-02
8.270824308607029052e-02
-7.312677981291515472e-02
7.811038456450990208e-02
5.943927531990618462e-02
-1.148880274710080245e-02
9.025827963330210202e-02
-9.913419492614826412e-02
8.640395393564097304e-02
-1.067670856933804202e-01
-1.048122268360382747e-01
4.740632668723660653e-02
-6.241980870505080270e-02
2.837092913425277516e-02
-6.956900184092763839e-02
-3.608698742569153850e-02
-1.406777556648778488e-02
5.971396338250389846e-02
-3.557622673423022075e-02
9.238327144132205127e-02
-6.383595077015086217e-02
2.588528521353689396e-02
4.500772161356734330e-02
1.157441828424769954e-02
1.599992327002517506e-02
-1.216915287380814295e-02
6.145851231790337710e-02
-1.163232550418205752e-01
6.827494401493151843e-02
2.543697483627832545e-02
-2.734048576077578036e-02
-9.735644526292140666e-02
6.868348633881263265e-02
1.135363646814012556e-01
9.265812958344338268e-02
4.572477879036885434e-02
-9.055080490402785121e-02
-1.107300502266344439e-01
9.054226045562595651e-03
1.137384649843868785e-03
6.672429431025367341e-02
4.414957190128115938e-02
4.098730415272448802e-02
-3.191711899196001540e-02
-7.831342979163449791e-03
7.770379768645378771e-02
-1.018810351461359592e-01
-9.083708332951014042e-02
-2.560017378859599790e-02
6.042920507903993405e-02
7.339523587179327957e-02
3.119727213495352564e-02
-1.040837114710469052e-01
9.134139386581853221e-05
-5.190570116088309011e-02
-7.396528197311699748e-02
-5.232035765899961666e-02
6.432953539589365832e-02
1.178567678391318624e-01
2.288843322164130570e-02
-1.512726503809042576e-02
5.042990825164906515e-02
1.062686115321456737e-01
-1.063049902681587056e-01
-6.063630134735460003e-02
-6.702748699652552600e-02
-8.488941647638285903e-02
-8.129512800822966730e-04
-6.895511909166138209e-02
2.624109337580712506e-02
-6.937610448266572083e-02
7.291936544321800384e-02
9.845615897533377403e-02
3.087158794340555054e-02
-5.971861747516936381e-02
4.463825345315878407e-02
-5.201266896557368846e-02
-8.164203756968212156e-02
1.528025214509580280e-02
-7.036469241611337244e-02
3.489712944615946943e-02
1.881935093531694400e-02
-9.325269395323286872e-03
1.097972488907928423e-01
4.377502724168022552e-02
2.694693156062453673e-02
-1.716953051439962328e-03
-4.048092021081833164e-02
-6.078600843911043106e-02
5.988319008589268466e-02
-8.633161240044244511e-02
-3.762840722498256990e-02
-5.335991807922592367e-02
9.057654139871954002e-02
-9.468171456971692657e-02
2.645296060238649591e-02
1.002568045547580777e-01
5.884881693912148888e-03
7.670998132198375563e-02
4.238376503875648967e-03
-7.969742175661538586e-02
8.363298380841281687e-02
1.006933350341894795e-01
-7.022794579337521270e-02
6.356793080788386563e-02
2.316187576605253495e-03
-8.069470218410559892e-02
-5.806869243982114293e-02
-1.853959381193076225e-02
1.107934266742503088e-01
-2.116069967429815880e-03
-8.015603100466249520e-02
7.286473001925544701e-02
9.556409851039765480e-02
-2.812965739359384737e-02
-5.969447333957206975e-02
-1.702426537167153579e-03
-7.628310478724707744e-02
-9.995074628090724889e-02
-5.019866627658545188e-02
-1.082597253806457660e-01
-3.353784045927756668e-02
2.173542119062617239e-02
3.262889867001280558e-02
-1.077756518733471031e-01
-5.484255123448596864e-02
-5.657159114493303526e-02
-1.068053661429015366e-01
1.477632012411030440e-02
4.054646812346281159e-02
8.511477860687104158e-02
-2.656160520986675100e-02
4.314013080263023187e-02
5.739506044898413928e-02
-1.085134969851876338e-02
-3.143518632443062510e-02
-4.480673391494542634e-02
-2.250230716472375464e-02
8.177207979230045887e-02
-3.702115343546707321e-02
9.616458466131952432e-02
1.064260974283484651e-02
-5.261274683550437592e-02
-1.010774597019950677e-01
8.639034097541724994e-03
-4.918809174922712801e-02
-3.459867157595095111e-02
9.316740325094056974e-02
-1.247742088081886525e-01
6.722861311579288179e-02
1.887418527172181858e-03
6.874657063244912769e-02
-4.724819794423491121e-02
8.138137604465543740e-02
-7.873280517621321362e-02
4.006815535937367084e-02
-3.030821500704550947e-02
3.765948016083875416e-02
7.905332924476822509e-02
6.524142994026997655e-02
-4.914844023152569602e-02
-2.810310924926458925e-02
-9.496995980400030346e-02
-4.131245773319885267e-02
4.294776994160865585e-02
-4.259697372815997307e-02
-3.115130734641193000e-02
9.787149936893795032e-02
-4.210870215525878979e-02
4.124819858182095234e-02
1.125626522585095046e-01
8.891178864661901382e-02
2.089551883972408722e-02
6.504173545552625890e-03
1.342334592381632698e-02
-7.527449973827976537e-02
-4.914662296559162841e-02
-1.121068802389745336e-02
4.280694398736204637e-02
-6.713668837984132498e-02
-1.187234399530237572e-01
-4.695667294515396689e-02
1.016003026466232168e-01
4.725314415756266817e-02
-5.246073952829498621e-01
-4.297351206322297945e-01
-4.025439635915399328e-01
-3.598669777654684432e-01
-4.094517995621397288e-01
-5.578118787545021107e-01
-5.182537136729582494e-01
-4.261300640376365911e-01
-4.877010378651899236e-01
-6.077445435194807066e-01
-3.538692309334632857e-01
-5.048979432298987824e-01
-3.914710183283000022e-01
-4.178056896929617792e-01
-3.901407616460986771e-01
-5.600895650342754273e-01
-5.764339044621645813e-01
-5.288144004842436630e-01
-4.030137509864020195e-01
-3.463839754826382178e-01
-3.387665072716662396e-01
-3.788783313950077059e-01
-6.111578057257072150e-01
-3.869809304982550491e-01
-3.720600435411681173e-01
4.721111311548503026e-02
-9.116783186706971243e-02
4.069344057485884542e-02
-3.861717294366538017e-02
-5.616069300085054644e-02
-3.815808611843479053e-02
-7.218666193757695970e-02
-3.156158246551306334e-02
-3.126328560462608708e-02
2.649049939231503531e-02
-9.693656915983339672e-02
-1.160810507577594505e-03
-6.087386754912279402e-02
1.172437569746678093e-01
-3.113081976550315100e-02
8.320092654648451186e-03
-1.199930287770404821e-03
-7.545914438649541089e-02
-1.056406258294687039e-03
-1.112251245635616226e-01
-9.862482575006996377e-02
2.550854042440665187e-02
9.186293903534796523e-02
-8.888589685777095739e-02
-2.250913393247794270e-02
-3.140567411336873255e-02
4.972974616324511016e-02
-6.920794776062083598e-02
5.349326296680116666e-02
-1.220192662429730665e-02
2.406187546957322398e-02
-2.973477101851985244e-02
-1.050171096167919343e-01
-5.485454144833254442e-02
-6.820686929102695584e-02
7.650286297973389604e-02
4.347661919362678928e-02
1.097487848394318177e-01
-4.413564393357383153e-02
4.608911473304513895e-02
-5.830948686024013672e-02
-7.078621477140062401e-02
-9.353432770488728787e-02
2.140935029327446781e-02
4.636819206619768527e-04
-3.424056110192445421e-03
1.283731491123224835e-02
2.628609586654813424e-02
-4.697301879328748264e-02
-8.606265253367474666e-02
-6.551557975508688625e-02
1.849811202717263625e-02
-6.007943834000754879e-02
4.988997258728701534e-02
-1.105359141305962967e-01
-2.946393353297777074e-02
1.494699093189681693e-02
-1.534730341391789266e-02
-1.138239073077245977e-01
1.281656744489953134e-02
-9.623871798637231856e-02
8.397054013638893810e-02
1.471162975365429212e-02
5.921071718912696707e-03
