-2.342661219607845013e-01
-1.549081797115798853e-01
-1.769736540725364293e-01
-1.044379045912430248e-01
-2.178919286299444980e-01
-3.208681800780420756e-01
-1.398795452859009358e-01
-2.817784112439858379e-01
-2.848188476090716681e-01
-2.858626534700696165e-01
-1.017558895372717154e-01
-1.895990226505157306e-01
-3.133015759020983393e-01
-1.753624218667406698e-01
-3.090502420437865050e-01
-1.399205330051917218e-01
-1.850319702263139299e-01
-2.932516579091616338e-01
-1.363570723001442664e-01
-2.442397591380950639e-01
-2.967297429943867026e-01
-1.735601090658387691e-01
-2.128735433600067450e-01
-1.859444520285852553e-01
-2.857980015927651385e-01
-2.445612845572443239e-01
-1.061744257780641576e-01
-1.048433937521531523e-01
-2.624712847579411257e-01
-1.440211627582133891e-01
-1.892418444350711104e-01
-2.230401038875909348e-01
-2.417075639842316825e-01
-2.209695972239175132e-01
-3.083307552292622322e-01
-1.224670093144895056e-01
-2.400973642564270816e-01
-2.299963041927223506e-01
-3.034923752649899553e-01
-3.206061528028154028e-01
-8.537690584432214291e-02
-2.479025826687433209e-01
-2.058503365905250404e-01
-2.482850696745409480e-01
-1.095452362279638325e-01
-3.205142800138613968e-01
-1.070370096190386699e-01
-2.018505763698636990e-01
-8.424023771958671913e-02
-2.194174880026406038e-01
-9.550685702285477419e-02
-2.914524524588535392e-01
-1.427290177542793193e-01
-2.429510212847802997e-01
-2.725794600565710213e-01
-2.014837974268744447e-01
-2.539146951723646461e-01
-2.151450553541105482e-01
-1.389645808132785321e-01
-3.140426130828021800e-01
-1.474350938107935882e-01
-1.303588382809507951e-01
-1.738898954024526433e-01
-1.262415145692360186e-01
-1.869425524167410424e-01
-2.506572627922565299e-01
-1.290191087159125727e-01
-3.246184456576211019e-01
-2.857246779351047539e-01
-1.404243071610729310e-01
-1.832676864592727717e-01
-1.046006087154263131e-01
-2.444438723266326718e-01
-1.758473659186730875e-01
-2.977447179160166435e-01
-1.446875333475533543e-01
-1.998432012898136989e-01
-3.204139319160400068e-01
-3.108234609797241865e-01
-2.721958112592574031e-01
-1.942738428237524295e-01
-1.706798754390146944e-01
-1.240549870471076566e-01
-3.321292158022944863e-01
-2.311500446632268613e-01
-2.534259908305230846e-01
-1.421761602319530915e-01
-2.717782505237401058e-01
-2.708881177336558976e-01
-3.223126150198443174e-01
-1.208952892900182763e-01
-1.939158789850102538e-01
-2.516188927449383161e-01
-2.864588467354048928e-01
-2.791028743281757096e-01
-1.927575645039320273e-01
-2.512219217522602133e-01
-2.109894221661667846e-01
-1.090609747531022522e-01
-1.673633590324102860e-01
-2.901782825018452971e-01
-1.209860442301055883e-01
-1.014181740027455814e-01
-1.534863734764964627e-01
-1.155756027180941670e-01
-1.788600962981897191e-01
-3.167615378872710163e-01
-1.372748554326724268e-01
-3.007399987472392788e-01
-1.275916049806435359e-01
-1.777597436728363955e-01
-1.481273292839430100e-01
-1.714213166654965648e-01
-3.073672976771278931e-01
-1.734893996001564964e-01
-3.234074802416865291e-01
-3.285316847146597663e-01
-2.106558590869350989e-01
-1.353542590375473864e-01
-2.886082106188112562e-01
-2.899866418109616761e-01
-2.009877075823759685e-01
-1.857573915369052364e-01
-2.529785190165459996e-01
-2.155205439029469761e-01
-2.844669819324249227e-01
-2.691764879335013516e-01
-2.256299286094377576e-01
-1.579219680049362695e-01
-1.666581441557677956e-01
-2.067982418134101941e-01
-1.704853419144131688e-01
-1.854729614045086128e-01
-2.051813375928899508e-01
-1.742227266982623590e-01
-2.425136509624762349e-01
-1.617581900331341860e-01
-1.786731296688646164e-01
-2.683649150057746957e-01
-1.661221629266030342e-01
-2.661660201037971962e-01
-3.186060184185259825e-01
-3.427197792603147164e-01
-3.535181816285812850e-01
-2.736632233244165047e-01
-2.246589371291433657e-01
-3.153942501592811309e-01
-2.004738103941145488e-01
-1.484168991639784330e-01
-1.947213566497748571e-01
-1.569134827183803205e-01
-2.639625504173463977e-01
-2.884862859783244859e-01
-2.313289674774442473e-01
-1.699532135259371746e-01
-2.637899483335465756e-01
-3.561292281866386134e-01
-3.422934760444965030e-01
-1.793429900573661195e-01
-1.429070427327733817e-01
-2.524028032469502469e-01
-1.894380260281603445e-01
-1.589748139400173066e-01
-1.842079076392277581e-01
-2.533248258498217442e-01
-2.874137214736086632e-01
-3.578105654617558806e-01
-3.248313181537533789e-01
-3.109036667458597303e-01
-2.643830366113638086e-01
-3.549657421066974017e-01
-3.482060932706876333e-01
-2.504041274977590881e-01
-2.159212647625471382e-01
-1.611086963935919325e-01
-3.066711425960051973e-01
-1.994597470732964173e-01
-3.522296141712978890e-01
-3.125387011948496108e-01
-2.545794708789284599e-01
-2.690101310997627948e-01
-2.700305976164908417e-01
-3.286741177179078321e-01
-2.845470069022320581e-01
-2.489748792275027489e-01
-2.828348315082925279e-01
-2.166935384869805581e-01
-3.750169188314946833e-01
-3.580992534478637523e-01
-1.722759896670841562e-01
-2.626849548764978448e-01
-3.537407988239930079e-01
-2.064059172934244735e-01
-2.432338859691913213e-01
-2.902930232013948286e-01
-1.219171795278093384e-01
-2.625722366357141624e-01
-1.919937974450083296e-01
-2.463545510716530496e-01
-2.441634470168836391e-01
-3.533777569254039075e-01
-1.233731463319698574e-01
-3.541147899138943345e-01
-1.315627777604556625e-01
-1.903286580249302640e-01
-2.763954319631215517e-01
-2.939015579282322488e-01
-1.888224705577764007e-01
-3.066351787125243811e-01
-1.268352393885787410e-01
-2.285466061498301615e-01
-3.179671644677772857e-01
-3.023399043389910501e-01
-2.194232593790228503e-01
-2.396528997220988277e-01
-1.529464930200785666e-01
-1.688213909035281568e-01
-1.915822600891427252e-01
-1.861214207078996097e-01
-1.444033706036095266e-01
-3.146951041037576169e-01
-2.061608514620106303e-01
-1.158548954876410242e-01
-1.690120063494531255e-01
-3.338902150080189646e-01
-1.717767691094161941e-01
-1.895319217636959597e-01
-1.979879541031504264e-01
-1.238439797018222321e-01
-1.327604977654909812e-01
-2.454027004902122611e-01
-1.519838590149492352e-01
-2.883675626307710127e-01
-2.749653092784788977e-01
-1.252664582944986726e-01
-3.134797193859081288e-01
-3.044888646871913296e-01
-1.888861487696506247e-01
-2.196800612534659802e-01
-2.459516191917427153e-01
-2.969581100326437739e-01
-3.394379303815844295e-01
-3.111883045519131530e-01
-1.403571911553138651e-01
-2.973988802710394452e-01
-1.945712607522394610e-01
-2.915184587082908507e-01
-3.408958179431256230e-01
-3.298758186971442741e-01
-1.574513086780230386e-01
-3.151800762094207897e-01
-2.022213833136398686e-01
-1.211450786516558298e-01
-3.151426391397768034e-01
-1.705844196316659289e-01
-2.545678993284152258e-01
-2.017194873625682838e-01
-3.499927119411694876e-01
-2.845161922354218498e-01
-3.140158250348567548e-01
-1.239983980139975905e-01
-3.256238317586892528e-01
-1.860819018799901581e-01
-3.347100157686822564e-01
-1.760941754936835579e-01
-3.112699885219723517e-01
-2.689802498633432348e-01
-2.694548872244766358e-01
-3.283620590729271482e-01
-2.225743489098201411e-01
-2.227761941574264992e-01
-1.310840918494236007e-01
-1.975071625011025622e-01
-2.075062423594061511e-01
-2.438439082868785746e-01
-1.930357294819204095e-01
-2.690815842640498778e-01
-1.334834569997911391e-01
-2.549678397686342413e-01
-2.594361668896674744e-01
-2.354565527800476232e-01
-1.998845397978931404e-01
-2.177355334479397775e-01
-2.164141632090093303e-01
-1.732498401285363365e-01
-1.698864670557595491e-01
-3.222224967567884901e-01
-1.375196227128588078e-01
-1.952250807421483381e-01
-2.973692077425403868e-01
-2.090269009595954464e-01
-2.002669169024553775e-01
-2.739856529870437485e-01
-3.496407478558495319e-01
-2.492099644673093639e-01
-1.607613125167715040e-01
-1.688687336093666336e-01
-1.942883952851241214e-01
-2.274935551559386648e-01
-1.205144779016866230e-01
-1.597061381938613411e-01
-3.289708934503705051e-01
-2.357565526527355959e-01
-1.487336023390204987e-01
-2.600349897924012499e-01
-2.699882650694858666e-01
-1.541090868578108564e-01
-1.574734019627641590e-01
-2.126598717621678569e-01
-1.365752806772057015e-01
-2.751930212144686472e-01
-1.947872609694668855e-01
-3.013069012078850029e-01
-2.385137494751956022e-01
-2.877805322285656997e-01
-2.776290629987491765e-01
-3.111853625675023993e-01
-2.834537307304371145e-01
-2.109945447931191598e-01
-1.801231823256035924e-01
-1.137577708930393450e-01
-1.392069640836464672e-01
-2.271128639227285584e-01
-2.816089005186133143e-01
-1.191688415516357624e-01
-2.015624084358682566e-01
-1.263928951676496493e-01
-2.994654122490358894e-01
-2.483764739316463022e-01
-1.790817840147718998e-01
-3.489001327487926130e-01
-3.445570737301142938e-01
-1.948360488441784333e-01
-2.793349217709843457e-01
-1.250288390867602961e-01
-1.569152067848533227e-01
-2.941117520559660137e-01
-2.701649357972125687e-01
-2.454778526879924927e-01
-1.596672119396796707e-01
-2.834551175833363024e-01
-1.424648015786468269e-01
-1.253917336847728825e-01
-3.370943680234310680e-01
-2.453352797710124100e-01
-1.467603202227307224e-01
-2.144533305958126190e-01
-2.718998308411109677e-01
-2.594349249027859683e-01
-1.303452526097508835e-01
-1.168762603633664576e-01
-2.740569626862250363e-01
-2.916705974922341738e-01
-2.443204120086018838e-01
-2.891103525106031857e-01
-1.372464634496150804e-01
-1.491007843569825408e-01
-2.666636937232927940e-01
-2.540084145840407204e-01
-3.445575980863299081e-01
-3.196938762050889338e-01
-1.921537456585953318e-01
-2.380063866387365779e-01
-3.155269352613339073e-01
-3.418691304650219864e-01
-1.236466902389084799e-01
-2.466331361853824067e-01
-1.205043315191407227e-01
-1.618853711760148140e-01
-3.330404255497090293e-01
-1.781996523311502600e-01
-1.579316646124571122e-01
-1.209915523063632981e-01
-2.815873576158436364e-01
-1.277780895841703901e-01
-2.904381895699283955e-01
-1.868580248076038286e-01
-1.404099715797321180e-01
-1.318382206084119934e-01
-1.496444552452662335e-01
-3.315205363723366938e-01
-3.046286526944376738e-01
-2.340990422690744088e-01
-3.294741586166793912e-01
-2.403226555028551981e-01
-1.461904028628291941e-01
-2.749504607955115532e-01
-1.121155411039214123e-01
-2.793851441575423977e-01
-3.080343839910092418e-01
-1.495920938686857993e-01
-2.636485997187426600e-01
-3.170773715806416426e-01
-1.160427301921218568e-01
-1.946770355633508920e-01
-3.160025480687815302e-01
-1.836109445355603165e-01
-1.262695417552208987e-01
-3.083156562119138133e-01
-1.936831487262358487e-01
-2.226556186409978100e-01
-9.771099773619282280e-02
-2.779396035766841799e-01
-2.736305899979754042e-01
-2.023969824353613889e-01
-9.884985081126390627e-02
-2.113333399722255590e-01
-1.100835609927676151e-01
-3.271286998462620832e-01
-1.144163956957618133e-01
-2.395795106185028833e-01
-1.046484815509763355e-01
-1.785326662923910346e-01
-1.666847328807097295e-01
-1.278200844726734564e-01
-1.825717784108601971e-01
-1.835030159329854860e-01
-2.614824583082220322e-01
-2.160106927057104664e-01
-2.152942338707994896e-01
-1.992976042195984121e-01
-1.233346506512070229e-01
-1.083332510654065328e-01
-2.582560714754804088e-01
-1.974158270846836927e-01
-2.663488031759647101e-01
-2.054225857808458511e-01
-2.741027049336968169e-01
-3.000775713256040866e-01
-2.858930020685716000e-01
-2.128036806704023398e-01
-3.250355615833868672e-01
-2.280477758808607258e-01
-2.915992138072553419e-01
-2.017227101689929025e-01
-2.557774319813512776e-01
-1.364341688003636865e-01
-1.486124207326196545e-01
-2.555399821907358704e-01
-2.003703879057467940e-01
-2.428948877620555891e-01
-1.642791988961367078e-01
-1.232643082529510381e-01
-3.047137214314395992e-01
-2.664386087258815428e-01
-2.394748082681112111e-01
-1.536604404977334470e-01
-1.587555115030310493e-01
-2.460250303270748451e-01
-2.705193185535272882e-01
-1.749448137847314511e-01
-2.493523996349271132e-01
-2.962318888784434834e-01
-2.540969981402005362e-01
-1.788972037991994890e-01
-1.641202833239982506e-01
-2.857327644864502414e-01
-1.561413955823017508e-01
-1.242936700166728248e-01
-1.135271555968198898e-01
-3.061031645309160165e-01
-1.912716377856875927e-01
-1.796237776092094451e-01
-3.379089206777053378e-01
-1.584297443060996291e-01
-1.935394977645713555e-01
-1.913512493787315749e-01
-2.800376400342338146e-01
-3.415870979912895566e-01
-2.175372918475814710e-01
-2.502571626427716467e-01
-3.386340427174975853e-01
-1.616034669650722455e-01
-2.412959038348226892e-01
-2.537762023797609512e-01
-3.213103822190653824e-01
-1.368437118081401449e-01
-2.848764890997571020e-01
-2.325427443363951574e-01
-2.252606758566419454e-01
-1.473750118633669060e-01
-1.656683566258237428e-01
-2.876225871653163013e-01
-1.288915645715444924e-01
-1.262093955405097778e-01
-1.587346541100688735e-01
-1.631950507002629391e-01
-2.614925321608713160e-01
-1.189507559243728196e-01
-3.445193179512961446e-01
-1.097819850371367922e-01
-3.056859866466619113e-01
-1.550424952272344281e-01
-2.140537773172174196e-01
-1.340910528130132839e-01
-2.772193130041593068e-01
-1.976955665888220082e-01
-1.817357361102300006e-01
-3.290614983220140344e-01
-2.165184954826764319e-01
-3.249873268521180081e-01
-2.845011828725496073e-01
-2.093162468792105768e-01
-1.155315930468775454e-01
-2.732339996543241556e-01
-1.751415041384598303e-01
-1.387615810164840868e-01
-3.040893796984657227e-01
-1.815188723953704009e-01
-2.611228333864415996e-01
-3.392137639366799018e-01
-1.686295372109022084e-01
-2.322189315065362192e-01
-3.035711297963979982e-01
-1.668524899880139412e-01
-1.201715206677294590e-01
-2.151810402381255927e-01
-3.364015368132108330e-01
-2.241067065922090207e-01
-2.771632341439476122e-01
-2.138879800550542720e-01
-1.301645993777084676e-01
-1.994443020778099984e-01
-1.495225496321554715e-01
-2.891893840255262971e-01
-3.433120814742148252e-01
-1.781019745164357793e-01
-1.288880100038602150e-01
-1.518697561629355208e-01
-2.419427791062881417e-01
-2.612409676110561407e-01
-1.123984161313622554e-01
-1.596792846842884084e-01
-1.641130665819364731e-01
-1.813631181806406589e-01
-2.144057857007173884e-01
-3.289459824040824043e-01
-2.218472123921156891e-01
-3.441728243900339379e-01
-3.087984243996528821e-01
-1.783898186570291866e-01
-1.682526553595123375e-01
-2.707691015138024571e-01
-2.986422856472433773e-01
-1.382811681902805512e-01
-2.271498703338360736e-01
-2.511003645747047486e-01
-3.177132392219900181e-01
-2.768697503464532250e-01
-2.000772036058262315e-01
-2.560764471273553888e-01
-2.262369876200989449e-01
-1.137007974417054701e-01
-1.205579715671485086e-01
-3.353768705635545855e-01
-1.196008905343309836e-01
-3.312212435661979204e-01
-2.680872173784745183e-01
-1.558167722881170780e-01
-2.933157831345790112e-01
-1.244976974589837582e-01
-1.452306470490423440e-01
-3.067061312349000923e-01
-3.388019318198993157e-01
-2.471804604052093013e-01
-2.859001039369530872e-01
-2.252478810003639975e-01
-3.205773161511443203e-01
-1.525008517157523669e-01
-3.331023555047967211e-01
-1.670537346013205859e-01
-2.653713060183570116e-01
-2.755935061780409034e-01
-1.542022992536152826e-01
-1.625854245395369213e-01
-2.499407845044162024e-01
-1.233826198548161612e-01
-1.177321651799861091e-01
-7.542111676234586337e-02
-3.071755457897910047e-01
-2.455123814032057206e-01
-2.776949693308731759e-01
-1.735241312882315756e-01
-9.499197557363331379e-02
-2.878201224036293082e-01
-7.575502645652260059e-02
-2.440308882116224709e-01
-1.261177064568170803e-01
-2.205849142119633011e-01
-1.761983160855136454e-01
-1.475104202568050249e-01
-2.576814177665823213e-01
-2.525507991870200586e-01
-1.852062325756171357e-01
-2.177748633739935158e-01
-2.081325260889989592e-01
-2.200493350567108986e-01
-9.361312274120042742e-02
-1.522358108397280640e-01
-2.374480966218432965e-01
-3.069689045950890205e-01
-2.568917869450946245e-01
-1.346582273016394549e-01
-8.820863025961969694e-02
-1.536004417075519657e-01
-3.003451267440079286e-01
-2.768112344637233546e-01
-1.238944426105099417e-01
-1.004107231997668492e-01
-8.272422274940655074e-02
-1.391183238548653056e-01
-1.238261495999921358e-01
-2.278939762416755666e-01
-2.376391020409565069e-01
-1.619258873820447475e-01
-1.411520024756981184e-01
-1.573360999365693569e-01
-9.516532819835485379e-02
-1.208691818390987549e-01
-2.217610447526314199e-01
-8.710535746978606553e-02
-1.650093751373498674e-01
-2.984186507268963839e-01
-1.460770727586682971e-01
-2.744427662755542507e-01
-1.242553250803965226e-01
-2.917875600260316782e-01
-2.744231188045021530e-01
-1.608561258036555475e-01
-2.925789155739703662e-01
-2.951070183649266987e-01
-2.264358824596255926e-01
-2.447000764204086409e-01
-1.681351378020370380e-01
-2.303110091811085558e-01
-2.761596966537006592e-01
-2.774781871259678345e-01
-2.739067148476838076e-01
-3.035946136194070943e-01
-1.146012789238881058e-01
-1.619420475779149438e-01
-2.270668419108877178e-01
-2.927733872924763170e-01
-2.260081942135532540e-01
-1.388629168095121824e-01
-3.049080440583515350e-01
-1.175202096233792792e-01
-1.244401812095065618e-01
-2.617993917311057794e-01
-1.155939907521236765e-01
-1.162979624640102794e-01
-3.348553427851021502e-01
-1.968292323988417580e-01
-1.788030870040134557e-01
-1.244110172455036856e-01
-2.674595630168631888e-01
-3.004220801178119071e-01
-2.016809607348140354e-01
-1.801383585565453083e-01
-2.547561180094967126e-01
-3.068936314015487943e-01
-3.377038968491884452e-01
-2.787753687495917454e-01
-1.500509133243771720e-01
-1.639770634030205398e-01
-3.449971465794499093e-01
-2.481179231581512878e-01
-2.954330911886811073e-01
-3.236460614426449611e-01
-2.017272812580974406e-01
-1.225343567840535552e-01
-1.679820105059653679e-01
-2.560325914455794938e-01
-2.801761753921014897e-01
-1.843306476263797955e-01
-3.027590302870885042e-01
-1.934864491898057315e-01
-3.284826646220951885e-01
-1.304824946163547494e-01
-2.151286009410353917e-01
-2.348644672385288568e-01
-3.410484787168203136e-01
-2.007888402892554214e-01
-2.938915092538325613e-01
-3.122473419886522272e-01
-2.551208476306702222e-01
-1.210154764603506294e-01
-2.703435060476290785e-01
-2.660737310026216051e-01
-2.502665849954177624e-01
-3.401959703862728057e-01
-3.298821531216825642e-01
-1.653143167878217690e-01
-2.682050965068927262e-01
-1.269002088677615714e-01
-2.494350461488993864e-01
-2.477500761874739943e-01
-2.093084399731733047e-01
-2.126788726765851956e-01
-2.578794413097202920e-01
-2.702711859539330685e-01
-2.362737488087347237e-01
-1.436914489610762180e-01
-2.421462952527971835e-01
-1.650001695394794632e-01
-3.171893165149733962e-01
-3.605949270447214583e-01
-3.939811434069845353e-01
-3.104811607262684126e-01
-2.374893788634744873e-01
-1.756927564389348106e-01
-3.264873999312978281e-01
-3.359420884783278494e-01
-2.305805018494947456e-01
-2.047382791601801699e-01
-3.629468891083216242e-01
-3.805443421085544786e-01
-1.681741728933545121e-01
-2.193687931692176740e-01
-1.936734712176495787e-01
-2.019223558829824627e-01
-3.415921036207941741e-01
-3.746081284747002083e-01
-3.719668864780140138e-01
-2.847497623926099619e-01
-2.174145164546519848e-01
-1.499410431883738126e-01
-2.762163071843674045e-01
-3.839806411513996265e-01
-2.308901124588624010e-01
-2.223229963095789963e-01
-2.232822857301818009e-01
-2.957869372676412700e-01
-1.669044654904865699e-01
-2.018485791799108364e-01
-2.324519007333931131e-01
-2.822467984154882203e-01
-2.180124257586693037e-01
-1.723989759304734859e-01
-3.658792482926357392e-01
-3.045291671554937185e-01
-2.205894839832354404e-01
-2.259935810355412911e-01
-3.666039160180031287e-01
-2.537219184957155149e-01
-1.927049203048204207e-01
-3.181498114380704734e-01
-1.821560062029503602e-01
-2.033660047445162988e-01
-1.994050909101776903e-01
-2.807121035898826888e-01
-3.109274325889888058e-01
-1.910278531621980858e-01
-2.474984272807880525e-01
-2.180241613062916806e-01
-2.115833104081512595e-01
-1.979770810696193928e-01
-2.665660651167303663e-01
-2.715439514533672938e-01
-3.190457143554606967e-01
-1.737003297008768710e-01
-2.151372708283743329e-01
-2.798195017062453660e-01
-2.739875868139728388e-01
-2.435112254434982082e-01
-2.266015572678348466e-01
-3.683160741658246251e-01
-2.186402119109637221e-01
-2.355401909578097031e-01
-1.707047042394415071e-01
-1.705962440902772936e-01
-1.372832789945984122e-01
-2.207595622669507596e-01
-1.188521345978970634e-01
-2.136303358445725831e-01
-1.143226763790471390e-01
-9.424102942064427335e-02
-2.753224208748710766e-01
-2.295330041995942705e-01
-1.476070545849821336e-01
-1.918489045209679777e-01
-2.914175122357511860e-01
-1.625134004808987953e-01
-1.030554600946324284e-01
-2.519570324526224092e-01
-2.453375028788968570e-01
-3.041489168664616716e-01
-2.899098535591543291e-01
-8.884765149525974959e-02
-2.887236816277265472e-01
-2.802475381622506756e-01
-1.924333955347830027e-01
-7.938691769973549306e-02
-2.715334161763823806e-01
-2.074520750553855986e-01
-1.680894805212271859e-01
-1.603494753297101394e-01
-1.362800106991774729e-01
-2.313579974735601175e-01
-2.602642390514812165e-01
-2.603472159772529659e-01
-2.834355459703581381e-01
-1.952402848999116869e-01
-1.456796174495598173e-01
-3.147181293279401326e-01
-1.109556823580411800e-01
-2.276797280940958956e-01
-2.780089129724021557e-01
-9.516487939066720081e-02
-1.172960479166099690e-01
-2.631646293749856369e-01
-1.691323442644025732e-01
-1.456237579106486324e-01
-2.151197851060627220e-01
-1.448446699627909673e-01
-1.934542992167084530e-01
-2.680446309404537208e-01
-1.664502804018739845e-01
-1.593653892028306651e-01
-2.671610527111739630e-01
-1.620862310120784189e-01
-2.650371333811264440e-01
-2.782692094525114901e-01
-2.122281271298950833e-01
-2.976185458607004120e-01
-1.034004854508784044e-01
-1.412839476449626319e-01
-2.418728289411896104e-01
-1.119255206398787061e-01
-2.494196279725966470e-01
-3.060638046069151796e-01
-2.098187070414513355e-01
-1.858205373485092293e-01
-2.358626531266650173e-01
-1.815585850795441436e-01
-1.903394279845830594e-01
-2.711656199496134678e-01
-8.922703059026781958e-02
-7.374794798188744060e-02
-1.499828319254657427e-01
-1.859404527261478979e-01
-1.526331968235836722e-01
-2.233519370101012536e-01
-1.719713234194403251e-01
-1.261771843778977664e-01
-2.480732005474077795e-01
-2.850079457171983410e-01
-2.622351562892273336e-01
-2.642568733128859426e-01
-1.917234324623623143e-01
-2.172751659482619613e-01
-2.279730132920252672e-01
-2.770679169793925367e-01
-1.336801053602178768e-01
-2.135668425085107125e-01
-1.790776306764246262e-01
-9.893564655069139735e-02
-2.768300828767214505e-01
-1.605914471507025876e-01
-1.771550058560731333e-01
-1.106680120710243631e-01
-2.856026026243717597e-01
-2.558085688658962575e-01
-8.973077130851586647e-02
-7.739250353494420143e-02
-1.833795693253654768e-01
-2.603771965040289071e-01
-2.807810532838760365e-01
-9.736719354041944996e-02
-2.606662297623144053e-01
-2.333487240768495896e-01
-1.961496948281454822e-01
-1.641459909512031357e-01
-7.590923132946048035e-02
-1.922938115130666537e-01
-2.873226759589044277e-01
-1.250119219218062128e-01
-2.496838958830181476e-01
-1.607091943840114889e-01
-1.742534446614731891e-01
-1.345592734331327589e-01
-7.891113249422185283e-02
-1.751413177307187818e-01
-2.030107934332112118e-01
-2.103644976253493670e-01
-2.092847466361006381e-01
-2.146269094333731475e-01
-9.228160953549616186e-02
-1.958395952540761265e-01
-8.957855226784355862e-02
-2.167728885153628604e-01
-7.220131468811738507e-02
-2.296497865079197565e-01
-8.086485386152950094e-02
-1.214015843964422470e-01
-2.356796852005380583e-01
-3.525535392041404537e-01
-1.840471331930453869e-01
-1.523793909181990758e-01
-2.007124110868971356e-01
-3.166149754245733972e-01
-1.719370608738140516e-01
-2.268610227323935857e-01
-1.438319638657667432e-01
-2.056691831630574896e-01
-2.763285233765208071e-01
-3.282224317353660270e-01
-2.859213711363568500e-01
-1.777352937159504542e-01
-2.261928795347551147e-01
-2.011914853055707664e-01
-3.073954567363476609e-01
-2.377476909454889487e-01
-1.942486623911505172e-01
-2.478018780967227441e-01
-3.254613818193375918e-01
-1.926314260556862556e-01
-1.736655617732197066e-01
-1.361625930873515411e-01
-1.954468645196385246e-01
-3.432876128500771951e-01
-1.241200369987542074e-01
-1.362218683603711455e-01
-1.696391444713166163e-01
-3.360824695303095688e-01
-1.445529189176306128e-01
-1.807967530081259211e-01
-1.459660322225452000e-01
-1.860445302349857943e-01
-3.228662628452222960e-01
-2.837492102905074254e-01
-1.468239213501729146e-01
-2.788405211585018861e-01
-2.394784100285310968e-01
-1.557665028740424507e-01
-2.868755832244084258e-01
-3.503204028149819460e-01
-1.676605145092643356e-01
-3.612545464199283796e-01
-1.879967929748113664e-01
-2.839201150264112350e-01
-3.190795474709331447e-01
-1.215170344364591981e-01
-1.338999878899747586e-01
-2.743030922379920966e-01
-3.013408393061353663e-01
-3.499635215591806459e-01
-3.406671303209927171e-01
-1.829662451965920478e-01
-2.820207221984243340e-01
-2.638502932072376295e-01
-2.496290703268728983e-01
-1.507877650053291996e-01
-2.090913047284299886e-01
-2.042222533022201580e-01
-1.610578181503708461e-01
-1.494850013550740597e-01
-3.253715868188378213e-01
-1.789830877624028205e-01
-3.228208629005788199e-01
-2.866789723050179872e-01
-2.832099611179991205e-01
-1.316789521119239859e-01
-9.313472015864746045e-02
-1.792839021064470684e-01
-2.814427925701643018e-01
-1.625865515980557119e-01
-2.181022618904197297e-01
-1.993687469864252604e-01
-1.046337521744769017e-01
-2.902036192098455536e-01
-1.508888950880827029e-01
-3.030160468863391521e-01
-2.857998775820905779e-01
-2.681526365341696527e-01
-2.770875879937539366e-01
-2.545087650507437127e-01
-1.321816237541246220e-01
-2.297831146520628587e-01
-2.654816301361149211e-01
-2.486837069028234870e-01
-1.731324072400709790e-01
-1.810851111090970023e-01
-9.350006340989561182e-02
-2.294765110791564811e-01
-2.360450888869599084e-01
-2.859011544875904587e-01
-1.657319568532901188e-01
-1.487779746801946579e-01
-2.547479004276991255e-01
-9.994068961427773901e-02
-9.815997845313731429e-02
-7.943440385824560024e-02
-1.950013502239863472e-01
-1.809354075025825237e-01
-2.811239141329378022e-01
-1.827867833407016973e-01
-1.509961465921344503e-01
-2.576309831106018411e-01
-1.304022238156127833e-01
-2.222983124271903366e-01
-2.736527339661146141e-01
-2.499670398122636195e-01
-1.319464816659141060e-01
-2.895589743002304761e-01
-3.025696565913243985e-01
-8.333388648831030476e-02
-2.226125213810870029e-01
-2.702347424424131339e-01
-9.523768372831373230e-02
-1.310037027492333694e-01
-1.030794743063482288e-01
-1.805437214520780043e-01
-7.392923627016495525e-02
-1.305400933796825591e-01
-2.594915452874585471e-01
-1.353290743862735346e-01
-2.204167641596975202e-01
-1.557403966578161658e-01
-1.870756246734029404e-01
-1.102174545709228848e-01
-2.327788636947843992e-01
-1.540748829006682030e-01
-1.007855912297602463e-01
-2.263947373796545981e-01
-1.741080265004106287e-01
-2.361400048256253881e-01
-1.994818187349457483e-01
-6.735196484887351343e-02
-1.869447445523560181e-01
-8.479213356889560294e-02
-1.720542657347146343e-01
-1.968157142624800682e-01
-1.927134810895497208e-01
-1.156019437994218468e-01
-2.019886177845855446e-01
-2.046836404410719290e-01
-1.177053585869976410e-01
-1.360451774651209866e-02
-9.498452500551396449e-02
-1.923761440140449308e-01
-7.105406404043392021e-02
-1.080109384299766939e-01
-9.011183666641632561e-02
-1.386562552654748981e-01
-2.252979932630991278e-01
-4.526679864616678373e-02
-1.610050914964480107e-01
-1.955488382904793654e-01
-1.120126086934874893e-01
-1.028308715212548630e-01
-1.596359262574931215e-01
-1.435669836948743894e-01
-9.659423748891046713e-02
-2.264548396959684684e-01
-1.902900964803501682e-01
-4.114050112772890677e-02
-7.093231154263318627e-02
-1.802458625773534218e-01
-6.578477093254393726e-02
-2.390202620240594045e-01
-1.313104494243985398e-01
-1.921990413479494619e-01
-1.403394846395606688e-01
-1.539374416038992166e-01
-1.320241149750717158e-01
-1.062483406996222457e-01
-1.811379974304565266e-01
-5.133500271627899902e-03
-1.559388167645375800e-01
-1.435639281981987980e-01
-2.297568402061703763e-01
-1.969157956419690381e-01
-1.843573636760027501e-01
-1.207177027714320672e-01
-1.674075845964671239e-01
-1.260623526549481954e-01
-2.122235932423273130e-01
-1.681915941894978894e-01
-1.844132126315992104e-01
-2.135442133823749478e-01
-2.197546885113731974e-01
-1.922775777238785733e-01
-1.527198132747478732e-01
-1.632564706513617292e-02
-1.585724999721444539e-01
-1.674780128887839725e-01
-1.115127809571419965e-01
-1.801752100734921591e-01
-2.454203650081216437e-01
-2.665278675157555788e-01
-1.698097788107072181e-01
-3.340892543932998948e-01
-1.420906439582633185e-01
-2.822169523960811333e-01
-3.268104295781628088e-01
-2.927899393054433363e-01
-3.575899295327590321e-01
-1.458182065432088725e-01
-3.038827898359461321e-01
-2.972376902096959261e-01
-3.424768348643729698e-01
-2.495420599823018892e-01
-1.499449294840519420e-01
-2.049602671636402695e-01
-1.441483189843831836e-01
-2.758536047544178915e-01
-2.955005134101951203e-01
-1.218671283869927624e-01
-1.439226042101197645e-01
-3.183918154662447875e-01
-2.760760011712078965e-01
-1.724098752951167823e-01
-3.091286579885377805e-01
-2.919635495539728565e-01
-2.645805867337051032e-01
-1.205362357542419660e-01
-3.073933231100666186e-01
-1.942848542868067241e-01
-2.496590868865888879e-01
-2.968429720154077689e-01
-2.486932929411641569e-01
-1.996562281586957976e-01
-3.050022459271968245e-01
-3.431296896731224066e-01
-1.508441727146917766e-01
-1.441812326312101600e-01
-1.651829279644317361e-01
-2.294972826421396994e-01
-2.061002935149247040e-01
-3.511477116547240818e-01
-1.482656213112995836e-01
-1.299561103224806946e-01
-1.882238685096971065e-01
-2.303016028781140478e-01
-3.552461833283100945e-01
-2.223374301863109137e-01
-2.012037218054211485e-01
-2.026836589326560245e-01
-2.120803447233503003e-01
-2.789668617599014300e-01
-2.259288361517527988e-01
-1.775489899266582128e-01
-1.486152471912240425e-01
-3.033459856951794542e-01
-2.437885488430197589e-01
-2.099840555509655815e-01
-1.341319540677669286e-01
-2.449142027184699200e-01
-3.299732996675335261e-01
-1.504193396868337418e-01
-1.286896490819284533e-01
-1.998086184351061945e-01
-3.733806042122053137e-01
-3.155657992155513347e-01
-1.627667370263974900e-01
-2.916286234960070445e-01
-2.518427333359283260e-01
-1.516762884949205692e-01
-3.409249386938262849e-01
-1.668274123559533584e-01
-1.592280703908026951e-01
-1.656051942675284550e-01
-2.251117922971249963e-01
-3.741936453651720229e-01
-2.061832356717011039e-01
-2.543651627877198118e-01
-2.714582560445021331e-01
-2.985085489130757663e-01
-3.510634832749194301e-01
-2.542507612266373673e-01
-3.148554998588785070e-01
-2.835014144828844618e-01
-2.374435969918310130e-01
-1.348616371492990240e-01
-2.344777656544432265e-01
-2.504218297817493166e-01
-2.235227456752569841e-01
-1.669964364076176599e-01
-1.603847415297688928e-01
-3.566202794522043140e-01
-3.380196615521769976e-01
-3.433619391328533998e-01
-1.721553663008238422e-01
-3.062007243628422359e-01
-2.356895273833449489e-01
-2.353938124434467871e-01
-1.958422531302099479e-01
-2.030413453121135969e-01
-2.461654984562517967e-01
-1.555647637877430878e-01
-1.413962725709782264e-01
-1.956357528963769687e-01
-1.374139274417688350e-01
-2.444875320384384543e-01
-3.731018078445044739e-01
-1.543109115437441559e-01
-3.322725501238534829e-01
-3.330223566920413325e-01
-3.151265732618208082e-01
-3.093883041917744325e-01
-1.524712866124736110e-01
-2.908378221628966087e-01
-3.442955898225720235e-01
-1.967898486965558857e-01
-3.359220115934110074e-01
-2.183262755279154199e-01
-3.429204644573607963e-01
-1.443967747198527107e-01
-2.021197459818359632e-01
-1.388254087563295935e-01
-3.332023905209747783e-01
-1.326771343550643967e-01
-3.502098888534007637e-01
-1.480095297257287557e-01
-2.417349079182743998e-01
-2.297086512738716058e-01
-1.805089048582851630e-01
-2.656131429103355535e-01
-1.771714160485713674e-01
-2.736562829099699057e-01
-1.618172313494673220e-01
-2.351557054405197800e-01
-3.411397461482005844e-01
-2.935827833194820657e-01
-2.649401685683490659e-01
-2.902296690329989604e-01
-3.145532415879693788e-01
-2.358990792508510737e-01
-2.103689911113891253e-01
-1.927960252432233956e-01
-1.307624800782210828e-01
-2.246221224726221433e-01
-2.205170803516148248e-01
-1.742886494613223591e-01
-2.813735967876635491e-01
-3.169608730757961235e-01
-3.329734966263338536e-01
-1.207975002754826110e-01
-2.760140546960987984e-01
-2.789011342474598809e-01
-3.548524678524869191e-01
-2.195203933341505487e-01
-1.347363806221915372e-01
-1.298643128521803081e-01
-2.251035444755983272e-01
-2.449223266605052851e-01
-1.490112774939723606e-01
-1.991812604084483573e-01
-1.729740779039770915e-01
-3.523425565458249142e-01
-3.167749086689047866e-01
-3.050391930382259642e-01
-3.602818186612048446e-01
-1.804193437613811901e-01
-2.625403768616156319e-01
-1.549267917603927014e-01
-3.426217476612100632e-01
-2.674907102195381858e-01
-2.537165945942927991e-01
-2.017917303725191014e-01
-3.021383298484843771e-01
-3.324634177500019327e-01
-3.583227256462508947e-01
-1.255543404358109849e-01
-1.266645928856438286e-01
-2.823332087337103724e-01
-1.954966418664810246e-01
-1.940893166118360935e-01
-3.028537872221314098e-01
-1.744550929591019428e-01
-1.589180888438448125e-01
-2.913628083725022244e-01
-1.269840419559779554e-01
-1.763119756963175411e-01
-1.178717674365509782e-01
-2.776962253826298355e-01
-2.368495530707669383e-01
-3.417557757345374148e-01
-2.327501181556102805e-01
-2.026192253817769573e-01
-1.818109516414946891e-01
-2.188192888717917506e-01
-1.360106087183027279e-01
-2.251982326528974843e-01
-3.148074296588717069e-01
-1.746944488913019233e-01
-3.087307227742187576e-01
-1.672398190776445692e-01
-3.191648944571671143e-01
-3.246041070244181648e-01
-3.339278483458562041e-01
-1.324189267895735378e-01
-2.175507926559421823e-01
-1.885362973924609165e-01
-1.924886673142892080e-01
-2.356277795925075524e-01
-2.044805774691071665e-01
-1.674409483535325704e-01
-2.090015864628810560e-01
-1.916790794083280125e-01
-2.562563157093002975e-01
-1.488520531124798707e-01
-1.453147923397624108e-01
-3.481313146975002493e-01
-1.754765987710623643e-01
-1.391853269439236318e-01
-2.028431237418224786e-01
-2.783249750784825283e-01
-3.271524200694663209e-01
-2.893480799382783797e-01
-3.392073592945128446e-01
-1.807389901366030227e-01
-3.324781829223386609e-01
-1.898895890074646930e-01
-3.131760050979465748e-01
-2.937318707819028818e-01
-1.839975298242532420e-01
-1.541419340520804315e-01
-1.631248658531653239e-01
-2.521498380290420060e-01
-2.011996373329861809e-01
-3.630661480662039642e-01
-3.304210008596183412e-01
-2.366759123707668222e-01
-1.654717536775978382e-01
-2.384273107078033194e-01
-2.611388799377969971e-01
-1.280897886199116875e-01
-3.322710126667660635e-01
-1.693793269429046122e-01
-2.596860902043640063e-01
-2.324733070619110220e-01
-2.234614203003649491e-01
-3.622673797830514575e-01
-2.031447793241528688e-01
-1.995842032168553548e-01
-2.623064340229273039e-01
-2.901719403018954702e-01
-2.960682170446721218e-01
-3.616850339690531602e-01
-1.287616919033006402e-01
-2.935206800317251563e-01
-2.266678298338127007e-01
-2.692698978982428493e-01
-1.071793109958300572e-01
-1.174950307224479906e-01
-1.674171915459568838e-01
-1.298434392634991996e-01
-1.357170953343428410e-01
-2.168803046287076652e-01
-3.371540471677623163e-01
-2.123700115948708167e-01
-2.808278369980400369e-01
-2.126275654607503174e-01
-3.099722728935991878e-01
-1.369321508048872427e-01
-1.727622477269721568e-01
-1.074883645896400619e-01
-2.186569999147805754e-01
-1.698540256308620766e-01
-1.348845063120871768e-01
-2.451520745936811019e-01
-1.078822008942299238e-01
-2.745714499797713426e-01
-2.310903893676088949e-01
-3.027943178037950100e-01
-1.067403006570720181e-01
-2.246767567652660502e-01
-1.100762253775421085e-01
-3.179038115151532340e-01
-2.335772156982999781e-01
-1.274464281948541056e-01
-1.599735646949775325e-01
-2.882549344773338018e-01
-3.371193251919141209e-01
-2.198861793521101338e-01
-2.136917526396948375e-01
-1.856028422260761479e-01
-2.709230947112662991e-01
-2.727246959485378208e-01
-3.146284575749059842e-01
-2.809661315674171211e-01
-2.465262675856438879e-01
-1.649378388646991767e-01
-1.132776937065541611e-01
-1.976933374944900568e-01
-3.380057129432116336e-01
-1.844776424082197608e-01
-2.284496934873096741e-01
-2.769377689125916420e-01
-1.375513217551165290e-01
-2.619853424669426056e-01
-1.440136425665760611e-01
-2.746595415657143713e-01
-3.144144443608780093e-01
-2.393518731195931060e-01
-3.051205808860848467e-01
-2.338171699253390190e-01
-3.268081211111468765e-01
-2.526059551869759279e-01
-1.363507335629758621e-01
-2.497383033242240313e-01
-1.292977000075975769e-01
-2.298905592837931222e-01
-3.248925418254872133e-01
-3.297155515067181630e-01
-2.103327500552235330e-01
-7.315812837057431017e-02
-2.386209409345736721e-01
-1.417556051894961755e-01
-2.486708417716973207e-01
-2.222799337081043380e-01
-1.778106266512516909e-01
-1.557913947725167170e-01
-1.900936122778359993e-01
-2.605619724168588558e-01
-6.847009847191051768e-02
-2.712877625036648754e-01
-8.091796481083082804e-02
-1.183205154821739824e-01
-1.701314926866830390e-01
-1.534398602749512674e-01
-1.854560854492503519e-01
-1.714471367343715635e-01
-2.780765518225797317e-01
-1.852682622888517927e-01
-2.249483583940788956e-01
-1.877459320556714717e-01
-1.275862679842807712e-01
-2.360847079336309551e-01
-2.723839534018943631e-01
-1.611082032741429637e-01
-1.240743925004856585e-01
-1.245304969290377817e-01
-2.801037879161054067e-01
-1.346678796766199726e-01
-7.993196958374382266e-02
-2.031037626441175303e-01
-2.768937122557331154e-01
-2.071997942163368855e-01
-1.833210188469294455e-01
-2.294963046525581307e-01
-2.103766468736242845e-01
-1.903654490687874679e-01
-1.647486146353124847e-01
-2.475090805638165414e-01
-2.184123559924665003e-01
-2.342629396515230056e-01
-1.260925922631045970e-01
-2.594775540085013099e-01
-2.796361076419515701e-01
-1.688217335911632033e-01
-5.796293554276008009e-02
-1.447075326078418323e-01
-2.618871249756178909e-01
-1.103148263134270668e-01
-2.026885353459078609e-01
-2.220738323286174098e-01
-1.786441655101367876e-01
-2.310379511188563051e-01
-2.106942569174068414e-01
-2.107781528518687664e-01
-2.880768620591721563e-01
-1.363396383770651421e-01
-1.167716983878455683e-01
-2.303942817880788863e-01
-2.340143774737717952e-01
-9.302349888420530233e-02
-2.880581293136145193e-01
-9.314616721679017108e-02
-1.993634359050661664e-01
-1.139494505719787776e-01
-2.455727053711530550e-01
-2.446402772105535361e-01
-2.568002031830602938e-01
-1.542064810790113871e-01
-1.217943366265275273e-01
-2.890291281957811931e-01
-7.221357618127086098e-02
-1.971584757105952213e-01
-1.401221702506422473e-01
-2.251465817319849294e-01
-1.956174949115960238e-01
-1.201451063175868195e-01
-1.435461486890844962e-01
-2.852777310479724937e-01
-1.061606890476612386e-01
-2.707201134776677232e-01
-1.048843154606568795e-01
-1.388568224280830876e-01
-1.580951552865242637e-01
-2.169770302423271180e-01
-1.437125947106381307e-01
-1.616883645427047156e-01
-1.513408268130676526e-01
-1.439905597769644829e-01
-1.759213206361729398e-01
-2.010252027162562627e-01
-2.573169502674145792e-01
-8.990248885919499555e-02
-2.547645284526994791e-01
-2.439376950262435451e-01
-1.538774117794322605e-01
-2.406861745926472673e-01
-2.793237388384390840e-01
-1.809670215110541491e-01
-2.215942811656193001e-01
-1.862655039900249221e-01
-2.763891260886158219e-01
-2.137749444596622195e-01
-2.365642443972812148e-01
-9.651834799126016162e-02
-6.891647657708874219e-02
-1.565972831067857785e-01
-1.733102609518797910e-01
-9.052220459005677622e-02
-1.648272878559381704e-01
-2.092118355296472831e-01
-1.335373829024550096e-01
-2.569354580027383705e-01
-1.568294197157547865e-01
-2.861133637946234876e-01
-2.366699386487637058e-01
-1.346075918042834163e-01
-1.582707576071334110e-01
-9.928534149498677297e-02
-7.183364315580018089e-02
-1.601536296491712918e-01
-2.027720192107649588e-01
-2.323161642692119500e-01
-2.117932132305833937e-01
-1.917343804677667796e-01
-2.401301987931632187e-01
-2.016385367377924176e-01
-1.788551917307666661e-01
-2.582382364078670833e-01
-1.152942126317316740e-01
-1.542648991677509906e-01
-3.320337093092316505e-01
-2.014273701827541674e-01
-1.689243842385943217e-01
-3.305474281446711959e-01
-3.109101465162930067e-01
-3.281644349953892759e-01
-2.273870298301070014e-01
-2.056482159193621650e-01
-3.279425040345607667e-01
-1.803877570175565770e-01
-2.388674025525563127e-01
-1.170110686685629509e-01
-1.199733027670806806e-01
-2.434353595768067868e-01
-1.779708601648712363e-01
-2.171103338913585312e-01
-1.327957420088750062e-01
-2.119931467958174887e-01
-1.347304546680613280e-01
-1.981285102066932258e-01
-2.038458505630960371e-01
-2.340251928187718211e-01
-2.405731899307038679e-01
-1.800302770235676919e-01
-1.968132250865885502e-01
-1.082861831312456335e-01
-1.403972564737181183e-01
-1.567157305537602296e-01
-2.726588728510198067e-01
-2.676347057146424291e-01
-2.917851428872372810e-01
-1.946565038494611211e-01
-3.134312985983854216e-01
-1.476191233238408063e-01
-1.786449099140013930e-01
-1.137422729584907088e-01
-2.201082853471451051e-01
-3.044814268400755086e-01
-2.723408232590399658e-01
-3.253555142664938393e-01
-2.644382809103856813e-01
-1.131232133466904266e-01
-3.250393600665587579e-01
-1.325419886417454618e-01
-2.228602915954914221e-01
-1.314374978000943939e-01
-2.881125706474990666e-01
-1.961683009371127384e-01
-1.395893148792359262e-01
-3.318835115102387046e-01
-1.682606692887092248e-01
-2.223003522004261545e-01
-2.187543141898585786e-01
-2.144391198802032550e-01
-1.979567036858806417e-01
-1.552904172486856138e-01
-2.538010052204145994e-01
-1.030262128458272752e-01
-2.676484811957512422e-01
-2.859970845470062861e-01
-1.349807332964942097e-01
1.208011905676555919e-01
4.333166893023036870e-02
-5.828093153241539065e-02
-6.993366188269867223e-02
4.611079926865862405e-03
-8.255250172857360458e-02
9.794223691096502760e-02
-5.852007958164334722e-02
3.168050981621125389e-02
-1.156480279997387783e-02
8.278442055909984720e-02
-4.245369790107258318e-02
-6.357345168786501799e-02
-7.724785821961119292e-02
-2.942610971899879690e-02
-2.375399798371801915e-02
-1.051075696452374725e-01
4.138730937719693748e-03
-1.045848191209216571e-01
-2.923032198608649379e-02
-5.513855947180763828e-02
7.156846814636570742e-02
4.618476917204832055e-02
-7.743483612087698198e-02
1.350772263362289005e-02
-5.193160003515946005e-02
-5.145000046508314828e-02
-9.078738039755392120e-02
4.882069231598289843e-02
6.540753658338566146e-02
4.642497946997815178e-02
6.759912448958954601e-02
-1.064129990911734727e-02
-5.663549170204308647e-02
-1.208830539600633941e-02
1.141498387431223172e-01
-1.863670854592635456e-02
7.352145247655747506e-02
-3.916144919445015138e-02
-1.034519281238386879e-01
1.248188798270586097e-01
-1.160767741961825084e-01
9.656148181245954865e-02
-1.059531781853430277e-01
-5.634118350160510075e-02
-1.290270372198657790e-02
3.552315844759405990e-03
-9.365797624813228250e-02
-1.066350674518099124e-03
-6.202314034218035788e-02
-7.627335449342646789e-02
-3.728400343408023315e-02
2.296583503841600343e-02
-8.040401111277932500e-02
-8.741901524134497448e-02
8.235804478350636226e-02
1.785392155446280035e-02
8.037210225473333247e-02
1.157525054344121923e-01
2.923574557829337547e-02
-9.476524187720591907e-02
-1.108166039471242537e-01
5.633258064589449082e-02
-1.180965684931096910e-01
1.507420419702884193e-02
-7.202535045279827297e-02
1.036331354459169712e-01
7.409922681419059409e-03
-3.609901690587142414e-02
4.203085619704564208e-02
-1.047240482945001189e-01
1.152215985341173976e-01
5.530764570426893040e-02
-3.949942132502302916e-02
-1.169280715253206461e-03
5.331934555779476587e-02
5.186175535876805243e-02
-1.226693691025904503e-01
8.138252441294668849e-02
-1.021610604143149692e-01
1.044341783125893874e-01
5.228898047487767070e-02
-1.222292261356433124e-01
-5.800098877675848030e-02
1.014153266434729833e-01
9.347208431136397322e-02
1.126496856173246283e-02
3.518502908203074292e-02
-9.450448739011489685e-02
-1.079334049473357066e-01
-9.414433509278978540e-02
-8.005246228331901193e-02
4.229560023280391767e-02
6.237162757282756209e-02
7.268706645236817920e-02
-1.119508249327550026e-01
7.597760978197939941e-02
7.518381199465766496e-02
-6.164884406884274526e-02
-1.521044807880246076e-02
6.846543821898430637e-02
-5.509498313303261979e-02
1.092541178610908909e-01
-2.813523419542047696e-02
-2.009367802424771865e-02
-1.092469808946385512e-01
-6.392516744668563788e-02
-4.590983341144083685e-02
-6.096388520798113470e-02
9.958589561480496455e-02
9.036490465336245725e-02
1.075826738542449007e-01
-1.066462415191745672e-01
-6.052286871253900052e-02
3.644060170739151644e-02
8.261783571575756491e-02
8.800006374597461878e-02
7.260320671293624128e-02
1.070609113714293126e-01
4.718936601242353091e-02
-3.462526847187891860e-02
-1.240847819956521769e-01
5.393723220532194162e-02
6.453576199594380017e-04
-1.185224269794777144e-02
1.004891049377657636e-01
-5.406162166419666709e-02
-4.759904342089504858e-02
-1.029698431073228573e-02
-3.429697405559895690e-02
-1.658839552794235880e-02
-2.028360696062043653e-02
-8.446955081653699515e-02
-7.698402148292272928e-02
9.139916071884912618e-02
-9.616437262799751307e-02
-1.124887626093845211e-01
6.377188857493883145e-02
9.682354151022795619e-02
5.656399290237938693e-02
2.773815104046441216e-02
-1.581169134590225053e-02
6.199074875197457812e-02
8.538822166658638357e-02
-4.114907589623572476e-02
-9.798548239533692861e-02
-5.577215111929677283e-02
1.017635640821581977e-01
7.795001759912699446e-02
-4.324291697977770965e-02
-8.161154525388555903e-02
-1.029060101798211085e-01
-7.136913914173760587e-02
1.857554572885699445e-02
-8.335340969170282333e-02
2.651976705487726904e-02
-5.365700999717890052e-02
1.172325884589203171e-01
1.128945536268869676e-01
-5.329509992429770637e-02
2.652838923575383256e-02
8.553264854416300911e-02
6.566581498782166071e-02
-9.332367758785263534e-02
-8.386935545797570557e-02
-2.239357161581497641e-02
-1.801816939100875717e-02
-2.329139567536066963e-02
8.678882197369218454e-02
1.079527246080085601e-01
2.022103655193513427e-02
2.884357265001329107e-02
-1.532834530962118996e-02
-2.389496781639697479e-03
6.351377007491397497e-02
9.799398333224558499e-02
2.322064009028091888e-02
1.021252397304710929e-01
9.222848305307909667e-02
-8.468592002876884628e-02
-8.032105576731198016e-02
4.086725011603917906e-02
-6.506393245125051406e-02
-8.562018566013337995e-02
9.670324756682201206e-02
9.127191363103948074e-02
-7.330198519210537333e-02
6.692325011434907545e-02
-9.556072656485475880e-02
-5.454658519607944595e-02
4.172899775895465291e-02
-4.866268284992414372e-02
-5.405294597247602140e-02
1.142763024237148234e-01
2.167099973691356124e-02
3.434458623088838120e-02
-2.118456172118350633e-02
-9.103348973105104824e-02
4.791314168484582525e-02
-1.582321855289169077e-02
-7.049683544753814271e-03
-1.103361890779912674e-01
7.201147412673465642e-02
5.013988113513569850e-02
8.833917036806671064e-02
-1.125471022850390787e-02
9.604159169093300086e-02
4.855923064151287417e-03
3.146546401678324695e-02
3.407997346168973457e-02
-8.504274497276613498e-02
1.035035583401419795e-01
6.422272387513748571e-02
1.736043151967755008e-02
1.049564604038671356e-01
2.348816396476289398e-02
-2.915961100318132174e-03
-9.687696166463619085e-02
-1.146135927540208321e-01
-7.647428141016035519e-02
-1.028405377624417444e-01
-8.791848948013814002e-02
8.830581309227086839e-02
5.690590915571978187e-02
-1.555663280468635307e-02
-1.010764719117700217e-01
2.336900432177544187e-02
4.530614383368846559e-02
-1.189080291675301410e-01
-2.386311191902355106e-02
5.298717108679744381e-02
1.048940323649717038e-02
1.839882797441418777e-02
-1.147526309644229386e-01
3.328619480133560710e-02
9.441743470855470943e-02
7.525554643280286948e-02
4.598765389978609619e-02
4.134628009499409507e-02
8.978088016702691354e-02
-1.155585196677606924e-01
1.709959973037170067e-02
-8.569332191044615188e-02
4.956909027276962254e-02
-7.718109321131741418e-02
4.820065151230700645e-02
-2.780205498541800727e-02
5.596196899564246513e-02
7.227671320403745991e-02
1.101503689648016537e-01
-8.587128950782049741e-02
-1.130704155775121567e-01
-1.239298522885504822e-01
1.721331450545881409e-02
-1.184862497663538711e-01
-6.166841405432729739e-02
-8.202483467092262781e-02
3.368752706189008517e-02
9.024458489804833283e-02
1.261602135407965605e-02
-3.194132484827713614e-02
1.506870035485799973e-02
9.998345519736029363e-02
3.000622271564962022e-03
-1.232892559276068389e-01
5.626324946802566812e-02
-8.339308631697683882e-03
3.620254083280598223e-02
1.121857539033139367e-01
-2.505187650317594779e-03
9.445148111325883666e-02
4.451953103454270311e-02
1.134435555964522085e-01
3.449997697747699682e-02
6.566449435805099544e-02
-7.168258172189100053e-02
5.297804283154860377e-02
-9.349224445914092185e-02
1.165621757110570089e-01
-3.815960240585385133e-02
-7.785200120973487237e-02
3.860462233344787164e-02
7.940035131733323703e-02
2.588685219699441917e-02
-4.737374271383104629e-02
9.256560757715191767e-02
-1.330875686294520632e-02
-7.520808916980514791e-02
-7.980270890115311044e-02
-6.591612749797842730e-02
-9.782985786168038600e-02
-1.181555713718980410e-01
3.982484958395844654e-02
5.028401964597221940e-02
-5.439325151220049566e-03
-9.980370871143912082e-02
1.101995420730498554e-01
-1.109375345538834469e-02
1.123580514719254991e-01
1.072878187163930352e-01
-9.598464667962192109e-02
-1.181389072278511421e-01
5.992817454716891507e-02
-7.281058857698682885e-02
1.066248118780697800e-02
-8.041693689267206610e-03
-1.518286820824985353e-02
8.719481959537303539e-02
-7.796514665376964859e-02
1.105467808331623558e-01
8.218527752179665552e-03
-4.339454707688768231e-02
-6.980802143365050227e-02
-7.351869830590214427e-02
2.183776056855205039e-02
3.786813626875601413e-02
-4.239783452926610546e-02
6.574652651803156167e-02
4.124417481669256230e-02
3.076981043649255551e-02
5.023695761387293734e-02
-9.945004860079910414e-02
-5.755794831243544324e-02
8.125796758690910504e-02
6.171824911252137696e-02
1.700265603968997494e-02
-6.019579113394658149e-02
1.079070793743674289e-01
-7.165355868278260910e-03
-9.952210496093585879e-02
7.301756100479060707e-02
-1.419132406074729777e-02
7.173325710903807884e-02
2.229337490088179746e-02
-3.587738145048308819e-02
2.959017442052460853e-02
-7.840365382908656700e-02
-9.839736154357224540e-02
-8.384557914240073351e-02
-8.075653158555688715e-02
-9.000579900001921818e-02
-1.970363608486398049e-02
-1.106474437915989928e-01
6.260619876265673123e-02
-1.076761171576504916e-01
9.008671749210417357e-02
-1.099780104979549422e-01
2.575597832849255489e-02
7.697146891840585259e-02
1.137833279850936352e-01
-1.009293446339949440e-01
6.827794014599838923e-02
2.500247577121159602e-03
-8.505141267591764809e-02
-9.066380705962882869e-02
1.146650974460871747e-01
5.254341431546159097e-03
4.901197829492727476e-02
-7.348863686033456355e-02
-3.993107565094580758e-02
3.276313792374973416e-02
-2.084477829165175614e-02
-9.051891210212650862e-02
-1.347359912272522511e-02
3.922423181438033923e-02
8.939673749236519418e-02
2.407582740344622538e-02
5.892949287735150393e-02
4.409300883156870576e-02
-5.088325715496840040e-03
-1.154243340382748728e-01
-8.794302309625937064e-02
-1.174163172984106912e-01
1.353342401956290214e-02
1.904749129586204032e-03
-4.272098123156726351e-02
-3.663871845714745251e-02
8.901978609503716222e-02
7.756089252252110211e-02
1.157472678025365243e-01
-9.187763386450387149e-02
-8.670704284972594045e-02
4.488895824724960237e-02
-1.216184922348915315e-02
9.760373678719190538e-02
-8.068427685564991125e-02
-6.981043795140408348e-02
-9.329990953992917113e-02
7.135529575676628766e-02
2.133388435133148908e-02
-7.381661724617295806e-02
-1.117191108097535801e-01
6.923982861819201473e-02
1.139623056928902312e-01
-3.334831363207178129e-02
-5.389859500583958629e-02
-5.206745745904212998e-04
-7.338002005313469002e-04
5.963798450331889850e-02
-4.782527154080599280e-02
1.117643324114801634e-01
-3.602641731454692131e-03
-5.083488135622332010e-02
9.891634254443699981e-02
-1.468127465420007716e-02
1.135579156198954637e-01
3.493773629445246637e-02
-1.044975156217817919e-01
-4.754354731749568103e-02
1.272704552028129307e-02
-5.810552008851357919e-02
-3.302473065502272570e-02
-2.520848047909818312e-02
5.816375280554656607e-02
6.499488484038240532e-02
6.342671231218686978e-02
-3.664193706886425400e-02
-2.867437237522828253e-02
-7.193520274526155056e-02
-1.979977303380035802e-02
9.802250891593583884e-03
-6.980868053723841837e-02
1.095750111595722165e-01
8.399966645271375598e-02
-1.232213682204743865e-01
3.640642020391195860e-02
-9.504713875759185360e-02
2.085439445791105809e-02
-7.576352910875826241e-02
-5.820579590167084677e-02
5.057771013818876393e-02
3.004232820696271442e-02
3.168733860875760922e-02
-1.081969061589437009e-01
1.634013686705737198e-02
9.594076594390602009e-02
-1.029977859231548110e-01
3.751949264159659680e-02
1.030715211584499885e-01
-7.702908677761892420e-02
-6.524478947267617346e-02
-7.270646514715217723e-02
1.186823975296600192e-01
2.329373354809848723e-02
-1.200166772229103729e-01
9.986869576688066352e-02
4.042594093270062555e-02
-7.216854782432503834e-02
-5.746664083368545339e-02
7.614850759354885312e-02
-8.790589952823878520e-03
-1.069460586601558849e-01
7.753593032456512768e-02
3.890905427936409283e-02
-5.538430255001882893e-03
-7.721406826199482543e-02
5.090284107960565269e-02
-9.910941753214558281e-02
-1.223443137399325004e-02
9.058487365406413250e-02
6.660544785315343497e-02
4.351344414707317143e-03
3.037301835683394596e-02
3.788309758356258466e-02
7.757493657839674428e-02
9.976523959967147082e-02
7.748500049833045855e-02
1.065157599644437347e-01
-9.455928046727037073e-02
-6.084034451473158828e-02
1.521959581634313788e-02
2.439561821145803250e-02
8.488355856741580663e-02
-7.309854547677274716e-02
-2.197950054427167538e-02
9.163059150315346069e-02
-1.155648741314631994e-01
-1.057572571400553912e-01
8.862294245431449891e-02
-6.838765001990836090e-02
5.153074820224338645e-03
1.231524469499836044e-02
2.540360777000380890e-02
-1.201031793914593589e-02
-8.789200152339107092e-03
-1.013479409375249440e-01
-7.379345055946973098e-02
6.990697087382652386e-02
-9.708528474380599682e-02
9.627897383629122063e-02
5.920868636095872467e-02
-4.141541476395602800e-02
-2.143047171811478940e-02
-9.446042310718122392e-02
6.844330125517408825e-02
6.699849803258874081e-02
-6.469115812190469328e-02
7.517077935177322867e-02
4.829723085974316210e-02
-5.611718884894847936e-02
2.529447626977434846e-02
1.146801336197818960e-01
-8.603327317443013045e-02
-8.400218972911475956e-02
-3.015574097081196586e-02
5.706591618473654676e-02
-8.193876544087916325e-02
-2.171856231041316421e-02
-8.923550079941355850e-02
3.976000356387317941e-02
6.931826091796687572e-02
6.408908492468726181e-02
1.708884182094936796e-02
-1.765980607348702561e-02
4.062777731950763076e-03
4.083205950187725197e-02
-1.015209065300095165e-01
-8.895744782582730437e-02
-1.134330154448492251e-01
-5.477476736520843492e-02
4.539857954166453755e-03
2.594981933843365507e-02
3.528130292810897212e-02
-5.049768379036759930e-02
-8.022812418590757888e-02
9.200393375602276824e-02
5.649643826697194060e-02
4.956162275100725600e-02
3.373283686929585967e-02
1.095638445999992522e-01
-1.788725171648597109e-02
-1.167117191150907479e-01
-1.165211952996862976e-01
-5.684428124115046416e-03
-1.204597743057557804e-02
3.049086271427279074e-02
-3.031110714514582624e-02
-3.682036008035196456e-02
-8.301622038536102255e-02
1.054741522467601278e-01
3.512850552909774909e-02
2.412936431904065190e-02
-1.512960550078720941e-02
-1.211375361097020154e-01
-7.074305779220500801e-02
-1.114392597032126259e-01
7.117953995981388116e-02
1.445974267927368356e-02
1.110621705081068084e-01
2.394138222606910851e-03
-5.471080374472289676e-03
-9.226545972359889713e-03
3.598941714058435243e-02
-1.064849057906420149e-01
9.748907755080455859e-03
-5.614886534290194908e-03
-9.801201120460241445e-02
-3.366701599132076311e-02
6.327621767111957229e-02
-4.363934847839765277e-03
5.350594710677239463e-02
8.980900139872739774e-02
-1.258309149186882803e-01
-8.009344703878620852e-02
1.959609805761155371e-02
1.015883064809090658e-01
-2.491234947244552744e-02
3.489903014973207845e-02
9.065341607436225302e-02
9.362822892008879072e-02
5.940039692519464426e-02
5.898697478766880969e-02
-6.515428752546671698e-02
-1.119821237328839786e-01
-5.235887036593516591e-02
-7.085335698570327523e-02
-5.358073822812973314e-02
-3.170571404648860059e-02
3.743132601631481149e-02
2.310761144067544071e-03
8.969027900229832595e-03
7.458952499673200676e-02
2.934221634993044309e-02
-1.582603706772599955e-02
7.251625002576986279e-02
-6.708146737697909257e-02
6.526262687451997446e-02
5.392649883361615160e-02
-1.038514418192784811e-01
-1.036627945521589739e-01
2.185939343109927560e-02
1.666491785704452000e-02
-9.844664738991597275e-02
6.698436189391650253e-02
5.262510883955903718e-02
-9.153788667203227591e-02
-5.643785651095739597e-02
-9.492439699020557842e-02
2.943987613471147485e-02
-1.046143313465739411e-01
8.669273860635161311e-02
4.410086581527051380e-02
-1.255254489204973845e-01
9.385745579365439850e-02
-2.121510566218271290e-02
-5.728124282577319593e-02
-7.044557108058399630e-02
-8.448456257219023879e-03
-1.031002530135420869e-01
-5.477424940045930168e-02
-6.917124416491389483e-02
-1.936098689786043894e-02
-5.896163602117100028e-02
-1.239711348548404174e-01
9.107817055367224690e-02
-8.655566362371300282e-02
1.023978713433164878e-01
4.352625398850776262e-02
8.638796383575975124e-02
1.109479320339382680e-01
3.458607179105475937e-02
5.170341078482295488e-02
5.760935109679477667e-02
-5.844901426106671044e-02
-6.537313806595448917e-02
-2.059492020569254900e-02
9.774243631721943326e-02
-2.529538131124132658e-02
-1.107205689168683053e-02
1.034799819492373124e-01
-1.209832757121253877e-01
4.967214805027482527e-02
-1.101004961265000387e-01
1.327206404635337955e-02
-5.899497678363642417e-02
-7.859873049429183522e-02
8.577037691225580796e-02
-5.351845309858245525e-02
6.463905664358245151e-02
4.028233892389399690e-02
-6.349917543731578573e-02
-2.026076406970219942e-02
2.019345093099935221e-02
1.094860322545128037e-02
-2.976367355674758644e-02
9.477767625767799520e-02
7.563232041402941086e-02
1.112656958602936813e-01
5.320031424860633545e-02
-1.112794959532105860e-01
3.112307836581418644e-02
5.434733472739623067e-02
2.767301637068230596e-02
6.550723878530366473e-02
-4.862468874207187541e-03
-6.037897424656889916e-02
4.230695910692913037e-02
-7.848745815476260157e-02
6.205970339815473913e-02
8.238193415814528200e-03
-2.877236805022764451e-02
9.193265154734804601e-02
-1.401822365376938044e-02
-4.816560776981380215e-02
-1.056554795244022543e-01
-5.115708043598139743e-02
-1.374979854292287737e-02
1.719575373202123295e-02
-5.107738938242666060e-02
-1.060929060493966958e-01
1.015532427583178826e-01
8.766752371570608882e-02
-5.834382528611976176e-02
1.163559031729610900e-03
5.276103852893365698e-02
6.916648652403574460e-02
-2.246567556372785698e-02
-1.121190790581108737e-01
2.933846260190888303e-02
2.780787639000470435e-02
1.022568654546635453e-01
-4.925068601075847929e-02
7.370544344380190738e-02
-8.872840629290318359e-02
3.815264026028880942e-03
-6.709379662666521693e-02
3.321424820894335744e-02
-3.210230741406123675e-03
7.083120414207106155e-03
-1.146808878471863441e-01
1.014133763611145198e-02
-2.332216046605823517e-02
5.113320061114309811e-02
-3.730264397794661596e-02
-7.130515600819964384e-02
9.148452955839608824e-02
-5.511336777571623075e-02
-9.371438511910731850e-02
-3.225933095827621111e-02
1.040885585467230395e-01
4.145420829963216564e-02
-2.883680088529952737e-02
-1.273987605574974750e-02
-6.944958616103536451e-03
8.599454902786567156e-02
-6.383619585379328443e-02
-6.190872605366329329e-02
9.153849807923505888e-02
2.902170383463033299e-02
2.606841889456848471e-02
3.573560754415144869e-02
-5.314745027771385077e-02
1.120633999185610963e-01
-1.009978671486349844e-01
-9.796360829174770302e-02
5.880470681570178909e-02
2.672370605469029728e-02
-1.138738742644535701e-01
-1.574851904884077549e-03
-8.852190324463293791e-02
-4.297882198983122432e-02
2.588553396245081920e-02
1.150151184666660664e-01
7.633284531786375948e-02
3.740728635530629620e-02
4.723955973408974773e-02
-5.882726624117758096e-02
2.541629463963336610e-02
-1.917957452549126293e-02
-6.800755026706012396e-02
8.291930848199456291e-03
9.090422744687311207e-02
3.463315166072791079e-02
9.739095187473695986e-03
-4.683198669588593127e-02
7.819989105038119281e-02
1.002342884167325976e-01
2.005135743917640240e-02
6.734143700872455285e-02
-5.802852871032234544e-02
-4.572996393451674718e-02
-1.092719484684290393e-01
-1.290655676581137223e-01
4.036432530199150770e-02
4.177116957622068610e-02
-2.882095645677264922e-02
-6.734318326534206867e-02
6.929336732595445247e-02
-9.472251928748383343e-02
2.865402662754798491e-03
-3.501699256955168038e-02
-3.827526741840232144e-02
-4.581142011076175247e-02
1.406219026614971557e-02
-9.449071162860486761e-02
3.569652532453645305e-02
4.722908210144399072e-02
-2.269668497354927761e-02
-2.426762433204283920e-02
-4.207217942664104315e-02
2.955627407387590930e-02
9.144026769394703047e-02
-9.632979552895105935e-02
-4.710299094196561398e-02
-4.361410966377153586e-02
-8.246346632467502213e-02
6.439005221044524774e-02
8.116371481200768123e-02
1.141621155985811237e-01
-5.215634893080262763e-02
-4.793803487753917764e-02
-8.277065058389562746e-02
1.004410919537707669e-01
-1.989119446612616290e-02
9.785180387467318219e-02
2.446226324551307660e-02
3.902684747539977156e-02
-1.185349433068999675e-01
8.966305867320531475e-02
-6.560949534958256113e-02
-1.122884630796285726e-01
8.184026877175157311e-02
9.751322864622814779e-02
-6.451856167607286641e-02
-9.619903881602995255e-02
-6.945423492553825032e-03
-3.555286750409387270e-02
5.228918843399602695e-03
5.072114347014936714e-02
1.313503446820440262e-02
-1.048168811261537131e-01
4.392189683654785896e-03
2.325161284865420383e-03
1.090924071614193108e-01
1.060835059308339601e-01
8.852646527640990748e-02
-4.941806106225465900e-02
-1.178115921653631326e-01
-1.049852915698255840e-01
5.363899403534165555e-02
-2.448468448354229957e-02
-8.656122279883486648e-02
3.388769057031740251e-02
1.108170885241350351e-01
-1.073469443667582068e-01
8.866383252991279218e-02
8.536418435285240622e-03
-8.150264968239973040e-02
2.034010700014710418e-02
1.027389624425386061e-01
-7.562644992704921354e-02
4.986991677581074922e-02
7.265342059649361993e-03
5.597736298138832056e-02
-2.594945108284856319e-02
2.579349582805362008e-03
-9.252102704223473528e-02
2.163393138780668121e-02
-8.823173541519900576e-02
-7.900036874604023096e-02
-1.766908425156506202e-02
5.579234432638852104e-02
-6.845253420511789033e-02
1.690065076030494327e-03
-1.723523658072127415e-02
1.591365438993203041e-02
3.955875323872160010e-02
1.123756215431478273e-02
-5.314064869385256434e-02
4.665445646891076131e-03
1.140131868230855050e-02
-2.877285254453385357e-02
-4.678192150354647943e-02
-8.199988650259786016e-02
9.804186355182294144e-02
-6.436929795206702831e-02
3.334348155993051288e-02
-3.529570170480739871e-02
1.000458431103079526e-01
-7.845058992311776391e-02
-1.783564748641406489e-02
7.973698031139644926e-02
-4.273962803600547117e-02
8.034793839278825400e-02
-8.041473946025731734e-02
2.019118096935169221e-02
1.198185225442825741e-02
-2.652043272149141179e-02
9.197791119480257238e-02
1.590325658973703107e-02
6.548132530224848313e-02
-6.453562733195934709e-02
-1.028571322847462305e-01
6.653787627749477296e-02
-1.178959503262250741e-01
-9.383425825554893296e-02
1.037394168229445468e-01
7.655232441728937465e-02
6.474613578169151340e-02
-7.284142140236286866e-02
-1.411109191097747670e-03
-1.068132220073919891e-01
9.873618055823504824e-02
-4.642784637508178686e-02
1.019318385850770947e-01
2.465246480054989267e-02
8.372248112233213191e-02
1.054736795995758064e-01
4.392251564203329683e-02
5.227941146092354718e-02
-7.680576185655683952e-02
-4.074421581676843790e-03
5.971158601602586519e-02
-5.058967588655536793e-03
6.659519909171178476e-02
6.881446232798090964e-03
-7.975856188644622757e-02
-9.308427274272351726e-02
6.752142548337514150e-02
1.612557588836869074e-02
-2.681951100464004256e-02
2.229885299539854232e-02
-9.130036615676156986e-02
1.223424729729250121e-01
1.053233317497873772e-01
7.584003074989300111e-03
1.565483432664148758e-02
-1.294989226740217610e-02
-2.229267771168080836e-03
-7.789919224012320509e-02
-8.122987730570346843e-02
-6.184813807891598181e-02
3.481271748068696242e-02
1.073815787388307103e-01
-1.158173695327144870e-01
-8.952222177453418583e-02
-7.850813226483054075e-02
-4.462960203935654319e-02
-7.148638640359389340e-03
1.154301805456884461e-01
7.981471361170076884e-02
1.381329313998627684e-02
-2.238756718203996354e-02
1.170926330509948071e-01
1.693469534702725376e-02
-9.036149450053830579e-02
1.123798611871734826e-01
-9.425609631206555150e-02
-5.850562453943485702e-02
-5.254256908978339330e-02
3.439196479314182014e-02
-3.930456661024279985e-02
-5.262388461470168116e-02
-7.170352307319068086e-02
1.988081814761258684e-02
4.953166718176990613e-02
9.958281560631176976e-02
6.535745446427904115e-02
6.184769048933266844e-02
-5.692127217175327325e-02
-3.672129788360774943e-02
-9.744213127688453047e-02
-8.277671958279184117e-02
-1.107357523983261427e-01
-4.182693946772642057e-02
7.295184798807757831e-02
-2.792225157356382007e-02
1.091372970897476063e-01
-3.549740303726666574e-02
-1.947869104593295125e-02
-1.591715838452193235e-02
8.704026729609125324e-02
7.095262545924457820e-02
2.943786240644690692e-03
8.956951691613393440e-02
-1.099796707378591087e-01
-5.913359639583214145e-02
-3.051210273807584278e-02
-1.225390459252274078e-01
-1.011039537418999094e-02
-2.647707046665201749e-02
-9.366821740640475513e-02
-1.128329293554626994e-01
-4.730080858275996503e-02
1.097719824005282535e-01
-5.033799652589184687e-02
2.863870164261552581e-02
-7.389213696567716039e-02
6.846415715063561280e-02
-8.098499693334644534e-02
-3.796048148170589470e-02
5.567543247110366689e-02
-9.767977156368452818e-02
2.768683741531236236e-03
-9.401580681743172685e-02
-1.103833400908421497e-01
1.798964630643983334e-02
-3.730774465410971463e-02
1.617286186882841911e-02
-8.410135390544737355e-02
-4.701669562573833339e-03
8.735017273322711120e-03
5.187107338699158132e-02
-9.184030513622830350e-02
7.372795317346923782e-02
5.988453685913326663e-02
-6.544243797719134781e-02
1.194448980870999877e-01
-5.260694066249416850e-02
-1.119266643996662397e-01
1.045434743500691793e-01
1.177067137145353798e-01
-4.106108344120593806e-02
-1.131816061963535902e-01
-9.409832042867331131e-03
-1.007337460516671002e-01
-8.553774998911320426e-02
6.658585507892683664e-02
-5.658425423604974275e-02
-7.398448356142457716e-02
8.826736015857017392e-02
-9.772550719628156357e-02
-7.097582209029083822e-05
-6.232748215946695008e-02
-5.754374481558049981e-02
-1.000200846568278651e-01
3.166834593389930563e-02
-2.865821056985494442e-02
-4.907675096860897312e-02
-4.652276228739000985e-02
-1.064101428126138366e-01
-7.831790340733282840e-02
3.802798767500364940e-02
-6.824998719782660039e-02
-9.207659959885757667e-03
-2.425637550000723369e-03
-3.203585794449107307e-03
1.600495655221416749e-02
-8.763798782967144319e-02
1.115023437632219616e-01
-1.091690608689413894e-01
-2.720066709373985051e-03
2.631345811833165488e-02
-2.590707831517088944e-02
-6.857628686205981955e-03
-9.473782170249926693e-02
-4.622794486810985481e-02
-1.586278106904551177e-03
1.002387451310268740e-01
-1.048633439342707280e-01
-1.254226208634189321e-01
-6.515701242134074034e-02
4.704120267854085269e-02
9.090578869170698462e-02
5.872302782917337982e-02
3.785915756057078863e-02
9.498256120076223330e-02
8.650799395394156988e-02
2.837940893982412310e-02
-2.252768552885147518e-02
6.060031038969668216e-02
4.076681002501319345e-02
5.526068250826281919e-02
5.570049143834179817e-02
-1.100876162381646262e-02
-4.827346150580667794e-02
9.616114464961073027e-02
9.887142351262039053e-02
-1.093180791405741759e-01
8.623763165459734370e-02
-3.902509534322065599e-02
3.902532179342818597e-02
7.659939228634977428e-03
-5.400467950793628319e-02
8.310139387103915309e-02
-6.774177034862151336e-02
-7.554374222449412868e-02
-6.812587644340328819e-02
6.874193569770087331e-02
2.778187812682708646e-02
3.028651842937709476e-02
-3.917012803216719102e-02
2.446167575833259680e-02
2.084289694591634490e-02
-6.211076166469645804e-02
3.836066388866588017e-02
-4.212378933015484446e-03
-1.794179445052452096e-02
1.154976859991841548e-02
1.308381072010875515e-03
3.450874180097358510e-03
1.062809122385388605e-01
2.518474570366776091e-03
6.749337509271725877e-02
5.001440414583015887e-02
7.927828057621387481e-02
-4.070613747026365775e-02
3.643442369396288766e-02
-5.763314663867718027e-03
5.461779229938861294e-03
1.563028574926903641e-02
-8.567205531969816767e-02
9.561330459962941175e-02
6.857548940777637159e-02
-8.900539221206302254e-02
1.081290929690881773e-02
-1.252967181946342545e-01
7.142603511883224149e-03
-7.600792102913388193e-02
-2.982697111242020235e-03
4.607045198804892577e-02
2.119082814056315323e-02
4.766535017642152539e-02
7.934881705158852716e-02
7.139025373337106253e-03
-6.498343075848518613e-02
1.054089038538120054e-01
1.891704634743414382e-02
4.847930141338369775e-02
-1.525473075556698505e-02
3.284574507648196917e-02
1.181930730925089129e-01
-9.545742662256617717e-02
-8.324946269717142799e-02
-1.128498118765157709e-01
4.060365666037624166e-02
5.128689116087273292e-02
-6.985719366303777544e-02
1.157788091084770155e-01
-9.302295231830993993e-03
-9.937385246404008277e-02
-9.013253288546040076e-02
1.741862598535711196e-02
4.017793405737357312e-03
-8.050768837506669384e-02
-3.975361937447875749e-02
5.211530373351386941e-02
-4.055614692108366892e-02
-6.092711245579354035e-02
-1.082400449500531270e-02
-1.025679033309631061e-01
-3.000426428384806582e-02
-4.669776867859048997e-02
-7.675884575531165266e-03
5.670595325695038796e-02
8.450760085606870420e-02
3.168641939594259160e-02
8.013791125621334832e-02
-1.860684294800219601e-02
-1.151858043684185484e-01
6.204289679464326801e-02
8.195653687992889014e-02
5.288876488787312702e-02
6.635023028572104020e-02
-1.501041970630151434e-02
-6.946954802472548457e-03
5.602705011457213835e-02
-1.144877724305182060e-01
-7.547583721636350051e-02
2.593776376447920820e-02
-1.609709129045499079e-03
3.780418877882857354e-02
1.041153491499415551e-01
-4.384371932959817836e-02
-1.225864752915975346e-02
7.296603452325374495e-02
-6.676830892296045650e-02
-8.520001375412938893e-02
-9.542410331817231806e-02
7.178824300115962953e-02
-9.425875470745742613e-02
6.332953084550561884e-02
1.287417822393709110e-01
-9.751405225334697224e-02
7.761226838627863223e-02
-3.778525077273681143e-02
-3.403509166566481836e-02
-2.984399660673817123e-02
6.500151454460706413e-02
-1.034816925912134949e-01
-7.254291248761819688e-02
-4.312390664321340966e-02
-9.305470375330385235e-02
-4.466822536476346486e-03
-4.672682009603655595e-02
1.272199332136914052e-01
-6.430657827426958240e-02
-4.167879539816821133e-02
-4.926188201199802746e-02
6.235968045050468977e-02
5.807604107300261970e-02
-8.214616432440169369e-02
-4.117202723161236116e-03
-4.633646251376860592e-02
-1.036576517275422937e-01
7.955649624618672811e-02
8.509367213405541475e-02
-2.807020830569355307e-02
6.053632983597546924e-02
6.858000251578975914e-02
-6.225893373279904608e-02
-1.104949282504341657e-01
6.105276553030766079e-02
5.157139598150534826e-02
9.367992557950964583e-02
-5.169711779899861803e-02
-7.520807344070551403e-02
1.043617731025145157e-01
3.255736205877321487e-02
-6.053214789405690632e-02
-3.772609086869162243e-02
9.138838455398197447e-02
9.659962006886742281e-02
9.364414965876100005e-02
5.396574553004480912e-02
-7.905418761078494838e-02
4.152627548540181734e-02
-2.330724069682213809e-02
8.886275138397585482e-02
1.635017736697363944e-02
-2.850516240200046819e-02
6.128165065008397971e-02
-4.150477678433988488e-02
-4.794920768611889844e-02
-1.016450387393851712e-01
-3.153963092796732703e-02
5.797610660891550777e-02
-3.589087196456174078e-02
6.456149415974527829e-03
7.311945285971646613e-02
-7.960361070848319398e-02
1.666633924585043600e-02
4.786432864425493872e-02
-8.701470212595049936e-02
-5.121946829567686904e-02
-8.969395234738683498e-02
-9.698686584336177474e-02
2.872979496150676604e-02
1.090565172854977977e-01
-1.012195601249353816e-01
7.061723218376997346e-02
-7.926516482867629332e-02
-1.709962047259028922e-03
7.408921877630468555e-02
9.872639514438286135e-02
2.531025241549046331e-02
4.589720445860374920e-03
3.041811609647997183e-03
-1.334051556315637432e-01
-5.243316254729927725e-03
5.657899244069633515e-02
6.433581478074547333e-02
-1.240190240250216291e-02
-3.339715490327918937e-03
7.904675382622008972e-02
4.692791894814758724e-02
5.590167388175954627e-02
8.126499773327312826e-02
8.133553654926881094e-02
2.106096425237640943e-02
6.377665225020492934e-02
-1.289499946050289003e-01
4.624342957632862627e-02
-4.345538483974450972e-02
-1.820909911562134872e-02
9.757782191314497144e-02
3.088127281506466981e-02
-3.237936860599543304e-02
9.496006820868525822e-02
-3.297026018677951323e-03
-1.053466092228931006e-01
4.632546287344485592e-02
4.216934382831440814e-02
9.130827685229081503e-02
-1.209552258882453657e-01
-1.130141329657854687e-01
7.476370928788979298e-02
5.794585337388008517e-02
-1.035096094732578936e-01
6.922046223946684562e-02
4.277180954028283327e-02
-1.026393080382150963e-01
-4.035047431565404186e-02
-7.615005243245863767e-03
-6.906801152287912748e-02
-6.337525698099710780e-02
-5.761211445770023087e-02
1.599503879469287709e-04
1.053259066812525929e-01
1.052717881872340805e-01
-6.429386347628802956e-03
2.759836313006959127e-02
-1.067430834624327890e-01
-4.875175890192401384e-02
3.650558081759229523e-03
4.865938297228827869e-02
9.740182464193175571e-02
7.054310181564006632e-02
-1.059986876665212768e-01
9.389620177444403526e-02
1.060504708607862140e-01
-2.236279235354384290e-02
7.187112875076592799e-02
9.883610359830196160e-03
-5.587517912477417414e-02
3.754606272001093786e-02
9.054743153526531585e-02
6.398544732136991764e-02
-6.243232906519968067e-02
5.326319484133820725e-02
8.760496572697215600e-03
8.797741784291449041e-02
-9.037112586153120408e-02
-1.341477851653494723e-02
-4.687612767049546825e-02
-1.786456414369879189e-02
1.068522136004325107e-01
-1.097979899329713377e-01
5.630771463887750822e-02
1.112516439818599795e-01
4.493217622420735136e-02
-2.660327696263495648e-02
-1.661915995463022350e-02
-1.016283611761705369e-01
-1.875246767794710306e-02
4.632523328155601500e-02
2.896491955194530413e-02
-7.883270363804993240e-04
-1.099004282482005448e-02
-5.679057497875981270e-02
2.174369356595213750e-04
4.518108305305582051e-02
-1.050417066372603125e-01
-3.514458295272793881e-02
-9.873203792282836400e-02
-4.373201938625896623e-02
7.434058577275476365e-02
1.077509083962837066e-01
-3.290925260570789351e-02
-1.102999471748777882e-01
7.233280190246411945e-02
-1.252782448913316582e-01
7.839975886512701164e-02
9.330296054246468851e-02
9.128532077714793247e-02
-7.106099831104553677e-02
-4.095758617162665455e-02
5.909893409262511471e-02
-1.153743850482032152e-01
-2.887381372369505345e-02
-1.212039312500691746e-01
-4.533307935298576397e-02
8.931363996788753423e-03
1.988134718714854900e-03
3.721732074019631908e-02
5.952145735502740315e-02
-6.570659790980185044e-02
2.537993312162052650e-02
-6.920327582821739210e-02
6.806371920896732430e-02
1.137480870321966042e-01
-7.811345690093955685e-02
6.951923723545420930e-02
-7.976365993291636980e-02
-1.143668922409399880e-01
-4.608441386634621467e-02
-2.285474538060227115e-02
3.074891566562303058e-02
8.666784272561464664e-02
-9.656520224734187197e-02
1.185316285997883856e-02
-5.464481156709859178e-02
-3.772234866018149297e-03
3.064643570732491357e-02
1.919920893532579484e-02
6.923722060571139980e-02
-1.092140167990916962e-02
-8.940252764454026391e-02
-6.338402821359491457e-02
3.520841596897719694e-02
-4.820748205188514490e-02
-1.181486862331638937e-01
-4.306146704602819078e-03
1.487345521362153609e-02
8.994476874353642126e-02
2.361861676572144658e-02
-4.945706473758951227e-02
2.097378178280934896e-02
9.926429905198855264e-02
-1.883649871721870470e-02
3.038319710110566965e-03
-1.248618840016106624e-01
-2.427495418372899866e-02
5.373891719249427462e-02
-1.290971140295574249e-01
3.714723515029610956e-02
-6.513828007566863088e-02
7.303189226855572036e-02
-6.173139670060057149e-03
-3.658401502760229296e-02
4.466839310367411164e-02
-5.576717021542024894e-02
-1.178926662829838240e-01
1.077904998626904587e-01
3.259455138629760440e-02
7.244638054756700335e-03
-1.476208556523270730e-02
-4.534074937620712065e-02
1.329001676852497454e-02
-8.888363684699367162e-02
8.863395280297722834e-02
1.043698183750850633e-01
3.801988367087543591e-02
5.778581613922632865e-02
1.018002896104086702e-01
2.894757558307986187e-03
1.022943103108304719e-01
-6.002201287515258193e-02
-8.277882627938412674e-02
5.507565148781606856e-02
-8.223793213978012467e-03
-5.652544308981603122e-03
-1.018079754864363445e-01
7.653588169787259310e-02
-1.272834808216585789e-02
-7.449205375353452896e-02
2.592389107488892244e-02
6.479140010112101333e-02
-9.954197053036101250e-02
9.633826823756672098e-02
9.548193591353297538e-02
7.461272000954795314e-02
4.616009158667028212e-02
9.717221390117206092e-02
-9.664425742165819178e-02
-6.464842855303519487e-02
1.333954968835921948e-02
1.838534454178415711e-02
-5.923484662808995577e-02
-3.315769860804308744e-02
5.945150785877896527e-02
-2.876003915291339835e-02
-1.377061719169229287e-02
3.369681072617582152e-02
2.039027879439285484e-02
-8.405475258482424106e-02
1.017005274657282049e-01
-3.811734464963069391e-02
-3.288946713515279729e-02
-9.847486692805401676e-02
-1.256774433687841419e-01
9.925780404372264165e-02
8.831557314465035557e-02
-3.589649417385016444e-02
-1.270227237354095706e-01
3.380821945409781537e-02
9.127183034421341989e-02
4.134872597420569118e-02
7.554600135476559342e-02
-1.701180026775390292e-02
-9.510468523453452505e-02
-1.132946692029411645e-01
-1.096312997416458955e-02
-5.054187035782791576e-02
1.018323675359144725e-01
8.619895502204224635e-04
9.990798596807839993e-02
1.407267651212294052e-02
4.439774144212486201e-03
-6.969346815128817096e-02
-1.093597598524875120e-01
-7.192151185911023481e-02
-1.037293872909991754e-01
1.012461034559393597e-01
2.958083046832851379e-02
-2.929472172988048170e-02
-1.107653630372740089e-01
3.953203273244262211e-02
-2.090992676449443186e-03
1.903164431931607739e-02
-2.826668090882239297e-03
4.954080486301929570e-02
5.445757837319403077e-02
3.141259169607463209e-02
6.905951869716712987e-02
-3.876829283283726724e-02
7.094017196599840258e-02
-8.193203489886802249e-02
9.207905123816732817e-02
-2.845108885854572001e-02
-6.599432141652343542e-02
8.785009558903930649e-02
2.023858210204695224e-02
6.022721977536631827e-02
-7.502037709988786107e-02
1.124819168932978952e-01
7.724414534753176742e-02
-8.533542514506928245e-03
-5.603884168383911624e-02
-4.070432525349904768e-02
8.121927450092539247e-02
-8.067545925811278607e-02
-8.011352096574844706e-02
-7.778670050731198438e-02
-4.707333464076439780e-04
4.024211501702066457e-02
-2.624406962395438303e-02
-4.753205034143196533e-02
1.094337073543627525e-01
4.118849849126988982e-02
2.355803533729631041e-02
-5.481049621268747896e-02
-3.139788145172428459e-03
3.713282543935407173e-03
7.939041181085249033e-02
-7.138465483295836078e-02
-3.452316193269715922e-02
-3.878682015554293927e-02
-4.364439493835275963e-02
6.479322871771076020e-02
-3.815335149317657798e-02
7.883397693303988152e-02
1.133927432759807286e-01
-3.005656210226715155e-02
-8.819873658443867781e-02
-8.276998811100738651e-02
6.192843013122921458e-02
2.912759978309766365e-02
3.408472203928990252e-02
-1.090433735050259645e-01
3.901072285985884847e-02
6.769727464038610698e-02
1.121007718425084537e-01
1.003525520776646501e-01
2.609855421483171789e-02
-6.259960084796119262e-02
1.248286559547052976e-02
7.383752998337303475e-02
-2.631647872446900294e-02
-1.123466891826139791e-01
5.864216070080555815e-02
2.535519174182331720e-02
-4.103097330949011246e-02
1.061801112828688748e-01
3.047900646331073299e-02
9.486483326049266473e-02
-1.074624840938154524e-01
-9.311879492959122817e-02
7.073618940447111078e-03
-9.738903894779128712e-02
9.842516001346363064e-02
2.380850901018825502e-02
-9.651449842504131182e-02
2.376749381272134573e-02
5.560011111454166155e-02
8.717565459813009232e-02
-7.932451854500228994e-02
1.107373370300082926e-01
-1.876620900419908450e-02
-7.653370772688598833e-02
-6.115230814670900850e-02
-1.114150607876765592e-01
1.059679382206306017e-02
-7.365596595790914469e-02
2.366902185132458564e-02
-2.482355029169592414e-02
9.765160324457144991e-02
-8.587998192607702863e-02
-3.593188552612986558e-02
-8.317970492865929544e-02
1.062464556810551047e-01
-4.122628611549517680e-02
5.561509573562565568e-03
-8.860643361699921394e-02
2.039099599722371970e-03
1.087208029865503189e-01
7.354668562807627208e-02
-6.825378619404878083e-03
-5.799134187263545875e-02
-1.001606725999938524e-01
5.330391475030623466e-02
-5.638912062418668589e-03
6.961301838857818225e-02
5.438348252055501958e-02
-8.461136080188376429e-02
-7.266556352770607574e-02
-1.143213237597930920e-01
-1.061680729444743239e-02
-7.722899992850407180e-02
-5.291466191250390749e-02
-6.500966180285762397e-02
-1.582665501142295830e-02
5.681351141037307984e-02
7.690775885254938493e-02
7.380682936069071776e-02
-1.052583458034015984e-01
6.079382348577926781e-02
5.188043904096154013e-02
3.631774557992831221e-02
5.283901645033595162e-02
-5.869455214778974972e-02
1.122412187321239624e-01
2.295643765939908709e-02
-2.223494688351853460e-02
1.470417184594795604e-02
5.320830248002989676e-02
2.767335036894915182e-04
-1.115819331371318834e-01
-7.625974493927711872e-02
-2.403842505172577859e-02
-6.223695977361221737e-02
-2.525880905191362283e-02
9.293071829756319180e-02
-1.504630709421629110e-02
1.125234988480073861e-01
9.042757702699941863e-03
-3.222938912242095250e-02
1.374910167067643421e-02
9.041787061955561255e-02
-9.638298572441435230e-02
3.788476439003995999e-02
9.075439191857287424e-02
8.553186371960345979e-02
8.640131865476653739e-02
3.312374167388076884e-02
7.881187447973408977e-02
-5.753257358740324068e-02
8.622814686823375430e-02
3.925670237229072351e-02
-8.747611819397795030e-02
-6.202604355313816320e-02
6.170458821130103341e-03
-1.010414105085866848e-01
9.560214753952139821e-02
8.190802358435300690e-02
3.612668570265004098e-02
-4.214462360508076239e-02
-9.923807442600952877e-02
8.525156192602422606e-03
-5.557509502004148033e-02
-3.977441788293268887e-01
-4.030305160105498441e-01
-4.312698912609181923e-01
-4.975516566492891868e-01
-3.919885682430268581e-01
-5.825502875668637781e-01
-4.385106209954794387e-01
-5.787397403354332948e-01
-5.217343247411332374e-01
-3.983269920408389342e-01
-3.828425527291486330e-01
-4.579880265738539569e-01
-4.117668335220336373e-01
-2.987448764416777980e-01
-6.133007932767677861e-01
-3.844310021416016410e-01
-2.385891594267502136e-01
-5.034269301578975231e-01
-4.986667116233747254e-01
-3.877016664216475506e-01
-6.119364562156108800e-01
-4.793403098871715784e-01
-2.568296816814426009e-01
-4.689279907371508571e-01
-5.598128394560925036e-01
-3.475626483813347434e-02
-6.987478498063080801e-02
-1.518569575658895374e-02
9.954885494772698629e-02
-1.172634730992649366e-01
9.404564091439115980e-02
-8.726294314463728385e-02
-1.200090614019701102e-01
3.030731353987234020e-02
-3.617278104555560203e-02
6.131687277769850772e-03
-5.109122842650700574e-02
5.553614508164089920e-03
4.128667949359532408e-02
8.443722969032142756e-02
-3.489897104290316798e-02
6.724178282099304779e-03
-2.441341338965007449e-02
7.223373033990836134e-04
-1.811701000598280736e-02
2.350832871070235308e-02
5.764289234385566209e-03
4.763677924768507099e-02
-7.244795527445763161e-02
8.230820357899554240e-02
-7.708075016381081557e-02
-1.442822013211042705e-02
1.534285480454850633e-03
-1.160121294105800338e-01
9.307235432048614754e-02
-7.270854820650490824e-02
-4.290971293807960968e-02
2.904734784736117195e-02
-1.634603394360764975e-02
-2.772649900297815065e-02
-2.678962448779478520e-02
-9.930519436776008568e-02
1.068645918984316295e-01
2.394450804962522730e-02
-2.881891473796604347e-02
6.668728617656513591e-02
-2.567996914283638549e-02
-7.212810300771838046e-02
-3.715419287419426814e-02
7.517564910066609762e-02
-6.522029288537724290e-02
1.482666167165598570e-02
8.384166207420143402e-02
-3.231496400869446339e-02
1.909715543772300475e-02
-3.070149338978856932e-02
3.692510963291170678e-02
5.788331593428109462e-02
-5.725166658252162782e-02
7.126402691803614131e-02
8.321564335484296637e-02
9.550956669379229158e-02
-5.616838411961470878e-02
-1.205862493034455529e-01
-1.109611818998572641e-01
5.673943943150486224e-02
6.446265478991906883e-02
-1.254555446088490012e-01
6.177667490297102104e-02
