-1.508625811638928393e-01
-1.542120314305904238e-01
-1.649944136202242395e-01
-1.709776890329747778e-01
-1.693823084322943484e-01
-1.608086725902435621e-01
-1.372733931038264132e-01
-1.329095221428424622e-01
-1.627198964183109997e-01
-1.691838014451360617e-01
-1.821808083794396182e-01
-1.903887867514235943e-01
-1.885290779307189635e-01
-1.898852430252969681e-01
-1.665431338718503795e-01
-1.530784721033119633e-01
-1.802421610154525677e-01
-1.830933396479794140e-01
-1.969076750204482862e-01
-2.027312545800817600e-01
-2.093169355485435812e-01
-2.118314310887197682e-01
-1.935976508963634102e-01
-1.784419176812938324e-01
-1.853879445962386685e-01
-1.971088235040514003e-01
-2.108635133344051171e-01
-2.162974164333675564e-01
-2.201832253280538443e-01
-2.177321819366665190e-01
-2.000220528470160186e-01
-1.897394916836504797e-01
-1.852539451538837978e-01
-2.009336414202270715e-01
-2.158779689505141708e-01
-2.184090324620905077e-01
-2.218703273297947254e-01
-2.177106380187761592e-01
-2.038613663690290179e-01
-1.910353079983314606e-01
-1.808383549838216697e-01
-1.981353682025655816e-01
-2.057589728538307405e-01
-2.070493747269661622e-01
-2.065468236887031961e-01
-2.040617365954744411e-01
-1.881812281884542859e-01
-1.710642912917172409e-01
-1.628092667328528420e-01
-1.812348523180364601e-01
-1.894578435954842877e-01
-1.898900558052621923e-01
-1.856766240698203285e-01
-1.779651593239835738e-01
-1.618739507035471259e-01
-1.581884195632229095e-01
-1.537264284563965855e-01
-1.654840917014124835e-01
-1.712314144980877084e-01
-1.748375585589180548e-01
-1.706895979711067490e-01
-1.640869519597795978e-01
-1.505682639706297232e-01
-1.549846762430183433e-01
-1.520081441947823409e-01
-1.540646283276748685e-01
-1.682419131053222439e-01
-1.751971347030021886e-01
-1.712569108346493896e-01
-1.670267785983880204e-01
-1.421679975275965679e-01
-1.325095894653005590e-01
-1.625525465225678978e-01
-1.685883628589509575e-01
-1.842550211596653831e-01
-1.929495410719297144e-01
-1.904407270539828778e-01
-1.919952334555712903e-01
-1.732070000130530030e-01
-1.570108327667229797e-01
-1.789666910490031460e-01
-1.804569637121166970e-01
-1.934975517402902911e-01
-2.021535689308261718e-01
-2.070599366811262387e-01
-2.129888991524460651e-01
-1.965341503526771838e-01
-1.782553850915530869e-01
-1.834274000369351676e-01
-1.913525269074874691e-01
-2.076199042501684355e-01
-2.138118168245602968e-01
-2.211357079665048353e-01
-2.190729378106569258e-01
-2.015784453666976672e-01
-1.878264408775687788e-01
-1.807717335375656209e-01
-1.951792330746920934e-01
-2.151659669618724569e-01
-2.224035929290887337e-01
-2.245623181059053508e-01
-2.222673701080998820e-01
-2.054244748797305065e-01
-1.861345022883959810e-01
-1.772833983486041820e-01
-1.926343540289211509e-01
-2.064979415540082741e-01
-2.111588340641011863e-01
-2.109166623651907435e-01
-2.086962314054889855e-01
-1.939294314900385785e-01
-1.719509093946512135e-01
-1.601358253225637074e-01
-1.769620141547903758e-01
-1.906072009689074032e-01
-1.956167349965658442e-01
-1.911012410458413358e-01
-1.842359761588543143e-01
-1.697176855940848439e-01
-1.629017034596856872e-01
-1.506868577132539078e-01
-1.602210883541768938e-01
-1.724820445189849949e-01
-1.782697147186055597e-01
-1.743088101849653293e-01
-1.667326189896993216e-01
-1.509486804301320706e-01
-1.549774569474297592e-01
-1.557821904243372746e-01
-1.587655538486038020e-01
-1.660728062525169413e-01
-1.714492806943221093e-01
-1.744459336781570002e-01
-1.731588264874719396e-01
-1.471108495129545002e-01
-1.399890648389980341e-01
-1.725227907898141122e-01
-1.749028364054568685e-01
-1.840141305224282653e-01
-1.903521908285203401e-01
-1.957907629434684216e-01
-1.998253554321093861e-01
-1.787412113195659402e-01
-1.624259130996531797e-01
-1.942199195566313985e-01
-1.946464694642666693e-01
-2.013181145787605875e-01
-2.087000662992773425e-01
-2.177823880539926926e-01
-2.222454866451440136e-01
-2.036414492561226530e-01
-1.858461659278975997e-01
-1.971370763201850951e-01
-2.057660896147084084e-01
-2.177677435108114901e-01
-2.242007644403837263e-01
-2.295986378379842596e-01
-2.239751006820942247e-01
-2.053210339857388100e-01
-1.933461953546347367e-01
-1.939642862450135785e-01
-2.099774472659194091e-01
-2.246505286434497817e-01
-2.300119225985212679e-01
-2.305516416443055827e-01
-2.242785001455202265e-01
-2.079783125439144953e-01
-1.904791055789948895e-01
-1.897644938384889790e-01
-2.073406618031090054e-01
-2.172183769276442300e-01
-2.179968355162562321e-01
-2.166860215183708527e-01
-2.164330794485880838e-01
-1.983221321195805797e-01
-1.744456115638940152e-01
-1.715350258932651362e-01
-1.892349916518385189e-01
-2.015517267089636522e-01
-2.013351948867927177e-01
-1.969968603281777308e-01
-1.929538767868546612e-01
-1.750426303697210362e-01
-1.681992528363274453e-01
-1.626903687270146170e-01
-1.719458200796274427e-01
-1.797731961059786665e-01
-1.829013418571945881e-01
-1.794312145231790057e-01
-1.736729112890010585e-01
-1.590915440424122973e-01
-1.654008178861778033e-01
-1.529284480363308774e-01
-1.547843569887791815e-01
-1.643336086849350730e-01
-1.694313994470861562e-01
-1.680037691590696158e-01
-1.637963539721570827e-01
-1.401221427847898215e-01
-1.336014506335445606e-01
-1.676502667332880614e-01
-1.693719292751068306e-01
-1.796641620926877903e-01
-1.859594683751874533e-01
-1.863799859154356142e-01
-1.872729551435597384e-01
-1.655625938569584843e-01
-1.518914332116598764e-01
-1.877480129696179889e-01
-1.876007431165848671e-01
-1.937396406589158293e-01
-1.994901685264597047e-01
-2.051238071566246768e-01
-2.090310967970407940e-01
-1.914669856618776700e-01
-1.735125804448541809e-01
-1.920651310133292267e-01
-1.993278371354814116e-01
-2.084960700619807317e-01
-2.118403462493462786e-01
-2.186751464574870352e-01
-2.165262606024807301e-01
-1.993192898952313441e-01
-1.856670420766684815e-01
-1.839016707589849753e-01
-1.992449481139496326e-01
-2.124471516679789784e-01
-2.194685168195234792e-01
-2.234092871439112282e-01
-2.192722475340542210e-01
-2.048408731477409372e-01
-1.863122592773447661e-01
-1.792079205799927411e-01
-1.948715204763857567e-01
-2.033250999903478684e-01
-2.103217110666616430e-01
-2.093384298361909424e-01
-2.034839235275346658e-01
-1.896624527873025934e-01
-1.718785585958449158e-01
-1.655202887081322627e-01
-1.793610371038919515e-01
-1.907617792575642679e-01
-1.925390874492099169e-01
-1.857191948209056531e-01
-1.768881951298758581e-01
-1.628599721412306300e-01
-1.616447732287539241e-01
-1.540489613983836714e-01
-1.652357352217350417e-01
-1.729303993980330911e-01
-1.758925414679325394e-01
-1.687761651378443251e-01
-1.615389195162791891e-01
-1.491014010144182111e-01
-1.574856910584879477e-01
-1.499394991291560508e-01
-1.570662840302204100e-01
-1.683254253570644898e-01
-1.723792411023713222e-01
-1.728358821697128234e-01
-1.665090006306476911e-01
-1.427970975148806776e-01
-1.355841663185981816e-01
-1.664174057338969615e-01
-1.706901496083077507e-01
-1.844485413936090001e-01
-1.910043218104441332e-01
-1.929849338390738911e-01
-1.939294573826001455e-01
-1.712208468299645236e-01
-1.569283319832579515e-01
-1.866885858984513591e-01
-1.864598527429993935e-01
-1.966886501707306445e-01
-2.048205700524040884e-01
-2.092429397980183070e-01
-2.115872467280502656e-01
-1.909870540391884197e-01
-1.785938094022647415e-01
-1.928362412024277051e-01
-1.989082509882865446e-01
-2.102231777384131195e-01
-2.166199025693567592e-01
-2.196330715495685149e-01
-2.150230290252959364e-01
-1.962447306550013093e-01
-1.859837518913089183e-01
-1.905530295271453400e-01
-2.047503776318757018e-01
-2.192427883104688113e-01
-2.233549809881275328e-01
-2.225946940999911638e-01
-2.187843228196073020e-01
-2.013942987526145256e-01
-1.863827678490311279e-01
-1.832496981837520023e-01
-2.041647199172357818e-01
-2.139758747923569404e-01
-2.126229275532597329e-01
-2.069229670070331650e-01
-2.068159921415020364e-01
-1.919079374976618013e-01
-1.726686780116724051e-01
-1.664160849917469820e-01
-1.866695031069810495e-01
-1.971644637829020885e-01
-1.944531768181058662e-01
-1.858858820854983607e-01
-1.816517497208647025e-01
-1.667529763766098794e-01
-1.604153693352224908e-01
-1.591215100326474619e-01
-1.703796298216719018e-01
-1.777253160643094410e-01
-1.788019058557037966e-01
-1.711865842920078096e-01
-1.638733456252560172e-01
-1.505714038707866020e-01
-1.549326964466610501e-01
-1.501482237536420072e-01
-1.527224004430516036e-01
-1.626025655618391907e-01
-1.709101785778865124e-01
-1.696441236075335313e-01
-1.644844680795553293e-01
-1.434406351861225171e-01
-1.382301806943002642e-01
-1.647797706623720104e-01
-1.687664335453421538e-01
-1.812292034397102736e-01
-1.864388399802713314e-01
-1.868218810866729140e-01
-1.898272219448978726e-01
-1.734303355361337395e-01
-1.602195501094897667e-01
-1.874784973843565961e-01
-1.898011248460415579e-01
-1.981242624163505883e-01
-2.005422544205744118e-01
-2.065669318792652254e-01
-2.109560086666405765e-01
-1.957396042192617314e-01
-1.802671178728293688e-01
-1.893311388015926078e-01
-2.008545477789921707e-01
-2.136744254765223783e-01
-2.172229009491446206e-01
-2.221432559877005164e-01
-2.203788799718156000e-01
-2.024471425278952241e-01
-1.893886743539688056e-01
-1.863980370181019808e-01
-2.034792989352765258e-01
-2.181998769913255642e-01
-2.226514594969832284e-01
-2.263273560210251611e-01
-2.239165956877826602e-01
-2.100315301754847319e-01
-1.903865159729549172e-01
-1.814965580920759880e-01
-1.964066695892762171e-01
-2.064864434658864878e-01
-2.097045746979904757e-01
-2.118650775486417004e-01
-2.109366105209185827e-01
-1.939004874887230723e-01
-1.722390954021994769e-01
-1.663751926874308118e-01
-1.779894780393895537e-01
-1.869357098048642363e-01
-1.914269289574357658e-01
-1.911398276513821548e-01
-1.842059108962623148e-01
-1.645326953146488691e-01
-1.592107407414186382e-01
-1.569002816541688883e-01
-1.641022125809137866e-01
-1.686064848608396227e-01
-1.767894625105367878e-01
-1.743849215547110532e-01
-1.659299410223444016e-01
-1.476956596802994348e-01
-1.527428241752687432e-01
-1.584508373985792917e-01
-1.600646929556524267e-01
-1.653341504937274609e-01
-1.703160737224490850e-01
-1.691295774569817889e-01
-1.666504684561614935e-01
-1.437948967956805268e-01
-1.352765255314763992e-01
-1.713145306643395760e-01
-1.718977104761467145e-01
-1.827562837742418012e-01
-1.868178411817230100e-01
-1.875957213953476921e-01
-1.943720117991314944e-01
-1.743352339669080597e-01
-1.575548663531649574e-01
-1.922327325589570646e-01
-1.888367122723875746e-01
-1.976179665887891068e-01
-2.047444194097585990e-01
-2.113899794496074402e-01
-2.188312111492458911e-01
-1.994433265921706500e-01
-1.816334049532447870e-01
-1.952156573027375441e-01
-2.034024454194940656e-01
-2.168258188837141887e-01
-2.215613458904956423e-01
-2.262989414273516298e-01
-2.244940437018959067e-01
-2.063718178098681300e-01
-1.903680773679352900e-01
-1.931265600396393500e-01
-2.091228412652033630e-01
-2.266595447355050919e-01
-2.296653714276568614e-01
-2.295245275618957581e-01
-2.280535883394703145e-01
-2.118082634412697118e-01
-1.900925621729014914e-01
-1.851626563327022357e-01
-2.035886224201971240e-01
-2.181166750861101011e-01
-2.167978192216772348e-01
-2.129179178478511070e-01
-2.127436363911158479e-01
-1.975789975266868947e-01
-1.736903628867568217e-01
-1.677969904074934904e-01
-1.842804520765442267e-01
-1.973834457206752047e-01
-1.968151248840925849e-01
-1.910155733443094916e-01
-1.854126509077702323e-01
-1.685435201129566740e-01
-1.612372901222674515e-01
-1.606198086050477369e-01
-1.673149526939754494e-01
-1.756357660661028719e-01
-1.800874817459251764e-01
-1.740487745030153410e-01
-1.678995435951553261e-01
-1.522613722704061201e-01
-1.584127991331487351e-01
-1.521103751111792246e-01
-1.540158209965873382e-01
-1.564878815804827683e-01
-1.624948886825895167e-01
-1.629055796410363854e-01
-1.598435501756652333e-01
-1.347185894943387918e-01
-1.302238252533973739e-01
-1.637132664613396849e-01
-1.663123261134661912e-01
-1.730714462819941957e-01
-1.811370697179635336e-01
-1.838817755546595656e-01
-1.857940774792235239e-01
-1.654931383909566955e-01
-1.512915361283337923e-01
-1.823251828754021697e-01
-1.813238611713701709e-01
-1.893864675938642106e-01
-1.952570355217410625e-01
-2.021655570936485846e-01
-2.075031356554515871e-01
-1.895549735478714026e-01
-1.745666470289733152e-01
-1.861642297071731678e-01
-1.948174517178326293e-01
-2.059317603752878478e-01
-2.084122648816122136e-01
-2.133160309823934064e-01
-2.106357227394955733e-01
-1.950849046569906875e-01
-1.825037917239598351e-01
-1.793345014228476253e-01
-1.968934291956470073e-01
-2.115836365394662133e-01
-2.154433635473129716e-01
-2.157164520699665355e-01
-2.107288060186535417e-01
-1.954257569243657566e-01
-1.808178013476368362e-01
-1.727558818100418669e-01
-1.914225223302285783e-01
-2.035905036567925153e-01
-2.050703544570463277e-01
-2.035766070457407650e-01
-1.979235817558059052e-01
-1.815758636240434876e-01
-1.630196005961703498e-01
-1.589233308049379789e-01
-1.753071366131039033e-01
-1.874443271788833465e-01
-1.896411658205224005e-01
-1.837352814438280302e-01
-1.768721230683445444e-01
-1.599780817895412321e-01
-1.526004233660839815e-01
-1.511825905757609723e-01
-1.612062002505801339e-01
-1.682759938773058517e-01
-1.706506650412828729e-01
-1.674533239793395134e-01
-1.621296398946205641e-01
-1.470891445457536140e-01
-1.497628185741309848e-01
-1.532526482259215506e-01
-1.579037380342458163e-01
-1.665434936440913505e-01
-1.730168648981402768e-01
-1.721265496662993943e-01
-1.666749478699254550e-01
-1.441430483539765939e-01
-1.353484285356165717e-01
-1.663414284179731972e-01
-1.732923379808105624e-01
-1.896757517830340578e-01
-1.952031454838610569e-01
-1.953267977515106557e-01
-1.970227437187887509e-01
-1.740962186611380580e-01
-1.576700964100996583e-01
-1.884825572325925791e-01
-1.902659426413597643e-01
-2.046375839237523919e-01
-2.129269257328639808e-01
-2.167479388065542689e-01
-2.175800148901833042e-01
-1.974308956132755088e-01
-1.795790208846252956e-01
-1.946686876477000394e-01
-2.031548794086594778e-01
-2.192424896953474034e-01
-2.237012690644383794e-01
-2.269662997293911966e-01
-2.246938490868153615e-01
-2.042802260053433738e-01
-1.878610947469743220e-01
-1.926317832286212339e-01
-2.080778438602828850e-01
-2.216598444977641025e-01
-2.263057992768270910e-01
-2.282496723689872442e-01
-2.263425460113465681e-01
-2.079467601041045666e-01
-1.875502036830412611e-01
-1.883802575715753380e-01
-2.048240753296790562e-01
-2.090311149182385031e-01
-2.120052451720203790e-01
-2.129005378914670676e-01
-2.124111763018375898e-01
-1.928728575173882520e-01
-1.712155442515699566e-01
-1.722885248571670302e-01
-1.874949410468237931e-01
-1.945027766827153171e-01
-1.938251002426526759e-01
-1.909624701527764257e-01
-1.873651256030910983e-01
-1.685099784617303809e-01
-1.615801779198996757e-01
-1.636488990127267229e-01
-1.735756225796068475e-01
-1.794596049144541738e-01
-1.816879076698006135e-01
-1.785398467793017641e-01
-1.747441482280493730e-01
-1.572902239026228999e-01
-1.594093794623168414e-01
-1.505934357173526195e-01
-1.528177892781038549e-01
-1.612284299243984809e-01
-1.654624214144348182e-01
-1.665439517374232847e-01
-1.597370524183520379e-01
-1.356268864748185476e-01
-1.299151130108610608e-01
-1.636921936698581548e-01
-1.696501470633217934e-01
-1.811314350809143103e-01
-1.860928705390969551e-01
-1.860739669292852949e-01
-1.889941973235578776e-01
-1.655357728410909446e-01
-1.501697084651202607e-01
-1.814471670148835869e-01
-1.867499360478202808e-01
-1.979770260522212555e-01
-2.024890296155499314e-01
-2.054412672274638085e-01
-2.104290269396983659e-01
-1.904126748093484256e-01
-1.740423941586728418e-01
-1.897040369327222253e-01
-1.985476114054950669e-01
-2.122735602526977794e-01
-2.135577387590882892e-01
-2.181717844624818936e-01
-2.155352592250014132e-01
-1.970253829274238866e-01
-1.824666989451983745e-01
-1.874056686692071871e-01
-2.033035628785904159e-01
-2.167477597277977786e-01
-2.206207340420199281e-01
-2.233606942309538101e-01
-2.180130857976812497e-01
-2.002776483420695419e-01
-1.823826146992244268e-01
-1.789979113885930007e-01
-1.975229041660696017e-01
-2.081325914686085188e-01
-2.106444148587925114e-01
-2.098297679726204013e-01
-2.071068237898132658e-01
-1.881041025930942912e-01
-1.684025179723563359e-01
-1.593500528877898337e-01
-1.789608458738147223e-01
-1.891830788819220954e-01
-1.899731659119361094e-01
-1.863847122974715276e-01
-1.792331666335483242e-01
-1.636701331782668134e-01
-1.597625814296043112e-01
-1.518480986149205181e-01
-1.607213707810012382e-01
-1.674217369977182845e-01
-1.704042517897416120e-01
-1.667748440428319101e-01
-1.630317641483774449e-01
-1.494761776350353455e-01
-1.563592246806958797e-01
-1.559102993037159157e-01
-1.577026491323678670e-01
-1.641730687711339398e-01
-1.699063384689566414e-01
-1.717966075096716005e-01
-1.660220745690439426e-01
-1.394765289726833113e-01
-1.274554235164672145e-01
-1.696156487632622945e-01
-1.713070736432442676e-01
-1.818502142802823907e-01
-1.886267189623456186e-01
-1.907466975433956546e-01
-1.934917223584807500e-01
-1.669523804138985101e-01
-1.494015275983978930e-01
-1.887351282813458653e-01
-1.866116136785785085e-01
-1.943346178575241223e-01
-2.014006666321605243e-01
-2.081148655615485954e-01
-2.134440141734727514e-01
-1.928001812170389018e-01
-1.732643820580971328e-01
-1.975338614831430306e-01
-2.012788653359972590e-01
-2.112567790333651496e-01
-2.150388225212790660e-01
-2.225135058802018007e-01
-2.223709198044944990e-01
-2.017408442796958523e-01
-1.835749686966181293e-01
-1.938544695579246246e-01
-2.072116520270890216e-01
-2.200982382901625622e-01
-2.255830473943065684e-01
-2.286387609397072251e-01
-2.261566083721995024e-01
-2.066703334848763451e-01
-1.859295970859771441e-01
-1.862950411321178945e-01
-2.012870401144419008e-01
-2.086715513186613857e-01
-2.139857766440721731e-01
-2.107292091024266789e-01
-2.104742839648023889e-01
-1.930275253597778795e-01
-1.705473417142578663e-01
-1.667095142798056262e-01
-1.821816598432008383e-01
-1.898129815955073296e-01
-1.918240094778906613e-01
-1.870168340262335360e-01
-1.803072820433410384e-01
-1.670751793041151956e-01
-1.598498912942329930e-01
-1.562056122469430430e-01
-1.640040782206802772e-01
-1.713099558902378694e-01
-1.734716089915162573e-01
-1.676240136863325070e-01
-1.640111285294415244e-01
-1.504487302544050831e-01
-1.528744462528280612e-01
-1.490583394998567512e-01
-1.517511046396569918e-01
-1.629819489703153712e-01
-1.699587575720097887e-01
-1.690811649308177345e-01
-1.619970474459183629e-01
-1.355920027766387703e-01
-1.275414837670450774e-01
-1.609942698294971331e-01
-1.672423018401081873e-01
-1.812410620639558212e-01
-1.892050687785964969e-01
-1.886636795310141779e-01
-1.887923151138457545e-01
-1.638853712260030515e-01
-1.497046347624753360e-01
-1.840061570095633259e-01
-1.848568141461063297e-01
-1.977072568241322881e-01
-2.045373510859302135e-01
-2.089342749466785998e-01
-2.085464426598102050e-01
-1.912353375975945624e-01
-1.747204591609098356e-01
-1.881463858992215576e-01
-1.995557836733314050e-01
-2.128042730087343071e-01
-2.170876136805257872e-01
-2.196485874024682594e-01
-2.166478298776977895e-01
-1.996421035591083581e-01
-1.864674782066628733e-01
-1.837416143284146819e-01
-1.982446870930482108e-01
-2.158012645959084264e-01
-2.213580627447518656e-01
-2.220719946655295152e-01
-2.215305388929462993e-01
-2.057213419029109980e-01
-1.859822909074908825e-01
-1.764685117288312677e-01
-1.931024417153292261e-01
-2.030151859392600178e-01
-2.084643697416963815e-01
-2.064737612388272137e-01
-2.060666997405606604e-01
-1.910010318009774666e-01
-1.711543841652102826e-01
-1.594767076791595850e-01
-1.758739086721506639e-01
-1.864029661625278278e-01
-1.886108536522003720e-01
-1.859554100703738888e-01
-1.793524865681279112e-01
-1.639483489854270393e-01
-1.600233281933046425e-01
-1.493440068719088798e-01
-1.597702914017338771e-01
-1.680008019073250258e-01
-1.724164154302888774e-01
-1.691817776531804873e-01
-1.635883898975281636e-01
-1.478870387449675861e-01
-1.556190099329458065e-01
-1.497161969288644257e-01
-1.541330537962242453e-01
-1.639649898195997824e-01
-1.694067496633110681e-01
-1.675521818063301638e-01
-1.612724061245408014e-01
-1.384735619557772024e-01
-1.330318134338418778e-01
-1.637767620660567913e-01
-1.668987841420335183e-01
-1.799261663465238081e-01
-1.870054162566305855e-01
-1.852718564872921636e-01
-1.857024064803230179e-01
-1.657453097405291453e-01
-1.532842959909944680e-01
-1.810117282343461642e-01
-1.810234330880253206e-01
-1.944151414728634564e-01
-2.019653562527597701e-01
-2.060303717662548550e-01
-2.057013232050382279e-01
-1.880207664686345259e-01
-1.731748159534732545e-01
-1.855445236274534948e-01
-1.931384721276611649e-01
-2.072527283591842073e-01
-2.145585110294809250e-01
-2.172615459433363816e-01
-2.132922827016896228e-01
-1.955481179896891575e-01
-1.824278569925789906e-01
-1.838136998366982633e-01
-1.983492007788640599e-01
-2.130065799932671089e-01
-2.175822311840318324e-01
-2.186741992390438538e-01
-2.153211685056344582e-01
-1.997061441753973099e-01
-1.844229721557636981e-01
-1.793696648325032450e-01
-1.954467421580592112e-01
-2.060430667613831479e-01
-2.067071687965673921e-01
-2.036727874898766333e-01
-2.011864610176305468e-01
-1.873098552916803994e-01
-1.681421024450715507e-01
-1.622445908371737688e-01
-1.802775096018158218e-01
-1.914171869914094437e-01
-1.898076524698592005e-01
-1.847694725768162238e-01
-1.787493229706082765e-01
-1.637693890027867583e-01
-1.579024272773052462e-01
-1.524709506874006026e-01
-1.636423410273505907e-01
-1.734948661822851845e-01
-1.761741558508299055e-01
-1.699492755277580980e-01
-1.628031896636178422e-01
-1.481428219151274539e-01
-1.528392914738146979e-01
-1.574187340722343342e-01
-1.594509499096666838e-01
-1.652091734064719819e-01
-1.722370290661140169e-01
-1.724643765185737976e-01
-1.658114835547070676e-01
-1.417371409684708983e-01
-1.348445814905566142e-01
-1.709855638138250422e-01
-1.739902957871070632e-01
-1.853832861664541365e-01
-1.913667275466359452e-01
-1.920852221897453582e-01
-1.933377279999276277e-01
-1.707877597680229342e-01
-1.566088685205914710e-01
-1.900460413742770249e-01
-1.909711937222789147e-01
-2.020705220189804030e-01
-2.082772080593138231e-01
-2.125207017209474469e-01
-2.157683482856619650e-01
-1.981753152764144099e-01
-1.836332645469931635e-01
-1.940508068727369029e-01
-2.029302137097547531e-01
-2.164744304400407771e-01
-2.203476283348361209e-01
-2.245480730849770679e-01
-2.235730354496489047e-01
-2.077203487067183219e-01
-1.941125496686890717e-01
-1.916248512009651184e-01
-2.071187221826688296e-01
-2.193003100471860589e-01
-2.238753824773310475e-01
-2.270675023604717124e-01
-2.255325265840788240e-01
-2.123115531209462947e-01
-1.934323195561760689e-01
-1.897659220417939052e-01
-2.067833021667883908e-01
-2.142602031778154670e-01
-2.136118198274391811e-01
-2.113792043092616313e-01
-2.131401619050727059e-01
-1.979152190688824864e-01
-1.753728848300483145e-01
-1.727823312246713483e-01
-1.905817296470625477e-01
-1.992947115312406758e-01
-1.983139399765453947e-01
-1.916080864768371916e-01
-1.884943217268016669e-01
-1.716929470974729866e-01
-1.657907669834005893e-01
-1.649065916540621568e-01
-1.766624841601795171e-01
-1.824711643547566875e-01
-1.827707604452865064e-01
-1.784605983847211141e-01
-1.737648464897305900e-01
-1.567764141502260844e-01
-1.620343728193993083e-01
-1.479897032346029484e-01
-1.509411142388545901e-01
-1.609750024129420753e-01
-1.683243555366586708e-01
-1.667796737368847371e-01
-1.627751874638264651e-01
-1.401641203006025183e-01
-1.350111090065901354e-01
-1.630808835373566412e-01
-1.682933310436348917e-01
-1.817419893425246125e-01
-1.860499265845428352e-01
-1.859682952857392713e-01
-1.877616763446464387e-01
-1.702443980287796643e-01
-1.588783712998957376e-01
-1.885945540999223458e-01
-1.898596859637298462e-01
-1.968546717432962390e-01
-2.005442804980197835e-01
-2.048249352043288174e-01
-2.073855901106049227e-01
-1.937961233819925355e-01
-1.816463806874027975e-01
-1.929755702408178231e-01
-2.010949330157471848e-01
-2.109437539251603488e-01
-2.123215506956660503e-01
-2.183096445767613858e-01
-2.164641070777348630e-01
-2.018457263952400937e-01
-1.911505524738083273e-01
-1.868560854531272630e-01
-2.026334592205339402e-01
-2.147466326092779265e-01
-2.174226537611997079e-01
-2.207210205238172296e-01
-2.180966403890829686e-01
-2.025732811407845446e-01
-1.876640674366623629e-01
-1.815421320809200156e-01
-1.988949144615038966e-01
-2.086986460383320474e-01
-2.083344272626880822e-01
-2.053944770084462634e-01
-2.049696043193480754e-01
-1.886159214376982307e-01
-1.684994030663437559e-01
-1.639140038041338454e-01
-1.841455385641452280e-01
-1.932960988576991890e-01
-1.937910218234972781e-01
-1.862584846194420274e-01
-1.790727189310500345e-01
-1.616143253113828671e-01
-1.582954968265330997e-01
-1.544489859800022291e-01
-1.650111635226321760e-01
-1.749698066739867608e-01
-1.768792311678415163e-01
-1.694580231041382112e-01
-1.624059658130344030e-01
-1.465126461413799042e-01
-1.526497434946283427e-01
-1.581280112273703020e-01
-1.615398970367456222e-01
-1.700933472362184951e-01
-1.754546958644382093e-01
-1.759873124924687671e-01
-1.715972548953368093e-01
-1.482730504635861590e-01
-1.413420792061833853e-01
-1.692117629647312826e-01
-1.724512160156653484e-01
-1.836411035255245960e-01
-1.928761056902164872e-01
-1.930552518595379241e-01
-1.981677690070419440e-01
-1.774775502023388241e-01
-1.647662054479116789e-01
-1.927996647925799001e-01
-1.928902232716598608e-01
-2.036432347522203479e-01
-2.094679908695062931e-01
-2.162181743196481543e-01
-2.202339330285127128e-01
-2.003444590715695306e-01
-1.853757147536140293e-01
-1.994055427591542862e-01
-2.081845740341435047e-01
-2.224801670071636928e-01
-2.250928572169311748e-01
-2.296597431875476714e-01
-2.238521212533898797e-01
-2.042156009956780649e-01
-1.934714906368526777e-01
-1.965158921505738843e-01
-2.126582079005889525e-01
-2.273108070748212917e-01
-2.333461381633462062e-01
-2.323849118730651198e-01
-2.278728765614339569e-01
-2.109819675849785581e-01
-1.933635929025502298e-01
-1.892403516063445312e-01
-2.069774493433681195e-01
-2.175616803221378237e-01
-2.202906614645056271e-01
-2.168970754812679369e-01
-2.168159624697506282e-01
-1.983407251537394056e-01
-1.764965335529602442e-01
-1.709075373127224573e-01
-1.898082201999758967e-01
-2.015345195895149044e-01
-2.004889117181966329e-01
-1.963750222536997381e-01
-1.918924281950323274e-01
-1.728626959939798258e-01
-1.645324194322561884e-01
-1.616648983693597108e-01
-1.725141275497215076e-01
-1.813590893497032674e-01
-1.841668054742579275e-01
-1.783560979936683888e-01
-1.728807753787912627e-01
-1.564050654306078925e-01
-1.595893748026428749e-01
-1.551992888446452334e-01
-1.575949352195777364e-01
-1.638798963443617029e-01
-1.700825096063885156e-01
-1.707642886244438718e-01
-1.683478461855282271e-01
-1.456457279757545076e-01
-1.355660515423336987e-01
-1.670864036731446178e-01
-1.690022652625469413e-01
-1.794016380856899295e-01
-1.884804631322505863e-01
-1.907161198206598629e-01
-1.947235455986748576e-01
-1.750245948613989577e-01
-1.564208023464489505e-01
-1.860964083442064321e-01
-1.848566371425742760e-01
-1.943071236885235142e-01
-2.032673041736212105e-01
-2.100478030678065711e-01
-2.159369135112007287e-01
-1.965364448553171273e-01
-1.793168744691540639e-01
-1.909260377608339998e-01
-2.004711502523187638e-01
-2.109143144162568539e-01
-2.151872771067745715e-01
-2.227660986027837631e-01
-2.211833810655556010e-01
-2.005304443688635252e-01
-1.876434963762437236e-01
-1.891459134213438753e-01
-2.044052747741048615e-01
-2.171775371319390469e-01
-2.209745720335123120e-01
-2.244937366861690375e-01
-2.211897050623030381e-01
-2.041931368470162045e-01
-1.863316748239045584e-01
-1.827148596754051835e-01
-1.994540073748274633e-01
-2.079548374224592655e-01
-2.101969598543017570e-01
-2.104561853873411770e-01
-2.091103121790012231e-01
-1.891922781872511228e-01
-1.651980571794467723e-01
-1.656318849328540510e-01
-1.829359758104477096e-01
-1.935063819195937673e-01
-1.949132647389552053e-01
-1.926043583890932887e-01
-1.885337441740810582e-01
-1.632417939905165538e-01
-1.534721004282891266e-01
-1.595076491635117055e-01
-1.675451213527752725e-01
-1.742298457370202169e-01
-1.774958666219876302e-01
-1.764160801095318865e-01
-1.725514876097584138e-01
-1.515830286782938185e-01
-1.530287876798540336e-01
-1.534584486337954023e-01
-1.529414555405120835e-01
-1.618728859117649910e-01
-1.706462827713160768e-01
-1.747924121268163711e-01
-1.696782904638086953e-01
-1.467997417217962730e-01
-1.410157823915864361e-01
-1.669768710755731300e-01
-1.695357366841797608e-01
-1.833590861045391041e-01
-1.913987470038748528e-01
-1.955197811462404400e-01
-1.981624654085356319e-01
-1.773664122072114713e-01
-1.639493367781495736e-01
-1.908517506299748090e-01
-1.904139045925953011e-01
-2.025990695448049994e-01
-2.107810034651067810e-01
-2.152473657566335019e-01
-2.190421891576053992e-01
-2.011790927432483833e-01
-1.865275907086624552e-01
-1.953122687466438134e-01
-2.064449748325613287e-01
-2.212865823962777423e-01
-2.265167660291799723e-01
-2.296027118349651674e-01
-2.261382734129396277e-01
-2.074200551676884663e-01
-1.939956899014810277e-01
-1.906168083114949674e-01
-2.088796821105230461e-01
-2.266729374287597965e-01
-2.320243269787759799e-01
-2.341827047751387225e-01
-2.292427178707014679e-01
-2.143599748678503558e-01
-1.932707896454380903e-01
-1.828802112587804840e-01
-2.023795081687756459e-01
-2.151881585926921081e-01
-2.191503790089763815e-01
-2.163933030687373027e-01
-2.151814895708929476e-01
-1.983307054832241234e-01
-1.746961094365779565e-01
-1.654094361166718041e-01
-1.858433139978342141e-01
-2.010756208569591530e-01
-1.997403865834837533e-01
-1.932873150819718611e-01
-1.869452237255495586e-01
-1.729508012618606871e-01
-1.662332541844548928e-01
-1.595161925710882056e-01
-1.713664030455147314e-01
-1.808453590746161854e-01
-1.820161140931788879e-01
-1.759726207462757874e-01
-1.722109688339547584e-01
-1.563294852365912924e-01
-1.615555230370214201e-01
-1.562942689983427003e-01
-1.584170624306739661e-01
-1.650120648544363966e-01
-1.724276182090462295e-01
-1.724740754565224354e-01
-1.663353869286448572e-01
-1.470071852313557803e-01
-1.396177031686363923e-01
-1.695245858344699152e-01
-1.717858341938755806e-01
-1.843531373079958791e-01
-1.915428089845840343e-01
-1.908211758459049112e-01
-1.922943738803178926e-01
-1.746118344393557398e-01
-1.600521356340312840e-01
-1.883934949204590648e-01
-1.884130804675807624e-01
-1.986947509601775519e-01
-2.060686028045202178e-01
-2.095934086796992779e-01
-2.144084962657934468e-01
-1.986674677360881769e-01
-1.799719168649331347e-01
-1.951767000139634500e-01
-2.019589834973168907e-01
-2.139239689643744058e-01
-2.188335147523098045e-01
-2.224943530617063125e-01
-2.199143828385865251e-01
-2.056662561791630650e-01
-1.912699829498903659e-01
-1.911873161658919074e-01
-2.066141962241433705e-01
-2.238928740209489843e-01
-2.263545035385660653e-01
-2.238488024750093508e-01
-2.223153286141836271e-01
-2.089097707248142588e-01
-1.937196816502545216e-01
-1.834293205239817537e-01
-2.016157630196892259e-01
-2.134953386390696373e-01
-2.142743679089003650e-01
-2.118409552848362909e-01
-2.115029957755764078e-01
-1.953921578411861038e-01
-1.751892975843918066e-01
-1.660179786763475718e-01
-1.813044792515484394e-01
-1.965932389074674380e-01
-1.968014983170941756e-01
-1.908001329092108844e-01
-1.866279343951114111e-01
-1.701365710585526492e-01
-1.618744163070824360e-01
-1.575651358248638390e-01
-1.680130161113478626e-01
-1.770057204012794039e-01
-1.808293031337604440e-01
-1.736922933036606498e-01
-1.686336148784153277e-01
-1.511847178881654541e-01
-1.552907499411134429e-01
-1.467241683969285060e-01
-1.495547059314366045e-01
-1.562518988927638075e-01
-1.629519919850250798e-01
-1.642348901402393979e-01
-1.629166447260089190e-01
-1.410353194874250649e-01
-1.305548696403381337e-01
-1.624911746665583800e-01
-1.655395002205653499e-01
-1.733781606044759727e-01
-1.797380977858326623e-01
-1.796904801790112083e-01
-1.849564409003509047e-01
-1.636161692855736816e-01
-1.510437361826289515e-01
-1.836005653551491812e-01
-1.875720969128681914e-01
-1.917443700434243170e-01
-1.944739478676571764e-01
-1.987891547558985894e-01
-2.005802862571030853e-01
-1.848789263697971919e-01
-1.733802723194016182e-01
-1.874022298651937812e-01
-2.002931819803645541e-01
-2.083315433493754254e-01
-2.083523198873765414e-01
-2.112755299250450303e-01
-2.082555801167983167e-01
-1.927869448365083227e-01
-1.836822797283461373e-01
-1.818187944726034344e-01
-2.005282493041584957e-01
-2.158210950736103861e-01
-2.145911297900788550e-01
-2.124964107463348517e-01
-2.112886057555956321e-01
-1.983318388758562312e-01
-1.841516167687204941e-01
-1.727819406917874279e-01
-1.925439579037278581e-01
-2.049617305783901500e-01
-2.039912649132008537e-01
-2.002760324756246713e-01
-2.003058348327811378e-01
-1.864628263975847966e-01
-1.666074862477969487e-01
-1.560882301197029642e-01
-1.739583972288236968e-01
-1.856337243920723745e-01
-1.861765290585832844e-01
-1.811765186128765637e-01
-1.743752824446071770e-01
-1.580344679474169622e-01
-1.510937556640422619e-01
-1.454453465608146479e-01
-1.582059622120328968e-01
-1.667067303618253449e-01
-1.679982463401693271e-01
-1.635550651694981650e-01
-1.574046941340181971e-01
-1.410055840514660430e-01
-1.450747757015016792e-01
-1.438170510622280851e-01
-1.473391907159593839e-01
-1.578982301351644635e-01
-1.640451494137829258e-01
-1.662353458372163029e-01
-1.607125929482920712e-01
-1.349648456183058509e-01
-1.260749777569892538e-01
-1.603572753656411776e-01
-1.648609814088026482e-01
-1.766608064551187240e-01
-1.834724602186236786e-01
-1.847764282538819913e-01
-1.895762676070411323e-01
-1.671795439402136429e-01
-1.493481485479766779e-01
-1.852257368396547921e-01
-1.860703641841169875e-01
-1.936343092379946285e-01
-1.986579724223103416e-01
-2.055075143848278940e-01
-2.113886157612117622e-01
-1.903634565693366199e-01
-1.750140162028567259e-01
-1.884930388217231911e-01
-1.977860689123450144e-01
-2.115875916838887427e-01
-2.133811939733379626e-01
-2.187717127619498991e-01
-2.150968562432356845e-01
-1.979007733496767896e-01
-1.845792452042411269e-01
-1.815129398454419785e-01
-1.978469916905532533e-01
-2.127099697029400382e-01
-2.174886710504333187e-01
-2.190099162062106031e-01
-2.170557176262362387e-01
-2.027240462689375577e-01
-1.852016318156946839e-01
-1.733069375233383391e-01
-1.887362154647850565e-01
-2.033940599221526757e-01
-2.061637239813176592e-01
-2.023656618908675764e-01
-2.033337974336368037e-01
-1.885413885312642868e-01
-1.676446161249185163e-01
-1.567875528969422672e-01
-1.741072807229586961e-01
-1.865779839936751727e-01
-1.878972343316389626e-01
-1.847794591072600967e-01
-1.796867363565195774e-01
-1.604359143618413197e-01
-1.543348440746247219e-01
-1.474156079886985160e-01
-1.585444591716314577e-01
-1.659708307659053805e-01
-1.713329270796079551e-01
-1.686930411767725291e-01
-1.619921053665349109e-01
-1.437483243164234814e-01
-1.491168545316193805e-01
-1.583688918460230965e-01
-1.609433633665410535e-01
-1.748210656447246880e-01
-1.836015909397502033e-01
-1.805633395260333174e-01
-1.730908059342307070e-01
-1.468343757491692436e-01
-1.402145538777282152e-01
-1.726412883984493052e-01
-1.740452860445842187e-01
-1.895419622443992591e-01
-1.998163072222472469e-01
-1.992615678928380540e-01
-1.977993897281519753e-01
-1.749874690574090563e-01
-1.598178309865843916e-01
-1.915191863858349830e-01
-1.890211339286659020e-01
-1.977745109886283048e-01
-2.088716489358916073e-01
-2.164250547373601508e-01
-2.188773766424533807e-01
-1.990215969591415113e-01
-1.819838985108824525e-01
-1.975169274668161501e-01
-2.025396017795411951e-01
-2.132397620341235644e-01
-2.201414524287985119e-01
-2.247818460408158026e-01
-2.230542222394695795e-01
-2.062823461358567201e-01
-1.941635686018525764e-01
-1.920581200749696960e-01
-2.086847674955171483e-01
-2.267125209540684638e-01
-2.318455878838375228e-01
-2.303105740100255261e-01
-2.252628946917889785e-01
-2.117810420947383310e-01
-1.956711268898309042e-01
-1.832822530141437756e-01
-2.039916222511770905e-01
-2.211990620618986270e-01
-2.235305636264114382e-01
-2.169679724446317015e-01
-2.145765843385536165e-01
-2.002309130533592996e-01
-1.797315651693526251e-01
-1.651619092381483023e-01
-1.872940481731327489e-01
-2.048067657356477667e-01
-2.058153822807335664e-01
-1.999540125866180185e-01
-1.940937342484132244e-01
-1.753851214423087501e-01
-1.697661605827634479e-01
-1.598574638283739580e-01
-1.706387752263038016e-01
-1.807684127634098248e-01
-1.870243247096616546e-01
-1.847283861193194654e-01
-1.791625274484757724e-01
-1.612160937883402867e-01
-1.645871296911102233e-01
-1.513940637524484600e-01
-1.524467622665562627e-01
-1.613924767618428457e-01
-1.685661730757058718e-01
-1.719449017511788247e-01
-1.666068527014006595e-01
-1.447017947918392833e-01
-1.385946592510480802e-01
-1.646489473223519961e-01
-1.682311346341524572e-01
-1.815087838375269436e-01
-1.895507763095506670e-01
-1.900411131767424378e-01
-1.944315059608312524e-01
-1.734726173681137296e-01
-1.582955548080053065e-01
-1.881890032990506390e-01
-1.877500674820225535e-01
-1.959635536308483028e-01
-2.034621584760958612e-01
-2.081648864871590565e-01
-2.116590358628830104e-01
-1.928603275781933801e-01
-1.806696664366306548e-01
-1.930145257954408444e-01
-1.999830887495808451e-01
-2.131827043052455795e-01
-2.162805919995011428e-01
-2.186149900055444628e-01
-2.176983669409858491e-01
-2.020813519849970485e-01
-1.892921530112805784e-01
-1.871697693190932932e-01
-2.032669255927797014e-01
-2.189731971746826100e-01
-2.224306229034057891e-01
-2.240316203925540317e-01
-2.237084553686464472e-01
-2.080118636283966871e-01
-1.898622216002100460e-01
-1.824484872612788522e-01
-1.998394478029171806e-01
-2.084879374318649448e-01
-2.091429616352138143e-01
-2.079837986324662713e-01
-2.098938609525922427e-01
-1.939317297808419716e-01
-1.718980794675251111e-01
-1.671794541521924859e-01
-1.851858328067332859e-01
-1.939347400408347466e-01
-1.922890623165895152e-01
-1.877737066032806601e-01
-1.821123147956978938e-01
-1.653437023163837061e-01
-1.599695529032043873e-01
-1.586215428379046666e-01
-1.687709729397678937e-01
-1.738049695074211365e-01
-1.768540337056885292e-01
-1.715455626677138967e-01
-1.653188738838801408e-01
-1.487454366707518238e-01
-1.540742421028673259e-01
-1.557719826557840137e-01
-1.566490236642444078e-01
-1.697759469631355544e-01
-1.778496777506663462e-01
-1.777349022661189326e-01
-1.731924526587013125e-01
-1.518231281624625173e-01
-1.428161699819815167e-01
-1.723807353456383307e-01
-1.748675249693655565e-01
-1.879878162586915979e-01
-1.954635969069370149e-01
-1.968156858259099695e-01
-2.025786482279123835e-01
-1.829838041081224553e-01
-1.684909062861710549e-01
-2.006199630659264432e-01
-1.980990618582223473e-01
-2.062018870922208147e-01
-2.123246592203024141e-01
-2.187816179874836064e-01
-2.234069660751206443e-01
-2.089869603368898210e-01
-1.906304806698947696e-01
-2.012649845582241137e-01
-2.105096710492429246e-01
-2.202910571946184171e-01
-2.241876761091075865e-01
-2.285423955027350296e-01
-2.271567422587902063e-01
-2.114841538837614332e-01
-1.984455143016277123e-01
-1.930079410373475857e-01
-2.079793308927473106e-01
-2.216544580736038439e-01
-2.274808843369182376e-01
-2.294207789855402801e-01
-2.278011721039531756e-01
-2.152022806665163657e-01
-1.989241801643369945e-01
-1.882266688687483924e-01
-2.027215794450369646e-01
-2.105660383857971274e-01
-2.136560552557937309e-01
-2.160294961466387720e-01
-2.156671460797230933e-01
-2.020616775019251354e-01
-1.834357947734795991e-01
-1.753239965035313652e-01
-1.895292536479843137e-01
-1.980022007884159607e-01
-2.009638601348213149e-01
-2.008030887711176882e-01
-1.958810380441830257e-01
-1.784446278334956837e-01
-1.751087726525858701e-01
-1.704066355317062353e-01
-1.818117582375647912e-01
-1.846011996328263682e-01
-1.900392271041663195e-01
-1.876722289882257755e-01
-1.821658387538010182e-01
-1.652966948790264845e-01
-1.706169673055027702e-01
-1.471921367037186679e-01
-1.496519067108179890e-01
-1.574998386396141148e-01
-1.632586846560956928e-01
-1.631462224272245132e-01
-1.590609254419868279e-01
-1.398671994795114837e-01
-1.338088076949299210e-01
-1.573693177093218876e-01
-1.627845960624713928e-01
-1.740734656237142575e-01
-1.793775922601171247e-01
-1.787840796607828298e-01
-1.823357466067016541e-01
-1.670483421248765421e-01
-1.557489813528250833e-01
-1.743045723669761626e-01
-1.776360586857416435e-01
-1.886083145870655897e-01
-1.925463990844299145e-01
-1.978556559115607627e-01
-2.054549446508459332e-01
-1.921800826323220024e-01
-1.779219309424583118e-01
-1.771153607627731774e-01
-1.866439468737670915e-01
-2.010305884628866557e-01
-2.038287475227084089e-01
-2.095126122987316097e-01
-2.135501732967215738e-01
-2.004392164072111016e-01
-1.859758173813593485e-01
-1.735524654973320535e-01
-1.901986733592173628e-01
-2.089684850031347518e-01
-2.145113217146416840e-01
-2.150841058544057938e-01
-2.135140439910730992e-01
-2.027770160686904188e-01
-1.835872647897831555e-01
-1.683873578965384421e-01
-1.876945497606359314e-01
-2.040352168394401478e-01
-2.078282057825220352e-01
-2.029227877499873156e-01
-1.997040101489623576e-01
-1.870059274860715326e-01
-1.656053544747695394e-01
-1.529075259881559901e-01
-1.705616913392417611e-01
-1.871122989813659987e-01
-1.889791414875704734e-01
-1.811532448744541668e-01
-1.759811275449064683e-01
-1.603263419986662164e-01
-1.543919138682630643e-01
-1.441773851713574195e-01
-1.544149823848741665e-01
-1.646838465491104186e-01
-1.668366494462006078e-01
-1.618636982879243236e-01
-1.557940395326832539e-01
-1.429892467967252001e-01
-1.464939698903273690e-01
-1.718995354109266738e-01
-1.715660131040238068e-01
-1.821585331493406901e-01
-1.734934946031891634e-01
-1.746793488950687256e-01
-1.724659938234290590e-01
-1.819475628480813345e-01
-1.746137895720014654e-01
-1.782346969075796761e-01
-1.731331017776737979e-01
-1.754078432045877156e-01
-1.696185013627080351e-01
-1.728069235541740412e-01
-1.799769634063962398e-01
-1.708864737797741451e-01
-1.840722950592023066e-01
-1.778029268028498144e-01
-1.804034612264893700e-01
-1.796960300129735455e-01
-1.689640853741133097e-01
-1.652708491418607151e-01
-1.854922423897882311e-01
-1.725498658862498202e-01
-1.810058065210692901e-01
-1.680768224110056330e-01
-1.863362447118889487e-01
-1.891072266578518180e-01
-1.934015256485145107e-01
-1.854546461814796932e-01
-1.882143775950528841e-01
-1.870981593226761774e-01
-1.936694357560803936e-01
-1.835391514679609593e-01
-1.914967966846700953e-01
-1.827410449390657887e-01
-1.902739798209313049e-01
-1.833847413198147480e-01
-1.844379588051748009e-01
-1.917655002090968841e-01
-1.853407353276142755e-01
-1.948322444899368566e-01
-1.914832716484154151e-01
-1.896978171691603432e-01
-1.946545940828708354e-01
-1.772646286131916993e-01
-1.784481773785120962e-01
-2.001870124347598368e-01
-1.864485191815816456e-01
-1.924579891022352718e-01
-1.804951701125333263e-01
-2.110626707406605407e-01
-2.139306432459872620e-01
-2.174573937072404040e-01
-2.081876604741422776e-01
-2.138004462975736097e-01
-2.133580459366609117e-01
-2.166985587798936352e-01
-2.026206998851819430e-01
-2.184875817757679084e-01
-2.067736033164104537e-01
-2.129598577204747101e-01
-2.090722034344366098e-01
-2.065519228355095771e-01
-2.153069351184543900e-01
-2.079387511158583557e-01
-2.207506676476169716e-01
-2.132315589833630454e-01
-2.127468924487586899e-01
-2.168764388866424031e-01
-1.974775003316311950e-01
-2.018170520015981906e-01
-2.260156118684841509e-01
-2.102289583645379489e-01
-2.178906820923904863e-01
-2.021346953033599236e-01
-2.177248897600945199e-01
-2.213729211608012337e-01
-2.256550102824440296e-01
-2.179439884742909173e-01
-2.227631362869623155e-01
-2.181599742220065863e-01
-2.243485435067903710e-01
-2.075902068226951613e-01
-2.247682390276950493e-01
-2.154096512972599187e-01
-2.210339291523880922e-01
-2.183506381995344026e-01
-2.139032849437086103e-01
-2.234417828918252025e-01
-2.167887146781203589e-01
-2.317374547655499106e-01
-2.191707162392554920e-01
-2.238884676167779419e-01
-2.229977640175699327e-01
-2.050307424719811644e-01
-2.097407916444224696e-01
-2.366695369939711135e-01
-2.183608706798680910e-01
-2.302722995900872149e-01
-2.065590102334507461e-01
-2.156938053323614046e-01
-2.185801835192581755e-01
-2.243199091592706362e-01
-2.177486975217855225e-01
-2.201451264165437960e-01
-2.154728086057277336e-01
-2.225919774102105009e-01
-2.085911426712196148e-01
-2.221196609761732499e-01
-2.134259984046186498e-01
-2.209528639428270103e-01
-2.170817993157279635e-01
-2.107811986519929071e-01
-2.222688882872874416e-01
-2.135495141350735315e-01
-2.309154763252812548e-01
-2.199714802188822427e-01
-2.253097157218881263e-01
-2.198214968543072689e-01
-2.078140210151110112e-01
-2.086739280485907233e-01
-2.343381328876354142e-01
-2.195405142196574233e-01
-2.321136311604511115e-01
-2.032940383151556063e-01
-2.107428682662654817e-01
-2.127144509855254939e-01
-2.241241343766567640e-01
-2.097492087968130803e-01
-2.150789966238436934e-01
-2.128498757068488234e-01
-2.171403762428335549e-01
-2.055134271343884711e-01
-2.200816225972994367e-01
-2.090097820340980073e-01
-2.157506940239004023e-01
-2.088123856633506970e-01
-2.080745841916608330e-01
-2.179996661583417372e-01
-2.107227530853771069e-01
-2.265059464397496392e-01
-2.196519950028304469e-01
-2.224306805648783303e-01
-2.194170325443224601e-01
-2.047391657033461876e-01
-2.058171588029917842e-01
-2.259498325468043967e-01
-2.176380886126569325e-01
-2.286758659975018093e-01
-1.997288147495315525e-01
-1.742060743438683390e-01
-1.777993807978876240e-01
-1.892144778955611728e-01
-1.753765824852394073e-01
-1.815455215476934614e-01
-1.816226678156089847e-01
-1.812762895055791135e-01
-1.727978601975868611e-01
-1.846144742412904327e-01
-1.742625411014475656e-01
-1.756779295310396394e-01
-1.721777975110289072e-01
-1.758220018413544083e-01
-1.826817403201133616e-01
-1.769266584637130268e-01
-1.889951887967971089e-01
-1.820250700603874006e-01
-1.877108550609054294e-01
-1.849643816046932232e-01
-1.703013546741616313e-01
-1.712218517080635605e-01
-1.876961756088731947e-01
-1.832157905638754636e-01
-1.910670977723551156e-01
-1.704773248552888809e-01
-1.539160055498071666e-01
-1.584370202215911461e-01
-1.663549109379262592e-01
-1.570516869096600376e-01
-1.620828810722092228e-01
-1.641322328842896583e-01
-1.635555531406647223e-01
-1.518449799122076616e-01
-1.650045708832624247e-01
-1.527820053932162359e-01
-1.554573894008973167e-01
-1.528598131827117734e-01
-1.559083682170697149e-01
-1.637032097348557202e-01
-1.590347022128360543e-01
-1.709909205276037569e-01
-1.612142834801720825e-01
-1.652715373555899703e-01
-1.649917533171653405e-01
-1.542125771577063653e-01
-1.509236263421478985e-01
-1.672061562029857340e-01
-1.621865346546051412e-01
-1.708837950108869630e-01
-1.552653547524759370e-01
-1.941308294079232555e-01
-1.949714166835388174e-01
-2.103446389124601634e-01
-2.001466693356306337e-01
-1.994453543028807396e-01
-1.977967568754027405e-01
-2.076025861801773231e-01
-1.983938993850787036e-01
-2.048596124687379061e-01
-1.989972471586603231e-01
-2.023039151817153103e-01
-1.933532640136262637e-01
-1.962051766266239006e-01
-2.095298207340708652e-01
-1.974468278631971996e-01
-2.091405619598990517e-01
-2.011321766864866967e-01
-2.056776342451717698e-01
-2.043955147915026416e-01
-1.936114318660391576e-01
-1.912719169806774144e-01
-2.083701251042877900e-01
-1.998078143452299005e-01
-2.128019377992335925e-01
-1.900101741181600690e-01
-2.083208130440101502e-01
-2.092748957198160009e-01
-2.214474603329426028e-01
-2.130458790517444911e-01
-2.129626314256329866e-01
-2.143111690574120987e-01
-2.194286189255519048e-01
-2.067980150990238741e-01
-2.191081512674223630e-01
-2.082680089725221784e-01
-2.150037843469044807e-01
-2.067968142810181209e-01
-2.088063100217824319e-01
-2.207596336747195964e-01
-2.120510884919694361e-01
-2.213559868470002523e-01
-2.130458260146264882e-01
-2.157534923715042074e-01
-2.180350310638648759e-01
-2.047946327482290940e-01
-2.054803614102909126e-01
-2.213617586068765131e-01
-2.131182567606915712e-01
-2.240396094740097765e-01
-2.016511253134950776e-01
-2.342643525953656825e-01
-2.355153582939256973e-01
-2.441990256126040093e-01
-2.310129892745161062e-01
-2.387292647797475409e-01
-2.357911479905058783e-01
-2.376548518956794476e-01
-2.233957997413786867e-01
-2.449857010560022863e-01
-2.316789491693256042e-01
-2.333869408040953330e-01
-2.317906737898500491e-01
-2.334345690546751062e-01
-2.436745423077225081e-01
-2.321195936439002239e-01
-2.445113900626911529e-01
-2.315555300552497864e-01
-2.401150562725659909e-01
-2.390343710334583982e-01
-2.217190043479017048e-01
-2.270927885281181502e-01
-2.461069606981718116e-01
-2.335947704393231961e-01
-2.460079327750360478e-01
-2.231398392857866786e-01
-2.428780153112102547e-01
-2.448322435487831072e-01
-2.538629488488688968e-01
-2.407923186441217056e-01
-2.466262373731606672e-01
-2.423525668578241643e-01
-2.477581009685976554e-01
-2.297591468568993545e-01
-2.533001267034618587e-01
-2.412199243763484546e-01
-2.404047640827783605e-01
-2.421671341422095003e-01
-2.391202275830939528e-01
-2.525150526257112227e-01
-2.401794712063584636e-01
-2.537299256399788705e-01
-2.390987356802382335e-01
-2.530984845722772936e-01
-2.463997001810160348e-01
-2.290645263716108437e-01
-2.358192126593890992e-01
-2.599968487474084156e-01
-2.424848527682550714e-01
-2.588185283541112880e-01
-2.286811907333953786e-01
-2.394577772147361006e-01
-2.439036606107763683e-01
-2.565249114714521217e-01
-2.390857540321456864e-01
-2.465002316873566302e-01
-2.408061555916358731e-01
-2.481787182772879352e-01
-2.334122567170426321e-01
-2.522782834169390309e-01
-2.380468443961329117e-01
-2.450008675923527335e-01
-2.407420119028642058e-01
-2.380116178705969643e-01
-2.524620488615164637e-01
-2.399567718982257847e-01
-2.549214859349797080e-01
-2.460556107997446951e-01
-2.532752705015717254e-01
-2.483991580666223831e-01
-2.319486993470122327e-01
-2.368296468372478036e-01
-2.605108366218055749e-01
-2.448234215823304749e-01
-2.614558988842821119e-01
-2.301675214510522927e-01
-2.423214498299794684e-01
-2.473579769743005363e-01
-2.616337434126910222e-01
-2.392960384247173888e-01
-2.474514649990255666e-01
-2.446448804860185122e-01
-2.516382365934182741e-01
-2.376730598037220532e-01
-2.555382795484363867e-01
-2.407115533468294766e-01
-2.485025878618285222e-01
-2.404565806051166821e-01
-2.396314066142584409e-01
-2.524930656889194380e-01
-2.428425913355512222e-01
-2.562437966380693433e-01
-2.518907235426017244e-01
-2.569314785148748004e-01
-2.521232640296962590e-01
-2.346493581010914431e-01
-2.392360035985505451e-01
-2.590057181283442755e-01
-2.466613735141420516e-01
-2.637986713389884330e-01
-2.341900285087662736e-01
-2.116931535778190099e-01
-2.155535683092325572e-01
-2.305738479313959588e-01
-2.093564335979740398e-01
-2.176196580562899663e-01
-2.178580162503292728e-01
-2.224942338976143574e-01
-2.095446039857166154e-01
-2.232844749328904976e-01
-2.113903600333477961e-01
-2.125311411698470598e-01
-2.080436780121599216e-01
-2.095782577314314055e-01
-2.201309157737637856e-01
-2.151894444083135571e-01
-2.284563411872433392e-01
-2.163088540000222271e-01
-2.289971315822569853e-01
-2.195662508194420881e-01
-2.061757084301419352e-01
-2.076629934855429016e-01
-2.239869962541050641e-01
-2.168125063737474933e-01
-2.327757052568759644e-01
-2.103574551282131888e-01
-1.884520206472488635e-01
-1.902284995495227837e-01
-2.042059616337483785e-01
-1.887176053783799490e-01
-1.924460731811900860e-01
-1.968672733847643685e-01
-1.969729177934755049e-01
-1.849003285944700037e-01
-1.963802827331020129e-01
-1.858483824007710894e-01
-1.850653269345136354e-01
-1.837887516829863344e-01
-1.860548045196332156e-01
-1.969722870637130030e-01
-1.934664199709592303e-01
-2.043685877550463215e-01
-1.924572359329624616e-01
-2.032380413534692620e-01
-1.986668896409795326e-01
-1.843500738860202326e-01
-1.835094098801894336e-01
-1.981169377054668168e-01
-1.951057046812981477e-01
-2.079093502467143639e-01
-1.869493984894419758e-01
-2.243145753084097582e-01
-2.253490829152812180e-01
-2.442965251258575332e-01
-2.317309967086211564e-01
-2.322817861119411409e-01
-2.323800691185061718e-01
-2.391809215312700465e-01
-2.237509974401628021e-01
-2.382508807595660749e-01
-2.304873319621319749e-01
-2.367456405648048490e-01
-2.256628146986596750e-01
-2.230649308225377547e-01
-2.419519217410912026e-01
-2.305934083293775527e-01
-2.434395935268713895e-01
-2.308897188520953603e-01
-2.403001784570390487e-01
-2.361144840761532360e-01
-2.242324088729716058e-01
-2.258332924981126810e-01
-2.420641699136935610e-01
-2.317628061124233640e-01
-2.498873493235974352e-01
-2.145775037854095735e-01
-2.334273469201747497e-01
-2.292203207019057054e-01
-2.471854873609486136e-01
-2.369451080595733616e-01
-2.377988130968947400e-01
-2.394215770146658484e-01
-2.445278156884843068e-01
-2.292792865447139949e-01
-2.462473013490270313e-01
-2.355932567210506090e-01
-2.400954975579660255e-01
-2.326934485744040493e-01
-2.310032946505326534e-01
-2.446586484130909012e-01
-2.378864879718490533e-01
-2.491640834795074699e-01
-2.355716566309653814e-01
-2.440235776126161715e-01
-2.411357091149978760e-01
-2.295803255252745201e-01
-2.328357067055407681e-01
-2.455968168536866725e-01
-2.398102975855116170e-01
-2.530125396632957879e-01
-2.219051002079680812e-01
-2.492613068194583503e-01
-2.466436042969895881e-01
-2.625838039618348940e-01
-2.485702121982059087e-01
-2.505402722561096418e-01
-2.520399048732532843e-01
-2.544372639090846100e-01
-2.398170160868977607e-01
-2.629280856168791369e-01
-2.497468690024643445e-01
-2.463434158822710995e-01
-2.510463463289751007e-01
-2.466942009226689436e-01
-2.594642800029138274e-01
-2.491760475155961885e-01
-2.629962093032525150e-01
-2.484046968680583001e-01
-2.617387819785316205e-01
-2.563787733851967676e-01
-2.398954006869436772e-01
-2.459334954433269882e-01
-2.597524498519960812e-01
-2.510544589696209750e-01
-2.667354542168539067e-01
-2.354696712750446730e-01
-2.588270089787994555e-01
-2.576564236952386122e-01
-2.727718865800252135e-01
-2.532153197053563232e-01
-2.603030937256512467e-01
-2.578464422058973082e-01
-2.620689410350005022e-01
-2.480234491883257508e-01
-2.735276592707763244e-01
-2.563075860758328717e-01
-2.567767446991167102e-01
-2.577728960511384559e-01
-2.558088120409529598e-01
-2.695007017451694908e-01
-2.558081694157200436e-01
-2.718237450646719955e-01
-2.578495857713692385e-01
-2.740608661342326391e-01
-2.647933268641807225e-01
-2.450315296026550071e-01
-2.533877292508489032e-01
-2.709859410110809774e-01
-2.585217441226336788e-01
-2.771773590588567648e-01
-2.435466838941567069e-01
-2.613848725502774806e-01
-2.657644549840698645e-01
-2.806369060676261462e-01
-2.594932685808630790e-01
-2.673607362743314342e-01
-2.647362683318493226e-01
-2.721462092662448873e-01
-2.549156229273771279e-01
-2.787314911356273961e-01
-2.620106295608821689e-01
-2.679886754386200942e-01
-2.630097151379388043e-01
-2.590893988706383100e-01
-2.754312935387794314e-01
-2.607892388589387322e-01
-2.779783510092203036e-01
-2.701791090403609097e-01
-2.794404896273791628e-01
-2.711756299152615068e-01
-2.495014889696298976e-01
-2.589157604107494848e-01
-2.788204528772608159e-01
-2.670164389447165498e-01
-2.827569864072526640e-01
-2.499654822082797434e-01
-2.648626337741147863e-01
-2.701175855779714419e-01
-2.859516650064389820e-01
-2.637537429652482834e-01
-2.679593718271085501e-01
-2.695659409164939402e-01
-2.764820362257358055e-01
-2.588285373063493044e-01
-2.807611897040826476e-01
-2.651568242672511788e-01
-2.735566336229256490e-01
-2.664418955132898947e-01
-2.613325350119866664e-01
-2.760172340086745613e-01
-2.663016323745989733e-01
-2.806636730521985257e-01
-2.737479071593644231e-01
-2.822429385888398090e-01
-2.753123288258836898e-01
-2.539248459349823794e-01
-2.648590509510162505e-01
-2.831964094809686916e-01
-2.689664451065870709e-01
-2.866140683266045208e-01
-2.582228509340598888e-01
-2.426762021137225389e-01
-2.458885205241285177e-01
-2.597319596148052190e-01
-2.401398650056697781e-01
-2.439684932711422283e-01
-2.489922156306778045e-01
-2.534532118364842823e-01
-2.382074256277747493e-01
-2.532260835531314203e-01
-2.415162090381728632e-01
-2.433508547154784318e-01
-2.413441393395491241e-01
-2.389093631880489510e-01
-2.511350263668418736e-01
-2.457468878746301988e-01
-2.586893909046976692e-01
-2.477165462058265044e-01
-2.585432967116204628e-01
-2.498693220828432926e-01
-2.323455915718581344e-01
-2.410580910654083753e-01
-2.541983803427024791e-01
-2.458282865099900849e-01
-2.638056611808259344e-01
-2.390574658079482051e-01
-2.231483362003612303e-01
-2.237393794752617626e-01
-2.345700719217884700e-01
-2.203979745001095059e-01
-2.219681015311097405e-01
-2.269210167367528841e-01
-2.309228707610126996e-01
-2.187739137496217401e-01
-2.281393324751063989e-01
-2.172663080936971802e-01
-2.193953949670932602e-01
-2.180879369960948000e-01
-2.178048834925538635e-01
-2.291257657211426269e-01
-2.272382654543871616e-01
-2.356519865868012265e-01
-2.247331562477213052e-01
-2.358264537216594736e-01
-2.308684042722362328e-01
-2.123044093689054890e-01
-2.178193352512286796e-01
-2.333560143767522965e-01
-2.255613847646929793e-01
-2.439542601525297449e-01
-2.161679518135189437e-01
-2.391372329114117845e-01
-2.341516969271932314e-01
-2.565127799506354278e-01
-2.413263239615793254e-01
-2.427439368511777329e-01
-2.448662406786248913e-01
-2.511037933118023813e-01
-2.317953787100433261e-01
-2.477982611075436326e-01
-2.388369228491646901e-01
-2.472328161977991601e-01
-2.387746005741355204e-01
-2.339518667271510144e-01
-2.503709074498156606e-01
-2.435658239295617755e-01
-2.561498282691965223e-01
-2.433306923693084045e-01
-2.519834564804774857e-01
-2.486270461657924813e-01
-2.369579349184753880e-01
-2.371173180130705660e-01
-2.542646698369671054e-01
-2.447675095226963249e-01
-2.620891150455071372e-01
-2.241660092397624315e-01
-2.511094596635571330e-01
-2.439179525096292211e-01
-2.636744003683334503e-01
-2.499420758075672211e-01
-2.558462461534907195e-01
-2.560010032687188297e-01
-2.630270964742260076e-01
-2.423563881918174012e-01
-2.599994064616388822e-01
-2.529441241529805651e-01
-2.564366209286870202e-01
-2.512733571134925237e-01
-2.446882901617178085e-01
-2.594906954288970780e-01
-2.543360739630488587e-01
-2.704876364206670325e-01
-2.548072914328681216e-01
-2.648072811150209982e-01
-2.598424659290794470e-01
-2.478372823394019431e-01
-2.482838903246353535e-01
-2.640850940614659081e-01
-2.544055438119530721e-01
-2.694561553338441495e-01
-2.371432896235558252e-01
-2.661012991700436037e-01
-2.601708071985767701e-01
-2.794355892740466030e-01
-2.620989593108232207e-01
-2.683369172184584261e-01
-2.699004484089492784e-01
-2.771042680438001171e-01
-2.569471629547165348e-01
-2.782560135280471303e-01
-2.657556145033282413e-01
-2.669254389014568685e-01
-2.669197892681353101e-01
-2.606623458768346224e-01
-2.730603669699547820e-01
-2.648546893232622268e-01
-2.856842547964260626e-01
-2.679243972387840289e-01
-2.839295544455175402e-01
-2.753795467858684010e-01
-2.590607490883025110e-01
-2.618787909022220473e-01
-2.788135532123552363e-01
-2.662023805774784702e-01
-2.838652538822478144e-01
-2.512102245250608101e-01
-2.749810337871245181e-01
-2.725474862176769930e-01
-2.870980823055178099e-01
-2.686951174240775342e-01
-2.761644339618697375e-01
-2.761117007027307224e-01
-2.825473404122301746e-01
-2.653156981423333005e-01
-2.888970213399980058e-01
-2.715692288058543791e-01
-2.747169911532807984e-01
-2.732262385215900591e-01
-2.694885004174444876e-01
-2.851443966737987057e-01
-2.702035091197030336e-01
-2.924656516130250128e-01
-2.775956363449591513e-01
-2.923486552776909941e-01
-2.796341445172275120e-01
-2.597729470800735352e-01
-2.694504324833615350e-01
-2.870930246350396065e-01
-2.749752798151117728e-01
-2.919528715535418262e-01
-2.574883376051698147e-01
-2.796718908247491919e-01
-2.793813602227009918e-01
-2.951250552020757700e-01
-2.760013723447363732e-01
-2.813995402971109505e-01
-2.822527259187248561e-01
-2.887378355032856336e-01
-2.695008997261396089e-01
-2.948800989242047477e-01
-2.773795055830703404e-01
-2.865259585926770991e-01
-2.788613599673491206e-01
-2.748411407902118797e-01
-2.900863187144198663e-01
-2.774573109153987138e-01
-2.974093231894968103e-01
-2.853684886080600780e-01
-2.958432871039980427e-01
-2.856860398470331130e-01
-2.651127416245475654e-01
-2.753786074680718565e-01
-2.949443045568899135e-01
-2.830513529201575951e-01
-2.991578549127296704e-01
-2.650041559687131842e-01
-2.772047929124970556e-01
-2.771688002633821424e-01
-2.941639306076523352e-01
-2.782910814970980806e-01
-2.769462533795518100e-01
-2.826493526148980417e-01
-2.892416290530409606e-01
-2.659406615534829488e-01
-2.904819426197959853e-01
-2.756603989536616783e-01
-2.835604749103056710e-01
-2.771503933816418797e-01
-2.704212371092156175e-01
-2.881355630643744337e-01
-2.746735426177612793e-01
-2.947624562947989690e-01
-2.835426456143430030e-01
-2.911001060359105774e-01
-2.830442245054417549e-01
-2.627909531548413002e-01
-2.721183152349296863e-01
-2.909246862659840005e-01
-2.808373375133932925e-01
-2.943467879272461118e-01
-2.663982556946912772e-01
-2.564469090421594988e-01
-2.551596999093200813e-01
-2.666124510136295145e-01
-2.538210097581396485e-01
-2.521654045557538693e-01
-2.574156434905516266e-01
-2.667757585689194411e-01
-2.443475963562699305e-01
-2.627270454467270366e-01
-2.525060029088025959e-01
-2.576259440570446979e-01
-2.560286380242166593e-01
-2.480305822984857078e-01
-2.662217024406211552e-01
-2.552599250542844089e-01
-2.675414097426655480e-01
-2.597135393639379841e-01
-2.685884989319851091e-01
-2.611159107335384588e-01
-2.430992061730049281e-01
-2.508554662691324100e-01
-2.671366065968134307e-01
-2.589102814134598418e-01
-2.740189955919872800e-01
-2.486051594923820718e-01
-2.366856048281759106e-01
-2.374118109903964602e-01
-2.458589016305036956e-01
-2.344854362237469569e-01
-2.346737858789138820e-01
-2.388692606780121741e-01
-2.456966113260217466e-01
-2.287326564824411212e-01
-2.417196944305125550e-01
-2.307716898695769125e-01
-2.364021087306401314e-01
-2.355054013534884361e-01
-2.313247490217820446e-01
-2.479706958157195662e-01
-2.386472331721647966e-01
-2.473656912249995177e-01
-2.391045356945513400e-01
-2.472160166503811485e-01
-2.443447933763205349e-01
-2.262061368684743778e-01
-2.323754631958767081e-01
-2.512467603494945023e-01
-2.391252203425026923e-01
-2.594375750371568090e-01
-2.298910642837608820e-01
-2.339283204933024218e-01
-2.312898182277502712e-01
-2.505054668304326770e-01
-2.337333347468701916e-01
-2.365636362269636084e-01
-2.379372976458496991e-01
-2.452079367069423810e-01
-2.259897573022278949e-01
-2.447900758441486913e-01
-2.333074716241729796e-01
-2.422826174376873920e-01
-2.344530510060615358e-01
-2.315991215006625303e-01
-2.465480208885932889e-01
-2.379102263228426439e-01
-2.496342977696090204e-01
-2.366684146779466924e-01
-2.476352289481498214e-01
-2.422787027138116611e-01
-2.292751939911165937e-01
-2.300975732403739982e-01
-2.481086235092756775e-01
-2.374777861301502757e-01
-2.520509195154859716e-01
-2.192023159001172394e-01
-2.541396211180477760e-01
-2.498076817253680748e-01
-2.693268666994725891e-01
-2.512495606001899362e-01
-2.607721010939293982e-01
-2.585144199561250078e-01
-2.664952144220811836e-01
-2.457241243011929754e-01
-2.647897077911652852e-01
-2.547771614767958548e-01
-2.606722691342692744e-01
-2.537775074558429322e-01
-2.498740793014723183e-01
-2.618961173626022654e-01
-2.561321412222517524e-01
-2.744152972664206103e-01
-2.591475970469659940e-01
-2.674837390284637850e-01
-2.636054842658751562e-01
-2.499080146335290187e-01
-2.504001671859943379e-01
-2.699326579323327868e-01
-2.572465817734850280e-01
-2.683036120246560796e-01
-2.409804635201182321e-01
-2.722494047646716320e-01
-2.694326376956007740e-01
-2.864891045229500111e-01
-2.679563892824023963e-01
-2.786744430731639688e-01
-2.754148507288431413e-01
-2.851986027159553183e-01
-2.646639226604284856e-01
-2.827959771311845394e-01
-2.749695014310922225e-01
-2.759841192853094705e-01
-2.721824304317480570e-01
-2.660570640512485152e-01
-2.813145909690809021e-01
-2.705605193988895874e-01
-2.930197481032350004e-01
-2.784291786256232193e-01
-2.890398490893806294e-01
-2.812719678102240106e-01
-2.664628588377832563e-01
-2.680596433307560478e-01
-2.898852160624384444e-01
-2.737838014133891495e-01
-2.862766493844208782e-01
-2.598541160023072893e-01
-2.800073138684073260e-01
-2.804255291685709972e-01
-2.937812600344681946e-01
-2.748581896976052263e-01
-2.829363629168610283e-01
-2.841210383984311139e-01
-2.918936567832607909e-01
-2.720841660716193378e-01
-2.921995568954608991e-01
-2.807570233804748128e-01
-2.842511769822264056e-01
-2.777122183471049111e-01
-2.758998583032554186e-01
-2.899415208992912607e-01
-2.777052722777124671e-01
-2.979011976631689707e-01
-2.814947861091366410e-01
-2.973796562182240422e-01
-2.867841212353251512e-01
-2.707194397698284849e-01
-2.748776721538104817e-01
-2.962728761381968612e-01
-2.806900947499018639e-01
-2.951795105125453733e-01
-2.647155101686570200e-01
-2.798609568676294068e-01
-2.834059849713289614e-01
-2.961570829089113510e-01
-2.804891088988506476e-01
-2.830100006526983236e-01
-2.857509736172144099e-01
-2.932557563129805089e-01
-2.698497256843039871e-01
-2.924273814990245302e-01
-2.800632324324610622e-01
-2.869855188329810125e-01
-2.797570587827146182e-01
-2.772041236040267420e-01
-2.889584730889847020e-01
-2.779865130329548517e-01
-3.004132839519260689e-01
-2.842414807157053191e-01
-2.968999493006425627e-01
-2.851777112906082601e-01
-2.694158501893280100e-01
-2.755714104911288209e-01
-2.956663432744590092e-01
-2.844685229094907064e-01
-2.977819440148827823e-01
-2.673463283766666088e-01
-2.780686768710246559e-01
-2.792636926093417515e-01
-2.932921589283625785e-01
-2.794470397065831890e-01
-2.801917145247160845e-01
-2.856704862531604383e-01
-2.903629139657266101e-01
-2.647312262550665096e-01
-2.882807842014987187e-01
-2.778024930689386718e-01
-2.851904152921084790e-01
-2.793642189207637405e-01
-2.704914642365566224e-01
-2.906766851928743178e-01
-2.738887781387430165e-01
-2.977190980494405781e-01
-2.818215307848540019e-01
-2.960743196696701274e-01
-2.865158472928098221e-01
-2.665832081723225055e-01
-2.719295341213959216e-01
-2.918978906799835626e-01
-2.828543613152318947e-01
-2.958480860843461513e-01
-2.699396315746338537e-01
-2.609864478353597361e-01
-2.607248230413562462e-01
-2.721407547388211556e-01
-2.597045852359177176e-01
-2.603375380218888036e-01
-2.643106919509234931e-01
-2.709703687782741288e-01
-2.469000071059482826e-01
-2.670371658143218530e-01
-2.568214719576888405e-01
-2.650580858899881931e-01
-2.601704751943846317e-01
-2.530274216925640918e-01
-2.743611001548070805e-01
-2.577779989522064330e-01
-2.735304703960624861e-01
-2.609120382766905721e-01
-2.731689233127526095e-01
-2.690950278966795506e-01
-2.512264807858857751e-01
-2.564317208289323413e-01
-2.743180175528254772e-01
-2.655269098474409839e-01
-2.801167165312536400e-01
-2.534976030068068487e-01
-2.357687922626499621e-01
-2.369337622367913010e-01
-2.454121478448816063e-01
-2.324529097731531935e-01
-2.353308535729970730e-01
-2.380290864162546982e-01
-2.445343373225057904e-01
-2.236434161400794873e-01
-2.404749069363300851e-01
-2.293290174342217103e-01
-2.357572789347658626e-01
-2.348144926617668216e-01
-2.302287676519136073e-01
-2.485867697276857580e-01
-2.370539885781933476e-01
-2.446508013620213862e-01
-2.331612823504239373e-01
-2.463336564140798657e-01
-2.412771720919625884e-01
-2.286460759830030165e-01
-2.321807549645746038e-01
-2.517488061980159841e-01
-2.396337430091571297e-01
-2.566125308305842179e-01
-2.267986407071559407e-01
-2.260316315925388064e-01
-2.227543448354452615e-01
-2.447049415317738563e-01
-2.268588635930573194e-01
-2.303417358973634810e-01
-2.288010073019811907e-01
-2.349884625273769290e-01
-2.194129025745041595e-01
-2.393394217680119007e-01
-2.269948944380156541e-01
-2.333826270574555772e-01
-2.232207756272304999e-01
-2.273136646516260573e-01
-2.413312619645714419e-01
-2.274440270256879448e-01
-2.413049963549658561e-01
-2.298202437542380683e-01
-2.354527597504269820e-01
-2.330910938829627577e-01
-2.174122905795754512e-01
-2.173328628769794768e-01
-2.374906968265382556e-01
-2.306579510449713877e-01
-2.421027516872554797e-01
-2.113464389717668312e-01
-2.471996354148654484e-01
-2.463126795827840776e-01
-2.686357351559982010e-01
-2.461001804936682469e-01
-2.549550711024112237e-01
-2.510439732346779196e-01
-2.605645197297250526e-01
-2.397094853372680467e-01
-2.597573632084875794e-01
-2.506809520537429115e-01
-2.558040851292924800e-01
-2.456186226482365564e-01
-2.469779190594683094e-01
-2.608993561079733237e-01
-2.490202201942772753e-01
-2.658734226261537104e-01
-2.538447869191660655e-01
-2.585082016020653350e-01
-2.574861691806408781e-01
-2.429385769457916011e-01
-2.407622592008984153e-01
-2.632514667707798184e-01
-2.529785343715431623e-01
-2.633359604254755792e-01
-2.355836276283318487e-01
-2.633101689559917413e-01
-2.652990409070491440e-01
-2.829140961319419612e-01
-2.623600596016354425e-01
-2.714557229497011059e-01
-2.640099829799296693e-01
-2.752637771030075897e-01
-2.565957800525172083e-01
-2.720243598309634026e-01
-2.667981783396189965e-01
-2.704422760522936509e-01
-2.601817768692422650e-01
-2.604281881164143830e-01
-2.751120495332422533e-01
-2.623927304273153682e-01
-2.817040402164467938e-01
-2.674855270295820597e-01
-2.801512339819659525e-01
-2.741885802969748487e-01
-2.589966179080193664e-01
-2.556543980407720573e-01
-2.834346333658634975e-01
-2.674833830392798761e-01
-2.778013282455513155e-01
-2.564011228824381594e-01
-2.666435938538669892e-01
-2.719874191333495062e-01
-2.855024553572088619e-01
-2.662309847070569724e-01
-2.728780379287908953e-01
-2.709494039357053796e-01
-2.806646188707005440e-01
-2.582562478694095387e-01
-2.755717764862167241e-01
-2.679995047944873643e-01
-2.729613480057614394e-01
-2.642512501966864380e-01
-2.636816298275374004e-01
-2.756388546577873688e-01
-2.671797935375273547e-01
-2.834833036880113899e-01
-2.659516036610519163e-01
-2.838393977680669922e-01
-2.761187910436547210e-01
-2.607783842490742354e-01
-2.602279206208906182e-01
-2.883927930899574110e-01
-2.710006043712213097e-01
-2.829741564699916889e-01
-2.574124891726523034e-01
-2.588526940556146738e-01
-2.686726444349260556e-01
-2.773745447414873722e-01
-2.603758762501426349e-01
-2.636062487402002774e-01
-2.686012596013068188e-01
-2.731605429369378668e-01
-2.528680198219123154e-01
-2.684116023874365542e-01
-2.609074705588727561e-01
-2.676763419104843944e-01
-2.606666486368776070e-01
-2.580305843983930481e-01
-2.698550703160580433e-01
-2.615240489882786346e-01
-2.763570923357445697e-01
-2.649816390959922052e-01
-2.763545222141715607e-01
-2.690266729327193129e-01
-2.517698924937190053e-01
-2.573956655823709805e-01
-2.800522661250432477e-01
-2.643511808637545868e-01
-2.779860778425735091e-01
-2.515232475572426463e-01
-2.582896780490495092e-01
-2.645693248616830529e-01
-2.756825493090429013e-01
-2.582423431302043326e-01
-2.624816626138424258e-01
-2.667535874275708263e-01
-2.697128440193913845e-01
-2.501985469431052822e-01
-2.676101868074388657e-01
-2.576867143681945138e-01
-2.654304122106939667e-01
-2.606745971217084290e-01
-2.531710410214479401e-01
-2.696786881803022728e-01
-2.564129157057112862e-01
-2.755945225319238467e-01
-2.640894710484334995e-01
-2.758218731764296439e-01
-2.666986970692510339e-01
-2.490320901207267179e-01
-2.530889293750276936e-01
-2.727489798679846311e-01
-2.630320712931170091e-01
-2.802363439202648077e-01
-2.515915604865488486e-01
-2.406318820482512555e-01
-2.425845118011005219e-01
-2.550267300079324118e-01
-2.377067103572547413e-01
-2.423793860100559028e-01
-2.455323674029895875e-01
-2.500558094432889789e-01
-2.305032496244370788e-01
-2.478202946371266258e-01
-2.384016750437176202e-01
-2.443289969365114167e-01
-2.412938198822155988e-01
-2.355863565342256050e-01
-2.539504680658850599e-01
-2.400673410771036187e-01
-2.546378355674251415e-01
-2.398081391330108836e-01
-2.542987283061452497e-01
-2.513218467856541682e-01
-2.310216073644045243e-01
-2.360820585574403274e-01
-2.545018275466089941e-01
-2.449451754810861859e-01
-2.620667305890470034e-01
-2.329183929171811107e-01
-2.147383424638211746e-01
-2.156633767414021519e-01
-2.261318744687043081e-01
-2.101958559427195006e-01
-2.155070023651114719e-01
-2.161791278543510608e-01
-2.214885510230646948e-01
-2.029540833850499160e-01
-2.176571932976415491e-01
-2.114562743144008661e-01
-2.146156231346367238e-01
-2.112806312590121138e-01
-2.111896631458674567e-01
-2.237251983073548778e-01
-2.161528570406392458e-01
-2.247553338625775943e-01
-2.092028917713729952e-01
-2.252766037696314894e-01
-2.206367280942687081e-01
-2.070318397449437409e-01
-2.099998390184533992e-01
-2.306573670168748924e-01
-2.155514619765371287e-01
-2.330266436869831703e-01
-2.074912026181888192e-01
-2.057019875890895577e-01
-2.015797573696997136e-01
-2.215351678649422618e-01
-2.061935337350143116e-01
-2.120744890489056067e-01
-2.087330263221501558e-01
-2.139892053468376298e-01
-1.972733734505250636e-01
-2.201560806761551081e-01
-2.044929067348799090e-01
-2.095794513464489250e-01
-2.003643815294695874e-01
-2.040868472875827233e-01
-2.211957842722442891e-01
-2.070666084857775424e-01
-2.184907769724038773e-01
-2.095581957477212764e-01
-2.130219788028433203e-01
-2.104470356156568633e-01
-1.931136862870854454e-01
-1.969312853307671751e-01
-2.138607407276670036e-01
-2.109252739343459304e-01
-2.252554396374706613e-01
-1.895407271221926093e-01
-2.292972139118956698e-01
-2.266387370181158489e-01
-2.463330306789753010e-01
-2.268157814505002423e-01
-2.370782308988463594e-01
-2.300002995269802286e-01
-2.382357059856669568e-01
-2.221462241602258081e-01
-2.414903690651550305e-01
-2.259680672262636414e-01
-2.321890304342776323e-01
-2.229275875330445633e-01
-2.279243006205629030e-01
-2.452141469879166868e-01
-2.299368708514612780e-01
-2.454675621300948796e-01
-2.345854776308482492e-01
-2.389421731409655247e-01
-2.355401711508091911e-01
-2.187268459442391066e-01
-2.193614820105790897e-01
-2.411996173872494043e-01
-2.347208476523655329e-01
-2.494754300496392074e-01
-2.162403175319410065e-01
-2.429281447488351176e-01
-2.418533953576670892e-01
-2.578339106753053112e-01
-2.411258749337575336e-01
-2.492789342885422532e-01
-2.404089826362132976e-01
-2.523097184404012872e-01
-2.370526428220188220e-01
-2.494100839638979383e-01
-2.396809493065093777e-01
-2.450353470433718761e-01
-2.377819199400404981e-01
-2.397860203699057891e-01
-2.559955549581244272e-01
-2.424857165786178381e-01
-2.574307400571055893e-01
-2.437069719943773527e-01
-2.547125024727524001e-01
-2.496443405749960154e-01
-2.351612489019659635e-01
-2.334993694277234522e-01
-2.582313420078314326e-01
-2.463602403312263045e-01
-2.620165926650918076e-01
-2.336648031775095113e-01
-2.388733661388817708e-01
-2.441034929868238779e-01
-2.581105327605159316e-01
-2.420709870691228616e-01
-2.440484334794486565e-01
-2.424828971077631345e-01
-2.503784535845108294e-01
-2.337156083415699304e-01
-2.481040183631495477e-01
-2.396205252514663486e-01
-2.419543435906698903e-01
-2.388364946401836386e-01
-2.405232438486244739e-01
-2.519471040551847785e-01
-2.428314463377317656e-01
-2.564779488948887298e-01
-2.415690388962386248e-01
-2.533332536840568472e-01
-2.511400781854564723e-01
-2.337875215830187980e-01
-2.338485437291258351e-01
-2.625590741854925136e-01
-2.416463184761107053e-01
-2.602195372939590245e-01
-2.334357692282579833e-01
-2.308802082201934225e-01
-2.388830479874124724e-01
-2.507853706044291808e-01
-2.334030084601592947e-01
-2.349273114027175258e-01
-2.380050789581380222e-01
-2.424839378444620386e-01
-2.280232826182457539e-01
-2.429165786799001858e-01
-2.320491574242880828e-01
-2.364047122935181711e-01
-2.328681353858608472e-01
-2.304352974705007606e-01
-2.416610119265035495e-01
-2.326184603368290638e-01
-2.481168917917091488e-01
-2.409134999435107449e-01
-2.452070191723742520e-01
-2.433057493688784434e-01
-2.225815171114436386e-01
-2.300611245620865219e-01
-2.536605049020624891e-01
-2.356286525086442041e-01
-2.540078142590047050e-01
-2.229622425202220093e-01
-2.266510379969805533e-01
-2.332018042238529210e-01
-2.437581831955585310e-01
-2.240559742639726959e-01
-2.287766012279077443e-01
-2.332064992281735194e-01
-2.358894788786136398e-01
-2.215490664381458141e-01
-2.381055618352193037e-01
-2.275817334983916418e-01
-2.324773656365724250e-01
-2.271402815420031918e-01
-2.240274288542409564e-01
-2.371882249386827457e-01
-2.238086343361075370e-01
-2.427740815768748006e-01
-2.360815352434999237e-01
-2.397907644925819093e-01
-2.342216948929783660e-01
-2.165868788017752677e-01
-2.237841436602868439e-01
-2.432552122831247166e-01
-2.319459694628290825e-01
-2.521285998179502719e-01
-2.156503268397587103e-01
-2.076667703210842153e-01
-2.103516251919117508e-01
-2.222793615727034211e-01
-2.057604750321032905e-01
-2.095148515792716326e-01
-2.102192870906335609e-01
-2.145526351274544552e-01
-2.002126892352108778e-01
-2.155487654340514925e-01
-2.082403984067798530e-01
-2.097643417529115872e-01
-2.084077989163635181e-01
-2.029585335771452725e-01
-2.181494074410827988e-01
-2.035865893163180673e-01
-2.201536627367478849e-01
-2.095270594889774574e-01
-2.196359406027353633e-01
-2.128837152760358065e-01
-1.981102694456746971e-01
-2.025307622710939282e-01
-2.228273994418806525e-01
-2.099959097565622379e-01
-2.315264355527336115e-01
-1.966564267184120474e-01
-1.938893203741015314e-01
-1.971381073487409874e-01
-2.071581834545935530e-01
-1.947634621190939830e-01
-1.966165231691524296e-01
-1.932554121395229640e-01
-2.006194443870630839e-01
-1.879083625204497343e-01
-1.986592596876912697e-01
-1.932293681272923280e-01
-1.943300031994085741e-01
-1.916138346621933386e-01
-1.914985393787708989e-01
-2.017824388333389618e-01
-1.918521253091263201e-01
-2.049242687744825819e-01
-1.901674168081936289e-01
-2.036377733968951498e-01
-1.991368022014668726e-01
-1.847383840260532484e-01
-1.867987997844037240e-01
-2.100606754981025892e-01
-1.928679694930671429e-01
-2.145341774567371407e-01
-1.840891738951195289e-01
-1.886950669224230492e-01
-1.859851321124875168e-01
-1.961169941441498199e-01
-1.883582687490498453e-01
-1.906357408930211550e-01
-1.896472472198685588e-01
-1.913314787906498227e-01
-1.779315639343861111e-01
-1.994808448365112674e-01
-1.805406235197346276e-01
-1.887991716993715208e-01
-1.819308193138008123e-01
-1.822504052260704721e-01
-1.976044672284079373e-01
-1.882400426171337293e-01
-1.981107451210171178e-01
-1.895353514657358851e-01
-1.956801576212914284e-01
-1.910657002004292615e-01
-1.766901320224843475e-01
-1.811998215469233786e-01
-1.945675000889872941e-01
-1.925868170270484681e-01
-2.073213926894686976e-01
-1.688142809981742487e-01
-2.062771002124065556e-01
-2.035212527905330970e-01
-2.129908977183738727e-01
-2.016479647283252186e-01
-2.117267264576420949e-01
-2.028177657337392470e-01
-2.108138196319253310e-01
-1.980910394938686925e-01
-2.134377912341822170e-01
-1.981284000691302116e-01
-2.048426247703015179e-01
-1.982717242533022228e-01
-2.013017484406198765e-01
-2.166418465237126556e-01
-2.052687389995312139e-01
-2.160369683394362250e-01
-2.079685801672378209e-01
-2.155517601941880079e-01
-2.075881070939978867e-01
-1.908174798826128837e-01
-1.978014672309917621e-01
-2.138983683728505336e-01
-2.096282267484408379e-01
-2.264448770509537856e-01
-1.885376790373772538e-01
-2.190838878053608108e-01
-2.158654073498460502e-01
-2.274782649652029587e-01
-2.138139920308933517e-01
-2.225793748823994833e-01
-2.142323124519347477e-01
-2.250451722266454679e-01
-2.116702522140913034e-01
-2.224470284804534459e-01
-2.100389272962287779e-01
-2.150968259440893815e-01
-2.124753260462218518e-01
-2.145758102721276317e-01
-2.311931112872783745e-01
-2.184247538571549851e-01
-2.301337999910419707e-01
-2.189566050421629939e-01
-2.299333118177444013e-01
-2.204703820578455542e-01
-2.054682324677089833e-01
-2.112036518495260529e-01
-2.318846509083074270e-01
-2.202929640835809832e-01
-2.373523449895306447e-01
-2.055107167116133060e-01
-2.141492313120592628e-01
-2.154572086182344748e-01
-2.268296052986352729e-01
-2.138525542282568304e-01
-2.162804151400711250e-01
-2.138089373679412375e-01
-2.234046812806476656e-01
-2.096634122990587989e-01
-2.226234104222503674e-01
-2.091023015999056711e-01
-2.127769228395423040e-01
-2.114338620210739206e-01
-2.121178259797105448e-01
-2.277148106910126812e-01
-2.164707836098987981e-01
-2.290157532290108267e-01
-2.201762044471844981e-01
-2.280225843185673396e-01
-2.203084906432645207e-01
-2.036066265290336907e-01
-2.100098107731705466e-01
-2.332809705299682124e-01
-2.159108233051257042e-01
-2.362413390195167717e-01
-2.049484334937934638e-01
-2.097270945385462937e-01
-2.127729665484394683e-01
-2.254922456928260543e-01
-2.097068640973241416e-01
-2.103092584512862295e-01
-2.141178842657796288e-01
-2.180605364084030051e-01
-2.036527088241111560e-01
-2.228902273215119523e-01
-2.065563738988986375e-01
-2.106452665912467992e-01
-2.069816426401090148e-01
-2.085694891004632734e-01
-2.201616356623907200e-01
-2.118095022410097505e-01
-2.249648430257886467e-01
-2.202598774460426956e-01
-2.209495552118853900e-01
-2.169739199431685028e-01
-1.989478799988646518e-01
-2.068662010912554472e-01
-2.275899608194381918e-01
-2.131037958614011851e-01
-2.330361375788322642e-01
-1.979975148171042310e-01
-2.036737664175627682e-01
-2.080979240872735392e-01
-2.210758604152791296e-01
-1.997806068899702359e-01
-2.050446308210472635e-01
-2.080082283320963954e-01
-2.103599131234619168e-01
-1.975838138813726386e-01
-2.162029632240732302e-01
-2.028005727511077438e-01
-2.061816154428197378e-01
-2.020026618002962460e-01
-2.026619704495158658e-01
-2.157531794277358916e-01
-2.026715075464489146e-01
-2.187242239684039358e-01
-2.125173908153068503e-01
-2.131070409307057323e-01
-2.093773785432853640e-01
-1.952283320819114265e-01
-2.013635794354723951e-01
-2.200722842178882976e-01
-2.107246868847389432e-01
-2.298745831818923835e-01
-1.904490309644309987e-01
-1.833420378556747388e-01
-1.888663707935261671e-01
-2.003558482914766514e-01
-1.844374841210945359e-01
-1.859622995228799591e-01
-1.830301239807658187e-01
-1.914350801183059003e-01
-1.794118426637722197e-01
-1.936849063914565794e-01
-1.857839797186163211e-01
-1.856310600331900207e-01
-1.846018575989520627e-01
-1.836999183356162468e-01
-1.982212162808939804e-01
-1.812459019823552120e-01
-1.946266853742876779e-01
-1.876033558955703118e-01
-1.948960234938478253e-01
-1.876093758609895523e-01
-1.755042856279702967e-01
-1.787396894282003712e-01
-1.990433379816930470e-01
-1.878694622066270914e-01
-2.090505821216844529e-01
-1.737957725315267266e-01
-1.807061879822781381e-01
-1.861814912325593097e-01
-1.932703399119554133e-01
-1.857853954449328326e-01
-1.854441342772414625e-01
-1.787438500643450112e-01
-1.860747458006252741e-01
-1.774678383578666141e-01
-1.902460531236321861e-01
-1.816072672453405701e-01
-1.847774740486557987e-01
-1.812791044146006281e-01
-1.826615838802918834e-01
-1.912290937325436813e-01
-1.793439215808279308e-01
-1.909563408361022174e-01
-1.798909845991695233e-01
-1.929555742838370280e-01
-1.867544705656082604e-01
-1.721962090915512555e-01
-1.727193326549160135e-01
-1.954525000585640160e-01
-1.816188299618635704e-01
-2.030243951703739613e-01
-1.723674691949259596e-01
6.543701351104558306e-01
6.780849043390865249e-01
8.785626539922177791e-01
6.484706938044290103e-01
7.185735949870081241e-01
7.050552773115221772e-01
7.973284798764768144e-01
5.435457940617627326e-01
8.134255314564186046e-01
6.299043179646426349e-01
7.073528810434843717e-01
6.289551456692492604e-01
6.103968503005844370e-01
8.255587973952582814e-01
6.606965787768335208e-01
8.871218439214775264e-01
7.175983245100562291e-01
8.487709329296208027e-01
7.761337862162733803e-01
5.188974296862830515e-01
5.696919447953718851e-01
8.930504016053887328e-01
7.138555314575643074e-01
9.556193617440846833e-01
4.920976952846505825e-01
-7.644616696685677809e-03
-3.790458420397540152e-03
1.570638060361129185e-02
3.652035466732512538e-03
-1.634684971681447246e-02
1.289774823872774949e-03
-5.678339756135586565e-03
-2.475463760682074243e-02
6.385201784384014409e-03
-5.929861841196309470e-03
1.121366557571457437e-02
7.329502180790111072e-03
-5.165557773182123669e-03
7.857760471268290109e-03
-6.160331506751289161e-03
-1.167476986094427918e-02
1.700819017150295362e-02
2.355074566148931525e-03
1.100706547449182768e-02
3.910121003114858974e-03
-3.021527886639262424e-04
1.554129643879068566e-02
-1.561878314304038142e-03
-9.281158336595788424e-04
1.259433122664073597e-02
1.206661512640585946e-03
8.078447895432400855e-03
7.613844998093542531e-03
5.717097695371974389e-03
1.457761826380731159e-02
5.854141671166574563e-04
-1.021579950886981891e-03
-3.454946567889004890e-03
-3.736106570257274016e-03
4.293262061338390043e-03
1.404827941968142362e-02
1.191783503688339553e-02
1.862970259117423255e-02
1.300273034940803429e-02
5.781533998664014490e-03
-1.047874689103004894e-02
2.862415650534156373e-04
6.901632547471064569e-03
1.920824729754202348e-02
1.185665441601584276e-02
9.017536484926627974e-03
-2.704914146004057905e-03
-1.494529037095032771e-02
-2.615857787068582088e-02
-1.743262772423078213e-02
-1.523755040580141058e-02
-4.672122380102086865e-03
-1.197385646803350405e-02
-1.969888597854880380e-02
-3.404618785614534765e-02
-3.740976578009117676e-02
-3.852734249294950675e-02
-2.722298972852890686e-02
-2.822583655431743985e-02
-2.952098310429153438e-02
-3.655558190446782374e-02
-3.653367601447757990e-02
-3.728638016625147183e-02
-2.689103108374795922e-02
