[[  2.50000000e-01   9.46250000e+00   1.68453125e+01]
 [  9.46250000e+00   3.82465625e+02   6.43665625e+02]
 [  1.68453125e+01   6.43665625e+02   1.15917422e+03]]
[[  1.83696341e-01   6.99955291e+00   1.23930724e+01]
 [  6.99955291e+00   2.81232710e+02   4.71885466e+02]
 [  1.23930724e+01   4.71885466e+02   8.49921989e+02]]
[[  1.45799936e-01   5.59261159e+00   9.84485151e+00]
 [  5.59261159e+00   2.24575179e+02   3.75402436e+02]
 [  9.84485151e+00   3.75402436e+02   6.74295576e+02]]
[[  1.32131083e-01   5.08482339e+00   8.92587909e+00]
 [  5.08482339e+00   2.04282460e+02   3.40864733e+02]
 [  8.92587909e+00   3.40864733e+02   6.11217288e+02]]
[[  1.30125667e-01   5.01042826e+00   8.79123322e+00]
 [  5.01042826e+00   2.01318348e+02   3.35823196e+02]
 [  8.79123322e+00   3.35823196e+02   6.01999844e+02]]
[[  1.30082364e-01   5.00882643e+00   8.78833104e+00]
 [  5.00882643e+00   2.01254643e+02   3.35714874e+02]
 [  8.78833104e+00   3.35714874e+02   6.01801590e+02]]
[[  1.30082344e-01   5.00882568e+00   8.78832969e+00]
 [  5.00882568e+00   2.01254614e+02   3.35714824e+02]
 [  8.78832969e+00   3.35714824e+02   6.01801498e+02]]
[[  1.30082344e-01   5.00882568e+00   8.78832969e+00]
 [  5.00882568e+00   2.01254614e+02   3.35714824e+02]
 [  8.78832969e+00   3.35714824e+02   6.01801498e+02]]
[[  1.30082344e-01   5.00882568e+00   8.78832969e+00]
 [  5.00882568e+00   2.01254614e+02   3.35714824e+02]
 [  8.78832969e+00   3.35714824e+02   6.01801498e+02]]
[[  1.30082344e-01   5.00882568e+00   8.78832969e+00]
 [  5.00882568e+00   2.01254614e+02   3.35714824e+02]
 [  8.78832969e+00   3.35714824e+02   6.01801498e+02]]
[[  1.30082344e-01   5.00882568e+00   8.78832969e+00]
 [  5.00882568e+00   2.01254614e+02   3.35714824e+02]
 [  8.78832969e+00   3.35714824e+02   6.01801498e+02]]
[[  1.30082344e-01   5.00882568e+00   8.78832969e+00]
 [  5.00882568e+00   2.01254614e+02   3.35714824e+02]
 [  8.78832969e+00   3.35714824e+02   6.01801498e+02]]
[[  1.30082344e-01   5.00882568e+00   8.78832969e+00]
 [  5.00882568e+00   2.01254614e+02   3.35714824e+02]
 [  8.78832969e+00   3.35714824e+02   6.01801498e+02]]
[[  1.30082344e-01   5.00882568e+00   8.78832969e+00]
 [  5.00882568e+00   2.01254614e+02   3.35714824e+02]
 [  8.78832969e+00   3.35714824e+02   6.01801498e+02]]
[[  1.30082344e-01   5.00882568e+00   8.78832969e+00]
 [  5.00882568e+00   2.01254614e+02   3.35714824e+02]
 [  8.78832969e+00   3.35714824e+02   6.01801498e+02]]
[[  1.30082344e-01   5.00882568e+00   8.78832969e+00]
 [  5.00882568e+00   2.01254614e+02   3.35714824e+02]
 [  8.78832969e+00   3.35714824e+02   6.01801498e+02]]
[[  1.30082344e-01   5.00882568e+00   8.78832969e+00]
 [  5.00882568e+00   2.01254614e+02   3.35714824e+02]
 [  8.78832969e+00   3.35714824e+02   6.01801498e+02]]
[[  1.30082344e-01   5.00882568e+00   8.78832969e+00]
 [  5.00882568e+00   2.01254614e+02   3.35714824e+02]
 [  8.78832969e+00   3.35714824e+02   6.01801498e+02]]
[[  1.30082344e-01   5.00882568e+00   8.78832969e+00]
 [  5.00882568e+00   2.01254614e+02   3.35714824e+02]
 [  8.78832969e+00   3.35714824e+02   6.01801498e+02]]
[[  1.30082344e-01   5.00882568e+00   8.78832969e+00]
 [  5.00882568e+00   2.01254614e+02   3.35714824e+02]
 [  8.78832969e+00   3.35714824e+02   6.01801498e+02]]
[[-16.37874341]
 [  0.14834077]
 [  0.15890845]]
-16.3787434103
0.148340773725
0.158908451793
Probability that the student will NOT be admitted into the college is 
0.668021864022
