(29404, 784)
(29404, 1)
(30596, 784)
(30596, 1)
(60000, 784)
(60000, 1)
(200, 784)
(784, 200)
(200, 1)
(784, 1)
theta_all
(314584,)
156800
(156800,)
initial cost is
179.48329645697586
(500, 784)
Finding weights that optimize the sparse cost function
('Iteration Number ', 20)
('Iteration Number ', 40)
('Iteration Number ', 60)
('Iteration Number ', 80)
('Iteration Number ', 100)
('Iteration Number ', 120)
('Iteration Number ', 140)
('Iteration Number ', 160)
('Iteration Number ', 180)
('Iteration Number ', 200)
('Iteration Number ', 220)
('Iteration Number ', 240)
('Iteration Number ', 260)
('Iteration Number ', 280)
('Iteration Number ', 300)
('Iteration Number ', 320)
('Iteration Number ', 340)
('Iteration Number ', 360)
('Iteration Number ', 380)
('Iteration Number ', 400)
('Iteration Number ', 420)
('Iteration Number ', 440)
('Iteration Number ', 460)
('Iteration Number ', 480)
('Iteration Number ', 500)
('Iteration Number ', 520)
('Iteration Number ', 540)('Iteration Number ', 560)
('Iteration Number ', 580)
('Iteration Number ', 600)
('Iteration Number ', 620)
('Iteration Number ', 640)
('Iteration Number ', 660)
('Iteration Number ', 680)
('Iteration Number ', 700)
('Iteration Number ', 720)
('Iteration Number ', 740)
('Iteration Number ', 760)
('Iteration Number ', 780)
('Iteration Number ', 800)
('Iteration Number ', 820)
('Iteration Number ', 840)
('Iteration Number ', 860)
('Iteration Number ', 880)
('Iteration Number ', 900)
('Iteration Number ', 920)
('Iteration Number ', 940)
('Iteration Number ', 960)
('Iteration Number ', 980)
('Iteration Number ', 1000)
('Iteration Number ', 1020)
('Iteration Number ', 1040)
('Iteration Number ', 1060)
('Iteration Number ', 1080)
('Iteration Number ', 1100)
('Iteration Number ', 1120)
('Iteration Number ', 1140)
('Iteration Number ', 1160)
('Iteration Number ', 1180)
('Iteration Number ', 1200)
('Iteration Number ', 1220)
('Iteration Number ', 1240)
('Iteration Number ', 1260)
('Iteration Number ', 1280)
('Iteration Number ', 1300)
('Iteration Number ', 1320)
('Iteration Number ', 1340)
('Iteration Number ', 1360)
('Iteration Number ', 1380)
('Iteration Number ', 1400)
('Iteration Number ', 1420)
('Iteration Number ', 1440)
('Iteration Number ', 1460)
('Iteration Number ', 1480)
('Iteration Number ', 1500)
('Iteration Number ', 1520)
('Iteration Number ', 1540)
('Iteration Number ', 1560)
('Iteration Number ', 1580)
('Iteration Number ', 1600)
('Iteration Number ', 1620)
('Iteration Number ', 1640)
('Iteration Number ', 1660)
('Iteration Number ', 1680)
('Iteration Number ', 1700)
('Iteration Number ', 1720)
('Iteration Number ', 1740)
('Iteration Number ', 1760)
('Iteration Number ', 1780)
('Iteration Number ', 1800)
('Iteration Number ', 1820)
('Iteration Number ', 1840)
('Iteration Number ', 1860)
('Iteration Number ', 1880)
('Iteration Number ', 1900)
('Iteration Number ', 1920)
('Iteration Number ', 1940)
('Iteration Number ', 1960)
('Iteration Number ', 1980)
('Iteration Number ', 2000)
('Iteration Number ', 2020)
('Iteration Number ', 2040)
('Iteration Number ', 2060)
('Iteration Number ', 2080)
('Iteration Number ', 2100)
('Iteration Number ', 2120)
('Iteration Number ', 2140)
('Iteration Number ', 2160)
('Iteration Number ', 2180)
('Iteration Number ', 2200)
('Iteration Number ', 2220)
('Iteration Number ', 2240)
('Iteration Number ', 2260)
('Iteration Number ', 2280)
('Iteration Number ', 2300)
('Iteration Number ', 2320)
('Iteration Number ', 2340)
('Iteration Number ', 2360)
('Iteration Number ', 2380)
('Iteration Number ', 2400)
('Iteration Number ', 2420)
('Iteration Number ', 2440)
('Iteration Number ', 2460)
('Iteration Number ', 2480)
('Iteration Number ', 2500)
('Iteration Number ', 2520)
('Iteration Number ', 2540)
('Iteration Number ', 2560)
('Iteration Number ', 2580)
('Iteration Number ', 2600)
('Iteration Number ', 2620)
('Iteration Number ', 2640)
('Iteration Number ', 2660)
('Iteration Number ', 2680)
('Iteration Number ', 2700)
('Iteration Number ', 2720)
('Iteration Number ', 2740)
('Iteration Number ', 2760)
('Iteration Number ', 2780)
('Iteration Number ', 2800)
('Iteration Number ', 2820)
('Iteration Number ', 2840)
('Iteration Number ', 2860)
('Iteration Number ', 2880)
('Iteration Number ', 2900)
('Iteration Number ', 2920)
('Iteration Number ', 2940)
('Iteration Number ', 2960)
('Iteration Number ', 2980)
('Iteration Number ', 3000)
('Iteration Number ', 3020)
('Iteration Number ', 3040)
('Iteration Number ', 3060)
('Iteration Number ', 3080)
('Iteration Number ', 3100)
('Iteration Number ', 3120)
('Iteration Number ', 3140)
('Iteration Number ', 3160)
('Iteration Number ', 3180)
('Iteration Number ', 3200)
('Iteration Number ', 3220)
('Iteration Number ', 3240)
('Iteration Number ', 3260)
('Iteration Number ', 3280)
('Iteration Number ', 3300)
('Iteration Number ', 3320)
('Iteration Number ', 3340)
('Iteration Number ', 3360)
('Iteration Number ', 3380)
('Iteration Number ', 3400)
('Iteration Number ', 3420)
('Iteration Number ', 3440)
('Iteration Number ', 3460)
('Iteration Number ', 3480)
('Iteration Number ', 3500)
('Iteration Number ', 3520)
('Iteration Number ', 3540)
('Iteration Number ', 3560)
('Iteration Number ', 3580)
('Iteration Number ', 3600)
('Iteration Number ', 3620)
('Iteration Number ', 3640)
('Iteration Number ', 3660)
('Iteration Number ', 3680)
('Iteration Number ', 3700)
('Iteration Number ', 3720)
('Iteration Number ', 3740)
('Iteration Number ', 3760)
('Iteration Number ', 3780)
('Iteration Number ', 3800)
('Iteration Number ', 3820)
('Iteration Number ', 3840)

('Iteration Number ', 3860)
('Iteration Number ', 3880)
('Iteration Number ', 3900)
('Iteration Number ', 3920)
('Iteration Number ', 3940)
('Iteration Number ', 3960)
('Iteration Number ', 3980)
Iteration Number ', 4000)
