(29404, 784)
(29404, 1)
(30596, 784)
(30596, 1)
(60000, 784)
(60000, 1)
(200, 784)
(784, 200)
(200, 1)
(784, 1)
theta_all
(314584,)
initial cost is
126.89944503362665
Finding weights that optimize the sparse cost function
('Iteration Number ', 20)
('Iteration Number ', 40)
('Iteration Number ', 60)
('Iteration Number ', 80)
('Iteration Number ', 100)
('Iteration Number ', 120)
('Iteration Number ', 140)
('Iteration Number ', 160)
('Iteration Number ', 180)
('Iteration Number ', 200)
('Iteration Number ', 220)
('Iteration Number ', 240)
('Iteration Number ', 260)
('Iteration Number ', 280)
('Iteration Number ', 300)
optimal cost function is
()
(29404, 784)
(29404, 200)
('Iteration Number ', 360)
optimal cost function is
()
(29404, 784)
(29404, 200)
